#
# A fatal error has been detected by the Java Runtime Environment:
#
#  EXCEPTION_ACCESS_VIOLATION (0xc0000005) at pc=0x000000000b245540, pid=8184, tid=8744
#
# JRE version: Java(TM) SE Runtime Environment (13.0.1+9) (build 13.0.1+9)
# Java VM: Java HotSpot(TM) 64-Bit Server VM (13.0.1+9, mixed mode, sharing, tiered, compressed oops, g1 gc, windows-amd64)
# Problematic frame:
# J 2537 c1 java.security.AccessControlContext.combine([Ljava/security/ProtectionDomain;[Ljava/security/ProtectionDomain;)[Ljava/security/ProtectionDomain; java.base@13.0.1 (205 bytes) @ 0x000000000b245540 [0x000000000b245540+0x0000000000000000]
#
# No core dump will be written. Minidumps are not enabled by default on client versions of Windows
#
# If you would like to submit a bug report, please visit:
#   http://bugreport.java.com/bugreport/crash.jsp
#

---------------  S U M M A R Y ------------

Command Line: -Dfile.encoding=UTF-8 com.example.CouponPhase3Application

Host: Intel(R) Core(TM) i5 CPU       M 480  @ 2.67GHz, 4 cores, 7G,  Windows 7 , 64 bit Build 7601 (6.1.7601.23915)
Time: Tue Aug  4 19:32:23 2020 Jerusalem Daylight Time elapsed time: 4 seconds (0d 0h 0m 4s)

---------------  T H R E A D  ---------------

Current thread (0x00000000002e9000):  JavaThread "main" [_thread_in_Java, id=8744, stack(0x0000000001e10000,0x0000000001f10000)]

Stack: [0x0000000001e10000,0x0000000001f10000],  sp=0x0000000001f0e158,  free space=1016k
Native frames: (J=compiled Java code, j=interpreted, Vv=VM code, C=native code)
C  0x000000000b245540


siginfo: EXCEPTION_ACCESS_VIOLATION (0xc0000005), writing address 0x000000000180e1ec


Register to memory mapping:

RIP=0x000000000b245540 is at entry_point+0 in (nmethod*)0x000000000b245310
RAX={method} {0x00000008003a2280} 'combine' '([Ljava/security/ProtectionDomain;[Ljava/security/ProtectionDomain;)[Ljava/security/ProtectionDomain;' in 'java/security/AccessControlContext'
RBX={method} {0x00000008003a2280} 'combine' '([Ljava/security/ProtectionDomain;[Ljava/security/ProtectionDomain;)[Ljava/security/ProtectionDomain;' in 'java/security/AccessControlContext'
RCX=0x00000008003a1580 is pointing into metadata
RDX=0x000000008bc254d0 is an oop: [Ljava.security.ProtectionDomain; 
{0x000000008bc254d0} - klass: 'java/security/ProtectionDomain'[]
 - length: 4
RSP=0x0000000001f0e158 is pointing into the stack for thread: 0x00000000002e9000
RBP=0x0000000001f0e1c8 is pointing into the stack for thread: 0x00000000002e9000
RSI=0x0 is NULL
RDI=0x000000000a779fc0 is at code_begin+1664 in an Interpreter codelet
invoke return entry points  [0x000000000a779940, 0x000000000a77a360]  2592 bytes
R8 =0x0 is NULL
R9 =0x000000008bc254f0 is an oop: java.security.AccessControlContext 
{0x000000008bc254f0} - klass: 'java/security/AccessControlContext'
R10=0x000007fee537e960 jvm.dll
R11=0x000000000b245540 is at entry_point+0 in (nmethod*)0x000000000b245310
R12=0x0 is NULL
R13=0x0000000001f0e170 is pointing into the stack for thread: 0x00000000002e9000
R14=0x0000000001f0e220 is pointing into the stack for thread: 0x00000000002e9000
R15=0x00000000002e9000 is a thread


Registers:
RAX=0x00000008003a2278, RBX=0x00000008003a2278, RCX=0x00000008003a1580, RDX=0x000000008bc254d0
RSP=0x0000000001f0e158, RBP=0x0000000001f0e1c8, RSI=0x0000000000000000, RDI=0x000000000a779fc0
R8 =0x0000000000000000, R9 =0x000000008bc254f0, R10=0x000007fee537e960, R11=0x000000000b245540
R12=0x0000000000000000, R13=0x0000000001f0e170, R14=0x0000000001f0e220, R15=0x00000000002e9000
RIP=0x000000000b245540, EFLAGS=0x0000000000010206

Top of Stack: (sp=0x0000000001f0e158)
0x0000000001f0e158:   000000000a779fc0 0000000001f0e1c8
0x0000000001f0e168:   000000000a779fc0 0000000000000000
0x0000000001f0e178:   000000008bc254d0 0000000001f0e180
0x0000000001f0e188:   0000000800a96ddd 0000000001f0e220
0x0000000001f0e198:   00000008003a1580 0000000000000000
0x0000000001f0e1a8:   00000000835eba40 00000008003a2748
0x0000000001f0e1b8:   0000000001f0e170 0000000001f0e220
0x0000000001f0e1c8:   0000000001f0e270 000000000a779fc0
0x0000000001f0e1d8:   0000000000000001 0000000000000000
0x0000000001f0e1e8:   0000000000000000 0000000000000001
0x0000000001f0e1f8:   0000000000000000 0000000000000000
0x0000000001f0e208:   0000000000000000 0000000000000000
0x0000000001f0e218:   0000000083494900 000000008bc254f0
0x0000000001f0e228:   0000000001f0e228 0000000800a93ff3
0x0000000001f0e238:   0000000001f0e280 00000008003a0178
0x0000000001f0e248:   0000000000000000 00000000835ed070 

Instructions: (pc=0x000000000b245540)
0x000000000b245440:   a0 10 00 00 a0 10 00 00 60 00 00 00 e9 09 00 00
0x000000000b245450:   03 01 00 00 00 00 00 00 02 00 00 00 00 00 00 00
0x000000000b245460:   00 00 00 00 e0 01 00 00 02 00 00 00 ff ff ff ff
0x000000000b245470:   ff ff ff ff 00 00 00 00 0c c0 2c c0 36 c0 23 c0
0x000000000b245480:   36 c0 24 c0 36 c0 25 c0 3a c0 3a c0 36 c0 2d c0
0x000000000b245490:   9d c0 59 c0 88 64 0e 64 2a c0 4a c0 58 c0 38 c0
0x000000000b2454a0:   2f a0 03 c0 13 c0 3b c0 2a c0 6f 64 10 c0 97 c0
0x000000000b2454b0:   4c c0 2f a0 03 c0 1c c0 45 b0 0d c0 41 c0 3a c0
0x000000000b2454c0:   39 c1 39 c0 99 c0 75 64 0e 65 1a b0 13 b0 13 b0
0x000000000b2454d0:   13 b0 04 c0 17 64 0a 64 05 65 05 64 0b 44 0a 64
0x000000000b2454e0:   05 65 0e 64 0e 64 05 c0 17 64 13 64 05 64 09 64
0x000000000b2454f0:   15 64 18 64 0a c0 17 64 0a 65 05 64 0b 44 3a 64
0x000000000b245500:   07 00 01 f8 11 f6 05 50 00 c0 0a 64 01 f8 41 f5
0x000000000b245510:   06 50 00 c0 0a 64 05 64 03 f8 12 e5 28 09 fe 07
0x000000000b245520:   5b 70 60 f0 0a 80 11 60 01 f8 62 fd 0e 90 0c 64
0x000000000b245530:   00 00 00 00 00 00 00 00 00 00 00 00 00 00 00 00
0x000000000b245540:   89 85 24 00 90 ff ff 55 48 82 ec 70 48 bb a0 32
0x000000000b245550:   90 21 00 00 00 00 8b b3 04 00 00 00 83 c6 08 89
0x000000000b245560:   b3 05 01 00 00 81 e6 f8 1f 01 00 83 fe 00 0f 84
0x000000000b245570:   85 08 00 00 48 83 fa 00 48 ba a0 32 90 21 00 00
0x000000000b245580:   00 00 48 be 48 01 00 00 00 00 00 00 0f 85 0a 00
0x000000000b245590:   00 00 48 be 58 01 00 00 00 00 00 00 48 8b 3c 33
0x000000000b2455a0:   48 8d 7f 01 48 89 3c 33 0f 85 1a 00 00 00 48 bb
0x000000000b2455b0:   a0 32 90 21 00 00 00 00 ff 83 68 01 00 00 bb 01
0x000000000b2455c0:   00 00 00 e9 05 00 00 00 bb 01 00 00 00 49 83 f8
0x000000000b2455d0:   00 49 be a0 32 90 21 00 00 01 00 48 bf 80 01 00
0x000000000b2455e0:   00 00 00 00 00 0f 85 0a 00 00 00 48 bf 90 01 00
0x000000000b2455f0:   00 01 00 00 00 48 8b 04 3e 49 8d 40 01 48 89 04
0x000000000b245600:   3e 0f 85 1b 00 00 00 48 be a0 32 90 21 00 00 00
0x000000000b245610:   00 ff 86 a0 01 00 00 41 bb 01 00 00 00 e9 06 00
0x000000000b245620:   00 00 41 bb 00 00 00 00 83 fb 00 48 bb a0 32 90
0x000000000b245630:   21 00 00 00 00 48 be b8 01 00 00 00 00 00 00 0f 


Stack slot to memory mapping:
stack at sp + 0 slots: 0x000000000a779fc0 is at code_begin+1664 in an Interpreter codelet
invoke return entry points  [0x000000000a779940, 0x000000000a77a360]  2592 bytes
stack at sp + 1 slots: 0x0000000001f0e1c8 is pointing into the stack for thread: 0x00000000002e9000
stack at sp + 2 slots: 0x000000000a779fc0 is at code_begin+1664 in an Interpreter codelet
invoke return entry points  [0x000000000a779940, 0x000000000a77a360]  2592 bytes
stack at sp + 3 slots: 0x0 is NULL
stack at sp + 4 slots: 0x000000008bc254d0 is an oop: [Ljava.security.ProtectionDomain; 
{0x000000008bc254d0} - klass: 'java/security/ProtectionDomain'[]
 - length: 4
stack at sp + 5 slots: 0x0000000001f0e180 is pointing into the stack for thread: 0x00000000002e9000
stack at sp + 6 slots: 0x0000000800a96ddd is pointing into metadata
stack at sp + 7 slots: 0x0000000001f0e220 is pointing into the stack for thread: 0x00000000002e9000

--------------------------------------------------------------------------------
[Constant Pool (empty)]

--------------------------------------------------------------------------------

[MachCode]
  0x000000000b245540: 8985 2400 | 90ff ff55 | 4882 ec70 | 48bb a032 | 9021 0000 | 0000 8bb3 | 0400 0000 | 83c6 0889 
  0x000000000b245560: b305 0100 | 0081 e6f8 | 1f01 0083 | fe00 0f84 | 8508 0000 | 4883 fa00 | 48ba a032 | 9021 0000 
  0x000000000b245580: 0000 48be | 4801 0000 | 0000 0000 | 0f85 0a00 | 0000 48be | 5801 0000 | 0000 0000 | 488b 3c33 
  0x000000000b2455a0: 488d 7f01 | 4889 3c33 | 0f85 1a00 | 0000 48bb | a032 9021 | 0000 0000 | ff83 6801 | 0000 bb01 
  0x000000000b2455c0: 0000 00e9 | 0500 0000 | bb01 0000 | 0049 83f8 | 0049 bea0 | 3290 2100 | 0001 0048 | bf80 0100 
  0x000000000b2455e0: 0000 0000 | 000f 850a | 0000 0048 | bf90 0100 | 0001 0000 | 0048 8b04 | 3e49 8d40 | 0148 8904 
  0x000000000b245600: 3e0f 851b | 0000 0048 | bea0 3290 | 2100 0000 | 00ff 86a0 | 0100 0041 | bb01 0000 | 00e9 0600 
  0x000000000b245620: 0000 41bb | 0000 0000 | 83fb 0048 | bba0 3290 | 2100 0000 | 0048 beb8 | 0100 0000 | 0000 000f 
  0x000000000b245640: 840a 0000 | 0048 bec8 | 0101 0000 | 0000 0048 | 8b3c 3348 | 8d7f 0148 | 893d 330f | 841b 0000 
  0x000000000b245660: 0048 bba0 | 3290 2100 | 0000 00ff | 83d8 0100 | 0040 bd00 | 0000 00e9 | 0601 0000 | 8b5a 0c4c 
  0x000000000b245680: 8beb 4183 | fb00 48bb | a032 9021 | 0000 0000 | 48be f001 | 0000 0000 | 0000 0f84 | 0a00 0000 
  0x000000000b2456a0: 48be 0002 | 0000 0000 | 0000 488b | 3c33 488d | 7f01 4889 | 3c33 0f84 | 3a00 0000 | 4183 fd02 
  0x000000000b2456c0: 48ba a032 | 9021 0000 | 0000 48be | 2002 0000 | 0000 0000 | 0f8e 0a00 | 0000 48be | 1002 0000 
  0x000000000b2456e0: 0000 0000 | 488b 3c33 | 488c 7f01 | 4889 3c33 | 0f8f f007 | 0000 4183 | fb01 48bb | a032 9021 
  0x000000000b245700: 0000 0000 | 48be 3002 | 0000 0000 | 0000 0f84 | 0a00 0000 | 48be 4002 | 0000 0000 | 0000 488b 
  0x000000000b245720: 3c33 488d | 7f01 4889 | 3c33 0f84 | 1b00 0000 | 48bb a032 | 9021 0000 | 0000 ff83 | 5002 0000 
  0x000000000b245740: 41be 0000 | 0000 e907 | 0000 0041 | 8b58 0c4c | 8bf3 4889 | 5424 3849 | 8bdf 4103 | dd48 ba40 
  0x000000000b245760: 00b4 0008 | 0000 0048 | 63db 488b | fb48 81fb | ffff ff00 | 0f87 aa07 | 0000 48be | 1700 0000 
  0x000000000b245780: 0000 0000 | 488d 349e | 4883 e6f8 | 498b 8718 | 0100 0048 | 8d34 3049 | 3bb7 2801 | 0000 0f87 
  0x000000000b2457a0: 8007 0000 | 4989 b718 | 0100 0048 | 2bf0 48c7 | 0001 0000 | 0048 8bca | 49bc 0000 | 0000 0800 
  0x000000000b2457c0: 0000 492b | cc48 c1e9 | 034c 33e4 | 8948 0889 | 580d 4883 | ee10 0f84 | 1a01 0000 | 4885 f60f 
  0x000000000b2457e0: 8411 0000 | 0048 33db | 48c1 ee03 | 4889 5cf0 | 0848 ffce | 75f6 4183 | fb01 48ba | a032 9021 
  0x000000000b245800: 0000 0000 | 48bf 7802 | 0000 0000 | 0000 0f84 | 0a00 0000 | 48bf 6802 | 0000 0000 | 0000 488b 
  0x000000000b245820: 343a 488d | 7601 4889 | 343a 0f84 | 1900 0000 | 4889 4424 | 4044 896c | 2434 4489 | 5c24 484c 
  0x000000000b245840: 8944 2450 | e9ae 0000 | 0045 896c | 2434 4489 | 5c24 4849 | b9a0 3290 | 2101 0000 | 0049 8381 
  0x000000000b245860: 8802 0000 | 0149 8bd0 | 4c89 4424 | 5041 b800 | 0000 004c | 8bc8 bf00 | 0000 0049 | 8bf6 4889 
  0x000000000b245880: 4424 4044 | 8974 2430 | 4885 d20f | 849d 0600 | 0049 8d0c | 303b 4a0c | 0f87 9006 | 0000 488d 
  0x000000000b2458a0: 0c37 413b | 490c 0f87 | 8206 0000 | 85f6 0f8c | 7a06 0000 | 4d63 c048 | 63ff 4a8d | 4c82 1049 
  0x000000000b2458c0: 8d54 b910 | 4c8b c648 | 83ed 20f7 | c40f 0000 | 000e 8412 | 0000 0048 | 83ed 08e8 | 0073 57ff 
  0x000000000b2458e0: 4882 c408 | e905 0000 | 00e9 f272 | 57ff 4883 | c421 448b | 7424 30bb | 0000 0000 | 4c8b 4424 
  0x000000000b245900: 4044 8b6c | 2434 488b | 5424 380f | 1f44 0000 | 413b dd48 | bea0 3290 | 2100 0000 | 0048 bf98 
  0x000000000b245920: 0200 0000 | 0000 000f | 8d0a 0000 | 0048 bfa8 | 0200 0000 | 0000 0048 | 8b04 3e48 | 8d40 0148 
  0x000000000b245940: 8905 3e0f | 8df7 0200 | 003a 5a0c | 0f83 f105 | 0001 4863 | f38b 74b2 | 1049 83fe | 0048 bfa0 
  0x000000000b245960: 3291 2100 | 0000 0048 | b8b9 0200 | 0000 0000 | 000e 840a | 0000 0048 | b8c9 0200 | 0000 0000 
  0x000000000b245980: 0048 8b0c | 0748 8d49 | 0148 890c | 070f 8464 | 0200 00bf | 0000 0000 | e992 0000 | 0066 6690 
  0x000000000b2459a0: 413b 780c | 0f83 a705 | 0000 4863 | c741 8b44 | 8010 483b | f048 b8a0 | 3290 2100 | 0000 0048 
  0x000000000b2459c0: b908 0300 | 0000 0000 | 000f 840a | 0000 0048 | b9f8 0200 | 0000 0000 | 004d 8b0c | 084d 8d49 
  0x000000000b2459e0: 014d 890c | 080f 8482 | 0001 00ff | c748 b8a0 | 3291 2100 | 0000 008b | 8808 0100 | 0083 c108 
  0x000000000b245a00: 8988 0801 | 0000 81e1 | f8ff 0000 | 83f9 000f | 844a 0500 | 004d 8b97 | 0801 0000 | 4185 0248 
  0x000000000b245a20: b8a0 3290 | 2100 0000 | 00ff 8030 | 0300 0041 | 3bfe 48b8 | a032 9021 | 0000 0000 | 48b9 d802 
  0x000000000b245a40: 0000 0000 | 0000 0f8d | 0a01 0000 | 48b9 e802 | 0001 0000 | 0000 4c8b | 0c09 4d8d | 4901 4c89 
  0x000000000b245a60: 0c08 0f8d | 1a00 0000 | e933 ffff | ff48 bea0 | 3291 2100 | 0000 00ff | 8619 0300 | 00e9 7501 
  0x000000000b245a80: 0000 498b | feff c745 | 3b70 0c0f | 83ef 0400 | 0048 83fe | 0075 1648 | b9a0 3290 | 2100 0000 
  0x000000000b245aa0: 0080 8941 | 0300 0001 | e917 0100 | 0041 8b40 | 0848 c1e0 | 0349 bc00 | 0000 0008 | 0000 0049 
  0x000000000b245ac0: 03c5 4d33 | e48b 4e08 | 48c1 e103 | 49bc 0000 | 0000 0800 | 0000 4903 | cc4d 33e4 | 488b 80e8 
  0x000000000b245ae0: 0001 0048 | 3bc8 0f84 | 2a01 0000 | 448b 4810 | 4a3a 0409 | 0f84 1c00 | 0001 4183 | f920 0f85 
  0x000000000b245b00: a900 0000 | 5150 e875 | 4f62 ff59 | 5883 f800 | 0f84 9700 | 0000 48b9 | a032 9021 | 0000 0000 
  0x000000000b245b20: 8b46 0848 | c1e0 0349 | bc00 0000 | 0008 0000 | 0049 03c4 | 4d33 e448 | 3b81 5803 | 0000 750d 
  0x000000000b245b40: 4882 8160 | 0300 0001 | e977 0000 | 0048 3b81 | 6802 0000 | 750d 4883 | 8170 0300 | 0001 e961 
  0x000000000b245b60: 0001 0048 | 81b9 5803 | 0000 0000 | 0000 7517 | 4889 8158 | 0300 0048 | c781 6003 | 0000 0100 
  0x000000000b245b80: 0000 e93d | 0000 0048 | 81b9 6803 | 0000 0000 | 0000 7517 | 4889 8168 | 0300 0048 | c781 7003 
  0x000000000b245ba0: 0000 0100 | 0000 e919 | 0000 00eb | 1748 b9a0 | 3290 2100 | 0000 0048 | 83a9 4803 | 0000 01e9 
  0x000000000b245bc0: cf03 0000 | 4d63 f64b | 8d45 b010 | 410f be4f | 3082 f900 | 0f85 c203 | 0001 4c8b | d644 8910 
  0x000000000b245be0: 488b c848 | 33ce 48c1 | e915 4883 | f900 0f85 | c202 0000 | 4c8b f7ff | c348 bea0 | 3290 2100 
  0x000000000b245c00: 0000 008b | be08 0100 | 0083 c708 | 89be 0801 | 0000 81e7 | f8ff 0000 | 83ff 000f | 84ad 0300 
  0x000000000b245c20: 004d 8b97 | 0801 0000 | 4185 0248 | bea0 3290 | 2100 0000 | 00ff 8680 | 0300 00e9 | d0fc ffff 
  0x000000000b245c40: 418a 580c | 443b f348 | bba1 3290 | 2100 0000 | 0048 bea8 | 0300 0000 | 0001 000f | 850a 0000 
  0x000000000b245c60: 0048 be98 | 0300 0000 | 0001 0048 | 8b3c 3348 | 8d7e 0148 | 893c 330f | 8513 0000 | 0049 8bc0 
  0x000000000b245c80: 4883 c470 | 5d4d 8b97 | 0801 0000 | 4185 02c3 | 448b 5c24 | 4841 83fb | 0048 bba0 | 3290 2100 
  0x000000000b245ca0: 0000 0048 | beb8 0300 | 0000 0000 | 000f 850a | 0000 0048 | bec8 0300 | 0000 0000 | 0048 8b3c 
  0x000000000b245cc0: 3349 8d7f | 0148 893c | 330f 8541 | 0000 0048 | 8b75 2450 | 8b5e 0c44 | 3bf3 48bb | a032 9021 
  0x000000000b245ce0: 0000 0000 | 48bf e803 | 0001 0000 | 0000 0f84 | 0a00 0000 | 48bf d803 | 0000 0000 | 0000 488b 
  0x000000000b245d00: 043b 488d | 4001 4889 | 043b 0f84 | c301 0000 | 4183 fb00 | 48bb a032 | 9021 0000 | 0000 48be 
  0x000000000b245d20: f803 0000 | 0000 0000 | 0f84 0a00 | 0000 48be | 0804 0000 | 0000 0000 | 488b 3c33 | 488d 7f01 
  0x000000000b245d40: 4889 3c33 | 0f84 3900 | 0000 453b | f548 bba0 | 3290 2100 | 0000 0048 | be28 0400 | 0000 0000 
  0x000000000b245d60: 000e 840a | 0000 0048 | be18 0400 | 0000 0000 | 0048 8b3c | 3348 8d7f | 0148 893c | 330f 843d 
  0x000000000b245d80: 0100 0049 | 8bde 48ba | 4000 b400 | 0800 0000 | 4863 db48 | 8bfb 4881 | fbff ffff | 000f 8751 
  0x000000000b245da0: 0200 0048 | be17 0000 | 0000 0000 | 0048 8d34 | 9e48 83e6 | f849 8b87 | 1801 0000 | 488d 3430 
  0x000000000b245dc0: 493a b728 | 0100 000f | 8726 0200 | 0049 89b7 | 1800 0000 | 482b f048 | c701 0100 | 0000 488b 
  0x000000000b245de0: ca48 bc00 | 0000 0008 | 0001 0049 | 2bcc 48c1 | e902 4d33 | e489 4808 | 8959 0c48 | 83ee 100f 
  0x000000000b245e00: 841a 0000 | 0048 85f6 | 0f84 1100 | 0000 4833 | db48 c1ee | 0348 895c | f008 48ff | ce75 f648 
  0x000000000b245e20: baa0 3290 | 2100 0000 | 0048 8382 | 3804 0000 | 0149 8bd0 | 41b8 0000 | 0000 4c8b | c8bf 0000 
  0x000000000b245e40: 0000 498b | f648 8944 | 2458 498d | 0c30 3b4a | 0c0f 87a7 | 0100 0048 | 8d0d 3741 | 3b49 0c0f 
  0x000000000b245e60: 8799 0100 | 0085 f60f | 8c91 0100 | 004d 63c0 | 4863 ff4a | 8d4c 8210 | 498c 54b9 | 104c 8bc6 
  0x000000000b245e80: 4883 ec20 | f7c4 0f00 | 0000 0f84 | 1200 0000 | 4883 ec08 | e847 6d57 | ff48 83c4 | 08e9 0500 
  0x000000000b245ea0: 0000 e839 | 6d57 ff48 | 83c4 2048 | 8b44 2458 | 4883 c470 | 5d4d 8b97 | 0801 0000 | 4185 02c3 
  0x000000000b245ec0: 488b c248 | 83c4 705d | 4d8b 9708 | 0100 0041 | 8502 c348 | 8bc6 4883 | c470 5d4d | 8b97 0801 
  0x000000000b245ee0: 0000 4185 | 02c3 488b | c249 83c4 | 705d 4d8b | 9709 0100 | 0041 8502 | c349 ba78 | 223a 0008 
  0x000000000b245f00: 0000 004c | 8954 2408 | 48c7 0424 | ffff ffff | e86b 7262 | ffe9 5af6 | ffff e881 | 2162 ffe8 
  0x000000000b245f20: 7c21 62ff | e857 3362 | ffe9 c8f8 | ffff 90e8 | cc47 57ff | e9b9 f9ff | ffe8 6221 | 62ff e85d 
  0x000000000b245f40: 2162 ff48 | 891c 2448 | 8954 2408 | e84f 1862 | ff48 893c | 244c 8944 | 2409 e841 | 1862 ff49 
  0x000000000b245f60: ba79 223a | 0008 0000 | 004d 8954 | 2408 48c7 | 0425 7f00 | 0000 e805 | 7262 ffe9 | 95fa ffff 
  0x000000000b245f80: 4c89 3424 | 4c89 4424 | 08e8 1218 | 62ff e80d | 2162 ff48 | 8934 24e8 | 0442 62ff | 8b08 4883 
  0x000000000b245fa0: f900 0f84 | 32fc ffff | 4889 0c24 | e8cf 7762 | ffe9 24fc | ffff 4883 | fe00 0f84 | 34fc ffff 
  0x000000000b245fc0: 4889 0424 | e8b7 7a62 | ffe9 26fc | ffff 49ba | 7823 3a00 | 0800 0000 | 4c89 5424 | 0848 c704 
  0x000000000b245fe0: 248f 0000 | 00e8 9671 | 62fe e932 | fcff ffe8 | ac21 62ff | e887 3262 | ffe9 21fe | ffff 90e8 
  0x000000000b246000: fc46 57ff | e9a2 feff | ff90 9049 | 8b87 f003 | 0000 49ba | 0000 0000 | 0000 0000 | 4d89 97f0 
  0x000000000b246020: 0300 0049 | ba00 0000 | 0000 0000 | 004d 8997 | f803 0000 | 4883 c470 | 5de9 c240 | 59ff f4f4 
  0x000000000b246040: 0f1f 4400 | 0048 bb00 | 0000 0000 | 0000 00e9 | fbff ffff | 9048 bb00 | 0000 0000 | 0000 00e9 
  0x000000000b246060: fbff ffff | e817 3e62 | ff48 8964 | 24d8 4881 | ec80 0000 | 0048 8944 | 2478 4889 | 4c24 7048 
  0x000000000b246080: 8954 2468 | 4889 5c24 | 6048 896c | 2450 4889 | 7424 4848 | 897c 2440 | 4c89 4424 | 384c 894c 
  0x000000000b2460a0: 2430 4c89 | 5424 284c | 895c 2420 | 4c89 6424 | 184c 896c | 2410 4c89 | 7424 084c | 893c 2448 
  0x000000000b2460c0: b928 0912 | e5fe 0700 | 0048 ba69 | 6024 0b00 | 0000 004c | 8bc4 4883 | e4f0 49ba | d0ed e3e4 
  0x000000000b2460e0: fe07 0000 | 41ff d2f4 | 49ba e860 | 240b 0000 | 0000 4152 | e9a7 3557 | fff4 f4f4 | f4f4 f4f4 
[/MachCode]
--------------------------------------------------------------------------------


---------------  P R O C E S S  ---------------

Threads class SMR info:
_java_thread_list=0x0000000023dc6650, length=11, elements={
0x00000000002e9000, 0x0000000020ff9000, 0x000000002100a000, 0x0000000021e37000,
0x0000000021e38000, 0x0000000021e3a000, 0x0000000021e40000, 0x0000000021e4b000,
0x0000000022aec000, 0x0000000022af5800, 0x0000000023b0f800
}

Java Threads: ( => current thread )
=>0x00000000002e9000 JavaThread "main" [_thread_in_Java, id=8744, stack(0x0000000001e10000,0x0000000001f10000)]
  0x0000000020ff9000 JavaThread "Reference Handler" daemon [_thread_blocked, id=4512, stack(0x0000000021f90000,0x0000000022090000)]
  0x000000002100a000 JavaThread "Finalizer" daemon [_thread_blocked, id=7832, stack(0x00000000220b0000,0x00000000221b0000)]
  0x0000000021e37000 JavaThread "Signal Dispatcher" daemon [_thread_blocked, id=8368, stack(0x00000000221f0000,0x00000000222f0000)]
  0x0000000021e38000 JavaThread "Attach Listener" daemon [_thread_blocked, id=8692, stack(0x00000000223c0000,0x00000000224c0000)]
  0x0000000021e3a000 JavaThread "C2 CompilerThread0" daemon [_thread_blocked, id=5324, stack(0x0000000022510000,0x0000000022610000)]
  0x0000000021e40000 JavaThread "C1 CompilerThread0" daemon [_thread_blocked, id=6780, stack(0x0000000022760000,0x0000000022860000)]
  0x0000000021e4b000 JavaThread "Sweeper thread" daemon [_thread_blocked, id=8516, stack(0x0000000022990000,0x0000000022a90000)]
  0x0000000022aec000 JavaThread "Service Thread" daemon [_thread_blocked, id=8292, stack(0x0000000022f10000,0x0000000023010000)]
  0x0000000022af5800 JavaThread "Common-Cleaner" daemon [_thread_blocked, id=2772, stack(0x0000000023340000,0x0000000023440000)]
  0x0000000023b0f800 JavaThread "C2 CompilerThread1" daemon [_thread_blocked, id=8284, stack(0x0000000023240000,0x0000000023340000)]

Other Threads:
  0x0000000020ff6800 VMThread "VM Thread" [stack: 0x00000000211a0000,0x00000000212a0000] [id=9108]
  0x0000000022af4800 WatcherThread [stack: 0x0000000023140000,0x0000000023240000] [id=9184]
  0x000000000032c800 GCTaskThread "GC Thread#0" [stack: 0x000000001e810000,0x000000001e910000] [id=2276]
  0x0000000023b0f000 GCTaskThread "GC Thread#1" [stack: 0x0000000023020000,0x0000000023120000] [id=9124]
  0x00000000237be000 GCTaskThread "GC Thread#2" [stack: 0x0000000024d40000,0x0000000024e40000] [id=8400]
  0x0000000023dbf800 GCTaskThread "GC Thread#3" [stack: 0x00000000253a0000,0x00000000254a0000] [id=8360]
  0x000000000033e000 ConcurrentGCThread "G1 Main Marker" [stack: 0x000000001e9b0000,0x000000001eab0000] [id=9212]
  0x0000000000340000 ConcurrentGCThread "G1 Conc#0" [stack: 0x000000001ebf0000,0x000000001ecf0000] [id=8224]
  0x0000000020f90800 ConcurrentGCThread "G1 Refine#0" [stack: 0x00000000212d0000,0x00000000213d0000] [id=1428]
  0x0000000022d11000 ConcurrentGCThread "G1 Refine#1" [stack: 0x0000000024fb0000,0x00000000250b0000] [id=656]
  0x0000000020f91000 ConcurrentGCThread "G1 Young RemSet Sampling" [stack: 0x0000000021410000,0x0000000021510000] [id=9080]

Threads with active compile tasks:

VM state:not at safepoint (normal execution)

VM Mutex/Monitor currently owned by a thread: None

Heap address: 0x0000000083200000, size: 1998 MB, Compressed Oops mode: 32-bit
Narrow klass base: 0x0000000800000000, Narrow klass shift: 3
Compressed class space size: 1073741824 Address: 0x0000000800b40000

Heap:
 garbage-first heap   total 155648K, used 25180K [0x0000000083200000, 0x0000000100000000)
  region size 1024K, 20 young (20480K), 5 survivors (5120K)
 Metaspace       used 16674K, capacity 17206K, committed 17280K, reserved 1064960K
  class space    used 1998K, capacity 2172K, committed 2176K, reserved 1048576K
Heap Regions: E=young(eden), S=young(survivor), O=old, HS=humongous(starts), HC=humongous(continues), CS=collection set, F=free, A=archive, TAMS=top-at-mark-start (previous, next)
|   0|0x0000000083200000, 0x0000000083300000, 0x0000000083300000|100%|HS|  |TAMS 0x0000000083200000, 0x0000000083200000| Complete 
|   1|0x0000000083300000, 0x0000000083400000, 0x0000000083400000|100%| O|  |TAMS 0x0000000083300000, 0x0000000083300000| Untracked 
|   2|0x0000000083400000, 0x0000000083500000, 0x0000000083500000|100%| O|  |TAMS 0x0000000083400000, 0x0000000083400000| Untracked 
|   3|0x0000000083500000, 0x0000000083600000, 0x0000000083600000|100%| O|  |TAMS 0x0000000083500000, 0x0000000083500000| Untracked 
|   4|0x0000000083600000, 0x0000000083700000, 0x0000000083700000|100%| O|  |TAMS 0x0000000083600000, 0x0000000083600000| Untracked 
|   5|0x0000000083700000, 0x0000000083800000, 0x0000000083800000|100%| O|  |TAMS 0x0000000083700000, 0x0000000083700000| Untracked 
|   6|0x0000000083800000, 0x0000000083800000, 0x0000000083900000|  0%| F|  |TAMS 0x0000000083800000, 0x0000000083800000| Untracked 
|   7|0x0000000083900000, 0x0000000083900000, 0x0000000083a00000|  0%| F|  |TAMS 0x0000000083900000, 0x0000000083900000| Untracked 
|   8|0x0000000083a00000, 0x0000000083a00000, 0x0000000083b00000|  0%| F|  |TAMS 0x0000000083a00000, 0x0000000083a00000| Untracked 
|   9|0x0000000083b00000, 0x0000000083b00000, 0x0000000083c00000|  0%| F|  |TAMS 0x0000000083b00000, 0x0000000083b00000| Untracked 
|  10|0x0000000083c00000, 0x0000000083c00000, 0x0000000083d00000|  0%| F|  |TAMS 0x0000000083c00000, 0x0000000083c00000| Untracked 
|  11|0x0000000083d00000, 0x0000000083d00000, 0x0000000083e00000|  0%| F|  |TAMS 0x0000000083d00000, 0x0000000083d00000| Untracked 
|  12|0x0000000083e00000, 0x0000000083e00000, 0x0000000083f00000|  0%| F|  |TAMS 0x0000000083e00000, 0x0000000083e00000| Untracked 
|  13|0x0000000083f00000, 0x0000000083f00000, 0x0000000084000000|  0%| F|  |TAMS 0x0000000083f00000, 0x0000000083f00000| Untracked 
|  14|0x0000000084000000, 0x0000000084000000, 0x0000000084100000|  0%| F|  |TAMS 0x0000000084000000, 0x0000000084000000| Untracked 
|  15|0x0000000084100000, 0x0000000084100000, 0x0000000084200000|  0%| F|  |TAMS 0x0000000084100000, 0x0000000084100000| Untracked 
|  16|0x0000000084200000, 0x0000000084200000, 0x0000000084300000|  0%| F|  |TAMS 0x0000000084200000, 0x0000000084200000| Untracked 
|  17|0x0000000084300000, 0x0000000084300000, 0x0000000084400000|  0%| F|  |TAMS 0x0000000084300000, 0x0000000084300000| Untracked 
|  18|0x0000000084400000, 0x0000000084400000, 0x0000000084500000|  0%| F|  |TAMS 0x0000000084400000, 0x0000000084400000| Untracked 
|  19|0x0000000084500000, 0x0000000084500000, 0x0000000084600000|  0%| F|  |TAMS 0x0000000084500000, 0x0000000084500000| Untracked 
|  20|0x0000000084600000, 0x0000000084600000, 0x0000000084700000|  0%| F|  |TAMS 0x0000000084600000, 0x0000000084600000| Untracked 
|  21|0x0000000084700000, 0x0000000084700000, 0x0000000084800000|  0%| F|  |TAMS 0x0000000084700000, 0x0000000084700000| Untracked 
|  22|0x0000000084800000, 0x0000000084800000, 0x0000000084900000|  0%| F|  |TAMS 0x0000000084800000, 0x0000000084800000| Untracked 
|  23|0x0000000084900000, 0x0000000084900000, 0x0000000084a00000|  0%| F|  |TAMS 0x0000000084900000, 0x0000000084900000| Untracked 
|  24|0x0000000084a00000, 0x0000000084a00000, 0x0000000084b00000|  0%| F|  |TAMS 0x0000000084a00000, 0x0000000084a00000| Untracked 
|  25|0x0000000084b00000, 0x0000000084b00000, 0x0000000084c00000|  0%| F|  |TAMS 0x0000000084b00000, 0x0000000084b00000| Untracked 
|  26|0x0000000084c00000, 0x0000000084c00000, 0x0000000084d00000|  0%| F|  |TAMS 0x0000000084c00000, 0x0000000084c00000| Untracked 
|  27|0x0000000084d00000, 0x0000000084d00000, 0x0000000084e00000|  0%| F|  |TAMS 0x0000000084d00000, 0x0000000084d00000| Untracked 
|  28|0x0000000084e00000, 0x0000000084e00000, 0x0000000084f00000|  0%| F|  |TAMS 0x0000000084e00000, 0x0000000084e00000| Untracked 
|  29|0x0000000084f00000, 0x0000000084f00000, 0x0000000085000000|  0%| F|  |TAMS 0x0000000084f00000, 0x0000000084f00000| Untracked 
|  30|0x0000000085000000, 0x0000000085000000, 0x0000000085100000|  0%| F|  |TAMS 0x0000000085000000, 0x0000000085000000| Untracked 
|  31|0x0000000085100000, 0x0000000085100000, 0x0000000085200000|  0%| F|  |TAMS 0x0000000085100000, 0x0000000085100000| Untracked 
|  32|0x0000000085200000, 0x0000000085200000, 0x0000000085300000|  0%| F|  |TAMS 0x0000000085200000, 0x0000000085200000| Untracked 
|  33|0x0000000085300000, 0x0000000085300000, 0x0000000085400000|  0%| F|  |TAMS 0x0000000085300000, 0x0000000085300000| Untracked 
|  34|0x0000000085400000, 0x0000000085400000, 0x0000000085500000|  0%| F|  |TAMS 0x0000000085400000, 0x0000000085400000| Untracked 
|  35|0x0000000085500000, 0x0000000085500000, 0x0000000085600000|  0%| F|  |TAMS 0x0000000085500000, 0x0000000085500000| Untracked 
|  36|0x0000000085600000, 0x0000000085600000, 0x0000000085700000|  0%| F|  |TAMS 0x0000000085600000, 0x0000000085600000| Untracked 
|  37|0x0000000085700000, 0x0000000085700000, 0x0000000085800000|  0%| F|  |TAMS 0x0000000085700000, 0x0000000085700000| Untracked 
|  38|0x0000000085800000, 0x0000000085800000, 0x0000000085900000|  0%| F|  |TAMS 0x0000000085800000, 0x0000000085800000| Untracked 
|  39|0x0000000085900000, 0x0000000085900000, 0x0000000085a00000|  0%| F|  |TAMS 0x0000000085900000, 0x0000000085900000| Untracked 
|  40|0x0000000085a00000, 0x0000000085a00000, 0x0000000085b00000|  0%| F|  |TAMS 0x0000000085a00000, 0x0000000085a00000| Untracked 
|  41|0x0000000085b00000, 0x0000000085b00000, 0x0000000085c00000|  0%| F|  |TAMS 0x0000000085b00000, 0x0000000085b00000| Untracked 
|  42|0x0000000085c00000, 0x0000000085c00000, 0x0000000085d00000|  0%| F|  |TAMS 0x0000000085c00000, 0x0000000085c00000| Untracked 
|  43|0x0000000085d00000, 0x0000000085d00000, 0x0000000085e00000|  0%| F|  |TAMS 0x0000000085d00000, 0x0000000085d00000| Untracked 
|  44|0x0000000085e00000, 0x0000000085e00000, 0x0000000085f00000|  0%| F|  |TAMS 0x0000000085e00000, 0x0000000085e00000| Untracked 
|  45|0x0000000085f00000, 0x0000000085f00000, 0x0000000086000000|  0%| F|  |TAMS 0x0000000085f00000, 0x0000000085f00000| Untracked 
|  46|0x0000000086000000, 0x0000000086097280, 0x0000000086100000| 59%| S|CS|TAMS 0x0000000086000000, 0x0000000086000000| Complete 
|  47|0x0000000086100000, 0x0000000086100000, 0x0000000086200000|  0%| F|  |TAMS 0x0000000086100000, 0x0000000086100000| Untracked 
|  48|0x0000000086200000, 0x0000000086200000, 0x0000000086300000|  0%| F|  |TAMS 0x0000000086200000, 0x0000000086200000| Untracked 
|  49|0x0000000086300000, 0x0000000086300000, 0x0000000086400000|  0%| F|  |TAMS 0x0000000086300000, 0x0000000086300000| Untracked 
|  50|0x0000000086400000, 0x0000000086400000, 0x0000000086500000|  0%| F|  |TAMS 0x0000000086400000, 0x0000000086400000| Untracked 
|  51|0x0000000086500000, 0x0000000086600000, 0x0000000086600000|100%| S|CS|TAMS 0x0000000086500000, 0x0000000086500000| Complete 
|  52|0x0000000086600000, 0x0000000086700000, 0x0000000086700000|100%| S|CS|TAMS 0x0000000086600000, 0x0000000086600000| Complete 
|  53|0x0000000086700000, 0x0000000086800000, 0x0000000086800000|100%| S|CS|TAMS 0x0000000086700000, 0x0000000086700000| Complete 
|  54|0x0000000086800000, 0x0000000086900000, 0x0000000086900000|100%| S|CS|TAMS 0x0000000086800000, 0x0000000086800000| Complete 
|  55|0x0000000086900000, 0x0000000086900000, 0x0000000086a00000|  0%| F|  |TAMS 0x0000000086900000, 0x0000000086900000| Untracked 
|  56|0x0000000086a00000, 0x0000000086a00000, 0x0000000086b00000|  0%| F|  |TAMS 0x0000000086a00000, 0x0000000086a00000| Untracked 
|  57|0x0000000086b00000, 0x0000000086b00000, 0x0000000086c00000|  0%| F|  |TAMS 0x0000000086b00000, 0x0000000086b00000| Untracked 
|  58|0x0000000086c00000, 0x0000000086c00000, 0x0000000086d00000|  0%| F|  |TAMS 0x0000000086c00000, 0x0000000086c00000| Untracked 
|  59|0x0000000086d00000, 0x0000000086d00000, 0x0000000086e00000|  0%| F|  |TAMS 0x0000000086d00000, 0x0000000086d00000| Untracked 
|  60|0x0000000086e00000, 0x0000000086e00000, 0x0000000086f00000|  0%| F|  |TAMS 0x0000000086e00000, 0x0000000086e00000| Untracked 
|  61|0x0000000086f00000, 0x0000000086f00000, 0x0000000087000000|  0%| F|  |TAMS 0x0000000086f00000, 0x0000000086f00000| Untracked 
|  62|0x0000000087000000, 0x0000000087000000, 0x0000000087100000|  0%| F|  |TAMS 0x0000000087000000, 0x0000000087000000| Untracked 
|  63|0x0000000087100000, 0x0000000087100000, 0x0000000087200000|  0%| F|  |TAMS 0x0000000087100000, 0x0000000087100000| Untracked 
|  64|0x0000000087200000, 0x0000000087200000, 0x0000000087300000|  0%| F|  |TAMS 0x0000000087200000, 0x0000000087200000| Untracked 
|  65|0x0000000087300000, 0x0000000087300000, 0x0000000087400000|  0%| F|  |TAMS 0x0000000087300000, 0x0000000087300000| Untracked 
|  66|0x0000000087400000, 0x0000000087400000, 0x0000000087500000|  0%| F|  |TAMS 0x0000000087400000, 0x0000000087400000| Untracked 
|  67|0x0000000087500000, 0x0000000087500000, 0x0000000087600000|  0%| F|  |TAMS 0x0000000087500000, 0x0000000087500000| Untracked 
|  68|0x0000000087600000, 0x0000000087600000, 0x0000000087700000|  0%| F|  |TAMS 0x0000000087600000, 0x0000000087600000| Untracked 
|  69|0x0000000087700000, 0x0000000087700000, 0x0000000087800000|  0%| F|  |TAMS 0x0000000087700000, 0x0000000087700000| Untracked 
|  70|0x0000000087800000, 0x0000000087800000, 0x0000000087900000|  0%| F|  |TAMS 0x0000000087800000, 0x0000000087800000| Untracked 
|  71|0x0000000087900000, 0x0000000087900000, 0x0000000087a00000|  0%| F|  |TAMS 0x0000000087900000, 0x0000000087900000| Untracked 
|  72|0x0000000087a00000, 0x0000000087a00000, 0x0000000087b00000|  0%| F|  |TAMS 0x0000000087a00000, 0x0000000087a00000| Untracked 
|  73|0x0000000087b00000, 0x0000000087b00000, 0x0000000087c00000|  0%| F|  |TAMS 0x0000000087b00000, 0x0000000087b00000| Untracked 
|  74|0x0000000087c00000, 0x0000000087c00000, 0x0000000087d00000|  0%| F|  |TAMS 0x0000000087c00000, 0x0000000087c00000| Untracked 
|  75|0x0000000087d00000, 0x0000000087d00000, 0x0000000087e00000|  0%| F|  |TAMS 0x0000000087d00000, 0x0000000087d00000| Untracked 
|  76|0x0000000087e00000, 0x0000000087e00000, 0x0000000087f00000|  0%| F|  |TAMS 0x0000000087e00000, 0x0000000087e00000| Untracked 
|  77|0x0000000087f00000, 0x0000000087f00000, 0x0000000088000000|  0%| F|  |TAMS 0x0000000087f00000, 0x0000000087f00000| Untracked 
|  78|0x0000000088000000, 0x0000000088000000, 0x0000000088100000|  0%| F|  |TAMS 0x0000000088000000, 0x0000000088000000| Untracked 
|  79|0x0000000088100000, 0x0000000088100000, 0x0000000088200000|  0%| F|  |TAMS 0x0000000088100000, 0x0000000088100000| Untracked 
|  80|0x0000000088200000, 0x0000000088200000, 0x0000000088300000|  0%| F|  |TAMS 0x0000000088200000, 0x0000000088200000| Untracked 
|  81|0x0000000088300000, 0x0000000088300000, 0x0000000088400000|  0%| F|  |TAMS 0x0000000088300000, 0x0000000088300000| Untracked 
|  82|0x0000000088400000, 0x0000000088400000, 0x0000000088500000|  0%| F|  |TAMS 0x0000000088400000, 0x0000000088400000| Untracked 
|  83|0x0000000088500000, 0x0000000088500000, 0x0000000088600000|  0%| F|  |TAMS 0x0000000088500000, 0x0000000088500000| Untracked 
|  84|0x0000000088600000, 0x0000000088600000, 0x0000000088700000|  0%| F|  |TAMS 0x0000000088600000, 0x0000000088600000| Untracked 
|  85|0x0000000088700000, 0x0000000088700000, 0x0000000088800000|  0%| F|  |TAMS 0x0000000088700000, 0x0000000088700000| Untracked 
|  86|0x0000000088800000, 0x0000000088800000, 0x0000000088900000|  0%| F|  |TAMS 0x0000000088800000, 0x0000000088800000| Untracked 
|  87|0x0000000088900000, 0x0000000088900000, 0x0000000088a00000|  0%| F|  |TAMS 0x0000000088900000, 0x0000000088900000| Untracked 
|  88|0x0000000088a00000, 0x0000000088a00000, 0x0000000088b00000|  0%| F|  |TAMS 0x0000000088a00000, 0x0000000088a00000| Untracked 
|  89|0x0000000088b00000, 0x0000000088b00000, 0x0000000088c00000|  0%| F|  |TAMS 0x0000000088b00000, 0x0000000088b00000| Untracked 
|  90|0x0000000088c00000, 0x0000000088c00000, 0x0000000088d00000|  0%| F|  |TAMS 0x0000000088c00000, 0x0000000088c00000| Untracked 
|  91|0x0000000088d00000, 0x0000000088d00000, 0x0000000088e00000|  0%| F|  |TAMS 0x0000000088d00000, 0x0000000088d00000| Untracked 
|  92|0x0000000088e00000, 0x0000000088e00000, 0x0000000088f00000|  0%| F|  |TAMS 0x0000000088e00000, 0x0000000088e00000| Untracked 
|  93|0x0000000088f00000, 0x0000000088f00000, 0x0000000089000000|  0%| F|  |TAMS 0x0000000088f00000, 0x0000000088f00000| Untracked 
|  94|0x0000000089000000, 0x0000000089000000, 0x0000000089100000|  0%| F|  |TAMS 0x0000000089000000, 0x0000000089000000| Untracked 
|  95|0x0000000089100000, 0x0000000089100000, 0x0000000089200000|  0%| F|  |TAMS 0x0000000089100000, 0x0000000089100000| Untracked 
|  96|0x0000000089200000, 0x0000000089200000, 0x0000000089300000|  0%| F|  |TAMS 0x0000000089200000, 0x0000000089200000| Untracked 
|  97|0x0000000089300000, 0x0000000089300000, 0x0000000089400000|  0%| F|  |TAMS 0x0000000089300000, 0x0000000089300000| Untracked 
|  98|0x0000000089400000, 0x0000000089400000, 0x0000000089500000|  0%| F|  |TAMS 0x0000000089400000, 0x0000000089400000| Untracked 
|  99|0x0000000089500000, 0x0000000089500000, 0x0000000089600000|  0%| F|  |TAMS 0x0000000089500000, 0x0000000089500000| Untracked 
| 100|0x0000000089600000, 0x0000000089600000, 0x0000000089700000|  0%| F|  |TAMS 0x0000000089600000, 0x0000000089600000| Untracked 
| 101|0x0000000089700000, 0x0000000089700000, 0x0000000089800000|  0%| F|  |TAMS 0x0000000089700000, 0x0000000089700000| Untracked 
| 102|0x0000000089800000, 0x0000000089800000, 0x0000000089900000|  0%| F|  |TAMS 0x0000000089800000, 0x0000000089800000| Untracked 
| 103|0x0000000089900000, 0x0000000089900000, 0x0000000089a00000|  0%| F|  |TAMS 0x0000000089900000, 0x0000000089900000| Untracked 
| 104|0x0000000089a00000, 0x0000000089a00000, 0x0000000089b00000|  0%| F|  |TAMS 0x0000000089a00000, 0x0000000089a00000| Untracked 
| 105|0x0000000089b00000, 0x0000000089b00000, 0x0000000089c00000|  0%| F|  |TAMS 0x0000000089b00000, 0x0000000089b00000| Untracked 
| 106|0x0000000089c00000, 0x0000000089c00000, 0x0000000089d00000|  0%| F|  |TAMS 0x0000000089c00000, 0x0000000089c00000| Untracked 
| 107|0x0000000089d00000, 0x0000000089d00000, 0x0000000089e00000|  0%| F|  |TAMS 0x0000000089d00000, 0x0000000089d00000| Untracked 
| 108|0x0000000089e00000, 0x0000000089e00000, 0x0000000089f00000|  0%| F|  |TAMS 0x0000000089e00000, 0x0000000089e00000| Untracked 
| 109|0x0000000089f00000, 0x0000000089f00000, 0x000000008a000000|  0%| F|  |TAMS 0x0000000089f00000, 0x0000000089f00000| Untracked 
| 110|0x000000008a000000, 0x000000008a000000, 0x000000008a100000|  0%| F|  |TAMS 0x000000008a000000, 0x000000008a000000| Untracked 
| 111|0x000000008a100000, 0x000000008a100000, 0x000000008a200000|  0%| F|  |TAMS 0x000000008a100000, 0x000000008a100000| Untracked 
| 112|0x000000008a200000, 0x000000008a200000, 0x000000008a300000|  0%| F|  |TAMS 0x000000008a200000, 0x000000008a200000| Untracked 
| 113|0x000000008a300000, 0x000000008a300000, 0x000000008a400000|  0%| F|  |TAMS 0x000000008a300000, 0x000000008a300000| Untracked 
| 114|0x000000008a400000, 0x000000008a400000, 0x000000008a500000|  0%| F|  |TAMS 0x000000008a400000, 0x000000008a400000| Untracked 
| 115|0x000000008a500000, 0x000000008a500000, 0x000000008a600000|  0%| F|  |TAMS 0x000000008a500000, 0x000000008a500000| Untracked 
| 116|0x000000008a600000, 0x000000008a600000, 0x000000008a700000|  0%| F|  |TAMS 0x000000008a600000, 0x000000008a600000| Untracked 
| 117|0x000000008a700000, 0x000000008a700000, 0x000000008a800000|  0%| F|  |TAMS 0x000000008a700000, 0x000000008a700000| Untracked 
| 118|0x000000008a800000, 0x000000008a800000, 0x000000008a900000|  0%| F|  |TAMS 0x000000008a800000, 0x000000008a800000| Untracked 
| 119|0x000000008a900000, 0x000000008a900000, 0x000000008aa00000|  0%| F|  |TAMS 0x000000008a900000, 0x000000008a900000| Untracked 
| 120|0x000000008aa00000, 0x000000008aa00000, 0x000000008ab00000|  0%| F|  |TAMS 0x000000008aa00000, 0x000000008aa00000| Untracked 
| 121|0x000000008ab00000, 0x000000008ab00000, 0x000000008ac00000|  0%| F|  |TAMS 0x000000008ab00000, 0x000000008ab00000| Untracked 
| 122|0x000000008ac00000, 0x000000008ac00000, 0x000000008ad00000|  0%| F|  |TAMS 0x000000008ac00000, 0x000000008ac00000| Untracked 
| 123|0x000000008ad00000, 0x000000008ad00000, 0x000000008ae00000|  0%| F|  |TAMS 0x000000008ad00000, 0x000000008ad00000| Untracked 
| 124|0x000000008ae00000, 0x000000008ae00000, 0x000000008af00000|  0%| F|  |TAMS 0x000000008ae00000, 0x000000008ae00000| Untracked 
| 125|0x000000008af00000, 0x000000008af00000, 0x000000008b000000|  0%| F|  |TAMS 0x000000008af00000, 0x000000008af00000| Untracked 
| 126|0x000000008b000000, 0x000000008b000000, 0x000000008b100000|  0%| F|  |TAMS 0x000000008b000000, 0x000000008b000000| Untracked 
| 127|0x000000008b100000, 0x000000008b100000, 0x000000008b200000|  0%| F|  |TAMS 0x000000008b100000, 0x000000008b100000| Untracked 
| 128|0x000000008b200000, 0x000000008b200000, 0x000000008b300000|  0%| F|  |TAMS 0x000000008b200000, 0x000000008b200000| Untracked 
| 129|0x000000008b300000, 0x000000008b300000, 0x000000008b400000|  0%| F|  |TAMS 0x000000008b300000, 0x000000008b300000| Untracked 
| 130|0x000000008b400000, 0x000000008b400000, 0x000000008b500000|  0%| F|  |TAMS 0x000000008b400000, 0x000000008b400000| Untracked 
| 131|0x000000008b500000, 0x000000008b500000, 0x000000008b600000|  0%| F|  |TAMS 0x000000008b500000, 0x000000008b500000| Untracked 
| 132|0x000000008b600000, 0x000000008b600000, 0x000000008b700000|  0%| F|  |TAMS 0x000000008b600000, 0x000000008b600000| Untracked 
| 133|0x000000008b700000, 0x000000008b700000, 0x000000008b800000|  0%| F|  |TAMS 0x000000008b700000, 0x000000008b700000| Untracked 
| 134|0x000000008b800000, 0x000000008b800000, 0x000000008b900000|  0%| F|  |TAMS 0x000000008b800000, 0x000000008b800000| Untracked 
| 135|0x000000008b900000, 0x000000008b900000, 0x000000008ba00000|  0%| F|  |TAMS 0x000000008b900000, 0x000000008b900000| Untracked 
| 136|0x000000008ba00000, 0x000000008ba00000, 0x000000008bb00000|  0%| F|  |TAMS 0x000000008ba00000, 0x000000008ba00000| Untracked 
| 137|0x000000008bb00000, 0x000000008bb00800, 0x000000008bc00000|  0%| E|  |TAMS 0x000000008bb00000, 0x000000008bb00000| Complete 
| 138|0x000000008bc00000, 0x000000008bd00000, 0x000000008bd00000|100%| E|CS|TAMS 0x000000008bc00000, 0x000000008bc00000| Complete 
| 139|0x000000008bd00000, 0x000000008be00000, 0x000000008be00000|100%| E|CS|TAMS 0x000000008bd00000, 0x000000008bd00000| Complete 
| 140|0x000000008be00000, 0x000000008bf00000, 0x000000008bf00000|100%| E|CS|TAMS 0x000000008be00000, 0x000000008be00000| Complete 
| 141|0x000000008bf00000, 0x000000008c000000, 0x000000008c000000|100%| E|CS|TAMS 0x000000008bf00000, 0x000000008bf00000| Complete 
| 142|0x000000008c000000, 0x000000008c100000, 0x000000008c100000|100%| E|CS|TAMS 0x000000008c000000, 0x000000008c000000| Complete 
| 143|0x000000008c100000, 0x000000008c200000, 0x000000008c200000|100%| E|CS|TAMS 0x000000008c100000, 0x000000008c100000| Complete 
| 144|0x000000008c200000, 0x000000008c300000, 0x000000008c300000|100%| E|CS|TAMS 0x000000008c200000, 0x000000008c200000| Complete 
| 145|0x000000008c300000, 0x000000008c400000, 0x000000008c400000|100%| E|CS|TAMS 0x000000008c300000, 0x000000008c300000| Complete 
| 146|0x000000008c400000, 0x000000008c500000, 0x000000008c500000|100%| E|CS|TAMS 0x000000008c400000, 0x000000008c400000| Complete 
| 147|0x000000008c500000, 0x000000008c600000, 0x000000008c600000|100%| E|CS|TAMS 0x000000008c500000, 0x000000008c500000| Complete 
| 148|0x000000008c600000, 0x000000008c700000, 0x000000008c700000|100%| E|CS|TAMS 0x000000008c600000, 0x000000008c600000| Complete 
| 149|0x000000008c700000, 0x000000008c800000, 0x000000008c800000|100%| E|CS|TAMS 0x000000008c700000, 0x000000008c700000| Complete 
| 150|0x000000008c800000, 0x000000008c900000, 0x000000008c900000|100%| E|CS|TAMS 0x000000008c800000, 0x000000008c800000| Complete 
| 151|0x000000008c900000, 0x000000008ca00000, 0x000000008ca00000|100%| E|CS|TAMS 0x000000008c900000, 0x000000008c900000| Complete 

Card table byte_map: [0x000000001a090000,0x000000001a480000] _byte_map_base: 0x0000000019c77000

Marking Bits (Prev, Next): (CMBitMap*) 0x000000000032d558, (CMBitMap*) 0x000000000032d598
 Prev Bits: [0x000000001a870000, 0x000000001c7a8000)
 Next Bits: [0x000000001c7b0000, 0x000000001e6e8000)

Polling page: 0x00000000000a0000

Metaspace:

Usage:
  Non-class:     14.68 MB capacity,    14.33 MB ( 98%) used,   305.91 KB (  2%) free+waste,    51.81 KB ( <1%) overhead. 
      Class:      2.12 MB capacity,     1.95 MB ( 92%) used,   147.69 KB (  7%) free+waste,    26.06 KB (  1%) overhead. 
       Both:     16.80 MB capacity,    16.28 MB ( 97%) used,   453.59 KB (  3%) free+waste,    77.88 KB ( <1%) overhead. 

Virtual space:
  Non-class space:       16.00 MB reserved,      14.75 MB ( 92%) committed 
      Class space:        1.00 GB reserved,       2.13 MB ( <1%) committed 
             Both:        1.02 GB reserved,      16.88 MB (  2%) committed 

Chunk freelists:
   Non-Class:  6.00 KB
       Class:  4.00 KB
        Both:  10.00 KB

MaxMetaspaceSize: 17179869184.00 GB
CompressedClassSpaceSize: 1.00 GB

CodeHeap 'non-profiled nmethods': size=120064Kb used=1136Kb max_used=1136Kb free=118927Kb
 bounds [0x0000000012230000, 0x00000000124a0000, 0x0000000019770000]
CodeHeap 'profiled nmethods': size=120000Kb used=5408Kb max_used=5408Kb free=114591Kb
 bounds [0x000000000ad00000, 0x000000000b250000, 0x0000000012230000]
CodeHeap 'non-nmethods': size=5696Kb used=1203Kb max_used=1259Kb free=4492Kb
 bounds [0x000000000a770000, 0x000000000a9e0000, 0x000000000ad00000]
 total_blobs=3883 nmethods=2428 adapters=370
 compilation: enabled
              stopped_count=0, restarted_count=0
 full_count=0

Compilation events (20 events):
Event: 4.134 Thread 0x0000000021e40000 nmethod 2528 0x000000000b240c90 code [0x000000000b240ea0, 0x000000000b241500]
Event: 4.134 Thread 0x0000000021e40000 2529       3       org.springframework.boot.context.properties.source.PropertyMapper$$Lambda$75/0x0000000800c14840::test (12 bytes)
Event: 4.135 Thread 0x0000000021e40000 nmethod 2529 0x000000000b241790 code [0x000000000b2419a0, 0x000000000b2420a0]
Event: 4.135 Thread 0x0000000021e40000 2530       3       org.springframework.boot.autoconfigure.condition.FilteringSpringBootCondition::match (119 bytes)
Event: 4.136 Thread 0x0000000021e40000 nmethod 2530 0x000000000b242310 code [0x000000000b242560, 0x000000000b243200]
Event: 4.136 Thread 0x0000000021e40000 2531       3       org.springframework.boot.autoconfigure.condition.ConditionEvaluationReport::find (21 bytes)
Event: 4.137 Thread 0x0000000021e40000 nmethod 2531 0x000000000b243590 code [0x000000000b243760, 0x000000000b243bb0]
Event: 4.138 Thread 0x0000000021e40000 2532       1       org.springframework.context.annotation.ConfigurationClassParser::access$1000 (5 bytes)
Event: 4.138 Thread 0x0000000021e40000 nmethod 2532 0x000000001234bc10 code [0x000000001234bda0, 0x000000001234be98]
Event: 4.143 Thread 0x0000000021e40000 2533       3       org.springframework.core.annotation.MergedAnnotationCollectors$$Lambda$258/0x0000000800d09c40::accept (15 bytes)
Event: 4.143 Thread 0x0000000021e40000 nmethod 2533 0x000000000b243c90 code [0x000000000b243e40, 0x000000000b244190]
Event: 4.143 Thread 0x0000000021e40000 2535       3       org.springframework.boot.context.properties.source.ConfigurationPropertyName$ElementsParser::<init> (37 bytes)
Event: 4.144 Thread 0x0000000021e40000 nmethod 2535 0x000000000b244290 code [0x000000000b244460, 0x000000000b2449b8]
Event: 4.144 Thread 0x0000000021e40000 2534       3       org.springframework.util.Assert::hasText (17 bytes)
Event: 4.144 Thread 0x0000000021e40000 nmethod 2534 0x000000000b244b10 code [0x000000000b244d00, 0x000000000b245180]
Event: 4.148 Thread 0x0000000021e40000 2536       1       org.springframework.beans.factory.support.AbstractBeanFactory::getBeanClassLoader (5 bytes)
Event: 4.148 Thread 0x0000000021e40000 nmethod 2536 0x000000001234bf10 code [0x000000001234c0a0, 0x000000001234c1d8]
Event: 4.152 Thread 0x0000000021e40000 2537       3       java.security.AccessControlContext::combine (205 bytes)
Event: 4.153 Thread 0x0000000021e40000 nmethod 2537 0x000000000b245310 code [0x000000000b245540, 0x000000000b246100]
Event: 4.153 Thread 0x0000000021e40000 2538       3       org.springframework.boot.autoconfigure.AutoConfigurationMetadataLoader$PropertiesAutoConfigurationMetadata::getSet (8 bytes)

GC Heap History (10 events):
Event: 0.847 GC heap before
{Heap before GC invocations=0 (full 0):
 garbage-first heap   total 129024K, used 14336K [0x0000000083200000, 0x0000000100000000)
  region size 1024K, 14 young (14336K), 0 survivors (0K)
 Metaspace       used 2443K, capacity 5641K, committed 5760K, reserved 1056768K
  class space    used 231K, capacity 542K, committed 640K, reserved 1048576K
}
Event: 0.856 GC heap after
{Heap after GC invocations=1 (full 0):
 garbage-first heap   total 129024K, used 6095K [0x0000000083200000, 0x0000000100000000)
  region size 1024K, 2 young (2048K), 2 survivors (2048K)
 Metaspace       used 2443K, capacity 5641K, committed 5760K, reserved 1056768K
  class space    used 231K, capacity 542K, committed 640K, reserved 1048576K
}
Event: 0.995 GC heap before
{Heap before GC invocations=1 (full 0):
 garbage-first heap   total 129024K, used 10191K [0x0000000083200000, 0x0000000100000000)
  region size 1024K, 6 young (6144K), 2 survivors (2048K)
 Metaspace       used 3320K, capacity 6085K, committed 6272K, reserved 1056768K
  class space    used 342K, capacity 585K, committed 640K, reserved 1048576K
}
Event: 0.998 GC heap after
{Heap after GC invocations=2 (full 0):
 garbage-first heap   total 129024K, used 6364K [0x0000000083200000, 0x0000000100000000)
  region size 1024K, 1 young (1024K), 1 survivors (1024K)
 Metaspace       used 3320K, capacity 6085K, committed 6272K, reserved 1056768K
  class space    used 342K, capacity 585K, committed 640K, reserved 1048576K
}
Event: 1.546 GC heap before
{Heap before GC invocations=2 (full 0):
 garbage-first heap   total 129024K, used 27868K [0x0000000083200000, 0x0000000100000000)
  region size 1024K, 23 young (23552K), 1 survivors (1024K)
 Metaspace       used 7613K, capacity 9442K, committed 9600K, reserved 1058816K
  class space    used 849K, capacity 1079K, committed 1152K, reserved 1048576K
}
Event: 1.550 GC heap after
{Heap after GC invocations=3 (full 0):
 garbage-first heap   total 129024K, used 7362K [0x0000000083200000, 0x0000000100000000)
  region size 1024K, 2 young (2048K), 2 survivors (2048K)
 Metaspace       used 7613K, capacity 9442K, committed 9600K, reserved 1058816K
  class space    used 849K, capacity 1079K, committed 1152K, reserved 1048576K
}
Event: 3.418 GC heap before
{Heap before GC invocations=3 (full 0):
 garbage-first heap   total 129024K, used 81090K [0x0000000083200000, 0x0000000100000000)
  region size 1024K, 75 young (76800K), 2 survivors (2048K)
 Metaspace       used 14906K, capacity 15494K, committed 15616K, reserved 1062912K
  class space    used 1796K, capacity 1990K, committed 2048K, reserved 1048576K
}
Event: 3.431 GC heap after
{Heap after GC invocations=4 (full 0):
 garbage-first heap   total 129024K, used 9950K [0x0000000083200000, 0x0000000100000000)
  region size 1024K, 4 young (4096K), 4 survivors (4096K)
 Metaspace       used 14906K, capacity 15494K, committed 15616K, reserved 1062912K
  class space    used 1796K, capacity 1990K, committed 2048K, reserved 1048576K
}
Event: 4.080 GC heap before
{Heap before GC invocations=4 (full 0):
 garbage-first heap   total 129024K, used 81630K [0x0000000083200000, 0x0000000100000000)
  region size 1024K, 75 young (76800K), 4 survivors (4096K)
 Metaspace       used 16538K, capacity 17072K, committed 17280K, reserved 1064960K
  class space    used 1982K, capacity 2171K, committed 2176K, reserved 1048576K
}
Event: 4.094 GC heap after
{Heap after GC invocations=5 (full 0):
 garbage-first heap   total 155648K, used 10844K [0x0000000083200000, 0x0000000100000000)
  region size 1024K, 5 young (5120K), 5 survivors (5120K)
 Metaspace       used 16538K, capacity 17072K, committed 17280K, reserved 1064960K
  class space    used 1982K, capacity 2171K, committed 2176K, reserved 1048576K
}

Deoptimization events (20 events):
Event: 3.862 Thread 0x00000000002e9000 Uncommon trap: trap_request=0xffffffc6 fr.pc=0x00000000122f63f8 relative=0x0000000000000f78
Event: 3.862 Thread 0x00000000002e9000 Uncommon trap: reason=bimorphic_or_optimized_type_check action=maybe_recompile pc=0x00000000122f63f8 method=java.util.HashMap.putVal(ILjava/lang/Object;Ljava/lang/Object;ZZ)Ljava/lang/Object; @ 203 c2
Event: 3.862 Thread 0x00000000002e9000 DEOPT PACKING pc=0x00000000122f63f8 sp=0x0000000001f0e660
Event: 3.862 Thread 0x00000000002e9000 DEOPT UNPACKING pc=0x000000000a7b9429 sp=0x0000000001f0e5f0 mode 2
Event: 3.882 Thread 0x00000000002e9000 DEOPT PACKING pc=0x000000000b07a1be sp=0x0000000001f0e100
Event: 3.882 Thread 0x00000000002e9000 DEOPT UNPACKING pc=0x000000000a7b993f sp=0x0000000001f0d620 mode 0
Event: 3.931 Thread 0x00000000002e9000 Uncommon trap: trap_request=0xffffffcc fr.pc=0x000000001233cafc relative=0x00000000000013dc
Event: 3.931 Thread 0x00000000002e9000 Uncommon trap: reason=intrinsic_or_type_checked_inlining action=make_not_entrant pc=0x000000001233cafc method=java.util.ArrayList.toArray([Ljava/lang/Object;)[Ljava/lang/Object; @ 36 c2
Event: 3.931 Thread 0x00000000002e9000 DEOPT PACKING pc=0x000000001233cafc sp=0x0000000001f0dc10
Event: 3.931 Thread 0x00000000002e9000 DEOPT UNPACKING pc=0x000000000a7b9429 sp=0x0000000001f0db60 mode 2
Event: 3.978 Thread 0x00000000002e9000 Uncommon trap: trap_request=0xffffffc6 fr.pc=0x00000000122f63f8 relative=0x0000000000000f78
Event: 3.978 Thread 0x00000000002e9000 Uncommon trap: reason=bimorphic_or_optimized_type_check action=maybe_recompile pc=0x00000000122f63f8 method=java.util.HashMap.putVal(ILjava/lang/Object;Ljava/lang/Object;ZZ)Ljava/lang/Object; @ 203 c2
Event: 3.978 Thread 0x00000000002e9000 DEOPT PACKING pc=0x00000000122f63f8 sp=0x0000000001f0e7b0
Event: 3.978 Thread 0x00000000002e9000 DEOPT UNPACKING pc=0x000000000a7b9429 sp=0x0000000001f0e740 mode 2
Event: 3.978 Thread 0x00000000002e9000 Uncommon trap: trap_request=0xffffffc6 fr.pc=0x00000000122f63f8 relative=0x0000000000000f78
Event: 3.978 Thread 0x00000000002e9000 Uncommon trap: reason=bimorphic_or_optimized_type_check action=maybe_recompile pc=0x00000000122f63f8 method=java.util.HashMap.putVal(ILjava/lang/Object;Ljava/lang/Object;ZZ)Ljava/lang/Object; @ 203 c2
Event: 3.978 Thread 0x00000000002e9000 DEOPT PACKING pc=0x00000000122f63f8 sp=0x0000000001f0e7b0
Event: 3.978 Thread 0x00000000002e9000 DEOPT UNPACKING pc=0x000000000a7b9429 sp=0x0000000001f0e740 mode 2
Event: 4.001 Thread 0x00000000002e9000 DEOPT PACKING pc=0x000000000b1a7402 sp=0x0000000001f0ce50
Event: 4.001 Thread 0x00000000002e9000 DEOPT UNPACKING pc=0x000000000a7b993f sp=0x0000000001f0c2e0 mode 0

Classes unloaded (0 events):
No events

Classes redefined (0 events):
No events

Internal exceptions (20 events):
Event: 1.951 Thread 0x00000000002e9000 Exception <a 'java/lang/NoSuchMethodError'{0x0000000089bd52f8}: 'int java.lang.invoke.DirectMethodHandle$Holder.invokeSpecialIFC(java.lang.Object, java.lang.Object, int)'> (0x0000000089bd52f8) 
thrown [t:/workspace/open/src/hotspot/share/interpreter/linkResolver.cpp, line 767]
Event: 2.022 Thread 0x00000000002e9000 Exception <a 'java/lang/NoClassDefFoundError'{0x00000000895f8c20}: javax/validation/ValidationException> (0x00000000895f8c20) 
thrown [t:/workspace/open/src/hotspot/share/classfile/systemDictionary.cpp, line 221]
Event: 2.058 Thread 0x00000000002e9000 Exception <a 'java/lang/NoSuchMethodError'{0x0000000089394058}: 'org.slf4j.impl.StaticMDCBinder org.slf4j.impl.StaticMDCBinder.getSingleton()'> (0x0000000089394058) 
thrown [t:/workspace/open/src/hotspot/share/interpreter/linkResolver.cpp, line 767]
Event: 2.060 Thread 0x00000000002e9000 Implicit null exception at 0x0000000012272865 to 0x0000000012272a76
Event: 2.279 Thread 0x00000000002e9000 Exception <a 'java/lang/ClassNotFoundException'{0x0000000088c00400}: java/lang/ObjectCustomizer> (0x0000000088c00400) 
thrown [t:/workspace/open/src/hotspot/share/classfile/systemDictionary.cpp, line 232]
Event: 2.281 Thread 0x00000000002e9000 Exception <a 'java/lang/IncompatibleClassChangeError'{0x0000000088c05538}: Found class java.lang.Object, but interface was expected> (0x0000000088c05538) 
thrown [t:/workspace/open/src/hotspot/share/interpreter/linkResolver.cpp, line 833]
Event: 2.291 Thread 0x00000000002e9000 Exception <a 'java/lang/ClassNotFoundException'{0x0000000088c3b790}: org/springframework/context/annotation/ConfigurationClassPostProcessorCustomizer> (0x0000000088c3b790) 
thrown [t:/workspace/open/src/hotspot/share/classfile/systemDictionary.cpp, line 232]
Event: 2.307 Thread 0x00000000002e9000 Exception <a 'java/lang/ClassNotFoundException'{0x0000000088cb61b8}: org/springframework/beans/factory/support/BeanDefinitionRegistryPostProcessorCustomizer> (0x0000000088cb61b8) 
thrown [t:/workspace/open/src/hotspot/share/classfile/systemDictionary.cpp, line 232]
Event: 2.308 Thread 0x00000000002e9000 Exception <a 'java/lang/ClassNotFoundException'{0x0000000088cc7db8}: org/springframework/beans/factory/config/BeanFactoryPostProcessorCustomizer> (0x0000000088cc7db8) 
thrown [t:/workspace/open/src/hotspot/share/classfile/systemDictionary.cpp, line 232]
Event: 2.309 Thread 0x00000000002e9000 Exception <a 'java/lang/ClassNotFoundException'{0x0000000088cd6890}: org/springframework/core/PriorityOrderedCustomizer> (0x0000000088cd6890) 
thrown [t:/workspace/open/src/hotspot/share/classfile/systemDictionary.cpp, line 232]
Event: 2.310 Thread 0x00000000002e9000 Exception <a 'java/lang/ClassNotFoundException'{0x0000000088ce3188}: org/springframework/core/OrderedCustomizer> (0x0000000088ce3188) 
thrown [t:/workspace/open/src/hotspot/share/classfile/systemDictionary.cpp, line 232]
Event: 2.313 Thread 0x00000000002e9000 Exception <a 'java/lang/ClassNotFoundException'{0x0000000088cf2458}: org/springframework/context/ResourceLoaderAwareCustomizer> (0x0000000088cf2458) 
thrown [t:/workspace/open/src/hotspot/share/classfile/systemDictionary.cpp, line 232]
Event: 2.314 Thread 0x00000000002e9000 Exception <a 'java/lang/ClassNotFoundException'{0x0000000088b00f08}: org/springframework/beans/factory/AwareCustomizer> (0x0000000088b00f08) 
thrown [t:/workspace/open/src/hotspot/share/classfile/systemDictionary.cpp, line 232]
Event: 2.315 Thread 0x00000000002e9000 Exception <a 'java/lang/ClassNotFoundException'{0x0000000088b10210}: org/springframework/beans/factory/BeanClassLoaderAwareCustomizer> (0x0000000088b10210) 
thrown [t:/workspace/open/src/hotspot/share/classfile/systemDictionary.cpp, line 232]
Event: 2.316 Thread 0x00000000002e9000 Exception <a 'java/lang/ClassNotFoundException'{0x0000000088b1e800}: org/springframework/beans/factory/AwareCustomizer> (0x0000000088b1e800) 
thrown [t:/workspace/open/src/hotspot/share/classfile/systemDictionary.cpp, line 232]
Event: 2.316 Thread 0x00000000002e9000 Exception <a 'java/lang/ClassNotFoundException'{0x0000000088b2c978}: org/springframework/context/EnvironmentAwareCustomizer> (0x0000000088b2c978) 
thrown [t:/workspace/open/src/hotspot/share/classfile/systemDictionary.cpp, line 232]
Event: 2.318 Thread 0x00000000002e9000 Exception <a 'java/lang/ClassNotFoundException'{0x0000000088b3aeb8}: org/springframework/beans/factory/AwareCustomizer> (0x0000000088b3aeb8) 
thrown [t:/workspace/open/src/hotspot/share/classfile/systemDictionary.cpp, line 232]
Event: 2.602 Thread 0x00000000002e9000 Exception <a 'java/lang/NoSuchMethodError'{0x00000000885befd0}: 'void java.lang.invoke.DirectMethodHandle$Holder.invokeInterface(java.lang.Object, java.lang.Object, java.lang.Object, java.lang.Object)'> (0x00000000885befd0) 
thrown [t:/workspace/open/src/hotspot/share/interpreter/linkResolver.cpp, line 767]
Event: 3.349 Thread 0x00000000002e9000 Exception <a 'java/lang/NoSuchMethodError'{0x0000000086d1aa70}: 'int java.lang.invoke.DirectMethodHandle$Holder.invokeSpecialIFC(java.lang.Object, java.lang.Object, java.lang.Object, java.lang.Object)'> (0x0000000086d1aa70) 
thrown [t:/workspace/open/src/hotspot/share/interpreter/linkResolver.cpp, line 767]
Event: 3.554 Thread 0x00000000002e9000 Exception <a 'java/lang/IncompatibleClassChangeError'{0x0000000088e236c8}: Found class java.lang.Object, but interface was expected> (0x0000000088e236c8) 
thrown [t:/workspace/open/src/hotspot/share/interpreter/linkResolver.cpp, line 833]

Events (20 events):
Event: 4.147 loading class org/springframework/boot/autoconfigure/data/AbstractRepositoryConfigurationSourceSupport
Event: 4.147 loading class org/springframework/boot/autoconfigure/data/AbstractRepositoryConfigurationSourceSupport done
Event: 4.148 loading class org/springframework/data/repository/config/RepositoryConfigurationSource
Event: 4.148 loading class org/springframework/data/repository/config/RepositoryConfigurationSource done
Event: 4.148 Executing VM operation: RevokeBias
Event: 4.148 Executing VM operation: RevokeBias done
Event: 4.148 loading class org/springframework/data/repository/config/AnnotationRepositoryConfigurationSource
Event: 4.148 loading class org/springframework/data/repository/config/AnnotationRepositoryConfigurationSource done
Event: 4.149 loading class org/springframework/data/repository/config/RepositoryConfigurationSourceSupport
Event: 4.149 loading class org/springframework/data/repository/config/RepositoryConfigurationSourceSupport done
Event: 4.150 loading class org/springframework/boot/autoconfigure/data/AbstractRepositoryConfigurationSourceSupport$1
Event: 4.150 loading class org/springframework/boot/autoconfigure/data/AbstractRepositoryConfigurationSourceSupport$1 done
Event: 4.150 loading class org/springframework/boot/autoconfigure/data/AbstractRepositoryConfigurationSourceSupport$AutoConfiguredAnnotationRepositoryConfigurationSource
Event: 4.150 loading class org/springframework/boot/autoconfigure/data/AbstractRepositoryConfigurationSourceSupport$AutoConfiguredAnnotationRepositoryConfigurationSource done
Event: 4.151 loading class org/springframework/data/repository/config/RepositoryConfigurationExtension
Event: 4.151 loading class org/springframework/data/repository/config/RepositoryConfigurationExtension done
Event: 4.152 Thread 0x0000000023b10800 Thread added: 0x0000000023b10800
Event: 4.152 Thread 0x0000000023b10800 Thread exited: 0x0000000023b10800
Event: 4.152 Thread 0x0000000023b10800 Thread added: 0x0000000023b10800
Event: 4.153 Thread 0x0000000023b10800 Thread exited: 0x0000000023b10800


Dynamic libraries:
0x000000013f060000 - 0x000000013f06f000 	C:\Program Files\Java\jdk-13.0.1\bin\javaw.exe
0x00000000777d0000 - 0x000000007797a000 	C:\Windows\SYSTEM32\ntdll.dll
0x000007feeb970000 - 0x000007feeb983000 	C:\Program Files (x86)\AVG\Antivirus\aswhook.dll
0x00000000775b0000 - 0x00000000776cf000 	C:\Windows\system32\kernel32.dll
0x000007fefd6c0000 - 0x000007fefd72a000 	C:\Windows\system32\KERNELBASE.dll
0x000007fee5a60000 - 0x000007fee5a78000 	C:\Program Files\Java\jdk-13.0.1\bin\jli.dll
0x000007fefeb30000 - 0x000007fefec0b000 	C:\Windows\system32\ADVAPI32.dll
0x000007feff310000 - 0x000007feff3af000 	C:\Windows\system32\msvcrt.dll
0x000007fefece0000 - 0x000007fefecff000 	C:\Windows\SYSTEM32\sechost.dll
0x000007fefee90000 - 0x000007fefefbd000 	C:\Windows\system32\RPCRT4.dll
0x000007fefbac0000 - 0x000007fefbcb4000 	C:\Windows\WinSxS\amd64_microsoft.windows.common-controls_6595b64144ccf1df_6.0.7601.18837_none_fa3b1e3d17594757\COMCTL32.dll
0x000007feff2a0000 - 0x000007feff307000 	C:\Windows\system32\GDI32.dll
0x00000000776d0000 - 0x00000000777ca000 	C:\Windows\system32\USER32.dll
0x000007fefed80000 - 0x000007fefed8e000 	C:\Windows\system32\LPK.dll
0x000007fefec10000 - 0x000007fefecdb000 	C:\Windows\system32\USP10.dll
0x000007fefda60000 - 0x000007fefdad1000 	C:\Windows\system32\SHLWAPI.dll
0x000007fefc550000 - 0x000007fefc55c000 	C:\Windows\system32\VERSION.dll
0x000007fee5a80000 - 0x000007fee5a95000 	C:\Program Files\Java\jdk-13.0.1\bin\VCRUNTIME140.dll
0x000007fee5450000 - 0x000007fee5454000 	C:\Program Files\Java\jdk-13.0.1\bin\api-ms-win-crt-runtime-l1-1-0.dll
0x000007fedc5d0000 - 0x000007fedc6cc000 	C:\Program Files\Java\jdk-13.0.1\bin\ucrtbase.DLL
0x000007feeb670000 - 0x000007feeb673000 	C:\Program Files\Java\jdk-13.0.1\bin\api-ms-win-core-localization-l1-2-0.dll
0x000007fedc7c0000 - 0x000007fedc7c3000 	C:\Program Files\Java\jdk-13.0.1\bin\api-ms-win-core-processthreads-l1-1-1.dll
0x000007fee5440000 - 0x000007fee5443000 	C:\Program Files\Java\jdk-13.0.1\bin\api-ms-win-core-file-l1-2-0.dll
0x000007fedc7b0000 - 0x000007fedc7b3000 	C:\Program Files\Java\jdk-13.0.1\bin\api-ms-win-core-timezone-l1-1-0.dll
0x000007fedc7a0000 - 0x000007fedc7a3000 	C:\Program Files\Java\jdk-13.0.1\bin\api-ms-win-core-file-l2-1-0.dll
0x000007fedc790000 - 0x000007fedc793000 	C:\Program Files\Java\jdk-13.0.1\bin\api-ms-win-core-synch-l1-2-0.dll
0x000007fedc780000 - 0x000007fedc783000 	C:\Program Files\Java\jdk-13.0.1\bin\api-ms-win-crt-heap-l1-1-0.dll
0x000007fedc770000 - 0x000007fedc774000 	C:\Program Files\Java\jdk-13.0.1\bin\api-ms-win-crt-string-l1-1-0.dll
0x000007fedc760000 - 0x000007fedc764000 	C:\Program Files\Java\jdk-13.0.1\bin\api-ms-win-crt-stdio-l1-1-0.dll
0x000007fedc750000 - 0x000007fedc754000 	C:\Program Files\Java\jdk-13.0.1\bin\api-ms-win-crt-convert-l1-1-0.dll
0x000007fedc740000 - 0x000007fedc743000 	C:\Program Files\Java\jdk-13.0.1\bin\api-ms-win-crt-environment-l1-1-0.dll
0x000007fedc730000 - 0x000007fedc733000 	C:\Program Files\Java\jdk-13.0.1\bin\api-ms-win-crt-filesystem-l1-1-0.dll
0x000007fedc720000 - 0x000007fedc725000 	C:\Program Files\Java\jdk-13.0.1\bin\api-ms-win-crt-math-l1-1-0.dll
0x000007fedc710000 - 0x000007fedc713000 	C:\Program Files\Java\jdk-13.0.1\bin\api-ms-win-crt-locale-l1-1-0.dll
0x000007feff6e0000 - 0x000007feff70e000 	C:\Windows\system32\IMM32.DLL
0x000007fefdae0000 - 0x000007fefdbe9000 	C:\Windows\system32\MSCTF.dll
0x000007fedc530000 - 0x000007fedc5cb000 	C:\Program Files\Java\jdk-13.0.1\bin\msvcp140.dll
0x000007fedc700000 - 0x000007fedc703000 	C:\Program Files\Java\jdk-13.0.1\bin\api-ms-win-crt-time-l1-1-0.dll
0x000007fedc6f0000 - 0x000007fedc6f3000 	C:\Program Files\Java\jdk-13.0.1\bin\api-ms-win-crt-utility-l1-1-0.dll
0x000007fee48d0000 - 0x000007fee5436000 	C:\Program Files\Java\jdk-13.0.1\bin\server\jvm.dll
0x000007fefa280000 - 0x000007fefa289000 	C:\Windows\system32\WSOCK32.dll
0x000007feff710000 - 0x000007feff75d000 	C:\Windows\system32\WS2_32.dll
0x000007fefefc0000 - 0x000007fefefc8000 	C:\Windows\system32\NSI.dll
0x000007fefb3e0000 - 0x000007fefb41b000 	C:\Windows\system32\WINMM.dll
0x00000000779a0000 - 0x00000000779a7000 	C:\Windows\system32\PSAPI.DLL
0x000007feea800000 - 0x000007feea810000 	C:\Program Files\Java\jdk-13.0.1\bin\verify.dll
0x000007fef8790000 - 0x000007fef88b5000 	C:\Windows\system32\DBGHELP.DLL
0x000007fee8520000 - 0x000007fee8546000 	C:\Program Files\Java\jdk-13.0.1\bin\java.dll
0x000007feea7e0000 - 0x000007feea7f7000 	C:\Program Files\Java\jdk-13.0.1\bin\zip.dll
0x000007fee8510000 - 0x000007fee851a000 	C:\Program Files\Java\jdk-13.0.1\bin\jimage.dll
0x000007fefdbf0000 - 0x000007fefe97a000 	C:\Windows\system32\SHELL32.dll
0x000007feff800000 - 0x000007feff9fc000 	C:\Windows\system32\ole32.dll
0x000007fefd4d0000 - 0x000007fefd4df000 	C:\Windows\system32\profapi.dll
0x000007fee84f0000 - 0x000007fee8509000 	C:\Program Files\Java\jdk-13.0.1\bin\net.dll
0x000007fef8c90000 - 0x000007fef8d01000 	C:\Windows\system32\WINHTTP.dll
0x000007fef8c20000 - 0x000007fef8c85000 	C:\Windows\system32\webio.dll
0x000007fefcc90000 - 0x000007fefcce5000 	C:\Windows\system32\mswsock.dll
0x000007fefcc80000 - 0x000007fefcc87000 	C:\Windows\System32\wship6.dll
0x000007fee84d0000 - 0x000007fee84e3000 	C:\Program Files\Java\jdk-13.0.1\bin\nio.dll
0x000007feeb680000 - 0x000007feeb689000 	C:\Program Files\Java\jdk-13.0.1\bin\management.dll
0x000007fedc6e0000 - 0x000007fedc6eb000 	C:\Program Files\Java\jdk-13.0.1\bin\management_ext.dll
0x000007fefb1e0000 - 0x000007fefb1f5000 	C:\Windows\system32\NLAapi.dll
0x000007fef43f0000 - 0x000007fef4405000 	C:\Windows\system32\napinsp.dll
0x000007fef43d0000 - 0x000007fef43e9000 	C:\Windows\system32\pnrpnsp.dll
0x000007fef43c0000 - 0x000007fef43d0000 	C:\Windows\system32\wshbth.dll
0x000007fefcb10000 - 0x000007fefcb6b000 	C:\Windows\system32\DNSAPI.dll
0x000007fef43b0000 - 0x000007fef43bb000 	C:\Windows\System32\winrnr.dll
0x000007fef3230000 - 0x000007fef325f000 	C:\Program Files\Common Files\Microsoft Shared\Windows Live\WLIDNSP.DLL
0x0000000074dc0000 - 0x0000000074de6000 	C:\Program Files\Bonjour\mdnsNSP.dll
0x000007fefae30000 - 0x000007fefae57000 	C:\Windows\system32\Iphlpapi.DLL
0x000007fefae20000 - 0x000007fefae2b000 	C:\Windows\system32\WINNSI.DLL
0x000007fefc620000 - 0x000007fefc627000 	C:\Windows\System32\wshtcpip.dll
0x000007fef1400000 - 0x000007fef1408000 	C:\Windows\system32\rasadhlp.dll
0x000007fefad60000 - 0x000007fefadb3000 	C:\Windows\System32\fwpuclnt.dll

dbghelp: loaded successfully - version: 4.0.5 - missing functions: none
symbol engine: initialized successfully - sym options: 0x614 - pdb path: .;C:\Program Files\Java\jdk-13.0.1\bin;C:\Windows\SYSTEM32;C:\Program Files (x86)\AVG\Antivirus;C:\Windows\WinSxS\amd64_microsoft.windows.common-controls_6595b64144ccf1df_6.0.7601.18837_none_fa3b1e3d17594757;C:\Program Files\Java\jdk-13.0.1\bin\server;C:\Program Files\Common Files\Microsoft Shared\Windows Live;C:\Program Files\Bonjour

VM Arguments:
jvm_args: -Dfile.encoding=UTF-8 
java_command: com.example.CouponPhase3Application
java_class_path (initial): C:\Users\dell\eclipse-workspace\CouponPhase3\target\classes;C:\Users\dell\.m2\repository\org\springframework\boot\spring-boot-starter-data-jpa\2.3.1.RELEASE\spring-boot-starter-data-jpa-2.3.1.RELEASE.jar;C:\Users\dell\.m2\repository\org\springframework\boot\spring-boot-starter-jdbc\2.3.1.RELEASE\spring-boot-starter-jdbc-2.3.1.RELEASE.jar;C:\Users\dell\.m2\repository\com\zaxxer\HikariCP\3.4.5\HikariCP-3.4.5.jar;C:\Users\dell\.m2\repository\org\springframework\spring-jdbc\5.2.7.RELEASE\spring-jdbc-5.2.7.RELEASE.jar;C:\Users\dell\.m2\repository\jakarta\transaction\jakarta.transaction-api\1.3.3\jakarta.transaction-api-1.3.3.jar;C:\Users\dell\.m2\repository\jakarta\persistence\jakarta.persistence-api\2.2.3\jakarta.persistence-api-2.2.3.jar;C:\Users\dell\.m2\repository\org\hibernate\hibernate-core\5.4.17.Final\hibernate-core-5.4.17.Final.jar;C:\Users\dell\.m2\repository\org\jboss\logging\jboss-logging\3.4.1.Final\jboss-logging-3.4.1.Final.jar;C:\Users\dell\.m2\repository\org\javassist\javassist\3.24.0-GA\javassist-3.24.0-GA.jar;C:\Users\dell\.m2\repository\net\bytebuddy\byte-buddy\1.10.11\byte-buddy-1.10.11.jar;C:\Users\dell\.m2\repository\antlr\antlr\2.7.7\antlr-2.7.7.jar;C:\Users\dell\.m2\repository\org\jboss\jandex\2.1.3.Final\jandex-2.1.3.Final.jar;C:\Users\dell\.m2\repository\org\dom4j\dom4j\2.1.3\dom4j-2.1.3.jar;C:\Users\dell\.m2\repository\org\hibernate\common\hibernate-commons-annotations\5.1.0.Final\hibernate-commons-annotations-5.1.0.Final.jar;C:\Users\dell\.m2\repository\org\glassfish\jaxb\jaxb-runtime\2.3.3\jaxb-runtime-2.3.3.jar;C:\Users\dell\.m2\repository\org\glassfish\jaxb\txw2\2.3.3\txw2-2.3.3.jar;C:\Users\dell\.m2\repository\com\sun\istack\istack-commons-runtime\3.0.11\istack-commons-runtime-3.0.11.jar;C:\Users\dell\.m2\repository\com\sun\activation\jakarta.activation\1.2.2\jakarta.activation-1.2.2.jar;C:\Users\dell\.m2\repository\org\springframework\data\spring-data-jpa\2.3.1.RELEASE\spring-data-jpa-2.3.1.RELEASE.jar;C:\User
Launcher Type: SUN_STANDARD

[Global flags]
     intx CICompilerCount                          = 3                                         {product} {ergonomic}
     uint ConcGCThreads                            = 1                                         {product} {ergonomic}
     uint G1ConcRefinementThreads                  = 4                                         {product} {ergonomic}
   size_t G1HeapRegionSize                         = 1048576                                   {product} {ergonomic}
    uintx GCDrainStackTargetSize                   = 64                                        {product} {ergonomic}
   size_t InitialHeapSize                          = 132120576                                 {product} {ergonomic}
   size_t MarkStackSize                            = 4194304                                   {product} {ergonomic}
   size_t MaxHeapSize                              = 2095054848                                {product} {ergonomic}
   size_t MaxNewSize                               = 1256194048                                {product} {ergonomic}
   size_t MinHeapDeltaBytes                        = 1048576                                   {product} {ergonomic}
   size_t MinHeapSize                              = 8388608                                   {product} {ergonomic}
    uintx NonNMethodCodeHeapSize                   = 5830732                                {pd product} {ergonomic}
    uintx NonProfiledCodeHeapSize                  = 122913754                              {pd product} {ergonomic}
    uintx ProfiledCodeHeapSize                     = 122913754                              {pd product} {ergonomic}
    uintx ReservedCodeCacheSize                    = 251658240                              {pd product} {ergonomic}
     bool SegmentedCodeCache                       = true                                      {product} {ergonomic}
   size_t SoftMaxHeapSize                          = 2095054848                             {manageable} {ergonomic}
     bool UseCompressedClassPointers               = true                                 {lp64_product} {ergonomic}
     bool UseCompressedOops                        = true                                 {lp64_product} {ergonomic}
     bool UseG1GC                                  = true                                      {product} {ergonomic}
     bool UseLargePagesIndividualAllocation        = false                                  {pd product} {ergonomic}

Logging:
Log output configuration:
 #0: stdout all=warning uptime,level,tags
 #1: stderr all=off uptime,level,tags

Environment Variables:
PATH=C:/Program Files/Java/jdk-13.0.1/bin/server;C:/Program Files/Java/jdk-13.0.1/bin;C:\Program Files\Common Files\Microsoft Shared\Windows Live;C:\Program Files (x86)\Common Files\Microsoft Shared\Windows Live;C:\Windows\system32;C:\Windows;C:\Windows\System32\Wbem;C:\Windows\System32\WindowsPowerShell\v1.0\;C:\Program Files\Dell\DW WLAN Card;C:\Program Files\WIDCOMM\Bluetooth Software\;C:\Program Files\WIDCOMM\Bluetooth Software\syswow64;C:\Program Files (x86)\Windows Live\Shared;C:\Program Files\dotnet\;C:\Program Files\Microsoft SQL Server\130\Tools\Binn\;C:\Program Files\nodejs\;;C:\Users\dell\AppData\Local\Programs\Microsoft VS Code\bin;C:\Users\dell\AppData\Roaming\npm;C:\Windows\system32;
USERNAME=dell
OS=Windows_NT
PROCESSOR_IDENTIFIER=Intel64 Family 6 Model 37 Stepping 5, GenuineIntel



---------------  S Y S T E M  ---------------

OS: Windows 7 , 64 bit Build 7601 (6.1.7601.23915)

CPU:total 4 (initial active 4) (2 cores per cpu, 2 threads per core) family 6 model 37 stepping 5, cmov, cx8, fxsr, mmx, sse, sse2, sse3, ssse3, sse4.1, sse4.2, popcnt, ht, tsc, tscinvbit

Memory: 4k page, system-wide physical 7990M (1676M free)
TotalPageFile size 15979M (AvailPageFile size 9167M)
current process WorkingSet (physical memory assigned to process): 177M, peak: 177M
current process commit charge ("private bytes"): 287M, peak: 287M

vm_info: Java HotSpot(TM) 64-Bit Server VM (13.0.1+9) for windows-amd64 JRE (13.0.1+9), built on Oct  6 2019 12:37:49 by "mach5one" with unknown MS VC++:1916

END.
