#
# A fatal error has been detected by the Java Runtime Environment:
#
#  EXCEPTION_ACCESS_VIOLATION (0xc0000005) at pc=0x000007fee4c2c1e7, pid=8668, tid=5884
#
# JRE version: Java(TM) SE Runtime Environment (13.0.1+9) (build 13.0.1+9)
# Java VM: Java HotSpot(TM) 64-Bit Server VM (13.0.1+9, mixed mode, sharing, tiered, compressed oops, g1 gc, windows-amd64)
# Problematic frame:
# V  [jvm.dll+0x35c1e7]
#
# No core dump will be written. Minidumps are not enabled by default on client versions of Windows
#
# If you would like to submit a bug report, please visit:
#   http://bugreport.java.com/bugreport/crash.jsp
#

---------------  S U M M A R Y ------------

Command Line: -agentlib:jdwp=transport=dt_socket,suspend=y,address=localhost:57626 -javaagent:C:\Users\dell\eclipse\jee-2019-09\eclipse\configuration\org.eclipse.osgi\412\0\.cp\lib\javaagent-shaded.jar -Dfile.encoding=UTF-8 com.example.CouponPhase3Application

Host: Intel(R) Core(TM) i5 CPU       M 480  @ 2.67GHz, 4 cores, 7G,  Windows 7 , 64 bit Build 7601 (6.1.7601.23915)
Time: Tue Aug  4 19:25:04 2020 Jerusalem Daylight Time elapsed time: 7 seconds (0d 0h 0m 7s)

---------------  T H R E A D  ---------------

Current thread (0x0000000027146000):  JavaThread "C2 CompilerThread1" daemon [_thread_in_native, id=5884, stack(0x0000000027a30000,0x0000000027b30000)]


Current CompileTask:
C2:   7652 3031       4       org.springframework.core.ResolvableType::forType (115 bytes)

Stack: [0x0000000027a30000,0x0000000027b30000],  sp=0x0000000027b2b5d0,  free space=1005k
Native frames: (J=compiled Java code, j=interpreted, Vv=VM code, C=native code)
V  [jvm.dll+0x35c1e7]
V  [jvm.dll+0x1a103d]
V  [jvm.dll+0x2079d6]
V  [jvm.dll+0x206adf]
V  [jvm.dll+0x18b94c]
V  [jvm.dll+0x2159bd]
V  [jvm.dll+0x213e6b]
V  [jvm.dll+0x738b16]
V  [jvm.dll+0x731c0a]
V  [jvm.dll+0x6260c6]
C  [ucrtbase.DLL+0x203ba]
C  [kernel32.dll+0x159cd]
C  [ntdll.dll+0x2a561]


siginfo: EXCEPTION_ACCESS_VIOLATION (0xc0000005), reading address 0x000000002a848818


Register to memory mapping:

RIP=0x000007fee4c2c1e7 jvm.dll
RAX=0x0000000000009da6 is an unknown value
RBX=0x000000002a848810 points into unknown readable memory: 00 00 00 00 00 00 00 00
RCX=0x0000000000000006 is an unknown value
RDX=0x0000000000000006 is an unknown value
RSP=0x0000000027b2b5d0 is pointing into the stack for thread: 0x0000000027146000
RBP=0x0000000027b2b710 is pointing into the stack for thread: 0x0000000027146000
RSI=0x00000000000001a8 is an unknown value
RDI=0x00000000000001a8 is an unknown value
R8 =0x0000000027b2b5f0 is pointing into the stack for thread: 0x0000000027146000
R9 =0x0000000000000010 is an unknown value
R10=0x000000000000009d is an unknown value
R11=0x0000000027b2b440 is pointing into the stack for thread: 0x0000000027146000
R12=0x00000000255371e8 points into unknown readable memory: 3c ca 9a 49 3e 01 00 90
R13=0x00000000000003d8 is an unknown value
R14=0x0000000000000008 is an unknown value
R15=0x000007fee5352600 jvm.dll


Registers:
RAX=0x0000000000009da6, RBX=0x000000002a848810, RCX=0x0000000000000006, RDX=0x0000000000000006
RSP=0x0000000027b2b5d0, RBP=0x0000000027b2b710, RSI=0x00000000000001a8, RDI=0x00000000000001a8
R8 =0x0000000027b2b5f0, R9 =0x0000000000000010, R10=0x000000000000009d, R11=0x0000000027b2b440
R12=0x00000000255371e8, R13=0x00000000000003d8, R14=0x0000000000000008, R15=0x000007fee5352600
RIP=0x000007fee4c2c1e7, EFLAGS=0x0000000000010202

Top of Stack: (sp=0x0000000027b2b5d0)
0x0000000027b2b5d0:   000000002a22fd70 0000000027b2b710
0x0000000027b2b5e0:   00000000000001a8 000007fee515a120
0x0000000027b2b5f0:   00009da600000010 0000000000000006
0x0000000027b2b600:   0000000027b7ae00 000000000000009e
0x0000000027b2b610:   0000000029a9f910 000000000000012f
0x0000000027b2b620:   000000002a230950 0000000000000000
0x0000000027b2b630:   0000000025536e00 0000000000000000
0x0000000027b2b640:   0000000027b2b750 000007fee4a7103d
0x0000000027b2b650:   0000000027b2bab0 0000000027b2bb90
0x0000000027b2b660:   0000000025536e10 0000000000000000
0x0000000027b2b670:   000000000000a700 0000000000000000
0x0000000027b2b680:   0000000000000006 0000000025536e00
0x0000000027b2b690:   00000000220745d0 00000000220765b8
0x0000000027b2b6a0:   000000002207c5b8 0000000000b39b88
0x0000000027b2b6b0:   0000000027b20000 0000000000000000
0x0000000027b2b6c0:   000000000000a7a0 0000000000000000 

Instructions: (pc=0x000007fee4c2c1e7)
0x000007fee4c2c0e7:   00 00 00 41 0f ba e6 08 72 16 f7 84 11 a0 00 00
0x000007fee4c2c0f7:   00 00 01 00 00 75 09 3b d8 0f 47 c3 03 f8 eb 90
0x000007fee4c2c107:   0f af c3 03 f8 eb 89 ff c5 41 89 7c 17 34 3b 6e
0x000007fee4c2c117:   28 0f 82 32 ff ff ff 4c 8b 7c 24 60 4c 8b b4 24
0x000007fee4c2c127:   90 00 00 00 48 8b bc 24 88 00 00 00 48 8b 9c 24
0x000007fee4c2c137:   80 00 00 00 48 83 c4 68 5e 5d c3 cc cc cc cc cc
0x000007fee4c2c147:   cc cc cc cc cc cc cc cc cc 48 8b c4 55 57 48 83
0x000007fee4c2c157:   ec 68 33 ff 48 8b e9 39 79 28 0f 86 07 01 00 00
0x000007fee4c2c167:   48 89 58 08 48 89 70 10 4c 89 70 18 4c 89 78 e8
0x000007fee4c2c177:   4c 8d 3d 82 64 72 00 66 90 48 8d 14 bf 8b f7 48
0x000007fee4c2c187:   c1 e2 05 48 8d 4c 24 20 48 03 55 10 e8 d8 65 00
0x000007fee4c2c197:   00 44 8b f7 41 83 e6 1f 90 44 8b 44 24 20 45 85
0x000007fee4c2c1a7:   c0 74 1d 8b 44 24 24 49 0f bc d0 8b ca 41 d3 e8
0x000007fee4c2c1b7:   41 ff c8 03 c2 44 89 44 24 20 89 44 24 24 eb 0a
0x000007fee4c2c1c7:   48 8d 4c 24 20 e8 ef 65 00 00 85 c0 74 66 8b c0
0x000007fee4c2c1d7:   48 8d 1c 80 48 c1 e3 05 48 03 5d 10 85 ff 74 b9
0x000007fee4c2c1e7:   48 8b 43 08 48 8b ce 48 c1 e9 08 4c 8b 0c c8 4d
0x000007fee4c2c1f7:   3b cf 75 0d 8b d7 48 8b cb e8 bb 67 00 00 4c 8b
0x000007fee4c2c207:   c8 41 8b ce 41 b8 01 00 00 00 41 d3 e0 48 8b ce
0x000007fee4c2c217:   48 c1 e9 05 83 e1 07 41 8b 14 89 8b c2 41 0b c0
0x000007fee4c2c227:   41 89 04 89 41 85 d0 0f 85 6c ff ff ff ff 03 e9
0x000007fee4c2c237:   65 ff ff ff ff c7 3b 7d 28 0f 82 3a ff ff ff 4c
0x000007fee4c2c247:   8b 7c 24 60 4c 8b b4 24 90 00 00 00 48 8b b4 24
0x000007fee4c2c257:   88 00 00 00 48 8b 9c 24 80 00 00 00 c6 45 18 01
0x000007fee4c2c267:   48 83 c4 68 5f 5d c3 c6 41 18 01 48 83 c4 68 5f
0x000007fee4c2c277:   5d c3 cc cc cc cc cc cc cc 48 89 5c 24 10 48 89
0x000007fee4c2c287:   6c 24 18 56 41 54 41 55 41 56 41 57 48 83 ec 60
0x000007fee4c2c297:   8b ea 4c 8b f9 41 8b c0 48 8d 34 ad 00 00 00 00
0x000007fee4c2c2a7:   48 03 f5 48 8d 14 80 48 c1 e2 05 48 03 51 10 48
0x000007fee4c2c2b7:   c1 e6 05 48 03 71 10 48 8d 4c 24 20 e8 a8 64 00
0x000007fee4c2c2c7:   00 44 8b e5 48 89 bc 24 90 00 00 00 41 83 e4 1f
0x000007fee4c2c2d7:   4c 8d 2d 22 63 72 00 66 90 44 8b 44 24 20 45 85 


Stack slot to memory mapping:
stack at sp + 0 slots: 0x000000002a22fd70 points into unknown readable memory: 02 00 00 00 00 00 00 00
stack at sp + 1 slots: 0x0000000027b2b710 is pointing into the stack for thread: 0x0000000027146000
stack at sp + 2 slots: 0x00000000000001a8 is an unknown value
stack at sp + 3 slots: 0x000007fee515a120 jvm.dll
stack at sp + 4 slots: 0x00009da600000010 is an unknown value
stack at sp + 5 slots: 0x0000000000000006 is an unknown value
stack at sp + 6 slots: 0x0000000027b7ae00 points into unknown readable memory: 00 00 00 00 00 00 00 00
stack at sp + 7 slots: 0x000000000000009e is an unknown value


---------------  P R O C E S S  ---------------

Threads class SMR info:
_java_thread_list=0x0000000026a143c0, length=14, elements={
0x000000000041c000, 0x0000000021f94000, 0x0000000021fa0800, 0x0000000021fb3000,
0x0000000021fb4000, 0x0000000021fb6800, 0x0000000021fc5800, 0x0000000022029800,
0x000000002125f000, 0x0000000022cad000, 0x0000000022cae000, 0x0000000022ce5000,
0x0000000023c22800, 0x0000000027146000
}

Java Threads: ( => current thread )
  0x000000000041c000 JavaThread "main" [_thread_blocked, id=6592, stack(0x0000000001dd0000,0x0000000001ed0000)]
  0x0000000021f94000 JavaThread "Reference Handler" daemon [_thread_blocked, id=7256, stack(0x0000000022380000,0x0000000022480000)]
  0x0000000021fa0800 JavaThread "Finalizer" daemon [_thread_blocked, id=7268, stack(0x00000000224a0000,0x00000000225a0000)]
  0x0000000021fb3000 JavaThread "Signal Dispatcher" daemon [_thread_blocked, id=4476, stack(0x0000000022640000,0x0000000022740000)]
  0x0000000021fb4000 JavaThread "Attach Listener" daemon [_thread_blocked, id=5592, stack(0x00000000227e0000,0x00000000228e0000)]
  0x0000000021fb6800 JavaThread "C2 CompilerThread0" daemon [_thread_in_native, id=9056, stack(0x00000000228f0000,0x00000000229f0000)]
  0x0000000021fc5800 JavaThread "C1 CompilerThread0" daemon [_thread_blocked, id=5760, stack(0x0000000021460000,0x0000000021560000)]
  0x0000000022029800 JavaThread "Sweeper thread" daemon [_thread_blocked, id=8796, stack(0x0000000022ad0000,0x0000000022bd0000)]
  0x000000002125f000 JavaThread "Common-Cleaner" daemon [_thread_blocked, id=8256, stack(0x0000000023150000,0x0000000023250000)]
  0x0000000022cad000 JavaThread "JDWP Transport Listener: dt_socket" daemon [_thread_blocked, id=2084, stack(0x0000000023290000,0x0000000023390000)]
  0x0000000022cae000 JavaThread "JDWP Event Helper Thread" daemon [_thread_blocked, id=8980, stack(0x00000000236a0000,0x00000000237a0000)]
  0x0000000022ce5000 JavaThread "JDWP Command Reader" daemon [_thread_in_native, id=8856, stack(0x00000000238d0000,0x00000000239d0000)]
  0x0000000023c22800 JavaThread "Service Thread" daemon [_thread_blocked, id=6956, stack(0x0000000024410000,0x0000000024510000)]
=>0x0000000027146000 JavaThread "C2 CompilerThread1" daemon [_thread_in_native, id=5884, stack(0x0000000027a30000,0x0000000027b30000)]

Other Threads:
  0x0000000021f92000 VMThread "VM Thread" [stack: 0x00000000221a0000,0x00000000222a0000] [id=7068]
  0x0000000023c45800 WatcherThread [stack: 0x0000000024620000,0x0000000024720000] [id=9212]
  0x000000000045f800 GCTaskThread "GC Thread#0" [stack: 0x000000001e950000,0x000000001ea50000] [id=8432]
  0x0000000023d6b000 GCTaskThread "GC Thread#1" [stack: 0x0000000024310000,0x0000000024410000] [id=8512]
  0x0000000023dc5800 GCTaskThread "GC Thread#2" [stack: 0x0000000024780000,0x0000000024880000] [id=8184]
  0x0000000024c27000 GCTaskThread "GC Thread#3" [stack: 0x0000000025cd0000,0x0000000025dd0000] [id=6416]
  0x0000000000470800 ConcurrentGCThread "G1 Main Marker" [stack: 0x000000001eb20000,0x000000001ec20000] [id=7344]
  0x0000000000471800 ConcurrentGCThread "G1 Conc#0" [stack: 0x000000001ed30000,0x000000001ee30000] [id=1300]
  0x00000000211cc000 ConcurrentGCThread "G1 Refine#0" [stack: 0x0000000021310000,0x0000000021410000] [id=3228]
  0x0000000022e70000 ConcurrentGCThread "G1 Refine#1" [stack: 0x0000000024910000,0x0000000024a10000] [id=8208]
  0x00000000211d0000 ConcurrentGCThread "G1 Young RemSet Sampling" [stack: 0x00000000215a0000,0x00000000216a0000] [id=3512]

Threads with active compile tasks:
C2 CompilerThread0     7766 2959   !   4       jdk.internal.loader.BuiltinClassLoader::loadClassOrNull (143 bytes)
C2 CompilerThread1     7766 3031       4       org.springframework.core.ResolvableType::forType (115 bytes)

VM state:not at safepoint (normal execution)

VM Mutex/Monitor currently owned by a thread: None

Heap address: 0x0000000083200000, size: 1998 MB, Compressed Oops mode: 32-bit
Narrow klass base: 0x0000000800000000, Narrow klass shift: 3
Compressed class space size: 1073741824 Address: 0x0000000800b40000

Heap:
 garbage-first heap   total 45056K, used 27434K [0x0000000083200000, 0x0000000100000000)
  region size 1024K, 22 young (22528K), 6 survivors (6144K)
 Metaspace       used 22459K, capacity 23112K, committed 23344K, reserved 1069056K
  class space    used 2693K, capacity 2927K, committed 2944K, reserved 1048576K
Heap Regions: E=young(eden), S=young(survivor), O=old, HS=humongous(starts), HC=humongous(continues), CS=collection set, F=free, A=archive, TAMS=top-at-mark-start (previous, next)
|   0|0x0000000083200000, 0x0000000083300000, 0x0000000083300000|100%|HS|  |TAMS 0x0000000083300000, 0x0000000083200000| Complete 
|   1|0x0000000083300000, 0x0000000083400000, 0x0000000083400000|100%| O|  |TAMS 0x0000000083400000, 0x0000000083300000| Untracked 
|   2|0x0000000083400000, 0x0000000083500000, 0x0000000083500000|100%| O|  |TAMS 0x0000000083500000, 0x0000000083400000| Untracked 
|   3|0x0000000083500000, 0x0000000083600000, 0x0000000083600000|100%| O|  |TAMS 0x0000000083600000, 0x0000000083500000| Untracked 
|   4|0x0000000083600000, 0x0000000083700000, 0x0000000083700000|100%| O|  |TAMS 0x0000000083700000, 0x0000000083600000| Untracked 
|   5|0x0000000083700000, 0x0000000083800000, 0x0000000083800000|100%| O|  |TAMS 0x0000000083800000, 0x0000000083700000| Untracked 
|   6|0x0000000083800000, 0x000000008386f000, 0x0000000083900000| 43%| O|  |TAMS 0x000000008386f000, 0x0000000083800000| Untracked 
|   7|0x0000000083900000, 0x0000000083900000, 0x0000000083a00000|  0%| F|  |TAMS 0x0000000083900000, 0x0000000083900000| Untracked 
|   8|0x0000000083a00000, 0x0000000083a00000, 0x0000000083b00000|  0%| F|  |TAMS 0x0000000083a00000, 0x0000000083a00000| Untracked 
|   9|0x0000000083b00000, 0x0000000083b00000, 0x0000000083c00000|  0%| F|  |TAMS 0x0000000083b00000, 0x0000000083b00000| Untracked 
|  10|0x0000000083c00000, 0x0000000083c00000, 0x0000000083d00000|  0%| F|  |TAMS 0x0000000083c00000, 0x0000000083c00000| Untracked 
|  11|0x0000000083d00000, 0x0000000083d00000, 0x0000000083e00000|  0%| F|  |TAMS 0x0000000083d00000, 0x0000000083d00000| Untracked 
|  12|0x0000000083e00000, 0x0000000083e00000, 0x0000000083f00000|  0%| F|  |TAMS 0x0000000083e00000, 0x0000000083e00000| Untracked 
|  13|0x0000000083f00000, 0x0000000083f00000, 0x0000000084000000|  0%| F|  |TAMS 0x0000000083f00000, 0x0000000083f00000| Untracked 
|  14|0x0000000084000000, 0x0000000084000000, 0x0000000084100000|  0%| F|  |TAMS 0x0000000084000000, 0x0000000084000000| Untracked 
|  15|0x0000000084100000, 0x0000000084100000, 0x0000000084200000|  0%| F|  |TAMS 0x0000000084100000, 0x0000000084100000| Untracked 
|  16|0x0000000084200000, 0x0000000084200000, 0x0000000084300000|  0%| F|  |TAMS 0x0000000084200000, 0x0000000084200000| Untracked 
|  17|0x0000000084300000, 0x0000000084300000, 0x0000000084400000|  0%| F|  |TAMS 0x0000000084300000, 0x0000000084300000| Untracked 
|  18|0x0000000084400000, 0x0000000084400000, 0x0000000084500000|  0%| F|  |TAMS 0x0000000084400000, 0x0000000084400000| Untracked 
|  19|0x0000000084500000, 0x0000000084500000, 0x0000000084600000|  0%| F|  |TAMS 0x0000000084500000, 0x0000000084500000| Untracked 
|  20|0x0000000084600000, 0x0000000084600000, 0x0000000084700000|  0%| F|  |TAMS 0x0000000084600000, 0x0000000084600000| Untracked 
|  21|0x0000000084700000, 0x0000000084700000, 0x0000000084800000|  0%| F|  |TAMS 0x0000000084700000, 0x0000000084700000| Untracked 
|  22|0x0000000084800000, 0x0000000084880800, 0x0000000084900000| 50%| E|  |TAMS 0x0000000084800000, 0x0000000084800000| Complete 
|  23|0x0000000084900000, 0x0000000084a00000, 0x0000000084a00000|100%| E|CS|TAMS 0x0000000084900000, 0x0000000084900000| Complete 
|  24|0x0000000084a00000, 0x0000000084b00000, 0x0000000084b00000|100%| E|CS|TAMS 0x0000000084a00000, 0x0000000084a00000| Complete 
|  25|0x0000000084b00000, 0x0000000084c00000, 0x0000000084c00000|100%| E|CS|TAMS 0x0000000084b00000, 0x0000000084b00000| Complete 
|  26|0x0000000084c00000, 0x0000000084d00000, 0x0000000084d00000|100%| E|CS|TAMS 0x0000000084c00000, 0x0000000084c00000| Complete 
|  27|0x0000000084d00000, 0x0000000084e00000, 0x0000000084e00000|100%| E|CS|TAMS 0x0000000084d00000, 0x0000000084d00000| Complete 
|  28|0x0000000084e00000, 0x0000000084f00000, 0x0000000084f00000|100%| E|CS|TAMS 0x0000000084e00000, 0x0000000084e00000| Complete 
|  29|0x0000000084f00000, 0x0000000085000000, 0x0000000085000000|100%| E|CS|TAMS 0x0000000084f00000, 0x0000000084f00000| Complete 
|  30|0x0000000085000000, 0x0000000085100000, 0x0000000085100000|100%| E|CS|TAMS 0x0000000085000000, 0x0000000085000000| Complete 
|  31|0x0000000085100000, 0x0000000085200000, 0x0000000085200000|100%| E|CS|TAMS 0x0000000085100000, 0x0000000085100000| Complete 
|  32|0x0000000085200000, 0x0000000085300000, 0x0000000085300000|100%| E|CS|TAMS 0x0000000085200000, 0x0000000085200000| Complete 
|  33|0x0000000085300000, 0x0000000085400000, 0x0000000085400000|100%| E|CS|TAMS 0x0000000085300000, 0x0000000085300000| Complete 
|  34|0x0000000085400000, 0x0000000085500000, 0x0000000085500000|100%| E|CS|TAMS 0x0000000085400000, 0x0000000085400000| Complete 
|  35|0x0000000085500000, 0x0000000085600000, 0x0000000085600000|100%| E|CS|TAMS 0x0000000085500000, 0x0000000085500000| Complete 
|  36|0x0000000085600000, 0x0000000085700000, 0x0000000085700000|100%| E|CS|TAMS 0x0000000085600000, 0x0000000085600000| Complete 
|  37|0x0000000085700000, 0x0000000085800000, 0x0000000085800000|100%| E|CS|TAMS 0x0000000085700000, 0x0000000085700000| Complete 
|  99|0x0000000089500000, 0x000000008955bbe0, 0x0000000089600000| 35%| S|CS|TAMS 0x0000000089500000, 0x0000000089500000| Complete 
| 100|0x0000000089600000, 0x0000000089700000, 0x0000000089700000|100%| S|CS|TAMS 0x0000000089600000, 0x0000000089600000| Complete 
| 101|0x0000000089700000, 0x0000000089800000, 0x0000000089800000|100%| S|CS|TAMS 0x0000000089700000, 0x0000000089700000| Complete 
| 102|0x0000000089800000, 0x0000000089900000, 0x0000000089900000|100%| S|CS|TAMS 0x0000000089800000, 0x0000000089800000| Complete 
| 103|0x0000000089900000, 0x0000000089a00000, 0x0000000089a00000|100%| S|CS|TAMS 0x0000000089900000, 0x0000000089900000| Complete 
| 104|0x0000000089a00000, 0x0000000089b00000, 0x0000000089b00000|100%| S|CS|TAMS 0x0000000089a00000, 0x0000000089a00000| Complete 

Card table byte_map: [0x000000001a240000,0x000000001a630000] _byte_map_base: 0x0000000019e27000

Marking Bits (Prev, Next): (CMBitMap*) 0x00000000004601a8, (CMBitMap*) 0x0000000000460168
 Prev Bits: [0x000000001c960000, 0x000000001e898000)
 Next Bits: [0x000000001aa20000, 0x000000001c958000)

Polling page: 0x0000000000110000

Metaspace:

Usage:
  Non-class:     19.71 MB capacity,    19.30 MB ( 98%) used,   346.02 KB (  2%) free+waste,    72.44 KB ( <1%) overhead. 
      Class:      2.86 MB capacity,     2.63 MB ( 92%) used,   199.53 KB (  7%) free+waste,    34.25 KB (  1%) overhead. 
       Both:     22.57 MB capacity,    21.93 MB ( 97%) used,   545.55 KB (  2%) free+waste,   106.69 KB ( <1%) overhead. 

Virtual space:
  Non-class space:       20.00 MB reserved,      19.92 MB (>99%) committed 
      Class space:        1.00 GB reserved,       2.88 MB ( <1%) committed 
             Both:        1.02 GB reserved,      22.80 MB (  2%) committed 

Chunk freelists:
   Non-Class:  39.00 KB
       Class:  17.00 KB
        Both:  56.00 KB

MaxMetaspaceSize: 17179869184.00 GB
CompressedClassSpaceSize: 1.00 GB

CodeHeap 'non-profiled nmethods': size=120064Kb used=1521Kb max_used=1521Kb free=118542Kb
 bounds [0x00000000123e0000, 0x0000000012650000, 0x0000000019920000]
CodeHeap 'profiled nmethods': size=120000Kb used=7379Kb max_used=7379Kb free=112620Kb
 bounds [0x000000000aeb0000, 0x000000000b5f0000, 0x00000000123e0000]
CodeHeap 'non-nmethods': size=5696Kb used=1290Kb max_used=1344Kb free=4406Kb
 bounds [0x000000000a920000, 0x000000000ab90000, 0x000000000aeb0000]
 total_blobs=4685 nmethods=3058 adapters=380
 compilation: enabled
              stopped_count=0, restarted_count=0
 full_count=0

Compilation events (20 events):
Event: 7.488 Thread 0x0000000021fc5800 3203       3       org.springframework.context.support.PropertySourcesPlaceholderConfigurer::lambda$processProperties$0 (54 bytes)
Event: 7.488 Thread 0x0000000021fc5800 nmethod 3203 0x000000000b5de090 code [0x000000000b5de2a0, 0x000000000b5de950]
Event: 7.488 Thread 0x0000000021fc5800 3194       3       org.springframework.core.env.AbstractPropertyResolver::doResolvePlaceholders (12 bytes)
Event: 7.489 Thread 0x0000000021fc5800 nmethod 3194 0x000000000b5deb90 code [0x000000000b5dedc0, 0x000000000b5df560]
Event: 7.489 Thread 0x0000000021fc5800 3195       3       org.springframework.core.env.AbstractPropertyResolver$$Lambda$162/0x0000000800c93840::get$Lambda (9 bytes)
Event: 7.489 Thread 0x0000000021fc5800 nmethod 3195 0x000000000b5df890 code [0x000000000b5dfa40, 0x000000000b5dfcf8]
Event: 7.489 Thread 0x0000000021fc5800 3201       3       org.springframework.context.support.PropertySourcesPlaceholderConfigurer$$Lambda$370/0x0000000800defc40::resolveStringValue (13 bytes)
Event: 7.490 Thread 0x0000000021fc5800 nmethod 3201 0x000000000b5dfe10 code [0x000000000b5dffc0, 0x000000000b5e0190]
Event: 7.490 Thread 0x0000000021fc5800 3200       3       org.springframework.beans.factory.config.BeanDefinitionVisitor::resolveStringValue (42 bytes)
Event: 7.490 Thread 0x0000000021fc5800 nmethod 3200 0x000000000b5e0290 code [0x000000000b5e0480, 0x000000000b5e08b0]
Event: 7.490 Thread 0x0000000021fc5800 3202       1       org.springframework.beans.PropertyValue::getValue (5 bytes)
Event: 7.490 Thread 0x0000000021fc5800 nmethod 3202 0x000000001255b490 code [0x000000001255b620, 0x000000001255b758]
Event: 7.494 Thread 0x0000000021fc5800 3205       3       java.lang.Class::getDeclaredConstructors (27 bytes)
Event: 7.495 Thread 0x0000000021fc5800 nmethod 3205 0x000000000b5e0a10 code [0x000000000b5e0c00, 0x000000000b5e0fa0]
Event: 7.499 Thread 0x0000000021fc5800 3206       3       org.springframework.core.annotation.AnnotationsScanner::processClass (123 bytes)
Event: 7.501 Thread 0x0000000021fc5800 nmethod 3206 0x000000000b5e1110 code [0x000000000b5e1400, 0x000000000b5e24d0]
Event: 7.501 Thread 0x0000000021fc5800 3208       3       org.springframework.core.annotation.TypeMappedAnnotations$IsPresent::doWithAnnotations (183 bytes)
Event: 7.503 Thread 0x0000000021fc5800 nmethod 3208 0x000000000b5e2a90 code [0x000000000b5e2d60, 0x000000000b5e3dc0]
Event: 7.504 Thread 0x0000000021fc5800 3211       3       org.springframework.core.annotation.AnnotationsScanner::process (49 bytes)
Event: 7.505 Thread 0x0000000021fc5800 nmethod 3211 0x000000000b5e4490 code [0x000000000b5e4680, 0x000000000b5e4d70]

GC Heap History (14 events):
Event: 1.918 GC heap before
{Heap before GC invocations=0 (full 0):
 garbage-first heap   total 129024K, used 15360K [0x0000000083200000, 0x0000000100000000)
  region size 1024K, 14 young (14336K), 0 survivors (0K)
 Metaspace       used 3923K, capacity 5469K, committed 5760K, reserved 1056768K
  class space    used 387K, capacity 523K, committed 640K, reserved 1048576K
}
Event: 1.929 GC heap after
{Heap after GC invocations=1 (full 0):
 garbage-first heap   total 129024K, used 6502K [0x0000000083200000, 0x0000000100000000)
  region size 1024K, 2 young (2048K), 2 survivors (2048K)
 Metaspace       used 3923K, capacity 5469K, committed 5760K, reserved 1056768K
  class space    used 387K, capacity 523K, committed 640K, reserved 1048576K
}
Event: 2.239 GC heap before
{Heap before GC invocations=1 (full 0):
 garbage-first heap   total 129024K, used 15718K [0x0000000083200000, 0x0000000100000000)
  region size 1024K, 11 young (11264K), 2 survivors (2048K)
 Metaspace       used 5758K, capacity 6655K, committed 6912K, reserved 1056768K
  class space    used 603K, capacity 687K, committed 768K, reserved 1048576K
}
Event: 2.244 GC heap after
{Heap after GC invocations=2 (full 0):
 garbage-first heap   total 129024K, used 7047K [0x0000000083200000, 0x0000000100000000)
  region size 1024K, 1 young (1024K), 1 survivors (1024K)
 Metaspace       used 5758K, capacity 6655K, committed 6912K, reserved 1056768K
  class space    used 603K, capacity 687K, committed 768K, reserved 1048576K
}
Event: 2.724 GC heap before
{Heap before GC invocations=2 (full 0):
 garbage-first heap   total 129024K, used 32647K [0x0000000083200000, 0x0000000100000000)
  region size 1024K, 27 young (27648K), 1 survivors (1024K)
 Metaspace       used 10569K, capacity 10939K, committed 11008K, reserved 1058816K
  class space    used 1156K, capacity 1273K, committed 1280K, reserved 1048576K
}
Event: 2.728 GC heap after
{Heap after GC invocations=3 (full 0):
 garbage-first heap   total 129024K, used 8014K [0x0000000083200000, 0x0000000100000000)
  region size 1024K, 2 young (2048K), 2 survivors (2048K)
 Metaspace       used 10569K, capacity 10939K, committed 11008K, reserved 1058816K
  class space    used 1156K, capacity 1273K, committed 1280K, reserved 1048576K
}
Event: 3.983 GC heap before
{Heap before GC invocations=3 (full 0):
 garbage-first heap   total 129024K, used 51022K [0x0000000083200000, 0x0000000100000000)
  region size 1024K, 44 young (45056K), 2 survivors (2048K)
 Metaspace       used 16372K, capacity 16879K, committed 17024K, reserved 1064960K
  class space    used 1944K, capacity 2124K, committed 2176K, reserved 1048576K
}
Event: 3.996 GC heap after
{Heap after GC invocations=4 (full 0):
 garbage-first heap   total 129024K, used 9595K [0x0000000083200000, 0x0000000100000000)
  region size 1024K, 3 young (3072K), 3 survivors (3072K)
 Metaspace       used 16372K, capacity 16879K, committed 17024K, reserved 1064960K
  class space    used 1944K, capacity 2124K, committed 2176K, reserved 1048576K
}
Event: 4.860 GC heap before
{Heap before GC invocations=4 (full 0):
 garbage-first heap   total 129024K, used 72059K [0x0000000083200000, 0x0000000100000000)
  region size 1024K, 65 young (66560K), 3 survivors (3072K)
 Metaspace       used 17526K, capacity 18067K, committed 18176K, reserved 1064960K
  class space    used 2049K, capacity 2241K, committed 2304K, reserved 1048576K
}
Event: 4.869 GC heap after
{Heap after GC invocations=5 (full 0):
 garbage-first heap   total 129024K, used 11053K [0x0000000083200000, 0x0000000100000000)
  region size 1024K, 5 young (5120K), 5 survivors (5120K)
 Metaspace       used 17526K, capacity 18067K, committed 18176K, reserved 1064960K
  class space    used 2049K, capacity 2241K, committed 2304K, reserved 1048576K
}
Event: 5.957 GC heap before
{Heap before GC invocations=5 (full 0):
 garbage-first heap   total 129024K, used 80685K [0x0000000083200000, 0x0000000100000000)
  region size 1024K, 73 young (74752K), 5 survivors (5120K)
 Metaspace       used 18732K, capacity 19299K, committed 19584K, reserved 1067008K
  class space    used 2194K, capacity 2388K, committed 2432K, reserved 1048576K
}
Event: 5.975 GC heap after
{Heap after GC invocations=6 (full 0):
 garbage-first heap   total 129024K, used 11708K [0x0000000083200000, 0x0000000100000000)
  region size 1024K, 5 young (5120K), 5 survivors (5120K)
 Metaspace       used 18732K, capacity 19299K, committed 19584K, reserved 1067008K
  class space    used 2194K, capacity 2388K, committed 2432K, reserved 1048576K
}
Event: 6.657 GC heap before
{Heap before GC invocations=6 (full 0):
 garbage-first heap   total 129024K, used 32188K [0x0000000083200000, 0x0000000100000000)
  region size 1024K, 26 young (26624K), 5 survivors (5120K)
 Metaspace       used 20641K, capacity 21237K, committed 21296K, reserved 1069056K
  class space    used 2446K, capacity 2667K, committed 2688K, reserved 1048576K
}
Event: 6.681 GC heap after
{Heap after GC invocations=7 (full 0):
 garbage-first heap   total 155648K, used 12074K [0x0000000083200000, 0x0000000100000000)
  region size 1024K, 6 young (6144K), 6 survivors (6144K)
 Metaspace       used 20641K, capacity 21237K, committed 21296K, reserved 1069056K
  class space    used 2446K, capacity 2667K, committed 2688K, reserved 1048576K
}

Deoptimization events (20 events):
Event: 7.406 Thread 0x000000000041c000 DEOPT PACKING pc=0x00000000124d82c4 sp=0x0000000001ece020
Event: 7.406 Thread 0x000000000041c000 DEOPT UNPACKING pc=0x000000000a969429 sp=0x0000000001ecdfb8 mode 2
Event: 7.409 Thread 0x000000000041c000 DEOPT PACKING pc=0x000000000b2dcb24 sp=0x0000000001ece370
Event: 7.409 Thread 0x000000000041c000 DEOPT UNPACKING pc=0x000000000a96993f sp=0x0000000001ecd838 mode 1
Event: 7.420 Thread 0x000000000041c000 DEOPT PACKING pc=0x000000000b2dcb24 sp=0x0000000001ece370
Event: 7.420 Thread 0x000000000041c000 DEOPT UNPACKING pc=0x000000000a96993f sp=0x0000000001ecd838 mode 1
Event: 7.439 Thread 0x000000000041c000 DEOPT PACKING pc=0x000000000b2dcb24 sp=0x0000000001ece370
Event: 7.439 Thread 0x000000000041c000 DEOPT UNPACKING pc=0x000000000a96993f sp=0x0000000001ecd838 mode 1
Event: 7.446 Thread 0x000000000041c000 DEOPT PACKING pc=0x000000000b2dcb24 sp=0x0000000001ece370
Event: 7.446 Thread 0x000000000041c000 DEOPT UNPACKING pc=0x000000000a96993f sp=0x0000000001ecd838 mode 1
Event: 7.463 Thread 0x000000000041c000 DEOPT PACKING pc=0x000000000b2dcb24 sp=0x0000000001ece370
Event: 7.463 Thread 0x000000000041c000 DEOPT UNPACKING pc=0x000000000a96993f sp=0x0000000001ecd838 mode 1
Event: 7.465 Thread 0x000000000041c000 Uncommon trap: trap_request=0xffffff45 fr.pc=0x000000001253a9ec relative=0x000000000000022c
Event: 7.465 Thread 0x000000000041c000 Uncommon trap: reason=unstable_if action=reinterpret pc=0x000000001253a9ec method=org.springframework.beans.factory.support.AbstractAutowireCapableBeanFactory.predictBeanType(Ljava/lang/String;Lorg/springframework/beans/factory/support/RootBeanDefinition;
Event: 7.465 Thread 0x000000000041c000 DEOPT PACKING pc=0x000000001253a9ec sp=0x0000000001ece890
Event: 7.465 Thread 0x000000000041c000 DEOPT UNPACKING pc=0x000000000a969429 sp=0x0000000001ece840 mode 2
Event: 7.473 Thread 0x000000000041c000 DEOPT PACKING pc=0x000000000b57d27c sp=0x0000000001ece230
Event: 7.473 Thread 0x000000000041c000 DEOPT UNPACKING pc=0x000000000a96993f sp=0x0000000001ecd7a8 mode 1
Event: 7.475 Thread 0x000000000041c000 DEOPT PACKING pc=0x000000000b57d27c sp=0x0000000001ece230
Event: 7.475 Thread 0x000000000041c000 DEOPT UNPACKING pc=0x000000000a96993f sp=0x0000000001ecd7a8 mode 1

Classes unloaded (0 events):
No events

Classes redefined (0 events):
No events

Internal exceptions (20 events):
Event: 3.111 Thread 0x000000000041c000 Exception <a 'java/lang/NoSuchMethodError'{0x0000000089de41e0}: 'org.slf4j.impl.StaticMDCBinder org.slf4j.impl.StaticMDCBinder.getSingleton()'> (0x0000000089de41e0) 
thrown [t:/workspace/open/src/hotspot/share/interpreter/linkResolver.cpp, line 767]
Event: 3.118 Thread 0x000000000041c000 Implicit null exception at 0x0000000012430a63 to 0x0000000012430cca
Event: 3.377 Thread 0x000000000041c000 Exception <a 'java/lang/ClassNotFoundException'{0x00000000896501f0}: java/lang/ObjectCustomizer> (0x00000000896501f0) 
thrown [t:/workspace/open/src/hotspot/share/classfile/systemDictionary.cpp, line 232]
Event: 3.382 Thread 0x000000000041c000 Exception <a 'java/lang/IncompatibleClassChangeError'{0x0000000089655058}: Found class java.lang.Object, but interface was expected> (0x0000000089655058) 
thrown [t:/workspace/open/src/hotspot/share/interpreter/linkResolver.cpp, line 833]
Event: 3.397 Thread 0x000000000041c000 Exception <a 'java/lang/ClassNotFoundException'{0x000000008968df48}: org/springframework/context/annotation/ConfigurationClassPostProcessorCustomizer> (0x000000008968df48) 
thrown [t:/workspace/open/src/hotspot/share/classfile/systemDictionary.cpp, line 232]
Event: 3.425 Thread 0x000000000041c000 Exception <a 'java/lang/ClassNotFoundException'{0x0000000089508c90}: org/springframework/beans/factory/support/BeanDefinitionRegistryPostProcessorCustomizer> (0x0000000089508c90) 
thrown [t:/workspace/open/src/hotspot/share/classfile/systemDictionary.cpp, line 232]
Event: 3.426 Thread 0x000000000041c000 Exception <a 'java/lang/ClassNotFoundException'{0x000000008951aa50}: org/springframework/beans/factory/config/BeanFactoryPostProcessorCustomizer> (0x000000008951aa50) 
thrown [t:/workspace/open/src/hotspot/share/classfile/systemDictionary.cpp, line 232]
Event: 3.427 Thread 0x000000000041c000 Exception <a 'java/lang/ClassNotFoundException'{0x0000000089529678}: org/springframework/core/PriorityOrderedCustomizer> (0x0000000089529678) 
thrown [t:/workspace/open/src/hotspot/share/classfile/systemDictionary.cpp, line 232]
Event: 3.428 Thread 0x000000000041c000 Exception <a 'java/lang/ClassNotFoundException'{0x00000000895360a0}: org/springframework/core/OrderedCustomizer> (0x00000000895360a0) 
thrown [t:/workspace/open/src/hotspot/share/classfile/systemDictionary.cpp, line 232]
Event: 3.430 Thread 0x000000000041c000 Exception <a 'java/lang/ClassNotFoundException'{0x00000000895454d0}: org/springframework/context/ResourceLoaderAwareCustomizer> (0x00000000895454d0) 
thrown [t:/workspace/open/src/hotspot/share/classfile/systemDictionary.cpp, line 232]
Event: 3.433 Thread 0x000000000041c000 Exception <a 'java/lang/ClassNotFoundException'{0x0000000089553be8}: org/springframework/beans/factory/AwareCustomizer> (0x0000000089553be8) 
thrown [t:/workspace/open/src/hotspot/share/classfile/systemDictionary.cpp, line 232]
Event: 3.434 Thread 0x000000000041c000 Exception <a 'java/lang/ClassNotFoundException'{0x0000000089563070}: org/springframework/beans/factory/BeanClassLoaderAwareCustomizer> (0x0000000089563070) 
thrown [t:/workspace/open/src/hotspot/share/classfile/systemDictionary.cpp, line 232]
Event: 3.437 Thread 0x000000000041c000 Exception <a 'java/lang/ClassNotFoundException'{0x00000000895717a0}: org/springframework/beans/factory/AwareCustomizer> (0x00000000895717a0) 
thrown [t:/workspace/open/src/hotspot/share/classfile/systemDictionary.cpp, line 232]
Event: 3.438 Thread 0x000000000041c000 Exception <a 'java/lang/ClassNotFoundException'{0x000000008957fa78}: org/springframework/context/EnvironmentAwareCustomizer> (0x000000008957fa78) 
thrown [t:/workspace/open/src/hotspot/share/classfile/systemDictionary.cpp, line 232]
Event: 3.439 Thread 0x000000000041c000 Exception <a 'java/lang/ClassNotFoundException'{0x000000008958e368}: org/springframework/beans/factory/AwareCustomizer> (0x000000008958e368) 
thrown [t:/workspace/open/src/hotspot/share/classfile/systemDictionary.cpp, line 232]
Event: 3.737 Thread 0x000000000041c000 Exception <a 'java/lang/NoSuchMethodError'{0x0000000088c40ae8}: 'void java.lang.invoke.DirectMethodHandle$Holder.invokeInterface(java.lang.Object, java.lang.Object, java.lang.Object, java.lang.Object)'> (0x0000000088c40ae8) 
thrown [t:/workspace/open/src/hotspot/share/interpreter/linkResolver.cpp, line 767]
Event: 4.577 Thread 0x000000000041c000 Exception <a 'java/lang/NoSuchMethodError'{0x000000008a1dae90}: 'int java.lang.invoke.DirectMethodHandle$Holder.invokeSpecialIFC(java.lang.Object, java.lang.Object, java.lang.Object, java.lang.Object)'> (0x000000008a1dae90) 
thrown [t:/workspace/open/src/hotspot/share/interpreter/linkResolver.cpp, line 767]
Event: 4.740 Thread 0x000000000041c000 Exception <a 'java/lang/IncompatibleClassChangeError'{0x00000000874deb00}: Found class java.lang.Object, but interface was expected> (0x00000000874deb00) 
thrown [t:/workspace/open/src/hotspot/share/interpreter/linkResolver.cpp, line 833]
Event: 6.725 Thread 0x000000000041c000 Exception <a 'java/lang/NoSuchMethodError'{0x00000000857076f0}: 'java.lang.Object java.lang.invoke.DirectMethodHandle$Holder.invokeStatic(java.lang.Object, java.lang.Object, java.lang.Object, java.lang.Object, int)'> (0x00000000857076f0) 
thrown [t:/workspace/open/src/hotspot/share/interpreter/linkResolver.cpp, line 767]
Event: 6.820 Thread 0x000000000041c000 Exception <a 'java/lang/NoSuchMethodError'{0x00000000856863a0}: 'java.lang.Object java.lang.invoke.DirectMethodHandle$Holder.invokeSpecialIFC(java.lang.Object, java.lang.Object, java.lang.Object, java.lang.Object)'> (0x00000000856863a0) 
thrown [t:/workspace/open/src/hotspot/share/interpreter/linkResolver.cpp, line 767]

Events (20 events):
Event: 7.492 loading class org/springframework/beans/factory/support/AutowireCandidateQualifier
Event: 7.492 loading class org/springframework/beans/factory/support/AutowireCandidateQualifier done
Event: 7.493 loading class org/springframework/boot/context/properties/ConfigurationPropertiesValueObjectBeanDefinition
Event: 7.493 loading class org/springframework/boot/context/properties/ConfigurationPropertiesValueObjectBeanDefinition done
Event: 7.495 loading class org/springframework/beans/factory/support/MethodOverride
Event: 7.495 loading class org/springframework/beans/factory/support/MethodOverride done
Event: 7.496 loading class org/springframework/beans/factory/support/LookupOverride
Event: 7.496 loading class org/springframework/beans/factory/support/LookupOverride done
Event: 7.497 loading class org/springframework/beans/factory/annotation/InitDestroyAnnotationBeanPostProcessor$LifecycleMetadata
Event: 7.497 loading class org/springframework/beans/factory/annotation/InitDestroyAnnotationBeanPostProcessor$LifecycleMetadata done
Event: 7.498 loading class org/springframework/beans/factory/annotation/InitDestroyAnnotationBeanPostProcessor$1
Event: 7.498 loading class org/springframework/beans/factory/annotation/InitDestroyAnnotationBeanPostProcessor$1 done
Event: 7.505 loading class com/example/exceptions/LoginException
Event: 7.505 loading class com/example/exceptions/LoginException done
Event: 7.506 loading class com/example/exceptions/AddCompanyException
Event: 7.506 loading class com/example/exceptions/AddCompanyException done
Event: 7.507 loading class com/example/exceptions/EmailTakenException
Event: 7.507 loading class com/example/exceptions/EmailTakenException done
Event: 7.509 Executing VM operation: ChangeBreakpoints
Event: 7.511 Executing VM operation: ChangeBreakpoints done


Dynamic libraries:
0x000000013f060000 - 0x000000013f06f000 	C:\Program Files\Java\jdk-13.0.1\bin\javaw.exe
0x00000000777d0000 - 0x000000007797a000 	C:\Windows\SYSTEM32\ntdll.dll
0x000007feeb970000 - 0x000007feeb983000 	C:\Program Files (x86)\AVG\Antivirus\aswhook.dll
0x00000000775b0000 - 0x00000000776cf000 	C:\Windows\system32\kernel32.dll
0x000007fefd6c0000 - 0x000007fefd72a000 	C:\Windows\system32\KERNELBASE.dll
0x000007fee5a60000 - 0x000007fee5a78000 	C:\Program Files\Java\jdk-13.0.1\bin\jli.dll
0x000007fefeb30000 - 0x000007fefec0b000 	C:\Windows\system32\ADVAPI32.dll
0x000007feff310000 - 0x000007feff3af000 	C:\Windows\system32\msvcrt.dll
0x000007fefece0000 - 0x000007fefecff000 	C:\Windows\SYSTEM32\sechost.dll
0x000007fefee90000 - 0x000007fefefbd000 	C:\Windows\system32\RPCRT4.dll
0x000007fefbac0000 - 0x000007fefbcb4000 	C:\Windows\WinSxS\amd64_microsoft.windows.common-controls_6595b64144ccf1df_6.0.7601.18837_none_fa3b1e3d17594757\COMCTL32.dll
0x000007feff2a0000 - 0x000007feff307000 	C:\Windows\system32\GDI32.dll
0x00000000776d0000 - 0x00000000777ca000 	C:\Windows\system32\USER32.dll
0x000007fefed80000 - 0x000007fefed8e000 	C:\Windows\system32\LPK.dll
0x000007fefec10000 - 0x000007fefecdb000 	C:\Windows\system32\USP10.dll
0x000007fefda60000 - 0x000007fefdad1000 	C:\Windows\system32\SHLWAPI.dll
0x000007fefc550000 - 0x000007fefc55c000 	C:\Windows\system32\VERSION.dll
0x000007fee5a80000 - 0x000007fee5a95000 	C:\Program Files\Java\jdk-13.0.1\bin\VCRUNTIME140.dll
0x000007fee5450000 - 0x000007fee5454000 	C:\Program Files\Java\jdk-13.0.1\bin\api-ms-win-crt-runtime-l1-1-0.dll
0x000007fedc5d0000 - 0x000007fedc6cc000 	C:\Program Files\Java\jdk-13.0.1\bin\ucrtbase.DLL
0x000007feeb670000 - 0x000007feeb673000 	C:\Program Files\Java\jdk-13.0.1\bin\api-ms-win-core-localization-l1-2-0.dll
0x000007fedc7c0000 - 0x000007fedc7c3000 	C:\Program Files\Java\jdk-13.0.1\bin\api-ms-win-core-processthreads-l1-1-1.dll
0x000007fee5440000 - 0x000007fee5443000 	C:\Program Files\Java\jdk-13.0.1\bin\api-ms-win-core-file-l1-2-0.dll
0x000007fedc7b0000 - 0x000007fedc7b3000 	C:\Program Files\Java\jdk-13.0.1\bin\api-ms-win-core-timezone-l1-1-0.dll
0x000007fedc7a0000 - 0x000007fedc7a3000 	C:\Program Files\Java\jdk-13.0.1\bin\api-ms-win-core-file-l2-1-0.dll
0x000007fedc790000 - 0x000007fedc793000 	C:\Program Files\Java\jdk-13.0.1\bin\api-ms-win-core-synch-l1-2-0.dll
0x000007fedc780000 - 0x000007fedc783000 	C:\Program Files\Java\jdk-13.0.1\bin\api-ms-win-crt-heap-l1-1-0.dll
0x000007fedc770000 - 0x000007fedc774000 	C:\Program Files\Java\jdk-13.0.1\bin\api-ms-win-crt-string-l1-1-0.dll
0x000007fedc760000 - 0x000007fedc764000 	C:\Program Files\Java\jdk-13.0.1\bin\api-ms-win-crt-stdio-l1-1-0.dll
0x000007fedc750000 - 0x000007fedc754000 	C:\Program Files\Java\jdk-13.0.1\bin\api-ms-win-crt-convert-l1-1-0.dll
0x000007fedc740000 - 0x000007fedc743000 	C:\Program Files\Java\jdk-13.0.1\bin\api-ms-win-crt-environment-l1-1-0.dll
0x000007fedc730000 - 0x000007fedc733000 	C:\Program Files\Java\jdk-13.0.1\bin\api-ms-win-crt-filesystem-l1-1-0.dll
0x000007fedc720000 - 0x000007fedc725000 	C:\Program Files\Java\jdk-13.0.1\bin\api-ms-win-crt-math-l1-1-0.dll
0x000007fedc710000 - 0x000007fedc713000 	C:\Program Files\Java\jdk-13.0.1\bin\api-ms-win-crt-locale-l1-1-0.dll
0x000007feff6e0000 - 0x000007feff70e000 	C:\Windows\system32\IMM32.DLL
0x000007fefdae0000 - 0x000007fefdbe9000 	C:\Windows\system32\MSCTF.dll
0x000007fedc530000 - 0x000007fedc5cb000 	C:\Program Files\Java\jdk-13.0.1\bin\msvcp140.dll
0x000007fedc700000 - 0x000007fedc703000 	C:\Program Files\Java\jdk-13.0.1\bin\api-ms-win-crt-time-l1-1-0.dll
0x000007fedc6f0000 - 0x000007fedc6f3000 	C:\Program Files\Java\jdk-13.0.1\bin\api-ms-win-crt-utility-l1-1-0.dll
0x000007fee48d0000 - 0x000007fee5436000 	C:\Program Files\Java\jdk-13.0.1\bin\server\jvm.dll
0x000007fefa280000 - 0x000007fefa289000 	C:\Windows\system32\WSOCK32.dll
0x000007feff710000 - 0x000007feff75d000 	C:\Windows\system32\WS2_32.dll
0x000007fefefc0000 - 0x000007fefefc8000 	C:\Windows\system32\NSI.dll
0x000007fefb3e0000 - 0x000007fefb41b000 	C:\Windows\system32\WINMM.dll
0x00000000779a0000 - 0x00000000779a7000 	C:\Windows\system32\PSAPI.DLL
0x000007feea800000 - 0x000007feea810000 	C:\Program Files\Java\jdk-13.0.1\bin\verify.dll
0x000007fef8790000 - 0x000007fef88b5000 	C:\Windows\system32\DBGHELP.DLL
0x000007fee8520000 - 0x000007fee8546000 	C:\Program Files\Java\jdk-13.0.1\bin\java.dll
0x000007fefb0a0000 - 0x000007fefb0d8000 	C:\Program Files\Java\jdk-13.0.1\bin\jdwp.dll
0x000007fefb090000 - 0x000007fefb09e000 	C:\Program Files\Java\jdk-13.0.1\bin\instrument.dll
0x000007feea7e0000 - 0x000007feea7f7000 	C:\Program Files\Java\jdk-13.0.1\bin\zip.dll
0x000007fee8510000 - 0x000007fee851a000 	C:\Program Files\Java\jdk-13.0.1\bin\jimage.dll
0x000007fefdbf0000 - 0x000007fefe97a000 	C:\Windows\system32\SHELL32.dll
0x000007feff800000 - 0x000007feff9fc000 	C:\Windows\system32\ole32.dll
0x000007fefd4d0000 - 0x000007fefd4df000 	C:\Windows\system32\profapi.dll
0x000007fef5440000 - 0x000007fef544b000 	C:\Program Files\Java\jdk-13.0.1\bin\dt_socket.dll
0x000007fefcc90000 - 0x000007fefcce5000 	C:\Windows\system32\mswsock.dll
0x000007fefc620000 - 0x000007fefc627000 	C:\Windows\System32\wshtcpip.dll
0x000007fefcc80000 - 0x000007fefcc87000 	C:\Windows\System32\wship6.dll
0x000007fefcb10000 - 0x000007fefcb6b000 	C:\Windows\system32\DNSAPI.dll
0x000007fef3230000 - 0x000007fef325f000 	C:\Program Files\Common Files\Microsoft Shared\Windows Live\WLIDNSP.DLL
0x0000000074dc0000 - 0x0000000074de6000 	C:\Program Files\Bonjour\mdnsNSP.dll
0x000007fefae30000 - 0x000007fefae57000 	C:\Windows\system32\Iphlpapi.DLL
0x000007fefae20000 - 0x000007fefae2b000 	C:\Windows\system32\WINNSI.DLL
0x000007fef1400000 - 0x000007fef1408000 	C:\Windows\system32\rasadhlp.dll
0x000007fefad60000 - 0x000007fefadb3000 	C:\Windows\System32\fwpuclnt.dll
0x000007fee84f0000 - 0x000007fee8509000 	C:\Program Files\Java\jdk-13.0.1\bin\net.dll
0x000007fef8c90000 - 0x000007fef8d01000 	C:\Windows\system32\WINHTTP.dll
0x000007fef8c20000 - 0x000007fef8c85000 	C:\Windows\system32\webio.dll
0x000007fee84d0000 - 0x000007fee84e3000 	C:\Program Files\Java\jdk-13.0.1\bin\nio.dll
0x000007feeb680000 - 0x000007feeb689000 	C:\Program Files\Java\jdk-13.0.1\bin\management.dll
0x000007fedc6e0000 - 0x000007fedc6eb000 	C:\Program Files\Java\jdk-13.0.1\bin\management_ext.dll
0x000007fefb1e0000 - 0x000007fefb1f5000 	C:\Windows\system32\NLAapi.dll
0x000007fef43f0000 - 0x000007fef4405000 	C:\Windows\system32\napinsp.dll
0x000007fef43d0000 - 0x000007fef43e9000 	C:\Windows\system32\pnrpnsp.dll
0x000007fef43c0000 - 0x000007fef43d0000 	C:\Windows\system32\wshbth.dll
0x000007fef43b0000 - 0x000007fef43bb000 	C:\Windows\System32\winrnr.dll

dbghelp: loaded successfully - version: 4.0.5 - missing functions: none
symbol engine: initialized successfully - sym options: 0x614 - pdb path: .;C:\Program Files\Java\jdk-13.0.1\bin;C:\Windows\SYSTEM32;C:\Program Files (x86)\AVG\Antivirus;C:\Windows\WinSxS\amd64_microsoft.windows.common-controls_6595b64144ccf1df_6.0.7601.18837_none_fa3b1e3d17594757;C:\Program Files\Java\jdk-13.0.1\bin\server;C:\Program Files\Common Files\Microsoft Shared\Windows Live;C:\Program Files\Bonjour

VM Arguments:
jvm_args: -agentlib:jdwp=transport=dt_socket,suspend=y,address=localhost:57626 -javaagent:C:\Users\dell\eclipse\jee-2019-09\eclipse\configuration\org.eclipse.osgi\412\0\.cp\lib\javaagent-shaded.jar -Dfile.encoding=UTF-8 
java_command: com.example.CouponPhase3Application
java_class_path (initial): C:\Users\dell\eclipse-workspace\CouponPhase3\target\classes;C:\Users\dell\.m2\repository\org\springframework\boot\spring-boot-starter-data-jpa\2.3.1.RELEASE\spring-boot-starter-data-jpa-2.3.1.RELEASE.jar;C:\Users\dell\.m2\repository\org\springframework\boot\spring-boot-starter-jdbc\2.3.1.RELEASE\spring-boot-starter-jdbc-2.3.1.RELEASE.jar;C:\Users\dell\.m2\repository\com\zaxxer\HikariCP\3.4.5\HikariCP-3.4.5.jar;C:\Users\dell\.m2\repository\org\springframework\spring-jdbc\5.2.7.RELEASE\spring-jdbc-5.2.7.RELEASE.jar;C:\Users\dell\.m2\repository\jakarta\transaction\jakarta.transaction-api\1.3.3\jakarta.transaction-api-1.3.3.jar;C:\Users\dell\.m2\repository\jakarta\persistence\jakarta.persistence-api\2.2.3\jakarta.persistence-api-2.2.3.jar;C:\Users\dell\.m2\repository\org\hibernate\hibernate-core\5.4.17.Final\hibernate-core-5.4.17.Final.jar;C:\Users\dell\.m2\repository\org\jboss\logging\jboss-logging\3.4.1.Final\jboss-logging-3.4.1.Final.jar;C:\Users\dell\.m2\repository\org\javassist\javassist\3.24.0-GA\javassist-3.24.0-GA.jar;C:\Users\dell\.m2\repository\net\bytebuddy\byte-buddy\1.10.11\byte-buddy-1.10.11.jar;C:\Users\dell\.m2\repository\antlr\antlr\2.7.7\antlr-2.7.7.jar;C:\Users\dell\.m2\repository\org\jboss\jandex\2.1.3.Final\jandex-2.1.3.Final.jar;C:\Users\dell\.m2\repository\org\dom4j\dom4j\2.1.3\dom4j-2.1.3.jar;C:\Users\dell\.m2\repository\org\hibernate\common\hibernate-commons-annotations\5.1.0.Final\hibernate-commons-annotations-5.1.0.Final.jar;C:\Users\dell\.m2\repository\org\glassfish\jaxb\jaxb-runtime\2.3.3\jaxb-runtime-2.3.3.jar;C:\Users\dell\.m2\repository\org\glassfish\jaxb\txw2\2.3.3\txw2-2.3.3.jar;C:\Users\dell\.m2\repository\com\sun\istack\istack-commons-runtime\3.0.11\istack-commons-runtime-3.0.11.jar;C:\Users\dell\.m2\repository\com\sun\activation\jakarta.activation\1.2.2\jakarta.activation-1.2.2.jar;C:\Users\dell\.m2\repository\org\springframework\data\spring-data-jpa\2.3.1.RELEASE\spring-data-jpa-2.3.1.RELEASE.jar;C:\User
Launcher Type: SUN_STANDARD

[Global flags]
     intx CICompilerCount                          = 3                                         {product} {ergonomic}
     uint ConcGCThreads                            = 1                                         {product} {ergonomic}
     uint G1ConcRefinementThreads                  = 4                                         {product} {ergonomic}
   size_t G1HeapRegionSize                         = 1048576                                   {product} {ergonomic}
    uintx GCDrainStackTargetSize                   = 64                                        {product} {ergonomic}
   size_t InitialHeapSize                          = 132120576                                 {product} {ergonomic}
   size_t MarkStackSize                            = 4194304                                   {product} {ergonomic}
   size_t MaxHeapSize                              = 2095054848                                {product} {ergonomic}
   size_t MaxNewSize                               = 1256194048                                {product} {ergonomic}
   size_t MinHeapDeltaBytes                        = 1048576                                   {product} {ergonomic}
   size_t MinHeapSize                              = 8388608                                   {product} {ergonomic}
    uintx NonNMethodCodeHeapSize                   = 5830732                                {pd product} {ergonomic}
    uintx NonProfiledCodeHeapSize                  = 122913754                              {pd product} {ergonomic}
    uintx ProfiledCodeHeapSize                     = 122913754                              {pd product} {ergonomic}
    uintx ReservedCodeCacheSize                    = 251658240                              {pd product} {ergonomic}
     bool SegmentedCodeCache                       = true                                      {product} {ergonomic}
   size_t SoftMaxHeapSize                          = 2095054848                             {manageable} {ergonomic}
     bool UseCompressedClassPointers               = true                                 {lp64_product} {ergonomic}
     bool UseCompressedOops                        = true                                 {lp64_product} {ergonomic}
     bool UseG1GC                                  = true                                      {product} {ergonomic}
     bool UseLargePagesIndividualAllocation        = false                                  {pd product} {ergonomic}

Logging:
Log output configuration:
 #0: stdout all=warning uptime,level,tags
 #1: stderr all=off uptime,level,tags

Environment Variables:
PATH=C:/Program Files/Java/jdk-13.0.1/bin/server;C:/Program Files/Java/jdk-13.0.1/bin;C:\Program Files\Common Files\Microsoft Shared\Windows Live;C:\Program Files (x86)\Common Files\Microsoft Shared\Windows Live;C:\Windows\system32;C:\Windows;C:\Windows\System32\Wbem;C:\Windows\System32\WindowsPowerShell\v1.0\;C:\Program Files\Dell\DW WLAN Card;C:\Program Files\WIDCOMM\Bluetooth Software\;C:\Program Files\WIDCOMM\Bluetooth Software\syswow64;C:\Program Files (x86)\Windows Live\Shared;C:\Program Files\dotnet\;C:\Program Files\Microsoft SQL Server\130\Tools\Binn\;C:\Program Files\nodejs\;;C:\Users\dell\AppData\Local\Programs\Microsoft VS Code\bin;C:\Users\dell\AppData\Roaming\npm;C:\Windows\system32;
USERNAME=dell
OS=Windows_NT
PROCESSOR_IDENTIFIER=Intel64 Family 6 Model 37 Stepping 5, GenuineIntel



---------------  S Y S T E M  ---------------

OS: Windows 7 , 64 bit Build 7601 (6.1.7601.23915)

CPU:total 4 (initial active 4) (2 cores per cpu, 2 threads per core) family 6 model 37 stepping 5, cmov, cx8, fxsr, mmx, sse, sse2, sse3, ssse3, sse4.1, sse4.2, popcnt, ht, tsc, tscinvbit

Memory: 4k page, system-wide physical 7990M (1781M free)
TotalPageFile size 15979M (AvailPageFile size 9333M)
current process WorkingSet (physical memory assigned to process): 184M, peak: 184M
current process commit charge ("private bytes"): 242M, peak: 300M

vm_info: Java HotSpot(TM) 64-Bit Server VM (13.0.1+9) for windows-amd64 JRE (13.0.1+9), built on Oct  6 2019 12:37:49 by "mach5one" with unknown MS VC++:1916

END.
