#
# A fatal error has been detected by the Java Runtime Environment:
#
#  EXCEPTION_ACCESS_VIOLATION (0xc0000005) at pc=0x000007fecc0c2a38, pid=8776, tid=7644
#
# JRE version: Java(TM) SE Runtime Environment (13.0.1+9) (build 13.0.1+9)
# Java VM: Java HotSpot(TM) 64-Bit Server VM (13.0.1+9, mixed mode, sharing, tiered, compressed oops, g1 gc, windows-amd64)
# Problematic frame:
# V  [jvm.dll+0x362a38]
#
# No core dump will be written. Minidumps are not enabled by default on client versions of Windows
#
# If you would like to submit a bug report, please visit:
#   http://bugreport.java.com/bugreport/crash.jsp
#

---------------  S U M M A R Y ------------

Command Line: -Dfile.encoding=UTF-8 com.example.CouponPhase3Application

Host: Intel(R) Core(TM) i5 CPU       M 480  @ 2.67GHz, 4 cores, 7G,  Windows 7 , 64 bit Build 7601 (6.1.7601.23915)
Time: Thu Aug  6 13:54:14 2020 Jerusalem Daylight Time elapsed time: 8 seconds (0d 0h 0m 8s)

---------------  T H R E A D  ---------------

Current thread (0x0000000022a59800):  JavaThread "C2 CompilerThread1" daemon [_thread_in_native, id=7644, stack(0x0000000023470000,0x0000000023570000)]


Current CompileTask:
C2:   8961 4188   !   4       org.springframework.core.annotation.AnnotationsScanner::processClassHierarchy (236 bytes)

Stack: [0x0000000023470000,0x0000000023570000],  sp=0x000000002356bf98,  free space=1007k
Native frames: (J=compiled Java code, j=interpreted, Vv=VM code, C=native code)
V  [jvm.dll+0x362a38]


siginfo: EXCEPTION_ACCESS_VIOLATION (0xc0000005), writing address 0x0000000000000000


Register to memory mapping:

RIP=0x000007fecc0c2a38 api-ms-win-core-file-l1-2-0.dll
RAX=0x000000002356e9e0 is pointing into the stack for thread: 0x0000000022a59800
RBX=0x000000002356c190 is pointing into the stack for thread: 0x0000000022a59800
RCX=0x00000000291533c0 points into unknown readable memory: e0 33 15 29 00 00 00 00
RDX=0x000000002356f6f0 is pointing into the stack for thread: 0x0000000022a59800
RSP=0x000000002356bf98 is pointing into the stack for thread: 0x0000000022a59800
RBP=0x00000000000005db is an unknown value
RSI=0x00000000299f94c0 points into unknown readable memory: 00 01 00 00 00 00 00 00
RDI=0x0000000000000086 is an unknown value
R8 =0x0000000021d5ec88 points into unknown readable memory: 00 98 a5 22 00 00 00 00
R9 =0x0 is NULL
R10=0x0000000000000430 is an unknown value
R11=0x00000000299f94c0 points into unknown readable memory: 00 01 00 00 00 00 00 00
R12=0x0 is NULL
R13=0x0000000026f07e70 points into unknown readable memory: d0 eb 9b 29 00 00 00 00
R14=0x00000000000005db is an unknown value
R15=0x00000000229e5310 points into unknown readable memory: 06 00 00 00 00 00 00 00


Registers:
RAX=0x000000002356e9e0, RBX=0x000000002356c190, RCX=0x00000000291533c0, RDX=0x000000002356f6f0
RSP=0x000000002356bf98, RBP=0x00000000000005db, RSI=0x00000000299f94c0, RDI=0x0000000000000086
R8 =0x0000000021d5ec88, R9 =0x0000000000000000, R10=0x0000000000000430, R11=0x00000000299f94c0
R12=0x0000000000000000, R13=0x0000000026f07e70, R14=0x00000000000005db, R15=0x00000000229e5310
RIP=0x000007fecc0c2a38, EFLAGS=0x0000000000010206

Top of Stack: (sp=0x000000002356bf98)
0x000000002356bf98:   000007fecc28c136 000000002356c190
0x000000002356bfa8:   000000002356c190 000000002356c190
0x000000002356bfb8:   000000002356bff0 00000000000006e0
0x000000002356bfc8:   00000000229e5310 0000000026f07e70
0x000000002356bfd8:   0000000000302de0 0000000026f08200
0x000000002356bfe8:   0000000026f0fe58 000007fecc62cfd8
0x000000002356bff8:   00000000229e5310 0000000000000040
0x000000002356c008:   000000002944eef0 000000002356c120
0x000000002356c018:   0000000021d97bc0 0000000021d97bd0
0x000000002356c028:   00000000000003d8 0000000021d97fa8
0x000000002356c038:   0000000000000000 000000002356c5a0
0x000000002356c048:   000000002356c160 000000002356c4c0
0x000000002356c058:   000007fecbf01015 0000000000000000
0x000000002356c068:   0000000000000001 0000000026fd8548
0x000000002356c078:   00000000292ae708 000000000000d500
0x000000002356c088:   0000000000000000 0000000000000006 

Instructions: (pc=0x000007fecc0c2a38)
0x000007fecc0c2938:   89 41 18 41 89 51 08 e8 3c 12 e4 ff eb 92 cc cc
0x000007fecc0c2948:   cc cc cc cc cc cc cc cc 40 53 48 83 ec 20 8b 0d
0x000007fecc0c2958:   38 a8 76 00 65 48 8b 04 25 58 00 00 00 ba 08 00
0x000007fecc0c2968:   00 00 48 8b 04 c8 48 8b 0c 10 48 8b 81 a8 04 00
0x000007fecc0c2978:   00 48 8b 98 88 00 00 00 48 8b 83 a0 08 00 00 48
0x000007fecc0c2988:   85 c0 75 0c e8 df 09 00 00 48 8b 83 a0 08 00 00
0x000007fecc0c2998:   48 8b 08 48 89 8b a0 08 00 00 33 c9 48 89 08 48
0x000007fecc0c29a8:   89 48 08 48 89 48 10 48 89 48 18 48 83 c4 20 5b
0x000007fecc0c29b8:   c3 cc cc cc cc cc cc cc 48 89 5c 24 08 57 48 83
0x000007fecc0c29c8:   ec 20 8b da 48 8b f9 e8 7c ff ff ff 48 8b 4f 08
0x000007fecc0c29d8:   8b d3 48 8b 5c 24 30 48 c1 ea 08 48 89 04 d1 48
0x000007fecc0c29e8:   83 c4 20 5f c3 cc cc cc 4c 8b d9 8b c2 8b 15 99
0x000007fecc0c29f8:   a7 76 00 4c 8d 14 c5 00 00 00 00 48 8b 41 08 b9
0x000007fecc0c2a08:   08 00 00 00 4d 8b 0c 02 65 48 8b 04 25 58 00 00
0x000007fecc0c2a18:   00 4c 8b 04 d0 4c 03 c1 49 8b 00 48 8b 90 a8 04
0x000007fecc0c2a28:   00 00 48 8b 82 88 00 00 00 48 8b 88 a0 08 00 00
0x000007fecc0c2a38:   49 89 09 49 8b 00 48 8b 88 a8 04 00 00 48 8b 81
0x000007fecc0c2a48:   88 00 00 00 48 8d 0d ad fb 71 00 4c 89 88 a0 08
0x000007fecc0c2a58:   00 00 49 8b 43 08 49 89 0c 02 c3 cc cc cc cc cc
0x000007fecc0c2a68:   cc cc cc cc cc cc cc cc 48 89 5c 24 18 57 48 83
0x000007fecc0c2a78:   ec 20 81 c2 ff 00 00 00 33 db c1 ea 08 48 8b f9
0x000007fecc0c2a88:   89 19 89 91 90 00 00 00 83 fa 10 77 09 48 83 c1
0x000007fecc0c2a98:   10 e9 92 00 00 00 8b 0d f0 a6 76 00 65 48 8b 04
0x000007fecc0c2aa8:   25 58 00 00 00 48 89 6c 24 30 41 b8 08 00 00 00
0x000007fecc0c2ab8:   48 89 74 24 38 48 8b 04 c8 8b ea 48 c1 e5 03 4a
0x000007fecc0c2ac8:   8b 0c 00 48 8b 81 a8 04 00 00 48 8b 88 88 00 00
0x000007fecc0c2ad8:   00 48 8b c5 48 f7 d0 48 8b b1 98 08 00 00 48 8b
0x000007fecc0c2ae8:   4e 18 48 3b c1 73 16 4c 8d 05 82 52 4d 00 48 8b
0x000007fecc0c2af8:   d5 48 8b ce e8 ff 17 d6 ff 48 8b 4e 18 48 8d 04
0x000007fecc0c2b08:   29 48 3b 46 20 76 13 45 33 c0 48 8b d5 48 8b ce
0x000007fecc0c2b18:   e8 13 15 d6 ff 48 8b c8 eb 04 48 89 46 18 48 8b
0x000007fecc0c2b28:   6c 24 30 48 8b 74 24 38 48 89 4f 08 39 9f 90 00 


Stack slot to memory mapping:
stack at sp + 0 slots: 0x000007fecc28c136 jvm.dll
stack at sp + 1 slots: 0x000000002356c190 is pointing into the stack for thread: 0x0000000022a59800
stack at sp + 2 slots: 0x000000002356c190 is pointing into the stack for thread: 0x0000000022a59800
stack at sp + 3 slots: 0x000000002356c190 is pointing into the stack for thread: 0x0000000022a59800
stack at sp + 4 slots: 0x000000002356bff0 is pointing into the stack for thread: 0x0000000022a59800
stack at sp + 5 slots: 0x00000000000006e0 is an unknown value
stack at sp + 6 slots: 0x00000000229e5310 points into unknown readable memory: 06 00 00 00 00 00 00 00
stack at sp + 7 slots: 0x0000000026f07e70 points into unknown readable memory: d0 eb 9b 29 00 00 00 00


---------------  P R O C E S S  ---------------

Threads class SMR info:
_java_thread_list=0x0000000026a83c30, length=18, elements={
0x0000000000149000, 0x0000000021d65800, 0x0000000021d77800, 0x0000000021d88000,
0x0000000021d89800, 0x0000000021d8c800, 0x0000000021d94000, 0x0000000021da3000,
0x00000000229c5000, 0x00000000229cd800, 0x0000000022a59800, 0x0000000024441800,
0x0000000024442800, 0x0000000024443000, 0x0000000024444000, 0x0000000024444800,
0x0000000024445800, 0x0000000024446800
}

Java Threads: ( => current thread )
  0x0000000000149000 JavaThread "main" [_thread_blocked, id=8156, stack(0x0000000001e60000,0x0000000001f60000)]
  0x0000000021d65800 JavaThread "Reference Handler" daemon [_thread_blocked, id=1300, stack(0x00000000221a0000,0x00000000222a0000)]
  0x0000000021d77800 JavaThread "Finalizer" daemon [_thread_blocked, id=6184, stack(0x0000000022060000,0x0000000022160000)]
  0x0000000021d88000 JavaThread "Signal Dispatcher" daemon [_thread_blocked, id=7388, stack(0x0000000022370000,0x0000000022470000)]
  0x0000000021d89800 JavaThread "Attach Listener" daemon [_thread_blocked, id=4920, stack(0x0000000022470000,0x0000000022570000)]
  0x0000000021d8c800 JavaThread "C2 CompilerThread0" daemon [_thread_in_native, id=5936, stack(0x00000000225c0000,0x00000000226c0000)]
  0x0000000021d94000 JavaThread "C1 CompilerThread0" daemon [_thread_blocked, id=8296, stack(0x00000000226f0000,0x00000000227f0000)]
  0x0000000021da3000 JavaThread "Sweeper thread" daemon [_thread_blocked, id=7972, stack(0x0000000022870000,0x0000000022970000)]
  0x00000000229c5000 JavaThread "Service Thread" daemon [_thread_blocked, id=5476, stack(0x0000000022db0000,0x0000000022eb0000)]
  0x00000000229cd800 JavaThread "Common-Cleaner" daemon [_thread_blocked, id=4576, stack(0x0000000023250000,0x0000000023350000)]
=>0x0000000022a59800 JavaThread "C2 CompilerThread1" daemon [_thread_in_native, id=7644, stack(0x0000000023470000,0x0000000023570000)]
  0x0000000024441800 JavaThread "Catalina-utility-1" [_thread_blocked, id=2384, stack(0x0000000025a90000,0x0000000025b90000)]
  0x0000000024442800 JavaThread "Catalina-utility-2" [_thread_blocked, id=8004, stack(0x0000000025c00000,0x0000000025d00000)]
  0x0000000024443000 JavaThread "container-0" [_thread_blocked, id=5496, stack(0x0000000029c10000,0x0000000029d10000)]
  0x0000000024444000 JavaThread "mysql-cj-abandoned-connection-cleanup" daemon [_thread_blocked, id=1416, stack(0x0000000028b20000,0x0000000028c20000)]
  0x0000000024444800 JavaThread "task-1" [_thread_in_Java, id=1424, stack(0x0000000029f50000,0x000000002a050000)]
  0x0000000024445800 JavaThread "HikariPool-1 housekeeper" daemon [_thread_blocked, id=6260, stack(0x000000002b480000,0x000000002b580000)]
  0x0000000024446800 JavaThread "HikariPool-1 connection adder" daemon [_thread_blocked, id=7260, stack(0x0000000028a10000,0x0000000028b10000)]

Other Threads:
  0x0000000021d60000 VMThread "VM Thread" [stack: 0x0000000021ed0000,0x0000000021fd0000] [id=2380]
  0x00000000229ca000 WatcherThread [stack: 0x0000000023060000,0x0000000023160000] [id=3664]
  0x000000000018c800 GCTaskThread "GC Thread#0" [stack: 0x000000001e880000,0x000000001e980000] [id=6876]
  0x0000000023ccb800 GCTaskThread "GC Thread#1" [stack: 0x0000000024e80000,0x0000000024f80000] [id=8104]
  0x0000000023ccc800 GCTaskThread "GC Thread#2" [stack: 0x00000000250b0000,0x00000000251b0000] [id=7328]
  0x0000000023e1a000 GCTaskThread "GC Thread#3" [stack: 0x0000000025400000,0x0000000025500000] [id=7980]
  0x000000000019e000 ConcurrentGCThread "G1 Main Marker" [stack: 0x000000001e9e0000,0x000000001eae0000] [id=6048]
  0x000000000019f000 ConcurrentGCThread "G1 Conc#0" [stack: 0x000000001ebd0000,0x000000001ecd0000] [id=8604]
  0x0000000021177800 ConcurrentGCThread "G1 Refine#0" [stack: 0x0000000021210000,0x0000000021310000] [id=8908]
  0x000000002117b800 ConcurrentGCThread "G1 Young RemSet Sampling" [stack: 0x0000000021370000,0x0000000021470000] [id=680]

Threads with active compile tasks:
C2 CompilerThread0     9009 4615   !   4       java.lang.reflect.Executable::declaredAnnotations (85 bytes)
C2 CompilerThread1     9009 4188   !   4       org.springframework.core.annotation.AnnotationsScanner::processClassHierarchy (236 bytes)

VM state:not at safepoint (normal execution)

VM Mutex/Monitor currently owned by a thread: None

Heap address: 0x0000000083200000, size: 1998 MB, Compressed Oops mode: 32-bit
Narrow klass base: 0x0000000800000000, Narrow klass shift: 3
Compressed class space size: 1073741824 Address: 0x0000000800b40000

Heap:
 garbage-first heap   total 71680K, used 29519K [0x0000000083200000, 0x0000000100000000)
  region size 1024K, 10 young (10240K), 3 survivors (3072K)
 Metaspace       used 45450K, capacity 46589K, committed 46668K, reserved 1089536K
  class space    used 5829K, capacity 6244K, committed 6272K, reserved 1048576K
Heap Regions: E=young(eden), S=young(survivor), O=old, HS=humongous(starts), HC=humongous(continues), CS=collection set, F=free, A=archive, TAMS=top-at-mark-start (previous, next)
|   0|0x0000000083200000, 0x0000000083300000, 0x0000000083300000|100%|HS|  |TAMS 0x0000000083300000, 0x0000000083200000| Complete 
|   1|0x0000000083300000, 0x0000000083400000, 0x0000000083400000|100%| O|  |TAMS 0x0000000083400000, 0x0000000083300000| Untracked 
|   2|0x0000000083400000, 0x0000000083500000, 0x0000000083500000|100%| O|  |TAMS 0x0000000083500000, 0x0000000083400000| Untracked 
|   3|0x0000000083500000, 0x0000000083600000, 0x0000000083600000|100%| O|  |TAMS 0x0000000083600000, 0x0000000083500000| Untracked 
|   4|0x0000000083600000, 0x0000000083700000, 0x0000000083700000|100%| O|  |TAMS 0x0000000083700000, 0x0000000083600000| Untracked 
|   5|0x0000000083700000, 0x00000000837fd000, 0x0000000083800000| 98%| O|  |TAMS 0x00000000837fd000, 0x0000000083700000| Untracked 
|   6|0x0000000083800000, 0x0000000083900000, 0x0000000083900000|100%| O|  |TAMS 0x0000000083900000, 0x0000000083800000| Untracked 
|   7|0x0000000083900000, 0x0000000083a00000, 0x0000000083a00000|100%| O|  |TAMS 0x0000000083a00000, 0x0000000083900000| Untracked 
|   8|0x0000000083a00000, 0x0000000083b00000, 0x0000000083b00000|100%| O|  |TAMS 0x0000000083b00000, 0x0000000083a00000| Untracked 
|   9|0x0000000083b00000, 0x0000000083c00000, 0x0000000083c00000|100%| O|  |TAMS 0x0000000083c00000, 0x0000000083b00000| Untracked 
|  10|0x0000000083c00000, 0x0000000083d00000, 0x0000000083d00000|100%| O|  |TAMS 0x0000000083d00000, 0x0000000083c00000| Untracked 
|  11|0x0000000083d00000, 0x0000000083e00000, 0x0000000083e00000|100%| O|  |TAMS 0x0000000083e00000, 0x0000000083d00000| Untracked 
|  12|0x0000000083e00000, 0x0000000083f00000, 0x0000000083f00000|100%| O|  |TAMS 0x0000000083f00000, 0x0000000083e00000| Untracked 
|  13|0x0000000083f00000, 0x0000000084000000, 0x0000000084000000|100%| O|  |TAMS 0x0000000083f92200, 0x0000000083f00000| Untracked 
|  14|0x0000000084000000, 0x0000000084100000, 0x0000000084100000|100%| O|  |TAMS 0x0000000084000000, 0x0000000084000000| Untracked 
|  15|0x0000000084100000, 0x0000000084200000, 0x0000000084200000|100%| O|  |TAMS 0x0000000084100000, 0x0000000084100000| Untracked 
|  16|0x0000000084200000, 0x0000000084300000, 0x0000000084300000|100%| O|  |TAMS 0x0000000084200000, 0x0000000084200000| Untracked 
|  17|0x0000000084300000, 0x0000000084400000, 0x0000000084400000|100%| O|  |TAMS 0x0000000084300000, 0x0000000084300000| Untracked 
|  18|0x0000000084400000, 0x0000000084500000, 0x0000000084500000|100%| O|  |TAMS 0x0000000084400000, 0x0000000084400000| Untracked 
|  19|0x0000000084500000, 0x0000000084600000, 0x0000000084600000|100%| O|  |TAMS 0x0000000084500000, 0x0000000084500000| Untracked 
|  20|0x0000000084600000, 0x000000008464e800, 0x0000000084700000| 30%| O|  |TAMS 0x0000000084600000, 0x0000000084600000| Untracked 
|  21|0x0000000084700000, 0x0000000084700000, 0x0000000084800000|  0%| F|  |TAMS 0x0000000084700000, 0x0000000084700000| Untracked 
|  22|0x0000000084800000, 0x0000000084800000, 0x0000000084900000|  0%| F|  |TAMS 0x0000000084800000, 0x0000000084800000| Untracked 
|  23|0x0000000084900000, 0x0000000084900000, 0x0000000084a00000|  0%| F|  |TAMS 0x0000000084900000, 0x0000000084900000| Untracked 
|  24|0x0000000084a00000, 0x0000000084a00000, 0x0000000084b00000|  0%| F|  |TAMS 0x0000000084a00000, 0x0000000084a00000| Untracked 
|  25|0x0000000084b00000, 0x0000000084b00000, 0x0000000084c00000|  0%| F|  |TAMS 0x0000000084b00000, 0x0000000084b00000| Untracked 
|  26|0x0000000084c00000, 0x0000000084c00000, 0x0000000084d00000|  0%| F|  |TAMS 0x0000000084c00000, 0x0000000084c00000| Untracked 
|  27|0x0000000084d00000, 0x0000000084d00000, 0x0000000084e00000|  0%| F|  |TAMS 0x0000000084d00000, 0x0000000084d00000| Untracked 
|  28|0x0000000084e00000, 0x0000000084e00000, 0x0000000084f00000|  0%| F|  |TAMS 0x0000000084e00000, 0x0000000084e00000| Untracked 
|  29|0x0000000084f00000, 0x0000000084f00000, 0x0000000085000000|  0%| F|  |TAMS 0x0000000084f00000, 0x0000000084f00000| Untracked 
|  30|0x0000000085000000, 0x0000000085000000, 0x0000000085100000|  0%| F|  |TAMS 0x0000000085000000, 0x0000000085000000| Untracked 
|  31|0x0000000085100000, 0x0000000085100000, 0x0000000085200000|  0%| F|  |TAMS 0x0000000085100000, 0x0000000085100000| Untracked 
|  32|0x0000000085200000, 0x0000000085200000, 0x0000000085300000|  0%| F|  |TAMS 0x0000000085200000, 0x0000000085200000| Untracked 
|  33|0x0000000085300000, 0x00000000853884d0, 0x0000000085400000| 53%| S|CS|TAMS 0x0000000085300000, 0x0000000085300000| Complete 
|  34|0x0000000085400000, 0x0000000085500000, 0x0000000085500000|100%| S|CS|TAMS 0x0000000085400000, 0x0000000085400000| Complete 
|  35|0x0000000085500000, 0x0000000085600000, 0x0000000085600000|100%| S|CS|TAMS 0x0000000085500000, 0x0000000085500000| Complete 
|  36|0x0000000085600000, 0x0000000085600000, 0x0000000085700000|  0%| F|  |TAMS 0x0000000085600000, 0x0000000085600000| Untracked 
|  37|0x0000000085700000, 0x0000000085700000, 0x0000000085800000|  0%| F|  |TAMS 0x0000000085700000, 0x0000000085700000| Untracked 
|  38|0x0000000085800000, 0x0000000085800000, 0x0000000085900000|  0%| F|  |TAMS 0x0000000085800000, 0x0000000085800000| Untracked 
|  39|0x0000000085900000, 0x0000000085900000, 0x0000000085a00000|  0%| F|  |TAMS 0x0000000085900000, 0x0000000085900000| Untracked 
|  40|0x0000000085a00000, 0x0000000085a00000, 0x0000000085b00000|  0%| F|  |TAMS 0x0000000085a00000, 0x0000000085a00000| Untracked 
|  41|0x0000000085b00000, 0x0000000085b00000, 0x0000000085c00000|  0%| F|  |TAMS 0x0000000085b00000, 0x0000000085b00000| Untracked 
|  42|0x0000000085c00000, 0x0000000085c00000, 0x0000000085d00000|  0%| F|  |TAMS 0x0000000085c00000, 0x0000000085c00000| Untracked 
|  43|0x0000000085d00000, 0x0000000085d00000, 0x0000000085e00000|  0%| F|  |TAMS 0x0000000085d00000, 0x0000000085d00000| Untracked 
|  44|0x0000000085e00000, 0x0000000085e00000, 0x0000000085f00000|  0%| F|  |TAMS 0x0000000085e00000, 0x0000000085e00000| Untracked 
|  45|0x0000000085f00000, 0x0000000085f00000, 0x0000000086000000|  0%| F|  |TAMS 0x0000000085f00000, 0x0000000085f00000| Untracked 
|  46|0x0000000086000000, 0x0000000086000000, 0x0000000086100000|  0%| F|  |TAMS 0x0000000086000000, 0x0000000086000000| Untracked 
|  47|0x0000000086100000, 0x0000000086100000, 0x0000000086200000|  0%| F|  |TAMS 0x0000000086100000, 0x0000000086100000| Untracked 
|  48|0x0000000086200000, 0x0000000086200000, 0x0000000086300000|  0%| F|  |TAMS 0x0000000086200000, 0x0000000086200000| Untracked 
|  49|0x0000000086300000, 0x0000000086300000, 0x0000000086400000|  0%| F|  |TAMS 0x0000000086300000, 0x0000000086300000| Untracked 
|  50|0x0000000086400000, 0x0000000086400000, 0x0000000086500000|  0%| F|  |TAMS 0x0000000086400000, 0x0000000086400000| Untracked 
|  51|0x0000000086500000, 0x0000000086500000, 0x0000000086600000|  0%| F|  |TAMS 0x0000000086500000, 0x0000000086500000| Untracked 
|  52|0x0000000086600000, 0x0000000086600000, 0x0000000086700000|  0%| F|  |TAMS 0x0000000086600000, 0x0000000086600000| Untracked 
|  53|0x0000000086700000, 0x0000000086700000, 0x0000000086800000|  0%| F|  |TAMS 0x0000000086700000, 0x0000000086700000| Untracked 
|  54|0x0000000086800000, 0x0000000086800000, 0x0000000086900000|  0%| F|  |TAMS 0x0000000086800000, 0x0000000086800000| Untracked 
|  55|0x0000000086900000, 0x0000000086900000, 0x0000000086a00000|  0%| F|  |TAMS 0x0000000086900000, 0x0000000086900000| Untracked 
|  56|0x0000000086a00000, 0x0000000086a00000, 0x0000000086b00000|  0%| F|  |TAMS 0x0000000086a00000, 0x0000000086a00000| Untracked 
|  57|0x0000000086b00000, 0x0000000086b00000, 0x0000000086c00000|  0%| F|  |TAMS 0x0000000086b00000, 0x0000000086b00000| Untracked 
|  58|0x0000000086c00000, 0x0000000086c00000, 0x0000000086d00000|  0%| F|  |TAMS 0x0000000086c00000, 0x0000000086c00000| Untracked 
|  59|0x0000000086d00000, 0x0000000086d00000, 0x0000000086e00000|  0%| F|  |TAMS 0x0000000086d00000, 0x0000000086d00000| Untracked 
|  60|0x0000000086e00000, 0x0000000086e00000, 0x0000000086f00000|  0%| F|  |TAMS 0x0000000086e00000, 0x0000000086e00000| Untracked 
|  61|0x0000000086f00000, 0x0000000086f00000, 0x0000000087000000|  0%| F|  |TAMS 0x0000000086f00000, 0x0000000086f00000| Untracked 
|  62|0x0000000087000000, 0x0000000087000000, 0x0000000087100000|  0%| F|  |TAMS 0x0000000087000000, 0x0000000087000000| Untracked 
| 114|0x000000008a400000, 0x000000008a4dc1f0, 0x000000008a500000| 85%| E|  |TAMS 0x000000008a400000, 0x000000008a400000| Complete 
| 115|0x000000008a500000, 0x000000008a600000, 0x000000008a600000|100%| E|CS|TAMS 0x000000008a500000, 0x000000008a500000| Complete 
| 116|0x000000008a600000, 0x000000008a700000, 0x000000008a700000|100%| E|CS|TAMS 0x000000008a600000, 0x000000008a600000| Complete 
| 117|0x000000008a700000, 0x000000008a800000, 0x000000008a800000|100%| E|CS|TAMS 0x000000008a700000, 0x000000008a700000| Complete 
| 118|0x000000008a800000, 0x000000008a900000, 0x000000008a900000|100%| E|CS|TAMS 0x000000008a800000, 0x000000008a800000| Complete 
| 119|0x000000008a900000, 0x000000008aa00000, 0x000000008aa00000|100%| E|CS|TAMS 0x000000008a900000, 0x000000008a900000| Complete 
| 151|0x000000008c900000, 0x000000008ca00000, 0x000000008ca00000|100%| E|CS|TAMS 0x000000008c900000, 0x000000008c900000| Complete 

Card table byte_map: [0x000000001a1c0000,0x000000001a5b0000] _byte_map_base: 0x0000000019da7000

Marking Bits (Prev, Next): (CMBitMap*) 0x000000000018d558, (CMBitMap*) 0x000000000018d598
 Prev Bits: [0x000000001a9a0000, 0x000000001c8d8000)
 Next Bits: [0x000000001c8e0000, 0x000000001e818000)

Polling page: 0x00000000000a0000

Metaspace:

Usage:
  Non-class:     39.40 MB capacity,    38.70 MB ( 98%) used,   579.69 KB (  1%) free+waste,   141.06 KB ( <1%) overhead. 
      Class:      6.10 MB capacity,     5.69 MB ( 93%) used,   347.29 KB (  6%) free+waste,    65.25 KB (  1%) overhead. 
       Both:     45.50 MB capacity,    44.39 MB ( 98%) used,   926.98 KB (  2%) free+waste,   206.31 KB ( <1%) overhead. 

Virtual space:
  Non-class space:       40.00 MB reserved,      39.45 MB ( 99%) committed 
      Class space:        1.00 GB reserved,       6.13 MB ( <1%) committed 
             Both:        1.04 GB reserved,      45.57 MB (  4%) committed 

Chunk freelists:
   Non-Class:  51.00 KB
       Class:  28.00 KB
        Both:  79.00 KB

MaxMetaspaceSize: 17179869184.00 GB
CompressedClassSpaceSize: 1.00 GB

CodeHeap 'non-profiled nmethods': size=120064Kb used=2011Kb max_used=2011Kb free=118052Kb
 bounds [0x0000000012360000, 0x00000000125d0000, 0x00000000198a0000]
CodeHeap 'profiled nmethods': size=120000Kb used=9546Kb max_used=9546Kb free=110453Kb
 bounds [0x000000000ae30000, 0x000000000b790000, 0x0000000012360000]
CodeHeap 'non-nmethods': size=5696Kb used=1280Kb max_used=1316Kb free=4415Kb
 bounds [0x000000000a8a0000, 0x000000000ab10000, 0x000000000ae30000]
 total_blobs=6618 nmethods=4286 adapters=463
 compilation: enabled
              stopped_count=0, restarted_count=0
 full_count=0

Compilation events (20 events):
Event: 8.941 Thread 0x0000000021d94000 4845       1       java.security.AlgorithmParameters::getAlgorithm (5 bytes)
Event: 8.941 Thread 0x0000000021d94000 nmethod 4845 0x0000000012419410 code [0x00000000124195a0, 0x00000000124196d8]
Event: 8.941 Thread 0x0000000021d94000 4843       2       sun.security.ssl.SSLAlgorithmDecomposer::decomposes (175 bytes)
Event: 8.943 Thread 0x0000000021d94000 nmethod 4843 0x000000000b770910 code [0x000000000b770ba0, 0x000000000b771260]
Event: 8.943 Thread 0x0000000021d94000 4844       2       sun.security.ssl.SSLAlgorithmDecomposer::decomposes (81 bytes)
Event: 8.943 Thread 0x0000000021d94000 nmethod 4844 0x000000000b771510 code [0x000000000b771720, 0x000000000b771bc0]
Event: 8.944 Thread 0x0000000021d94000 4849       3       sun.security.util.math.intpoly.IntegerPolynomial$MutableElement::setDifference (84 bytes)
Event: 8.944 Thread 0x0000000021d94000 nmethod 4849 0x000000000b771d90 code [0x000000000b771fa0, 0x000000000b7727d0]
Event: 8.944 Thread 0x0000000021d94000 4850       3       sun.security.util.math.intpoly.IntegerPolynomial$MutableElement::setSum (84 bytes)
Event: 8.945 Thread 0x0000000021d94000 nmethod 4850 0x000000000b772a90 code [0x000000000b772ca0, 0x000000000b7734d0]
Event: 8.945 Thread 0x0000000021d94000 4848       2       sun.security.util.math.intpoly.IntegerPolynomial25519::reduce (92 bytes)
Event: 8.945 Thread 0x0000000021d94000 nmethod 4848 0x000000000b773790 code [0x000000000b773940, 0x000000000b773bf0]
Event: 8.945 Thread 0x0000000021d94000 4846       2       sun.security.ssl.Record::verifyLength (19 bytes)
Event: 8.946 Thread 0x0000000021d94000 nmethod 4846 0x000000000b773d10 code [0x000000000b773ec0, 0x000000000b7740f0]
Event: 8.951 Thread 0x0000000021d94000 4854       2       sun.security.ssl.SSLExtension::isAvailable (31 bytes)
Event: 8.951 Thread 0x0000000021d94000 nmethod 4854 0x000000000b774210 code [0x000000000b7743c0, 0x000000000b7745d8]
Event: 8.951 Thread 0x0000000021d94000 4855       2       java.math.MutableBigInteger::<init> (21 bytes)
Event: 8.952 Thread 0x0000000021d94000 nmethod 4855 0x000000000b774710 code [0x000000000b7748c0, 0x000000000b774a98]
Event: 8.952 Thread 0x0000000021d94000 4856 %     3       sun.security.util.math.intpoly.IntegerPolynomial::conditionalSwap @ 7 (57 bytes)
Event: 8.953 Thread 0x0000000021d94000 nmethod 4856% 0x000000000b774b90 code [0x000000000b774d40, 0x000000000b775058]

GC Heap History (20 events):
Event: 3.435 GC heap before
{Heap before GC invocations=5 (full 0):
 garbage-first heap   total 129024K, used 82036K [0x0000000083200000, 0x0000000100000000)
  region size 1024K, 75 young (76800K), 5 survivors (5120K)
 Metaspace       used 16810K, capacity 17342K, committed 17664K, reserved 1064960K
  class space    used 2016K, capacity 2215K, committed 2304K, reserved 1048576K
}
Event: 3.446 GC heap after
{Heap after GC invocations=6 (full 0):
 garbage-first heap   total 155648K, used 10776K [0x0000000083200000, 0x0000000100000000)
  region size 1024K, 5 young (5120K), 5 survivors (5120K)
 Metaspace       used 16810K, capacity 17342K, committed 17664K, reserved 1064960K
  class space    used 2016K, capacity 2215K, committed 2304K, reserved 1048576K
}
Event: 4.413 GC heap before
{Heap before GC invocations=6 (full 0):
 garbage-first heap   total 155648K, used 42520K [0x0000000083200000, 0x0000000100000000)
  region size 1024K, 37 young (37888K), 5 survivors (5120K)
 Metaspace       used 20601K, capacity 21166K, committed 21248K, reserved 1067008K
  class space    used 2522K, capacity 2759K, committed 2816K, reserved 1048576K
}
Event: 4.434 GC heap after
{Heap after GC invocations=7 (full 0):
 garbage-first heap   total 155648K, used 12077K [0x0000000083200000, 0x0000000100000000)
  region size 1024K, 6 young (6144K), 6 survivors (6144K)
 Metaspace       used 20601K, capacity 21166K, committed 21248K, reserved 1067008K
  class space    used 2522K, capacity 2759K, committed 2816K, reserved 1048576K
}
Event: 5.154 GC heap before
{Heap before GC invocations=8 (full 0):
 garbage-first heap   total 45056K, used 32557K [0x0000000083200000, 0x0000000100000000)
  region size 1024K, 26 young (26624K), 6 survivors (6144K)
 Metaspace       used 23402K, capacity 24164K, committed 24320K, reserved 1071104K
  class space    used 2926K, capacity 3236K, committed 3328K, reserved 1048576K
}
Event: 5.181 GC heap after
{Heap after GC invocations=9 (full 0):
 garbage-first heap   total 45056K, used 14356K [0x0000000083200000, 0x0000000100000000)
  region size 1024K, 4 young (4096K), 4 survivors (4096K)
 Metaspace       used 23402K, capacity 24164K, committed 24320K, reserved 1071104K
  class space    used 2926K, capacity 3236K, committed 3328K, reserved 1048576K
}
Event: 5.707 GC heap before
{Heap before GC invocations=9 (full 0):
 garbage-first heap   total 45056K, used 32788K [0x0000000083200000, 0x0000000100000000)
  region size 1024K, 23 young (23552K), 4 survivors (4096K)
 Metaspace       used 26075K, capacity 27019K, committed 27136K, reserved 1073152K
  class space    used 3202K, capacity 3548K, committed 3584K, reserved 1048576K
}
Event: 5.725 GC heap after
{Heap after GC invocations=10 (full 0):
 garbage-first heap   total 45056K, used 15647K [0x0000000083200000, 0x0000000100000000)
  region size 1024K, 2 young (2048K), 2 survivors (2048K)
 Metaspace       used 26075K, capacity 27019K, committed 27136K, reserved 1073152K
  class space    used 3202K, capacity 3548K, committed 3584K, reserved 1048576K
}
Event: 5.736 GC heap before
{Heap before GC invocations=10 (full 0):
 garbage-first heap   total 45056K, used 33055K [0x0000000083200000, 0x0000000100000000)
  region size 1024K, 20 young (20480K), 2 survivors (2048K)
 Metaspace       used 26075K, capacity 27019K, committed 27136K, reserved 1073152K
  class space    used 3202K, capacity 3548K, committed 3584K, reserved 1048576K
}
Event: 5.741 GC heap after
{Heap after GC invocations=11 (full 0):
 garbage-first heap   total 59392K, used 15262K [0x0000000083200000, 0x0000000100000000)
  region size 1024K, 2 young (2048K), 2 survivors (2048K)
 Metaspace       used 26075K, capacity 27019K, committed 27136K, reserved 1073152K
  class space    used 3202K, capacity 3548K, committed 3584K, reserved 1048576K
}
Event: 6.357 GC heap before
{Heap before GC invocations=11 (full 0):
 garbage-first heap   total 59392K, used 42910K [0x0000000083200000, 0x0000000100000000)
  region size 1024K, 30 young (30720K), 2 survivors (2048K)
 Metaspace       used 27531K, capacity 28444K, committed 28672K, reserved 1075200K
  class space    used 3389K, capacity 3766K, committed 3840K, reserved 1048576K
}
Event: 6.363 GC heap after
{Heap after GC invocations=12 (full 0):
 garbage-first heap   total 59392K, used 15668K [0x0000000083200000, 0x0000000100000000)
  region size 1024K, 2 young (2048K), 2 survivors (2048K)
 Metaspace       used 27531K, capacity 28444K, committed 28672K, reserved 1075200K
  class space    used 3389K, capacity 3766K, committed 3840K, reserved 1048576K
}
Event: 7.035 GC heap before
{Heap before GC invocations=12 (full 0):
 garbage-first heap   total 59392K, used 44340K [0x0000000083200000, 0x0000000100000000)
  region size 1024K, 31 young (31744K), 2 survivors (2048K)
 Metaspace       used 32296K, capacity 33207K, committed 33408K, reserved 1079296K
  class space    used 4048K, capacity 4408K, committed 4480K, reserved 1048576K
}
Event: 7.042 GC heap after
{Heap after GC invocations=13 (full 0):
 garbage-first heap   total 59392K, used 16929K [0x0000000083200000, 0x0000000100000000)
  region size 1024K, 3 young (3072K), 3 survivors (3072K)
 Metaspace       used 32296K, capacity 33207K, committed 33408K, reserved 1079296K
  class space    used 4048K, capacity 4408K, committed 4480K, reserved 1048576K
}
Event: 7.467 GC heap before
{Heap before GC invocations=13 (full 0):
 garbage-first heap   total 59392K, used 34337K [0x0000000083200000, 0x0000000100000000)
  region size 1024K, 21 young (21504K), 3 survivors (3072K)
 Metaspace       used 34833K, capacity 35753K, committed 35840K, reserved 1081344K
  class space    used 4487K, capacity 4850K, committed 4864K, reserved 1048576K
}
Event: 7.479 GC heap after
{Heap after GC invocations=14 (full 0):
 garbage-first heap   total 59392K, used 17951K [0x0000000083200000, 0x0000000100000000)
  region size 1024K, 3 young (3072K), 3 survivors (3072K)
 Metaspace       used 34833K, capacity 35753K, committed 35840K, reserved 1081344K
  class space    used 4487K, capacity 4850K, committed 4864K, reserved 1048576K
}
Event: 8.219 GC heap before
{Heap before GC invocations=15 (full 0):
 garbage-first heap   total 59392K, used 41503K [0x0000000083200000, 0x0000000100000000)
  region size 1024K, 27 young (27648K), 3 survivors (3072K)
 Metaspace       used 39391K, capacity 40471K, committed 40780K, reserved 1085440K
  class space    used 5011K, capacity 5432K, committed 5504K, reserved 1048576K
}
Event: 8.237 GC heap after
{Heap after GC invocations=16 (full 0):
 garbage-first heap   total 59392K, used 20943K [0x0000000083200000, 0x0000000100000000)
  region size 1024K, 4 young (4096K), 4 survivors (4096K)
 Metaspace       used 39391K, capacity 40471K, committed 40780K, reserved 1085440K
  class space    used 5011K, capacity 5432K, committed 5504K, reserved 1048576K
}
Event: 8.793 GC heap before
{Heap before GC invocations=16 (full 0):
 garbage-first heap   total 59392K, used 43471K [0x0000000083200000, 0x0000000100000000)
  region size 1024K, 26 young (26624K), 4 survivors (4096K)
 Metaspace       used 44434K, capacity 45593K, committed 45772K, reserved 1089536K
  class space    used 5681K, capacity 6107K, committed 6144K, reserved 1048576K
}
Event: 8.813 GC heap after
{Heap after GC invocations=17 (full 0):
 garbage-first heap   total 71680K, used 23375K [0x0000000083200000, 0x0000000100000000)
  region size 1024K, 3 young (3072K), 3 survivors (3072K)
 Metaspace       used 44434K, capacity 45593K, committed 45772K, reserved 1089536K
  class space    used 5681K, capacity 6107K, committed 6144K, reserved 1048576K
}

Deoptimization events (20 events):
Event: 8.943 Thread 0x0000000024446800 DEOPT PACKING pc=0x000000000b716384 sp=0x0000000028b0ddb0
Event: 8.943 Thread 0x0000000024446800 DEOPT UNPACKING pc=0x000000000a8e993f sp=0x0000000028b0d2a0 mode 0
Event: 8.944 Thread 0x0000000024446800 DEOPT PACKING pc=0x000000000b716384 sp=0x0000000028b0ddb0
Event: 8.944 Thread 0x0000000024446800 DEOPT UNPACKING pc=0x000000000a8e993f sp=0x0000000028b0d2a0 mode 0
Event: 8.945 Thread 0x0000000024446800 DEOPT PACKING pc=0x000000000b716384 sp=0x0000000028b0dcc0
Event: 8.945 Thread 0x0000000024446800 DEOPT UNPACKING pc=0x000000000a8e993f sp=0x0000000028b0d1b0 mode 0
Event: 8.950 Thread 0x0000000024446800 Uncommon trap: trap_request=0xffffff45 fr.pc=0x000000001241c9e0 relative=0x00000000000000c0
Event: 8.950 Thread 0x0000000024446800 Uncommon trap: reason=unstable_if action=reinterpret pc=0x000000001241c9e0 method=java.nio.Buffer.<init>(IIII)V @ 44 c2
Event: 8.951 Thread 0x0000000024446800 DEOPT PACKING pc=0x000000001241c9e0 sp=0x0000000028b0e310
Event: 8.951 Thread 0x0000000024446800 DEOPT UNPACKING pc=0x000000000a8e9429 sp=0x0000000028b0e298 mode 2
Event: 8.952 Thread 0x0000000024446800 DEOPT PACKING pc=0x000000000b716384 sp=0x0000000028b0dcb0
Event: 8.952 Thread 0x0000000024446800 DEOPT UNPACKING pc=0x000000000a8e993f sp=0x0000000028b0d1a0 mode 0
Event: 8.953 Thread 0x0000000024446800 DEOPT PACKING pc=0x000000000b716384 sp=0x0000000028b0dcb0
Event: 8.953 Thread 0x0000000024446800 DEOPT UNPACKING pc=0x000000000a8e993f sp=0x0000000028b0d1a0 mode 0
Event: 8.953 Thread 0x0000000024446800 DEOPT PACKING pc=0x000000000b77268d sp=0x0000000028b0dfe0
Event: 8.953 Thread 0x0000000024446800 DEOPT UNPACKING pc=0x000000000a8e993f sp=0x0000000028b0d498 mode 0
Event: 8.953 Thread 0x0000000024446800 DEOPT PACKING pc=0x000000000b77338d sp=0x0000000028b0dfe0
Event: 8.953 Thread 0x0000000024446800 DEOPT UNPACKING pc=0x000000000a8e993f sp=0x0000000028b0d498 mode 0
Event: 8.953 Thread 0x0000000024446800 DEOPT PACKING pc=0x000000000b716384 sp=0x0000000028b0dcb0
Event: 8.953 Thread 0x0000000024446800 DEOPT UNPACKING pc=0x000000000a8e993f sp=0x0000000028b0d1a0 mode 0

Classes unloaded (1 events):
Event: 7.544 Thread 0x0000000021d60000 Unloading class 0x0000000800be2040 'org/springframework/core/GenericTypeResolver$$Lambda$54'

Classes redefined (0 events):
No events

Internal exceptions (20 events):
Event: 6.871 Thread 0x0000000000149000 Exception <a 'java/lang/ClassNotFoundException'{0x0000000085534340}: org/springframework/beans/factory/AwareCustomizer> (0x0000000085534340) 
thrown [t:/workspace/open/src/hotspot/share/classfile/systemDictionary.cpp, line 232]
Event: 6.872 Thread 0x0000000000149000 Exception <a 'java/lang/ClassNotFoundException'{0x00000000855428e8}: org/springframework/context/ApplicationListenerCustomizer> (0x00000000855428e8) 
thrown [t:/workspace/open/src/hotspot/share/classfile/systemDictionary.cpp, line 232]
Event: 6.873 Thread 0x0000000000149000 Exception <a 'java/lang/ClassNotFoundException'{0x00000000855452b8}: java/util/EventListenerCustomizer> (0x00000000855452b8) 
thrown [t:/workspace/open/src/hotspot/share/classfile/systemDictionary.cpp, line 232]
Event: 6.874 Thread 0x0000000000149000 Exception <a 'java/lang/ClassNotFoundException'{0x0000000085554278}: org/springframework/beans/factory/InitializingBeanCustomizer> (0x0000000085554278) 
thrown [t:/workspace/open/src/hotspot/share/classfile/systemDictionary.cpp, line 232]
Event: 7.381 Thread 0x0000000000149000 Exception <a 'java/lang/ClassNotFoundException'{0x0000000085fed530}: java/lang/ObjectCustomizer> (0x0000000085fed530) 
thrown [t:/workspace/open/src/hotspot/share/classfile/systemDictionary.cpp, line 232]
Event: 7.383 Thread 0x0000000000149000 Exception <a 'java/lang/ClassNotFoundException'{0x0000000085e07070}: org/springframework/web/servlet/config/annotation/WebMvcConfigurationSupportCustomizer> (0x0000000085e07070) 
thrown [t:/workspace/open/src/hotspot/share/classfile/systemDictionary.cpp, line 232]
Event: 7.384 Thread 0x0000000000149000 Exception <a 'java/lang/ClassNotFoundException'{0x0000000085e26ce8}: org/springframework/web/servlet/config/annotation/DelegatingWebMvcConfigurationCustomizer> (0x0000000085e26ce8) 
thrown [t:/workspace/open/src/hotspot/share/classfile/systemDictionary.cpp, line 232]
Event: 7.386 Thread 0x0000000000149000 Exception <a 'java/lang/ClassNotFoundException'{0x0000000085e3fa20}: org/springframework/boot/autoconfigure/web/servlet/WebMvcAutoConfiguration$EnableWebMvcConfigurationCustomizer> (0x0000000085e3fa20) 
thrown [t:/workspace/open/src/hotspot/share/classfile/systemDictionary.cpp, line 232]
Event: 7.388 Thread 0x0000000000149000 Exception <a 'java/lang/ClassNotFoundException'{0x0000000085e5aa48}: org/springframework/context/ResourceLoaderAwareCustomizer> (0x0000000085e5aa48) 
thrown [t:/workspace/open/src/hotspot/share/classfile/systemDictionary.cpp, line 232]
Event: 7.389 Thread 0x0000000000149000 Exception <a 'java/lang/ClassNotFoundException'{0x0000000085e68670}: org/springframework/beans/factory/AwareCustomizer> (0x0000000085e68670) 
thrown [t:/workspace/open/src/hotspot/share/classfile/systemDictionary.cpp, line 232]
Event: 7.389 Thread 0x0000000000149000 Exception <a 'java/lang/ClassNotFoundException'{0x0000000085e76ef8}: org/springframework/context/ApplicationContextAwareCustomizer> (0x0000000085e76ef8) 
thrown [t:/workspace/open/src/hotspot/share/classfile/systemDictionary.cpp, line 232]
Event: 7.390 Thread 0x0000000000149000 Exception <a 'java/lang/ClassNotFoundException'{0x0000000085eb8c78}: org/springframework/beans/factory/AwareCustomizer> (0x0000000085eb8c78) 
thrown [t:/workspace/open/src/hotspot/share/classfile/systemDictionary.cpp, line 232]
Event: 7.391 Thread 0x0000000000149000 Exception <a 'java/lang/ClassNotFoundException'{0x0000000085ec7518}: org/springframework/web/context/ServletContextAwareCustomizer> (0x0000000085ec7518) 
thrown [t:/workspace/open/src/hotspot/share/classfile/systemDictionary.cpp, line 232]
Event: 7.392 Thread 0x0000000000149000 Exception <a 'java/lang/ClassNotFoundException'{0x0000000085ed55a8}: org/springframework/beans/factory/AwareCustomizer> (0x0000000085ed55a8) 
thrown [t:/workspace/open/src/hotspot/share/classfile/systemDictionary.cpp, line 232]
Event: 7.649 Thread 0x0000000024444800 Implicit null exception at 0x0000000012509288 to 0x0000000012509766
Event: 8.287 Thread 0x0000000024444800 Exception <a 'sun/nio/fs/WindowsException'{0x000000008a7b4328}> (0x000000008a7b4328) 
thrown [t:/workspace/open/src/hotspot/share/prims/jni.cpp, line 598]
Event: 8.301 Thread 0x0000000024444800 Exception <a 'java/lang/NoSuchMethodError'{0x000000008a7d8d28}: 'int java.lang.invoke.DirectMethodHandle$Holder.invokeStaticInit(java.lang.Object, java.lang.Object, java.lang.Object, java.lang.Object)'> (0x000000008a7d8d28) 
thrown [t:/workspace/open/src/hotspot/share/interpreter/linkResolver.cpp, line 767]
Event: 8.536 Thread 0x0000000000149000 Exception <a 'java/lang/NoSuchMethodError'{0x0000000085d7cb78}: 'java.lang.Object java.lang.invoke.DirectMethodHandle$Holder.invokeInterface(java.lang.Object, java.lang.Object, java.lang.Object)'> (0x0000000085d7cb78) 
thrown [t:/workspace/open/src/hotspot/share/interpreter/linkResolver.cpp, line 767]
Event: 8.536 Thread 0x0000000000149000 Exception <a 'java/lang/IncompatibleClassChangeError'{0x0000000085d7f7d8}: Found class java.lang.Object, but interface was expected> (0x0000000085d7f7d8) 
thrown [t:/workspace/open/src/hotspot/share/interpreter/linkResolver.cpp, line 833]
Event: 8.752 Thread 0x0000000000149000 Implicit null exception at 0x000000001248905a to 0x000000001248927e

Events (20 events):
Event: 8.950 loading class sun/nio/ch/DummySocketImpl done
Event: 8.953 loading class java/nio/channels/Selector
Event: 8.953 loading class java/nio/channels/Selector done
Event: 8.953 loading class sun/nio/ch/WindowsSelectorImpl
Event: 8.954 loading class sun/nio/ch/SelectorImpl
Event: 8.954 loading class java/nio/channels/spi/AbstractSelector
Event: 8.954 loading class java/nio/channels/spi/AbstractSelector done
Event: 8.954 loading class sun/nio/ch/SelectorImpl done
Event: 8.954 loading class sun/nio/ch/WindowsSelectorImpl done
Event: 8.954 loading class sun/nio/ch/Util$2
Event: 8.954 Executing VM operation: RevokeBias
Event: 8.954 loading class sun/nio/ch/Util$2 done
Event: 8.955 loading class sun/nio/ch/SelectionKeyImpl
Event: 8.955 loading class java/nio/channels/spi/AbstractSelectionKey
Event: 8.955 Executing VM operation: RevokeBias done
Event: 8.955 Executing VM operation: RevokeBias
Event: 8.955 loading class java/nio/channels/SelectionKey
Event: 8.955 loading class java/nio/channels/SelectionKey done
Event: 8.955 loading class java/nio/channels/spi/AbstractSelectionKey done
Event: 8.955 loading class sun/nio/ch/SelectionKeyImpl done


Dynamic libraries:
0x000000013f220000 - 0x000000013f22f000 	C:\Program Files\Java\jdk-13.0.1\bin\javaw.exe
0x0000000077700000 - 0x00000000778aa000 	C:\Windows\SYSTEM32\ntdll.dll
0x000007fedc300000 - 0x000007fedc313000 	C:\Program Files (x86)\AVG\Antivirus\aswhook.dll
0x00000000774e0000 - 0x00000000775ff000 	C:\Windows\system32\kernel32.dll
0x000007fefd740000 - 0x000007fefd7aa000 	C:\Windows\system32\KERNELBASE.dll
0x000007feeeee0000 - 0x000007feeeef8000 	C:\Program Files\Java\jdk-13.0.1\bin\jli.dll
0x000007fefda30000 - 0x000007fefdb0b000 	C:\Windows\system32\ADVAPI32.dll
0x000007fefedb0000 - 0x000007fefee4f000 	C:\Windows\system32\msvcrt.dll
0x000007fefdc10000 - 0x000007fefdc2f000 	C:\Windows\SYSTEM32\sechost.dll
0x000007feff3e0000 - 0x000007feff50d000 	C:\Windows\system32\RPCRT4.dll
0x000007fefba30000 - 0x000007fefbc24000 	C:\Windows\WinSxS\amd64_microsoft.windows.common-controls_6595b64144ccf1df_6.0.7601.18837_none_fa3b1e3d17594757\COMCTL32.dll
0x000007fefeab0000 - 0x000007fefeb17000 	C:\Windows\system32\GDI32.dll
0x0000000077600000 - 0x00000000776fa000 	C:\Windows\system32\USER32.dll
0x000007fefdb60000 - 0x000007fefdb6e000 	C:\Windows\system32\LPK.dll
0x000007fefe9c0000 - 0x000007fefea8b000 	C:\Windows\system32\USP10.dll
0x000007feff360000 - 0x000007feff3d1000 	C:\Windows\system32\SHLWAPI.dll
0x000007fefc480000 - 0x000007fefc48c000 	C:\Windows\system32\VERSION.dll
0x000007feeeec0000 - 0x000007feeeed5000 	C:\Program Files\Java\jdk-13.0.1\bin\VCRUNTIME140.dll
0x000007feeeeb0000 - 0x000007feeeeb4000 	C:\Program Files\Java\jdk-13.0.1\bin\api-ms-win-crt-runtime-l1-1-0.dll
0x000007fee5170000 - 0x000007fee526c000 	C:\Program Files\Java\jdk-13.0.1\bin\ucrtbase.DLL
0x000007feeeea0000 - 0x000007feeeea3000 	C:\Program Files\Java\jdk-13.0.1\bin\api-ms-win-core-localization-l1-2-0.dll
0x000007feeee90000 - 0x000007feeee93000 	C:\Program Files\Java\jdk-13.0.1\bin\api-ms-win-core-processthreads-l1-1-1.dll
0x000007feeee80000 - 0x000007feeee83000 	C:\Program Files\Java\jdk-13.0.1\bin\api-ms-win-core-file-l1-2-0.dll
0x000007feeee70000 - 0x000007feeee73000 	C:\Program Files\Java\jdk-13.0.1\bin\api-ms-win-core-timezone-l1-1-0.dll
0x000007feeee60000 - 0x000007feeee63000 	C:\Program Files\Java\jdk-13.0.1\bin\api-ms-win-core-file-l2-1-0.dll
0x000007feeedf0000 - 0x000007feeedf3000 	C:\Program Files\Java\jdk-13.0.1\bin\api-ms-win-core-synch-l1-2-0.dll
0x000007feeede0000 - 0x000007feeede3000 	C:\Program Files\Java\jdk-13.0.1\bin\api-ms-win-crt-heap-l1-1-0.dll
0x000007feeedd0000 - 0x000007feeedd4000 	C:\Program Files\Java\jdk-13.0.1\bin\api-ms-win-crt-string-l1-1-0.dll
0x000007feeedc0000 - 0x000007feeedc4000 	C:\Program Files\Java\jdk-13.0.1\bin\api-ms-win-crt-stdio-l1-1-0.dll
0x000007feeedb0000 - 0x000007feeedb4000 	C:\Program Files\Java\jdk-13.0.1\bin\api-ms-win-crt-convert-l1-1-0.dll
0x000007feeeda0000 - 0x000007feeeda3000 	C:\Program Files\Java\jdk-13.0.1\bin\api-ms-win-crt-environment-l1-1-0.dll
0x000007feeed90000 - 0x000007feeed93000 	C:\Program Files\Java\jdk-13.0.1\bin\api-ms-win-crt-filesystem-l1-1-0.dll
0x000007feeed80000 - 0x000007feeed85000 	C:\Program Files\Java\jdk-13.0.1\bin\api-ms-win-crt-math-l1-1-0.dll
0x000007feeed70000 - 0x000007feeed73000 	C:\Program Files\Java\jdk-13.0.1\bin\api-ms-win-crt-locale-l1-1-0.dll
0x000007feff510000 - 0x000007feff53e000 	C:\Windows\system32\IMM32.DLL
0x000007fefeba0000 - 0x000007fefeca9000 	C:\Windows\system32\MSCTF.dll
0x000007fee5460000 - 0x000007fee54fb000 	C:\Program Files\Java\jdk-13.0.1\bin\msvcp140.dll
0x000007feeed60000 - 0x000007feeed63000 	C:\Program Files\Java\jdk-13.0.1\bin\api-ms-win-crt-time-l1-1-0.dll
0x000007feeed50000 - 0x000007feeed53000 	C:\Program Files\Java\jdk-13.0.1\bin\api-ms-win-crt-utility-l1-1-0.dll
0x000007fecbd60000 - 0x000007fecc8c6000 	C:\Program Files\Java\jdk-13.0.1\bin\server\jvm.dll
0x000007fef97f0000 - 0x000007fef97f9000 	C:\Windows\system32\WSOCK32.dll
0x000007fefdb10000 - 0x000007fefdb5d000 	C:\Windows\system32\WS2_32.dll
0x000007fefd940000 - 0x000007fefd948000 	C:\Windows\system32\NSI.dll
0x000007fefb320000 - 0x000007fefb35b000 	C:\Windows\system32\WINMM.dll
0x00000000778c0000 - 0x00000000778c7000 	C:\Windows\system32\PSAPI.DLL
0x000007fee9050000 - 0x000007fee9060000 	C:\Program Files\Java\jdk-13.0.1\bin\verify.dll
0x000007fef86c0000 - 0x000007fef87e5000 	C:\Windows\system32\DBGHELP.DLL
0x000007fee7600000 - 0x000007fee7626000 	C:\Program Files\Java\jdk-13.0.1\bin\java.dll
0x000007fee7470000 - 0x000007fee7487000 	C:\Program Files\Java\jdk-13.0.1\bin\zip.dll
0x000007fee91e0000 - 0x000007fee91ea000 	C:\Program Files\Java\jdk-13.0.1\bin\jimage.dll
0x000007fefdc30000 - 0x000007fefe9ba000 	C:\Windows\system32\SHELL32.dll
0x000007feff540000 - 0x000007feff73c000 	C:\Windows\system32\ole32.dll
0x000007fefd400000 - 0x000007fefd40f000 	C:\Windows\system32\profapi.dll
0x000007fee75e0000 - 0x000007fee75f9000 	C:\Program Files\Java\jdk-13.0.1\bin\net.dll
0x000007fef8bc0000 - 0x000007fef8c31000 	C:\Windows\system32\WINHTTP.dll
0x000007fef8b50000 - 0x000007fef8bb5000 	C:\Windows\system32\webio.dll
0x000007fefcbc0000 - 0x000007fefcc15000 	C:\Windows\system32\mswsock.dll
0x000007fefcbb0000 - 0x000007fefcbb7000 	C:\Windows\System32\wship6.dll
0x000007fee6cc0000 - 0x000007fee6cd3000 	C:\Program Files\Java\jdk-13.0.1\bin\nio.dll
0x000007fee5140000 - 0x000007fee5149000 	C:\Program Files\Java\jdk-13.0.1\bin\management.dll
0x000007fee5110000 - 0x000007fee511b000 	C:\Program Files\Java\jdk-13.0.1\bin\management_ext.dll
0x000007fefb160000 - 0x000007fefb175000 	C:\Windows\system32\NLAapi.dll
0x000007fef4850000 - 0x000007fef4865000 	C:\Windows\system32\napinsp.dll
0x000007fef0310000 - 0x000007fef0329000 	C:\Windows\system32\pnrpnsp.dll
0x000007fef4840000 - 0x000007fef4850000 	C:\Windows\system32\wshbth.dll
0x000007fefca40000 - 0x000007fefca9b000 	C:\Windows\system32\DNSAPI.dll
0x000007fef07d0000 - 0x000007fef07db000 	C:\Windows\System32\winrnr.dll
0x000007fef0fa0000 - 0x000007fef0fcf000 	C:\Program Files\Common Files\Microsoft Shared\Windows Live\WLIDNSP.DLL
0x0000000072800000 - 0x0000000072826000 	C:\Program Files\Bonjour\mdnsNSP.dll
0x000007fefad00000 - 0x000007fefad27000 	C:\Windows\system32\Iphlpapi.DLL
0x000007fefacf0000 - 0x000007fefacfb000 	C:\Windows\system32\WINNSI.DLL
0x000007fefc550000 - 0x000007fefc557000 	C:\Windows\System32\wshtcpip.dll
0x000007fef0f90000 - 0x000007fef0f98000 	C:\Windows\system32\rasadhlp.dll
0x000007fefac30000 - 0x000007fefac83000 	C:\Windows\System32\fwpuclnt.dll
0x000007fefcc20000 - 0x000007fefcc38000 	C:\Windows\system32\CRYPTSP.dll
0x000007fefc920000 - 0x000007fefc967000 	C:\Windows\system32\rsaenh.dll
0x000007fefd600000 - 0x000007fefd61e000 	C:\Windows\system32\USERENV.dll
0x000007fefd290000 - 0x000007fefd29f000 	C:\Windows\system32\CRYPTBASE.dll
0x000007fefa960000 - 0x000007fefa978000 	C:\Windows\system32\dhcpcsvc.DLL
0x000007fefa8d0000 - 0x000007fefa8e1000 	C:\Windows\system32\dhcpcsvc6.DLL
0x000007feed9b0000 - 0x000007feed9d5000 	C:\Program Files\Java\jdk-13.0.1\bin\sunec.dll
0x000007feed9e0000 - 0x000007feed9ee000 	C:\Program Files\Java\jdk-13.0.1\bin\sunmscapi.dll
0x000007fefd430000 - 0x000007fefd59d000 	C:\Windows\system32\CRYPT32.dll
0x000007fefd3f0000 - 0x000007fefd3ff000 	C:\Windows\system32\MSASN1.dll
0x000007fefcda0000 - 0x000007fefcdf0000 	C:\Windows\system32\ncrypt.dll
0x000007fefcd70000 - 0x000007fefcd92000 	C:\Windows\system32\bcrypt.dll

dbghelp: loaded successfully - version: 4.0.5 - missing functions: none
symbol engine: initialized successfully - sym options: 0x614 - pdb path: .;C:\Program Files\Java\jdk-13.0.1\bin;C:\Windows\SYSTEM32;C:\Program Files (x86)\AVG\Antivirus;C:\Windows\WinSxS\amd64_microsoft.windows.common-controls_6595b64144ccf1df_6.0.7601.18837_none_fa3b1e3d17594757;C:\Program Files\Java\jdk-13.0.1\bin\server;C:\Program Files\Common Files\Microsoft Shared\Windows Live;C:\Program Files\Bonjour

VM Arguments:
jvm_args: -Dfile.encoding=UTF-8 
java_command: com.example.CouponPhase3Application
java_class_path (initial): C:\Users\dell\eclipse-workspace\CouponPhase3\target\classes;C:\Users\dell\.m2\repository\org\springframework\boot\spring-boot-starter-data-jpa\2.3.1.RELEASE\spring-boot-starter-data-jpa-2.3.1.RELEASE.jar;C:\Users\dell\.m2\repository\org\springframework\boot\spring-boot-starter-jdbc\2.3.1.RELEASE\spring-boot-starter-jdbc-2.3.1.RELEASE.jar;C:\Users\dell\.m2\repository\com\zaxxer\HikariCP\3.4.5\HikariCP-3.4.5.jar;C:\Users\dell\.m2\repository\org\springframework\spring-jdbc\5.2.7.RELEASE\spring-jdbc-5.2.7.RELEASE.jar;C:\Users\dell\.m2\repository\jakarta\transaction\jakarta.transaction-api\1.3.3\jakarta.transaction-api-1.3.3.jar;C:\Users\dell\.m2\repository\jakarta\persistence\jakarta.persistence-api\2.2.3\jakarta.persistence-api-2.2.3.jar;C:\Users\dell\.m2\repository\org\hibernate\hibernate-core\5.4.17.Final\hibernate-core-5.4.17.Final.jar;C:\Users\dell\.m2\repository\org\jboss\logging\jboss-logging\3.4.1.Final\jboss-logging-3.4.1.Final.jar;C:\Users\dell\.m2\repository\org\javassist\javassist\3.24.0-GA\javassist-3.24.0-GA.jar;C:\Users\dell\.m2\repository\net\bytebuddy\byte-buddy\1.10.11\byte-buddy-1.10.11.jar;C:\Users\dell\.m2\repository\antlr\antlr\2.7.7\antlr-2.7.7.jar;C:\Users\dell\.m2\repository\org\jboss\jandex\2.1.3.Final\jandex-2.1.3.Final.jar;C:\Users\dell\.m2\repository\org\dom4j\dom4j\2.1.3\dom4j-2.1.3.jar;C:\Users\dell\.m2\repository\org\hibernate\common\hibernate-commons-annotations\5.1.0.Final\hibernate-commons-annotations-5.1.0.Final.jar;C:\Users\dell\.m2\repository\org\glassfish\jaxb\jaxb-runtime\2.3.3\jaxb-runtime-2.3.3.jar;C:\Users\dell\.m2\repository\org\glassfish\jaxb\txw2\2.3.3\txw2-2.3.3.jar;C:\Users\dell\.m2\repository\com\sun\istack\istack-commons-runtime\3.0.11\istack-commons-runtime-3.0.11.jar;C:\Users\dell\.m2\repository\com\sun\activation\jakarta.activation\1.2.2\jakarta.activation-1.2.2.jar;C:\Users\dell\.m2\repository\org\springframework\data\spring-data-jpa\2.3.1.RELEASE\spring-data-jpa-2.3.1.RELEASE.jar;C:\User
Launcher Type: SUN_STANDARD

[Global flags]
     intx CICompilerCount                          = 3                                         {product} {ergonomic}
     uint ConcGCThreads                            = 1                                         {product} {ergonomic}
     uint G1ConcRefinementThreads                  = 4                                         {product} {ergonomic}
   size_t G1HeapRegionSize                         = 1048576                                   {product} {ergonomic}
    uintx GCDrainStackTargetSize                   = 64                                        {product} {ergonomic}
   size_t InitialHeapSize                          = 132120576                                 {product} {ergonomic}
   size_t MarkStackSize                            = 4194304                                   {product} {ergonomic}
   size_t MaxHeapSize                              = 2095054848                                {product} {ergonomic}
   size_t MaxNewSize                               = 1256194048                                {product} {ergonomic}
   size_t MinHeapDeltaBytes                        = 1048576                                   {product} {ergonomic}
   size_t MinHeapSize                              = 8388608                                   {product} {ergonomic}
    uintx NonNMethodCodeHeapSize                   = 5830732                                {pd product} {ergonomic}
    uintx NonProfiledCodeHeapSize                  = 122913754                              {pd product} {ergonomic}
    uintx ProfiledCodeHeapSize                     = 122913754                              {pd product} {ergonomic}
    uintx ReservedCodeCacheSize                    = 251658240                              {pd product} {ergonomic}
     bool SegmentedCodeCache                       = true                                      {product} {ergonomic}
   size_t SoftMaxHeapSize                          = 2095054848                             {manageable} {ergonomic}
     bool UseCompressedClassPointers               = true                                 {lp64_product} {ergonomic}
     bool UseCompressedOops                        = true                                 {lp64_product} {ergonomic}
     bool UseG1GC                                  = true                                      {product} {ergonomic}
     bool UseLargePagesIndividualAllocation        = false                                  {pd product} {ergonomic}

Logging:
Log output configuration:
 #0: stdout all=warning uptime,level,tags
 #1: stderr all=off uptime,level,tags

Environment Variables:
PATH=C:/Program Files/Java/jdk-13.0.1/bin/server;C:/Program Files/Java/jdk-13.0.1/bin;C:\Program Files\Common Files\Microsoft Shared\Windows Live;C:\Program Files (x86)\Common Files\Microsoft Shared\Windows Live;C:\Windows\system32;C:\Windows;C:\Windows\System32\Wbem;C:\Windows\System32\WindowsPowerShell\v1.0\;C:\Program Files\Dell\DW WLAN Card;C:\Program Files\WIDCOMM\Bluetooth Software\;C:\Program Files\WIDCOMM\Bluetooth Software\syswow64;C:\Program Files (x86)\Windows Live\Shared;C:\Program Files\dotnet\;C:\Program Files\Microsoft SQL Server\130\Tools\Binn\;C:\Program Files\nodejs\;;C:\Users\dell\AppData\Local\Programs\Microsoft VS Code\bin;C:\Users\dell\AppData\Roaming\npm;C:\Windows\system32;
USERNAME=dell
OS=Windows_NT
PROCESSOR_IDENTIFIER=Intel64 Family 6 Model 37 Stepping 5, GenuineIntel



---------------  S Y S T E M  ---------------

OS: Windows 7 , 64 bit Build 7601 (6.1.7601.23915)

CPU:total 4 (initial active 4) (2 cores per cpu, 2 threads per core) family 6 model 37 stepping 5, cmov, cx8, fxsr, mmx, sse, sse2, sse3, ssse3, sse4.1, sse4.2, popcnt, ht, tsc, tscinvbit

Memory: 4k page, system-wide physical 7990M (2581M free)
TotalPageFile size 15979M (AvailPageFile size 10264M)
current process WorkingSet (physical memory assigned to process): 235M, peak: 235M
current process commit charge ("private bytes"): 287M, peak: 301M

vm_info: Java HotSpot(TM) 64-Bit Server VM (13.0.1+9) for windows-amd64 JRE (13.0.1+9), built on Oct  6 2019 12:37:49 by "mach5one" with unknown MS VC++:1916

END.
