#
# A fatal error has been detected by the Java Runtime Environment:
#
#  EXCEPTION_ACCESS_VIOLATION (0xc0000005) at pc=0x000000e2ff410000, pid=7216, tid=8940
#
# JRE version: Java(TM) SE Runtime Environment (13.0.1+9) (build 13.0.1+9)
# Java VM: Java HotSpot(TM) 64-Bit Server VM (13.0.1+9, mixed mode, sharing, tiered, compressed oops, g1 gc, windows-amd64)
# Problematic frame:
# C  0x000000e2ff410000
#
# No core dump will be written. Minidumps are not enabled by default on client versions of Windows
#
# If you would like to submit a bug report, please visit:
#   http://bugreport.java.com/bugreport/crash.jsp
#

---------------  S U M M A R Y ------------

Command Line: -Dfile.encoding=UTF-8 com.example.CouponPhase3Application

Host: Intel(R) Core(TM) i5 CPU       M 480  @ 2.67GHz, 4 cores, 7G,  Windows 7 , 64 bit Build 7601 (6.1.7601.23915)
Time: Tue Aug  4 19:26:16 2020 Jerusalem Daylight Time elapsed time: 3 seconds (0d 0h 0m 3s)

---------------  T H R E A D  ---------------

Current thread (0x0000000021f31800):  JavaThread "C1 CompilerThread0" daemon [_thread_in_vm, id=8940, stack(0x0000000022320000,0x0000000022420000)]


Current CompileTask:
C1:   3519 2238       3       org.springframework.context.annotation.ConfigurationClassParser::collectImports (98 bytes)

Stack: [0x0000000022320000,0x0000000022420000],  sp=0x000000002241e478,  free space=1017k
Native frames: (J=compiled Java code, j=interpreted, Vv=VM code, C=native code)
C  0x000000e2ff410000


siginfo: EXCEPTION_ACCESS_VIOLATION (0xc0000005), data execution prevention violation at address 0x000000e2ff410000


Register to memory mapping:

RIP=0x000000e2ff410000 is an unknown value
RAX=0x0000000800000000 is pointing into metadata
RBX=0x000000080032d958 is pointing into metadata
RCX=0x000000080032d958 is pointing into metadata
RDX=0x000000080032d958 is pointing into metadata
RSP=0x000000002241e478 is pointing into the stack for thread: 0x0000000021f31800
RBP=0x000000080032d958 is pointing into metadata
RSI=0x0000000021f31800 is a thread
RDI=0x0000000021f35580 points into unknown readable memory: 88 f2 41 22 00 00 00 00
R8 =0x0 is NULL
R9 =0x000000002635c610 points into unknown readable memory: 50 cf 35 26 00 00 00 00
R10=0x0000000021f13440 points into unknown readable memory: 02 00 00 00 1e 00 00 00
R11={method} {0x000000080032d408} 'equals' '(Ljava/lang/Object;)Z' in 'java/lang/String'
R12=0x0000000021f23980 points into unknown readable memory: 90 c7 f1 21 00 00 00 00
R13=0x0 is NULL
R14=0x0000000000000020 is an unknown value
R15=0x0000000000000083 is an unknown value


Registers:
RAX=0x0000000800000000, RBX=0x000000080032d958, RCX=0x000000080032d958, RDX=0x000000080032d958
RSP=0x000000002241e478, RBP=0x000000080032d958, RSI=0x0000000021f31800, RDI=0x0000000021f35580
R8 =0x0000000000000000, R9 =0x000000002635c610, R10=0x0000000021f13440, R11=0x000000080032d400
R12=0x0000000021f23980, R13=0x0000000000000000, R14=0x0000000000000020, R15=0x0000000000000083
RIP=0x000000e2ff410000, EFLAGS=0x0000000000010202

Top of Stack: (sp=0x000000002241e478)
0x000000002241e478:   000007fee4a895cb 0000000000000002
0x000000002241e488:   000000002635cf50 00000000000000b9
0x000000002241e498:   000000002241f280 00000000258409b0
0x000000002241e4a8:   000007fee4a78665 0000000000000000
0x000000002241e4b8:   000007fee4a89e43 0000000000000030
0x000000002241e4c8:   0000000021f35580 0000000021f1c798
0x000000002241e4d8:   0000000000000000 00000000241d9330
0x000000002241e4e8:   00000000241d9320 0000000000000002
0x000000002241e4f8:   000007fee4a87c7b 0000000000000020
0x000000002241e508:   0000000000000001 000000080032d958
0x000000002241e518:   000007fee4eb48db 0000000021f1c798
0x000000002241e528:   0000000021620a38 0000000021f148f0
0x000000002241e538:   00000000241d9320 0000000000000000
0x000000002241e548:   000007fee4a86be0 00000000241d9330
0x000000002241e558:   000000002635cf50 0000000021f1c798
0x000000002241e568:   000000002241e6f0 00000000241d9300 

Instructions: (pc=0x000000e2ff410000)
0x000000e2ff40ff00:   ?? ?? ?? ?? ?? ?? ?? ?? ?? ?? ?? ?? ?? ?? ?? ??
0x000000e2ff40ff10:   ?? ?? ?? ?? ?? ?? ?? ?? ?? ?? ?? ?? ?? ?? ?? ??
0x000000e2ff40ff20:   ?? ?? ?? ?? ?? ?? ?? ?? ?? ?? ?? ?? ?? ?? ?? ??
0x000000e2ff40ff30:   ?? ?? ?? ?? ?? ?? ?? ?? ?? ?? ?? ?? ?? ?? ?? ??
0x000000e2ff40ff40:   ?? ?? ?? ?? ?? ?? ?? ?? ?? ?? ?? ?? ?? ?? ?? ??
0x000000e2ff40ff50:   ?? ?? ?? ?? ?? ?? ?? ?? ?? ?? ?? ?? ?? ?? ?? ??
0x000000e2ff40ff60:   ?? ?? ?? ?? ?? ?? ?? ?? ?? ?? ?? ?? ?? ?? ?? ??
0x000000e2ff40ff70:   ?? ?? ?? ?? ?? ?? ?? ?? ?? ?? ?? ?? ?? ?? ?? ??
0x000000e2ff40ff80:   ?? ?? ?? ?? ?? ?? ?? ?? ?? ?? ?? ?? ?? ?? ?? ??
0x000000e2ff40ff90:   ?? ?? ?? ?? ?? ?? ?? ?? ?? ?? ?? ?? ?? ?? ?? ??
0x000000e2ff40ffa0:   ?? ?? ?? ?? ?? ?? ?? ?? ?? ?? ?? ?? ?? ?? ?? ??
0x000000e2ff40ffb0:   ?? ?? ?? ?? ?? ?? ?? ?? ?? ?? ?? ?? ?? ?? ?? ??
0x000000e2ff40ffc0:   ?? ?? ?? ?? ?? ?? ?? ?? ?? ?? ?? ?? ?? ?? ?? ??
0x000000e2ff40ffd0:   ?? ?? ?? ?? ?? ?? ?? ?? ?? ?? ?? ?? ?? ?? ?? ??
0x000000e2ff40ffe0:   ?? ?? ?? ?? ?? ?? ?? ?? ?? ?? ?? ?? ?? ?? ?? ??
0x000000e2ff40fff0:   ?? ?? ?? ?? ?? ?? ?? ?? ?? ?? ?? ?? ?? ?? ?? ??
0x000000e2ff410000:   ?? ?? ?? ?? ?? ?? ?? ?? ?? ?? ?? ?? ?? ?? ?? ??
0x000000e2ff410010:   ?? ?? ?? ?? ?? ?? ?? ?? ?? ?? ?? ?? ?? ?? ?? ??
0x000000e2ff410020:   ?? ?? ?? ?? ?? ?? ?? ?? ?? ?? ?? ?? ?? ?? ?? ??
0x000000e2ff410030:   ?? ?? ?? ?? ?? ?? ?? ?? ?? ?? ?? ?? ?? ?? ?? ??
0x000000e2ff410040:   ?? ?? ?? ?? ?? ?? ?? ?? ?? ?? ?? ?? ?? ?? ?? ??
0x000000e2ff410050:   ?? ?? ?? ?? ?? ?? ?? ?? ?? ?? ?? ?? ?? ?? ?? ??
0x000000e2ff410060:   ?? ?? ?? ?? ?? ?? ?? ?? ?? ?? ?? ?? ?? ?? ?? ??
0x000000e2ff410070:   ?? ?? ?? ?? ?? ?? ?? ?? ?? ?? ?? ?? ?? ?? ?? ??
0x000000e2ff410080:   ?? ?? ?? ?? ?? ?? ?? ?? ?? ?? ?? ?? ?? ?? ?? ??
0x000000e2ff410090:   ?? ?? ?? ?? ?? ?? ?? ?? ?? ?? ?? ?? ?? ?? ?? ??
0x000000e2ff4100a0:   ?? ?? ?? ?? ?? ?? ?? ?? ?? ?? ?? ?? ?? ?? ?? ??
0x000000e2ff4100b0:   ?? ?? ?? ?? ?? ?? ?? ?? ?? ?? ?? ?? ?? ?? ?? ??
0x000000e2ff4100c0:   ?? ?? ?? ?? ?? ?? ?? ?? ?? ?? ?? ?? ?? ?? ?? ??
0x000000e2ff4100d0:   ?? ?? ?? ?? ?? ?? ?? ?? ?? ?? ?? ?? ?? ?? ?? ??
0x000000e2ff4100e0:   ?? ?? ?? ?? ?? ?? ?? ?? ?? ?? ?? ?? ?? ?? ?? ??
0x000000e2ff4100f0:   ?? ?? ?? ?? ?? ?? ?? ?? ?? ?? ?? ?? ?? ?? ?? ?? 


Stack slot to memory mapping:
stack at sp + 0 slots: 0x000007fee4a895cb jvm.dll
stack at sp + 1 slots: 0x0000000000000002 is an unknown value
stack at sp + 2 slots: 0x000000002635cf50 points into unknown readable memory: 10 98 12 e5 fe 07 00 00
stack at sp + 3 slots: 0x00000000000000b9 is an unknown value
stack at sp + 4 slots: 0x000000002241f280 is pointing into the stack for thread: 0x0000000021f31800
stack at sp + 5 slots: {method} {0x00000000258409b8} 'getClassName' '()Ljava/lang/String;' in 'org/springframework/core/type/AnnotationMetadata'
stack at sp + 6 slots: 0x000007fee4a78665 jvm.dll
stack at sp + 7 slots: 0x0 is NULL


---------------  P R O C E S S  ---------------

Threads class SMR info:
_java_thread_list=0x0000000023dfdeb0, length=11, elements={
0x0000000000479000, 0x0000000021f05800, 0x0000000021f06800, 0x0000000021f20000,
0x0000000021f21000, 0x0000000021f22000, 0x0000000021f31800, 0x0000000021f42800,
0x00000000229bb800, 0x00000000229c9800, 0x0000000022a65800
}

Java Threads: ( => current thread )
  0x0000000000479000 JavaThread "main" [_thread_blocked, id=1028, stack(0x0000000001f50000,0x0000000002050000)]
  0x0000000021f05800 JavaThread "Reference Handler" daemon [_thread_blocked, id=6604, stack(0x0000000022010000,0x0000000022110000)]
  0x0000000021f06800 JavaThread "Finalizer" daemon [_thread_blocked, id=5240, stack(0x00000000221c0000,0x00000000222c0000)]
  0x0000000021f20000 JavaThread "Signal Dispatcher" daemon [_thread_blocked, id=8308, stack(0x0000000022440000,0x0000000022540000)]
  0x0000000021f21000 JavaThread "Attach Listener" daemon [_thread_blocked, id=7740, stack(0x00000000225f0000,0x00000000226f0000)]
  0x0000000021f22000 JavaThread "C2 CompilerThread0" daemon [_thread_blocked, id=2132, stack(0x0000000022700000,0x0000000022800000)]
=>0x0000000021f31800 JavaThread "C1 CompilerThread0" daemon [_thread_in_vm, id=8940, stack(0x0000000022320000,0x0000000022420000)]
  0x0000000021f42800 JavaThread "Sweeper thread" daemon [_thread_blocked, id=5268, stack(0x0000000022870000,0x0000000022970000)]
  0x00000000229bb800 JavaThread "Service Thread" daemon [_thread_blocked, id=9192, stack(0x0000000022e80000,0x0000000022f80000)]
  0x00000000229c9800 JavaThread "Common-Cleaner" daemon [_thread_blocked, id=7196, stack(0x0000000023000000,0x0000000023100000)]
  0x0000000022a65800 JavaThread "C2 CompilerThread1" daemon [_thread_blocked, id=8852, stack(0x0000000023290000,0x0000000023390000)]

Other Threads:
  0x0000000021f01800 VMThread "VM Thread" [stack: 0x00000000213c0000,0x00000000214c0000] [id=7616] _threads_hazard_ptr=0x0000000023dfdeb0
  0x00000000229c8800 WatcherThread [stack: 0x0000000023110000,0x0000000023210000] [id=6884]
  0x00000000004bc800 GCTaskThread "GC Thread#0" [stack: 0x000000001e9b0000,0x000000001eab0000] [id=7160]
  0x0000000023de3800 GCTaskThread "GC Thread#1" [stack: 0x0000000024cd0000,0x0000000024dd0000] [id=3336]
  0x00000000237a6000 GCTaskThread "GC Thread#2" [stack: 0x0000000022d70000,0x0000000022e70000] [id=2276]
  0x00000000004ce000 ConcurrentGCThread "G1 Main Marker" [stack: 0x000000001ebd0000,0x000000001ecd0000] [id=8300]
  0x00000000004cf000 ConcurrentGCThread "G1 Conc#0" [stack: 0x000000001ed10000,0x000000001ee10000] [id=7668]
  0x0000000021097800 ConcurrentGCThread "G1 Refine#0" [stack: 0x0000000021260000,0x0000000021360000] [id=9072]
  0x000000002109b800 ConcurrentGCThread "G1 Young RemSet Sampling" [stack: 0x0000000021510000,0x0000000021610000] [id=7272]

Threads with active compile tasks:
C2 CompilerThread0     3550 2243       4       java.util.HashMap::putVal (300 bytes)
C1 CompilerThread0     3550 2238       3       org.springframework.context.annotation.ConfigurationClassParser::collectImports (98 bytes)

VM state:synchronizing (normal execution)

VM Mutex/Monitor currently owned by a thread:  ([mutex/lock_event])
[0x00000000004742c0] Threads_lock - owner thread: 0x0000000021f01800

Heap address: 0x0000000083200000, size: 1998 MB, Compressed Oops mode: 32-bit
Narrow klass base: 0x0000000800000000, Narrow klass shift: 3
Compressed class space size: 1073741824 Address: 0x0000000800b40000

Heap:
 garbage-first heap   total 129024K, used 25170K [0x0000000083200000, 0x0000000100000000)
  region size 1024K, 22 young (22528K), 5 survivors (5120K)
 Metaspace       used 14720K, capacity 15313K, committed 15616K, reserved 1062912K
  class space    used 1780K, capacity 1953K, committed 2048K, reserved 1048576K
Heap Regions: E=young(eden), S=young(survivor), O=old, HS=humongous(starts), HC=humongous(continues), CS=collection set, F=free, A=archive, TAMS=top-at-mark-start (previous, next)
|   0|0x0000000083200000, 0x0000000083300000, 0x0000000083300000|100%|HS|  |TAMS 0x0000000083200000, 0x0000000083200000| Complete 
|   1|0x0000000083300000, 0x0000000083400000, 0x0000000083400000|100%| O|  |TAMS 0x0000000083300000, 0x0000000083300000| Untracked 
|   2|0x0000000083400000, 0x0000000083500000, 0x0000000083500000|100%| O|  |TAMS 0x0000000083400000, 0x0000000083400000| Untracked 
|   3|0x0000000083500000, 0x00000000835cec00, 0x0000000083600000| 80%| O|  |TAMS 0x0000000083500000, 0x0000000083500000| Untracked 
|   4|0x0000000083600000, 0x0000000083600000, 0x0000000083700000|  0%| F|  |TAMS 0x0000000083600000, 0x0000000083600000| Untracked 
|   5|0x0000000083700000, 0x0000000083700000, 0x0000000083800000|  0%| F|  |TAMS 0x0000000083700000, 0x0000000083700000| Untracked 
|   6|0x0000000083800000, 0x0000000083800000, 0x0000000083900000|  0%| F|  |TAMS 0x0000000083800000, 0x0000000083800000| Untracked 
|   7|0x0000000083900000, 0x0000000083900000, 0x0000000083a00000|  0%| F|  |TAMS 0x0000000083900000, 0x0000000083900000| Untracked 
|   8|0x0000000083a00000, 0x0000000083a00000, 0x0000000083b00000|  0%| F|  |TAMS 0x0000000083a00000, 0x0000000083a00000| Untracked 
|   9|0x0000000083b00000, 0x0000000083b00000, 0x0000000083c00000|  0%| F|  |TAMS 0x0000000083b00000, 0x0000000083b00000| Untracked 
|  10|0x0000000083c00000, 0x0000000083c00000, 0x0000000083d00000|  0%| F|  |TAMS 0x0000000083c00000, 0x0000000083c00000| Untracked 
|  11|0x0000000083d00000, 0x0000000083d00000, 0x0000000083e00000|  0%| F|  |TAMS 0x0000000083d00000, 0x0000000083d00000| Untracked 
|  12|0x0000000083e00000, 0x0000000083e00000, 0x0000000083f00000|  0%| F|  |TAMS 0x0000000083e00000, 0x0000000083e00000| Untracked 
|  13|0x0000000083f00000, 0x0000000083f00000, 0x0000000084000000|  0%| F|  |TAMS 0x0000000083f00000, 0x0000000083f00000| Untracked 
|  14|0x0000000084000000, 0x0000000084000000, 0x0000000084100000|  0%| F|  |TAMS 0x0000000084000000, 0x0000000084000000| Untracked 
|  15|0x0000000084100000, 0x0000000084100000, 0x0000000084200000|  0%| F|  |TAMS 0x0000000084100000, 0x0000000084100000| Untracked 
|  16|0x0000000084200000, 0x0000000084200000, 0x0000000084300000|  0%| F|  |TAMS 0x0000000084200000, 0x0000000084200000| Untracked 
|  17|0x0000000084300000, 0x0000000084300000, 0x0000000084400000|  0%| F|  |TAMS 0x0000000084300000, 0x0000000084300000| Untracked 
|  18|0x0000000084400000, 0x0000000084400000, 0x0000000084500000|  0%| F|  |TAMS 0x0000000084400000, 0x0000000084400000| Untracked 
|  19|0x0000000084500000, 0x0000000084500000, 0x0000000084600000|  0%| F|  |TAMS 0x0000000084500000, 0x0000000084500000| Untracked 
|  20|0x0000000084600000, 0x0000000084600000, 0x0000000084700000|  0%| F|  |TAMS 0x0000000084600000, 0x0000000084600000| Untracked 
|  21|0x0000000084700000, 0x0000000084700000, 0x0000000084800000|  0%| F|  |TAMS 0x0000000084700000, 0x0000000084700000| Untracked 
|  22|0x0000000084800000, 0x0000000084800000, 0x0000000084900000|  0%| F|  |TAMS 0x0000000084800000, 0x0000000084800000| Untracked 
|  23|0x0000000084900000, 0x0000000084900000, 0x0000000084a00000|  0%| F|  |TAMS 0x0000000084900000, 0x0000000084900000| Untracked 
|  24|0x0000000084a00000, 0x0000000084a00000, 0x0000000084b00000|  0%| F|  |TAMS 0x0000000084a00000, 0x0000000084a00000| Untracked 
|  25|0x0000000084b00000, 0x0000000084b00000, 0x0000000084c00000|  0%| F|  |TAMS 0x0000000084b00000, 0x0000000084b00000| Untracked 
|  26|0x0000000084c00000, 0x0000000084c00000, 0x0000000084d00000|  0%| F|  |TAMS 0x0000000084c00000, 0x0000000084c00000| Untracked 
|  27|0x0000000084d00000, 0x0000000084d00000, 0x0000000084e00000|  0%| F|  |TAMS 0x0000000084d00000, 0x0000000084d00000| Untracked 
|  28|0x0000000084e00000, 0x0000000084e00000, 0x0000000084f00000|  0%| F|  |TAMS 0x0000000084e00000, 0x0000000084e00000| Untracked 
|  29|0x0000000084f00000, 0x0000000084f00000, 0x0000000085000000|  0%| F|  |TAMS 0x0000000084f00000, 0x0000000084f00000| Untracked 
|  30|0x0000000085000000, 0x0000000085000000, 0x0000000085100000|  0%| F|  |TAMS 0x0000000085000000, 0x0000000085000000| Untracked 
|  31|0x0000000085100000, 0x0000000085100000, 0x0000000085200000|  0%| F|  |TAMS 0x0000000085100000, 0x0000000085100000| Untracked 
|  32|0x0000000085200000, 0x0000000085200000, 0x0000000085300000|  0%| F|  |TAMS 0x0000000085200000, 0x0000000085200000| Untracked 
|  33|0x0000000085300000, 0x0000000085300000, 0x0000000085400000|  0%| F|  |TAMS 0x0000000085300000, 0x0000000085300000| Untracked 
|  34|0x0000000085400000, 0x0000000085400000, 0x0000000085500000|  0%| F|  |TAMS 0x0000000085400000, 0x0000000085400000| Untracked 
|  35|0x0000000085500000, 0x0000000085500000, 0x0000000085600000|  0%| F|  |TAMS 0x0000000085500000, 0x0000000085500000| Untracked 
|  36|0x0000000085600000, 0x0000000085600000, 0x0000000085700000|  0%| F|  |TAMS 0x0000000085600000, 0x0000000085600000| Untracked 
|  37|0x0000000085700000, 0x0000000085700000, 0x0000000085800000|  0%| F|  |TAMS 0x0000000085700000, 0x0000000085700000| Untracked 
|  38|0x0000000085800000, 0x0000000085800000, 0x0000000085900000|  0%| F|  |TAMS 0x0000000085800000, 0x0000000085800000| Untracked 
|  39|0x0000000085900000, 0x0000000085900000, 0x0000000085a00000|  0%| F|  |TAMS 0x0000000085900000, 0x0000000085900000| Untracked 
|  40|0x0000000085a00000, 0x0000000085a00000, 0x0000000085b00000|  0%| F|  |TAMS 0x0000000085a00000, 0x0000000085a00000| Untracked 
|  41|0x0000000085b00000, 0x0000000085b00000, 0x0000000085c00000|  0%| F|  |TAMS 0x0000000085b00000, 0x0000000085b00000| Untracked 
|  42|0x0000000085c00000, 0x0000000085c00000, 0x0000000085d00000|  0%| F|  |TAMS 0x0000000085c00000, 0x0000000085c00000| Untracked 
|  43|0x0000000085d00000, 0x0000000085d00000, 0x0000000085e00000|  0%| F|  |TAMS 0x0000000085d00000, 0x0000000085d00000| Untracked 
|  44|0x0000000085e00000, 0x0000000085e00000, 0x0000000085f00000|  0%| F|  |TAMS 0x0000000085e00000, 0x0000000085e00000| Untracked 
|  45|0x0000000085f00000, 0x0000000085f00000, 0x0000000086000000|  0%| F|  |TAMS 0x0000000085f00000, 0x0000000085f00000| Untracked 
|  46|0x0000000086000000, 0x00000000860c5ca0, 0x0000000086100000| 77%| S|CS|TAMS 0x0000000086000000, 0x0000000086000000| Complete 
|  47|0x0000000086100000, 0x0000000086200000, 0x0000000086200000|100%| S|CS|TAMS 0x0000000086100000, 0x0000000086100000| Complete 
|  48|0x0000000086200000, 0x0000000086300000, 0x0000000086300000|100%| S|CS|TAMS 0x0000000086200000, 0x0000000086200000| Complete 
|  49|0x0000000086300000, 0x0000000086400000, 0x0000000086400000|100%| S|CS|TAMS 0x0000000086300000, 0x0000000086300000| Complete 
|  50|0x0000000086400000, 0x0000000086500000, 0x0000000086500000|100%| S|CS|TAMS 0x0000000086400000, 0x0000000086400000| Complete 
|  51|0x0000000086500000, 0x0000000086500000, 0x0000000086600000|  0%| F|  |TAMS 0x0000000086500000, 0x0000000086500000| Untracked 
|  52|0x0000000086600000, 0x0000000086600000, 0x0000000086700000|  0%| F|  |TAMS 0x0000000086600000, 0x0000000086600000| Untracked 
|  53|0x0000000086700000, 0x0000000086700000, 0x0000000086800000|  0%| F|  |TAMS 0x0000000086700000, 0x0000000086700000| Untracked 
|  54|0x0000000086800000, 0x0000000086800000, 0x0000000086900000|  0%| F|  |TAMS 0x0000000086800000, 0x0000000086800000| Untracked 
|  55|0x0000000086900000, 0x0000000086900000, 0x0000000086a00000|  0%| F|  |TAMS 0x0000000086900000, 0x0000000086900000| Untracked 
|  56|0x0000000086a00000, 0x0000000086a00000, 0x0000000086b00000|  0%| F|  |TAMS 0x0000000086a00000, 0x0000000086a00000| Untracked 
|  57|0x0000000086b00000, 0x0000000086b00000, 0x0000000086c00000|  0%| F|  |TAMS 0x0000000086b00000, 0x0000000086b00000| Untracked 
|  58|0x0000000086c00000, 0x0000000086c00000, 0x0000000086d00000|  0%| F|  |TAMS 0x0000000086c00000, 0x0000000086c00000| Untracked 
|  59|0x0000000086d00000, 0x0000000086d00000, 0x0000000086e00000|  0%| F|  |TAMS 0x0000000086d00000, 0x0000000086d00000| Untracked 
|  60|0x0000000086e00000, 0x0000000086e00000, 0x0000000086f00000|  0%| F|  |TAMS 0x0000000086e00000, 0x0000000086e00000| Untracked 
|  61|0x0000000086f00000, 0x0000000086f00000, 0x0000000087000000|  0%| F|  |TAMS 0x0000000086f00000, 0x0000000086f00000| Untracked 
|  62|0x0000000087000000, 0x0000000087000000, 0x0000000087100000|  0%| F|  |TAMS 0x0000000087000000, 0x0000000087000000| Untracked 
|  63|0x0000000087100000, 0x0000000087100000, 0x0000000087200000|  0%| F|  |TAMS 0x0000000087100000, 0x0000000087100000| Untracked 
|  64|0x0000000087200000, 0x0000000087200000, 0x0000000087300000|  0%| F|  |TAMS 0x0000000087200000, 0x0000000087200000| Untracked 
|  65|0x0000000087300000, 0x0000000087300000, 0x0000000087400000|  0%| F|  |TAMS 0x0000000087300000, 0x0000000087300000| Untracked 
|  66|0x0000000087400000, 0x0000000087400000, 0x0000000087500000|  0%| F|  |TAMS 0x0000000087400000, 0x0000000087400000| Untracked 
|  67|0x0000000087500000, 0x0000000087500000, 0x0000000087600000|  0%| F|  |TAMS 0x0000000087500000, 0x0000000087500000| Untracked 
|  68|0x0000000087600000, 0x0000000087600000, 0x0000000087700000|  0%| F|  |TAMS 0x0000000087600000, 0x0000000087600000| Untracked 
|  69|0x0000000087700000, 0x0000000087700000, 0x0000000087800000|  0%| F|  |TAMS 0x0000000087700000, 0x0000000087700000| Untracked 
|  70|0x0000000087800000, 0x0000000087800000, 0x0000000087900000|  0%| F|  |TAMS 0x0000000087800000, 0x0000000087800000| Untracked 
|  71|0x0000000087900000, 0x0000000087900000, 0x0000000087a00000|  0%| F|  |TAMS 0x0000000087900000, 0x0000000087900000| Untracked 
|  72|0x0000000087a00000, 0x0000000087a00000, 0x0000000087b00000|  0%| F|  |TAMS 0x0000000087a00000, 0x0000000087a00000| Untracked 
|  73|0x0000000087b00000, 0x0000000087b00000, 0x0000000087c00000|  0%| F|  |TAMS 0x0000000087b00000, 0x0000000087b00000| Untracked 
|  74|0x0000000087c00000, 0x0000000087c00000, 0x0000000087d00000|  0%| F|  |TAMS 0x0000000087c00000, 0x0000000087c00000| Untracked 
|  75|0x0000000087d00000, 0x0000000087d00000, 0x0000000087e00000|  0%| F|  |TAMS 0x0000000087d00000, 0x0000000087d00000| Untracked 
|  76|0x0000000087e00000, 0x0000000087e00000, 0x0000000087f00000|  0%| F|  |TAMS 0x0000000087e00000, 0x0000000087e00000| Untracked 
|  77|0x0000000087f00000, 0x0000000087f00000, 0x0000000088000000|  0%| F|  |TAMS 0x0000000087f00000, 0x0000000087f00000| Untracked 
|  78|0x0000000088000000, 0x0000000088000000, 0x0000000088100000|  0%| F|  |TAMS 0x0000000088000000, 0x0000000088000000| Untracked 
|  79|0x0000000088100000, 0x0000000088100000, 0x0000000088200000|  0%| F|  |TAMS 0x0000000088100000, 0x0000000088100000| Untracked 
|  80|0x0000000088200000, 0x0000000088200000, 0x0000000088300000|  0%| F|  |TAMS 0x0000000088200000, 0x0000000088200000| Untracked 
|  81|0x0000000088300000, 0x0000000088300000, 0x0000000088400000|  0%| F|  |TAMS 0x0000000088300000, 0x0000000088300000| Untracked 
|  82|0x0000000088400000, 0x0000000088400000, 0x0000000088500000|  0%| F|  |TAMS 0x0000000088400000, 0x0000000088400000| Untracked 
|  83|0x0000000088500000, 0x0000000088500000, 0x0000000088600000|  0%| F|  |TAMS 0x0000000088500000, 0x0000000088500000| Untracked 
|  84|0x0000000088600000, 0x0000000088600000, 0x0000000088700000|  0%| F|  |TAMS 0x0000000088600000, 0x0000000088600000| Untracked 
|  85|0x0000000088700000, 0x0000000088700000, 0x0000000088800000|  0%| F|  |TAMS 0x0000000088700000, 0x0000000088700000| Untracked 
|  86|0x0000000088800000, 0x0000000088800000, 0x0000000088900000|  0%| F|  |TAMS 0x0000000088800000, 0x0000000088800000| Untracked 
|  87|0x0000000088900000, 0x0000000088900000, 0x0000000088a00000|  0%| F|  |TAMS 0x0000000088900000, 0x0000000088900000| Untracked 
|  88|0x0000000088a00000, 0x0000000088a00000, 0x0000000088b00000|  0%| F|  |TAMS 0x0000000088a00000, 0x0000000088a00000| Untracked 
|  89|0x0000000088b00000, 0x0000000088b00000, 0x0000000088c00000|  0%| F|  |TAMS 0x0000000088b00000, 0x0000000088b00000| Untracked 
|  90|0x0000000088c00000, 0x0000000088c00000, 0x0000000088d00000|  0%| F|  |TAMS 0x0000000088c00000, 0x0000000088c00000| Untracked 
|  91|0x0000000088d00000, 0x0000000088d00000, 0x0000000088e00000|  0%| F|  |TAMS 0x0000000088d00000, 0x0000000088d00000| Untracked 
|  92|0x0000000088e00000, 0x0000000088e00000, 0x0000000088f00000|  0%| F|  |TAMS 0x0000000088e00000, 0x0000000088e00000| Untracked 
|  93|0x0000000088f00000, 0x0000000088f00000, 0x0000000089000000|  0%| F|  |TAMS 0x0000000088f00000, 0x0000000088f00000| Untracked 
|  94|0x0000000089000000, 0x0000000089000000, 0x0000000089100000|  0%| F|  |TAMS 0x0000000089000000, 0x0000000089000000| Untracked 
|  95|0x0000000089100000, 0x0000000089100000, 0x0000000089200000|  0%| F|  |TAMS 0x0000000089100000, 0x0000000089100000| Untracked 
|  96|0x0000000089200000, 0x0000000089200000, 0x0000000089300000|  0%| F|  |TAMS 0x0000000089200000, 0x0000000089200000| Untracked 
|  97|0x0000000089300000, 0x0000000089300000, 0x0000000089400000|  0%| F|  |TAMS 0x0000000089300000, 0x0000000089300000| Untracked 
|  98|0x0000000089400000, 0x0000000089400000, 0x0000000089500000|  0%| F|  |TAMS 0x0000000089400000, 0x0000000089400000| Untracked 
|  99|0x0000000089500000, 0x0000000089500000, 0x0000000089600000|  0%| F|  |TAMS 0x0000000089500000, 0x0000000089500000| Untracked 
| 100|0x0000000089600000, 0x0000000089600000, 0x0000000089700000|  0%| F|  |TAMS 0x0000000089600000, 0x0000000089600000| Untracked 
| 101|0x0000000089700000, 0x0000000089700000, 0x0000000089800000|  0%| F|  |TAMS 0x0000000089700000, 0x0000000089700000| Untracked 
| 102|0x0000000089800000, 0x0000000089800000, 0x0000000089900000|  0%| F|  |TAMS 0x0000000089800000, 0x0000000089800000| Untracked 
| 103|0x0000000089900000, 0x0000000089900000, 0x0000000089a00000|  0%| F|  |TAMS 0x0000000089900000, 0x0000000089900000| Untracked 
| 104|0x0000000089a00000, 0x0000000089a00000, 0x0000000089b00000|  0%| F|  |TAMS 0x0000000089a00000, 0x0000000089a00000| Untracked 
| 105|0x0000000089b00000, 0x0000000089b00000, 0x0000000089c00000|  0%| F|  |TAMS 0x0000000089b00000, 0x0000000089b00000| Untracked 
| 106|0x0000000089c00000, 0x0000000089c00000, 0x0000000089d00000|  0%| F|  |TAMS 0x0000000089c00000, 0x0000000089c00000| Untracked 
| 107|0x0000000089d00000, 0x0000000089d00000, 0x0000000089e00000|  0%| F|  |TAMS 0x0000000089d00000, 0x0000000089d00000| Untracked 
| 108|0x0000000089e00000, 0x0000000089e00000, 0x0000000089f00000|  0%| F|  |TAMS 0x0000000089e00000, 0x0000000089e00000| Untracked 
| 109|0x0000000089f00000, 0x000000008a000000, 0x000000008a000000|100%| E|  |TAMS 0x0000000089f00000, 0x0000000089f00000| Complete 
| 110|0x000000008a000000, 0x000000008a100000, 0x000000008a100000|100%| E|CS|TAMS 0x000000008a000000, 0x000000008a000000| Complete 
| 111|0x000000008a100000, 0x000000008a200000, 0x000000008a200000|100%| E|CS|TAMS 0x000000008a100000, 0x000000008a100000| Complete 
| 112|0x000000008a200000, 0x000000008a300000, 0x000000008a300000|100%| E|CS|TAMS 0x000000008a200000, 0x000000008a200000| Complete 
| 113|0x000000008a300000, 0x000000008a400000, 0x000000008a400000|100%| E|CS|TAMS 0x000000008a300000, 0x000000008a300000| Complete 
| 114|0x000000008a400000, 0x000000008a500000, 0x000000008a500000|100%| E|CS|TAMS 0x000000008a400000, 0x000000008a400000| Complete 
| 115|0x000000008a500000, 0x000000008a600000, 0x000000008a600000|100%| E|CS|TAMS 0x000000008a500000, 0x000000008a500000| Complete 
| 116|0x000000008a600000, 0x000000008a700000, 0x000000008a700000|100%| E|CS|TAMS 0x000000008a600000, 0x000000008a600000| Complete 
| 117|0x000000008a700000, 0x000000008a800000, 0x000000008a800000|100%| E|CS|TAMS 0x000000008a700000, 0x000000008a700000| Complete 
| 118|0x000000008a800000, 0x000000008a900000, 0x000000008a900000|100%| E|CS|TAMS 0x000000008a800000, 0x000000008a800000| Complete 
| 119|0x000000008a900000, 0x000000008aa00000, 0x000000008aa00000|100%| E|CS|TAMS 0x000000008a900000, 0x000000008a900000| Complete 
| 120|0x000000008aa00000, 0x000000008ab00000, 0x000000008ab00000|100%| E|CS|TAMS 0x000000008aa00000, 0x000000008aa00000| Complete 
| 121|0x000000008ab00000, 0x000000008ac00000, 0x000000008ac00000|100%| E|CS|TAMS 0x000000008ab00000, 0x000000008ab00000| Complete 
| 122|0x000000008ac00000, 0x000000008ad00000, 0x000000008ad00000|100%| E|CS|TAMS 0x000000008ac00000, 0x000000008ac00000| Complete 
| 123|0x000000008ad00000, 0x000000008ae00000, 0x000000008ae00000|100%| E|CS|TAMS 0x000000008ad00000, 0x000000008ad00000| Complete 
| 124|0x000000008ae00000, 0x000000008af00000, 0x000000008af00000|100%| E|CS|TAMS 0x000000008ae00000, 0x000000008ae00000| Complete 
| 125|0x000000008af00000, 0x000000008b000000, 0x000000008b000000|100%| E|CS|TAMS 0x000000008af00000, 0x000000008af00000| Complete 

Card table byte_map: [0x000000001a220000,0x000000001a610000] _byte_map_base: 0x0000000019e07000

Marking Bits (Prev, Next): (CMBitMap*) 0x00000000004bd558, (CMBitMap*) 0x00000000004bd598
 Prev Bits: [0x000000001aa00000, 0x000000001c938000)
 Next Bits: [0x000000001c940000, 0x000000001e878000)

Polling page: 0x0000000000110000

Metaspace:

Usage:
  Non-class:     13.05 MB capacity,    12.64 MB ( 97%) used,   373.27 KB (  3%) free+waste,    46.19 KB ( <1%) overhead. 
      Class:      1.91 MB capacity,     1.74 MB ( 91%) used,   148.57 KB (  8%) free+waste,    24.06 KB (  1%) overhead. 
       Both:     14.95 MB capacity,    14.38 MB ( 96%) used,   521.84 KB (  3%) free+waste,    70.25 KB ( <1%) overhead. 

Virtual space:
  Non-class space:       14.00 MB reserved,      13.25 MB ( 95%) committed 
      Class space:        1.00 GB reserved,       2.00 MB ( <1%) committed 
             Both:        1.01 GB reserved,      15.25 MB (  1%) committed 

Chunk freelists:
   Non-Class:  16.00 KB
       Class:  0 bytes
        Both:  16.00 KB

MaxMetaspaceSize: 17179869184.00 GB
CompressedClassSpaceSize: 1.00 GB

CodeHeap 'non-profiled nmethods': size=120064Kb used=982Kb max_used=982Kb free=119081Kb
 bounds [0x0000000012210000, 0x0000000012480000, 0x0000000019750000]
CodeHeap 'profiled nmethods': size=120000Kb used=4891Kb max_used=4891Kb free=115108Kb
 bounds [0x000000000ace0000, 0x000000000b1b0000, 0x0000000012210000]
CodeHeap 'non-nmethods': size=5696Kb used=1199Kb max_used=1255Kb free=4496Kb
 bounds [0x000000000a750000, 0x000000000a9c0000, 0x000000000ace0000]
 total_blobs=3488 nmethods=2238 adapters=368
 compilation: enabled
              stopped_count=0, restarted_count=0
 full_count=0

Compilation events (20 events):
Event: 3.467 Thread 0x0000000021f31800 2229       3       sun.reflect.annotation.AnnotationInvocationHandler::<init> (51 bytes)
Event: 3.468 Thread 0x0000000021f31800 nmethod 2229 0x000000000b1a3b90 code [0x000000000b1a3da0, 0x000000000b1a4350]
Event: 3.470 Thread 0x0000000021f31800 2230       3       org.springframework.core.type.AnnotationMetadata::hasMetaAnnotation (23 bytes)
Event: 3.470 Thread 0x0000000021f31800 nmethod 2230 0x000000000b1a4590 code [0x000000000b1a4780, 0x000000000b1a4d10]
Event: 3.481 Thread 0x0000000021f31800 2231       3       java.lang.Class::getDeclaredAnnotations (11 bytes)
Event: 3.482 Thread 0x0000000021f31800 nmethod 2231 0x000000000b1a4e90 code [0x000000000b1a5080, 0x000000000b1a5550]
Event: 3.484 Thread 0x0000000021f22000 2232       4       java.util.Collections::emptySet (4 bytes)
Event: 3.484 Thread 0x0000000021f22000 nmethod 2232 0x0000000012301d10 code [0x0000000012301ea0, 0x0000000012301ef8]
Event: 3.486 Thread 0x0000000021f31800 2233       3       org.springframework.context.annotation.ConfigurationClassParser::access$900 (4 bytes)
Event: 3.486 Thread 0x0000000021f31800 nmethod 2233 0x000000000b1a5690 code [0x000000000b1a5820, 0x000000000b1a5978]
Event: 3.487 Thread 0x0000000021f31800 2234       3       org.springframework.core.type.classreading.SimpleAnnotationMetadata::getAnnotationTypes (24 bytes)
Event: 3.487 Thread 0x0000000021f31800 nmethod 2234 0x000000000b1a5a10 code [0x000000000b1a5c00, 0x000000000b1a61a0]
Event: 3.490 Thread 0x0000000021f31800 2235       3       jdk.internal.loader.URLClassPath$FileLoader::findResource (18 bytes)
Event: 3.491 Thread 0x0000000021f31800 nmethod 2235 0x000000000b1a6390 code [0x000000000b1a6560, 0x000000000b1a6840]
Event: 3.492 Thread 0x0000000021f22000 2236 %     4       org.springframework.asm.ClassReader::<init> @ 110 (371 bytes)
Event: 3.492 Thread 0x0000000021f31800 2237       3       org.springframework.core.type.StandardClassMetadata::getClassName (8 bytes)
Event: 3.492 Thread 0x0000000021f31800 nmethod 2237 0x000000000b1a6910 code [0x000000000b1a6ac0, 0x000000000b1a6d30]
Event: 3.493 Thread 0x0000000021f31800 2238       3       org.springframework.context.annotation.ConfigurationClassParser::collectImports (98 bytes)
Event: 3.502 Thread 0x0000000021f22000 nmethod 2236% 0x0000000012302010 code [0x00000000123021a0, 0x0000000012302638]
Event: 3.502 Thread 0x0000000021f22000 2243       4       java.util.HashMap::putVal (300 bytes)

GC Heap History (4 events):
Event: 1.055 GC heap before
{Heap before GC invocations=0 (full 0):
 garbage-first heap   total 129024K, used 14336K [0x0000000083200000, 0x0000000100000000)
  region size 1024K, 14 young (14336K), 0 survivors (0K)
 Metaspace       used 2476K, capacity 5641K, committed 5760K, reserved 1056768K
  class space    used 232K, capacity 542K, committed 640K, reserved 1048576K
}
Event: 1.073 GC heap after
{Heap after GC invocations=1 (full 0):
 garbage-first heap   total 129024K, used 5947K [0x0000000083200000, 0x0000000100000000)
  region size 1024K, 2 young (2048K), 2 survivors (2048K)
 Metaspace       used 2476K, capacity 5641K, committed 5760K, reserved 1056768K
  class space    used 232K, capacity 542K, committed 640K, reserved 1048576K
}
Event: 2.965 GC heap before
{Heap before GC invocations=1 (full 0):
 garbage-first heap   total 129024K, used 80699K [0x0000000083200000, 0x0000000100000000)
  region size 1024K, 75 young (76800K), 2 survivors (2048K)
 Metaspace       used 14492K, capacity 15232K, committed 15360K, reserved 1062912K
  class space    used 1767K, capacity 1948K, committed 2048K, reserved 1048576K
}
Event: 2.978 GC heap after
{Heap after GC invocations=2 (full 0):
 garbage-first heap   total 129024K, used 8786K [0x0000000083200000, 0x0000000100000000)
  region size 1024K, 5 young (5120K), 5 survivors (5120K)
 Metaspace       used 14492K, capacity 15232K, committed 15360K, reserved 1062912K
  class space    used 1767K, capacity 1948K, committed 2048K, reserved 1048576K
}

Deoptimization events (20 events):
Event: 3.022 Thread 0x0000000000479000 DEOPT PACKING pc=0x000000000ad2b3db sp=0x000000000204db70
Event: 3.023 Thread 0x0000000000479000 DEOPT UNPACKING pc=0x000000000a79993f sp=0x000000000204d0b0 mode 0
Event: 3.043 Thread 0x0000000000479000 DEOPT PACKING pc=0x000000000ad2b3db sp=0x000000000204d990
Event: 3.043 Thread 0x0000000000479000 DEOPT UNPACKING pc=0x000000000a79993f sp=0x000000000204ced0 mode 0
Event: 3.345 Thread 0x0000000000479000 Uncommon trap: trap_request=0xffffff45 fr.pc=0x00000000122d3e58 relative=0x0000000000000698
Event: 3.345 Thread 0x0000000000479000 Uncommon trap: reason=unstable_if action=reinterpret pc=0x00000000122d3e58 method=org.springframework.asm.ClassReader.readUtf(II[C)Ljava/lang/String; @ 41 c2
Event: 3.346 Thread 0x0000000000479000 DEOPT PACKING pc=0x00000000122d3e58 sp=0x000000000204d870
Event: 3.346 Thread 0x0000000000479000 DEOPT UNPACKING pc=0x000000000a799429 sp=0x000000000204d788 mode 2
Event: 3.346 Thread 0x0000000000479000 Uncommon trap: trap_request=0xffffff45 fr.pc=0x00000000122c5bd4 relative=0x0000000000000594
Event: 3.346 Thread 0x0000000000479000 Uncommon trap: reason=unstable_if action=reinterpret pc=0x00000000122c5bd4 method=org.springframework.asm.ClassReader.readUtf(II[C)Ljava/lang/String; @ 41 c2
Event: 3.346 Thread 0x0000000000479000 DEOPT PACKING pc=0x00000000122c5bd4 sp=0x000000000204d7b0
Event: 3.346 Thread 0x0000000000479000 DEOPT UNPACKING pc=0x000000000a799429 sp=0x000000000204d778 mode 2
Event: 3.428 Thread 0x0000000000479000 DEOPT PACKING pc=0x000000000b05de3c sp=0x000000000204d570
Event: 3.428 Thread 0x0000000000479000 DEOPT UNPACKING pc=0x000000000a79993f sp=0x000000000204cb10 mode 0
Event: 3.453 Thread 0x0000000000479000 Uncommon trap: trap_request=0xffffffde fr.pc=0x00000000122371b4 relative=0x0000000000000194
Event: 3.453 Thread 0x0000000000479000 Uncommon trap: reason=class_check action=maybe_recompile pc=0x00000000122371b4 method=java.lang.String.equals(Ljava/lang/Object;)Z @ 8 c2
Event: 3.453 Thread 0x0000000000479000 DEOPT PACKING pc=0x00000000122371b4 sp=0x000000000204c940
Event: 3.453 Thread 0x0000000000479000 DEOPT UNPACKING pc=0x000000000a799429 sp=0x000000000204c8d8 mode 2
Event: 3.495 Thread 0x0000000000479000 DEOPT PACKING pc=0x000000000b05de3c sp=0x000000000204d580
Event: 3.495 Thread 0x0000000000479000 DEOPT UNPACKING pc=0x000000000a79993f sp=0x000000000204cb20 mode 0

Classes unloaded (0 events):
No events

Classes redefined (0 events):
No events

Internal exceptions (20 events):
Event: 2.011 Thread 0x0000000023c5e000 Exception <a 'java/lang/NoSuchMethodError'{0x0000000088194818}: 'long java.lang.invoke.DirectMethodHandle$Holder.invokeInterface(java.lang.Object, java.lang.Object)'> (0x0000000088194818) 
thrown [t:/workspace/open/src/hotspot/share/interpreter/linkResolver.cpp, line 767]
Event: 2.012 Thread 0x0000000023c5e000 Exception <a 'java/lang/IncompatibleClassChangeError'{0x0000000088197340}: Found class java.lang.Object, but interface was expected> (0x0000000088197340) 
thrown [t:/workspace/open/src/hotspot/share/interpreter/linkResolver.cpp, line 833]
Event: 2.024 Thread 0x0000000023c5e000 Exception <a 'java/lang/NoSuchMethodError'{0x0000000088054738}: 'java.lang.Object java.lang.invoke.DirectMethodHandle$Holder.invokeVirtual(java.lang.Object, java.lang.Object, java.lang.Object, java.lang.Object)'> (0x0000000088054738) 
thrown [t:/workspace/open/src/hotspot/share/interpreter/linkResolver.cpp, line 767]
Event: 2.111 Thread 0x0000000000479000 Exception <a 'java/lang/NoClassDefFoundError'{0x0000000087cfd800}: javax/validation/ValidationException> (0x0000000087cfd800) 
thrown [t:/workspace/open/src/hotspot/share/classfile/systemDictionary.cpp, line 221]
Event: 2.148 Thread 0x0000000000479000 Exception <a 'java/lang/NoSuchMethodError'{0x0000000087a99618}: 'org.slf4j.impl.StaticMDCBinder org.slf4j.impl.StaticMDCBinder.getSingleton()'> (0x0000000087a99618) 
thrown [t:/workspace/open/src/hotspot/share/interpreter/linkResolver.cpp, line 767]
Event: 2.150 Thread 0x0000000000479000 Implicit null exception at 0x00000000122560e5 to 0x00000000122562f6
Event: 2.375 Thread 0x0000000000479000 Exception <a 'java/lang/ClassNotFoundException'{0x0000000087305f28}: java/lang/ObjectCustomizer> (0x0000000087305f28) 
thrown [t:/workspace/open/src/hotspot/share/classfile/systemDictionary.cpp, line 232]
Event: 2.378 Thread 0x0000000000479000 Exception <a 'java/lang/IncompatibleClassChangeError'{0x000000008730ae20}: Found class java.lang.Object, but interface was expected> (0x000000008730ae20) 
thrown [t:/workspace/open/src/hotspot/share/interpreter/linkResolver.cpp, line 833]
Event: 2.388 Thread 0x0000000000479000 Exception <a 'java/lang/ClassNotFoundException'{0x0000000087341078}: org/springframework/context/annotation/ConfigurationClassPostProcessorCustomizer> (0x0000000087341078) 
thrown [t:/workspace/open/src/hotspot/share/classfile/systemDictionary.cpp, line 232]
Event: 2.403 Thread 0x0000000000479000 Exception <a 'java/lang/ClassNotFoundException'{0x00000000873bbb78}: org/springframework/beans/factory/support/BeanDefinitionRegistryPostProcessorCustomizer> (0x00000000873bbb78) 
thrown [t:/workspace/open/src/hotspot/share/classfile/systemDictionary.cpp, line 232]
Event: 2.404 Thread 0x0000000000479000 Exception <a 'java/lang/ClassNotFoundException'{0x00000000873cd778}: org/springframework/beans/factory/config/BeanFactoryPostProcessorCustomizer> (0x00000000873cd778) 
thrown [t:/workspace/open/src/hotspot/share/classfile/systemDictionary.cpp, line 232]
Event: 2.405 Thread 0x0000000000479000 Exception <a 'java/lang/ClassNotFoundException'{0x00000000873dc250}: org/springframework/core/PriorityOrderedCustomizer> (0x00000000873dc250) 
thrown [t:/workspace/open/src/hotspot/share/classfile/systemDictionary.cpp, line 232]
Event: 2.406 Thread 0x0000000000479000 Exception <a 'java/lang/ClassNotFoundException'{0x00000000873e8b48}: org/springframework/core/OrderedCustomizer> (0x00000000873e8b48) 
thrown [t:/workspace/open/src/hotspot/share/classfile/systemDictionary.cpp, line 232]
Event: 2.407 Thread 0x0000000000479000 Exception <a 'java/lang/ClassNotFoundException'{0x00000000873f7e18}: org/springframework/context/ResourceLoaderAwareCustomizer> (0x00000000873f7e18) 
thrown [t:/workspace/open/src/hotspot/share/classfile/systemDictionary.cpp, line 232]
Event: 2.408 Thread 0x0000000000479000 Exception <a 'java/lang/ClassNotFoundException'{0x0000000087206918}: org/springframework/beans/factory/AwareCustomizer> (0x0000000087206918) 
thrown [t:/workspace/open/src/hotspot/share/classfile/systemDictionary.cpp, line 232]
Event: 2.408 Thread 0x0000000000479000 Exception <a 'java/lang/ClassNotFoundException'{0x0000000087215c20}: org/springframework/beans/factory/BeanClassLoaderAwareCustomizer> (0x0000000087215c20) 
thrown [t:/workspace/open/src/hotspot/share/classfile/systemDictionary.cpp, line 232]
Event: 2.409 Thread 0x0000000000479000 Exception <a 'java/lang/ClassNotFoundException'{0x0000000087224210}: org/springframework/beans/factory/AwareCustomizer> (0x0000000087224210) 
thrown [t:/workspace/open/src/hotspot/share/classfile/systemDictionary.cpp, line 232]
Event: 2.410 Thread 0x0000000000479000 Exception <a 'java/lang/ClassNotFoundException'{0x0000000087232388}: org/springframework/context/EnvironmentAwareCustomizer> (0x0000000087232388) 
thrown [t:/workspace/open/src/hotspot/share/classfile/systemDictionary.cpp, line 232]
Event: 2.411 Thread 0x0000000000479000 Exception <a 'java/lang/ClassNotFoundException'{0x00000000872408c8}: org/springframework/beans/factory/AwareCustomizer> (0x00000000872408c8) 
thrown [t:/workspace/open/src/hotspot/share/classfile/systemDictionary.cpp, line 232]
Event: 2.710 Thread 0x0000000000479000 Exception <a 'java/lang/NoSuchMethodError'{0x0000000086b42960}: 'void java.lang.invoke.DirectMethodHandle$Holder.invokeInterface(java.lang.Object, java.lang.Object, java.lang.Object, java.lang.Object)'> (0x0000000086b42960) 
thrown [t:/workspace/open/src/hotspot/share/interpreter/linkResolver.cpp, line 767]

Events (20 events):
Event: 3.395 loading class javax/inject$Named
Event: 3.395 loading class javax/inject$Named done
Event: 3.448 loading class com/fasterxml/jackson/annotation/JsonInclude
Event: 3.448 loading class com/fasterxml/jackson/annotation/JsonInclude done
Event: 3.449 loading class org/springframework/core/type/classreading/MergedAnnotationReadingVisitor
Event: 3.449 loading class org/springframework/core/type/classreading/MergedAnnotationReadingVisitor done
Event: 3.455 loading class com/fasterxml/jackson/annotation/JacksonAnnotation
Event: 3.455 loading class com/fasterxml/jackson/annotation/JacksonAnnotation done
Event: 3.457 loading class com/fasterxml/jackson/annotation/JsonProperty
Event: 3.457 loading class com/fasterxml/jackson/annotation/JsonProperty done
Event: 3.458 loading class com/fasterxml/jackson/annotation/JsonProperty$Access
Event: 3.458 loading class com/fasterxml/jackson/annotation/JsonProperty$Access done
Event: 3.460 loading class com/fasterxml/jackson/annotation/JsonIgnore
Event: 3.460 loading class com/fasterxml/jackson/annotation/JsonIgnore done
Event: 3.463 loading class com/fasterxml/jackson/annotation/JsonValue
Event: 3.463 loading class com/fasterxml/jackson/annotation/JsonValue done
Event: 3.476 loading class springfox/documentation/annotations/ApiIgnore
Event: 3.476 loading class springfox/documentation/annotations/ApiIgnore done
Event: 3.476 Executing VM operation: RevokeBias
Event: 3.476 Executing VM operation: RevokeBias done


Dynamic libraries:
0x000000013f060000 - 0x000000013f06f000 	C:\Program Files\Java\jdk-13.0.1\bin\javaw.exe
0x00000000777d0000 - 0x000000007797a000 	C:\Windows\SYSTEM32\ntdll.dll
0x000007feeb970000 - 0x000007feeb983000 	C:\Program Files (x86)\AVG\Antivirus\aswhook.dll
0x00000000775b0000 - 0x00000000776cf000 	C:\Windows\system32\kernel32.dll
0x000007fefd6c0000 - 0x000007fefd72a000 	C:\Windows\system32\KERNELBASE.dll
0x000007fee5a60000 - 0x000007fee5a78000 	C:\Program Files\Java\jdk-13.0.1\bin\jli.dll
0x000007fefeb30000 - 0x000007fefec0b000 	C:\Windows\system32\ADVAPI32.dll
0x000007feff310000 - 0x000007feff3af000 	C:\Windows\system32\msvcrt.dll
0x000007fefece0000 - 0x000007fefecff000 	C:\Windows\SYSTEM32\sechost.dll
0x000007fefee90000 - 0x000007fefefbd000 	C:\Windows\system32\RPCRT4.dll
0x000007fefbac0000 - 0x000007fefbcb4000 	C:\Windows\WinSxS\amd64_microsoft.windows.common-controls_6595b64144ccf1df_6.0.7601.18837_none_fa3b1e3d17594757\COMCTL32.dll
0x000007feff2a0000 - 0x000007feff307000 	C:\Windows\system32\GDI32.dll
0x00000000776d0000 - 0x00000000777ca000 	C:\Windows\system32\USER32.dll
0x000007fefed80000 - 0x000007fefed8e000 	C:\Windows\system32\LPK.dll
0x000007fefec10000 - 0x000007fefecdb000 	C:\Windows\system32\USP10.dll
0x000007fefda60000 - 0x000007fefdad1000 	C:\Windows\system32\SHLWAPI.dll
0x000007fefc550000 - 0x000007fefc55c000 	C:\Windows\system32\VERSION.dll
0x000007fee5a80000 - 0x000007fee5a95000 	C:\Program Files\Java\jdk-13.0.1\bin\VCRUNTIME140.dll
0x000007fee5450000 - 0x000007fee5454000 	C:\Program Files\Java\jdk-13.0.1\bin\api-ms-win-crt-runtime-l1-1-0.dll
0x000007fedc5d0000 - 0x000007fedc6cc000 	C:\Program Files\Java\jdk-13.0.1\bin\ucrtbase.DLL
0x000007feeb670000 - 0x000007feeb673000 	C:\Program Files\Java\jdk-13.0.1\bin\api-ms-win-core-localization-l1-2-0.dll
0x000007fedc7c0000 - 0x000007fedc7c3000 	C:\Program Files\Java\jdk-13.0.1\bin\api-ms-win-core-processthreads-l1-1-1.dll
0x000007fee5440000 - 0x000007fee5443000 	C:\Program Files\Java\jdk-13.0.1\bin\api-ms-win-core-file-l1-2-0.dll
0x000007fedc7b0000 - 0x000007fedc7b3000 	C:\Program Files\Java\jdk-13.0.1\bin\api-ms-win-core-timezone-l1-1-0.dll
0x000007fedc7a0000 - 0x000007fedc7a3000 	C:\Program Files\Java\jdk-13.0.1\bin\api-ms-win-core-file-l2-1-0.dll
0x000007fedc790000 - 0x000007fedc793000 	C:\Program Files\Java\jdk-13.0.1\bin\api-ms-win-core-synch-l1-2-0.dll
0x000007fedc780000 - 0x000007fedc783000 	C:\Program Files\Java\jdk-13.0.1\bin\api-ms-win-crt-heap-l1-1-0.dll
0x000007fedc770000 - 0x000007fedc774000 	C:\Program Files\Java\jdk-13.0.1\bin\api-ms-win-crt-string-l1-1-0.dll
0x000007fedc760000 - 0x000007fedc764000 	C:\Program Files\Java\jdk-13.0.1\bin\api-ms-win-crt-stdio-l1-1-0.dll
0x000007fedc750000 - 0x000007fedc754000 	C:\Program Files\Java\jdk-13.0.1\bin\api-ms-win-crt-convert-l1-1-0.dll
0x000007fedc740000 - 0x000007fedc743000 	C:\Program Files\Java\jdk-13.0.1\bin\api-ms-win-crt-environment-l1-1-0.dll
0x000007fedc730000 - 0x000007fedc733000 	C:\Program Files\Java\jdk-13.0.1\bin\api-ms-win-crt-filesystem-l1-1-0.dll
0x000007fedc720000 - 0x000007fedc725000 	C:\Program Files\Java\jdk-13.0.1\bin\api-ms-win-crt-math-l1-1-0.dll
0x000007fedc710000 - 0x000007fedc713000 	C:\Program Files\Java\jdk-13.0.1\bin\api-ms-win-crt-locale-l1-1-0.dll
0x000007feff6e0000 - 0x000007feff70e000 	C:\Windows\system32\IMM32.DLL
0x000007fefdae0000 - 0x000007fefdbe9000 	C:\Windows\system32\MSCTF.dll
0x000007fedc530000 - 0x000007fedc5cb000 	C:\Program Files\Java\jdk-13.0.1\bin\msvcp140.dll
0x000007fedc700000 - 0x000007fedc703000 	C:\Program Files\Java\jdk-13.0.1\bin\api-ms-win-crt-time-l1-1-0.dll
0x000007fedc6f0000 - 0x000007fedc6f3000 	C:\Program Files\Java\jdk-13.0.1\bin\api-ms-win-crt-utility-l1-1-0.dll
0x000007fee48d0000 - 0x000007fee5436000 	C:\Program Files\Java\jdk-13.0.1\bin\server\jvm.dll
0x000007fefa280000 - 0x000007fefa289000 	C:\Windows\system32\WSOCK32.dll
0x000007feff710000 - 0x000007feff75d000 	C:\Windows\system32\WS2_32.dll
0x000007fefefc0000 - 0x000007fefefc8000 	C:\Windows\system32\NSI.dll
0x000007fefb3e0000 - 0x000007fefb41b000 	C:\Windows\system32\WINMM.dll
0x00000000779a0000 - 0x00000000779a7000 	C:\Windows\system32\PSAPI.DLL
0x000007feea800000 - 0x000007feea810000 	C:\Program Files\Java\jdk-13.0.1\bin\verify.dll
0x000007fef8790000 - 0x000007fef88b5000 	C:\Windows\system32\DBGHELP.DLL
0x000007fee8520000 - 0x000007fee8546000 	C:\Program Files\Java\jdk-13.0.1\bin\java.dll
0x000007feea7e0000 - 0x000007feea7f7000 	C:\Program Files\Java\jdk-13.0.1\bin\zip.dll
0x000007fee8510000 - 0x000007fee851a000 	C:\Program Files\Java\jdk-13.0.1\bin\jimage.dll
0x000007fefdbf0000 - 0x000007fefe97a000 	C:\Windows\system32\SHELL32.dll
0x000007feff800000 - 0x000007feff9fc000 	C:\Windows\system32\ole32.dll
0x000007fefd4d0000 - 0x000007fefd4df000 	C:\Windows\system32\profapi.dll
0x000007fee84f0000 - 0x000007fee8509000 	C:\Program Files\Java\jdk-13.0.1\bin\net.dll
0x000007fef8c90000 - 0x000007fef8d01000 	C:\Windows\system32\WINHTTP.dll
0x000007fef8c20000 - 0x000007fef8c85000 	C:\Windows\system32\webio.dll
0x000007fefcc90000 - 0x000007fefcce5000 	C:\Windows\system32\mswsock.dll
0x000007fefcc80000 - 0x000007fefcc87000 	C:\Windows\System32\wship6.dll
0x000007fee84d0000 - 0x000007fee84e3000 	C:\Program Files\Java\jdk-13.0.1\bin\nio.dll
0x000007feeb680000 - 0x000007feeb689000 	C:\Program Files\Java\jdk-13.0.1\bin\management.dll
0x000007fedc6e0000 - 0x000007fedc6eb000 	C:\Program Files\Java\jdk-13.0.1\bin\management_ext.dll
0x000007fefb1e0000 - 0x000007fefb1f5000 	C:\Windows\system32\NLAapi.dll
0x000007fef43f0000 - 0x000007fef4405000 	C:\Windows\system32\napinsp.dll
0x000007fef43d0000 - 0x000007fef43e9000 	C:\Windows\system32\pnrpnsp.dll
0x000007fef43c0000 - 0x000007fef43d0000 	C:\Windows\system32\wshbth.dll
0x000007fefcb10000 - 0x000007fefcb6b000 	C:\Windows\system32\DNSAPI.dll
0x000007fef43b0000 - 0x000007fef43bb000 	C:\Windows\System32\winrnr.dll
0x000007fef3230000 - 0x000007fef325f000 	C:\Program Files\Common Files\Microsoft Shared\Windows Live\WLIDNSP.DLL
0x0000000074dc0000 - 0x0000000074de6000 	C:\Program Files\Bonjour\mdnsNSP.dll
0x000007fefae30000 - 0x000007fefae57000 	C:\Windows\system32\Iphlpapi.DLL
0x000007fefae20000 - 0x000007fefae2b000 	C:\Windows\system32\WINNSI.DLL
0x000007fefc620000 - 0x000007fefc627000 	C:\Windows\System32\wshtcpip.dll
0x000007fef1400000 - 0x000007fef1408000 	C:\Windows\system32\rasadhlp.dll
0x000007fefad60000 - 0x000007fefadb3000 	C:\Windows\System32\fwpuclnt.dll

dbghelp: loaded successfully - version: 4.0.5 - missing functions: none
symbol engine: initialized successfully - sym options: 0x614 - pdb path: .;C:\Program Files\Java\jdk-13.0.1\bin;C:\Windows\SYSTEM32;C:\Program Files (x86)\AVG\Antivirus;C:\Windows\WinSxS\amd64_microsoft.windows.common-controls_6595b64144ccf1df_6.0.7601.18837_none_fa3b1e3d17594757;C:\Program Files\Java\jdk-13.0.1\bin\server;C:\Program Files\Common Files\Microsoft Shared\Windows Live;C:\Program Files\Bonjour

VM Arguments:
jvm_args: -Dfile.encoding=UTF-8 
java_command: com.example.CouponPhase3Application
java_class_path (initial): C:\Users\dell\eclipse-workspace\CouponPhase3\target\classes;C:\Users\dell\.m2\repository\org\springframework\boot\spring-boot-starter-data-jpa\2.3.1.RELEASE\spring-boot-starter-data-jpa-2.3.1.RELEASE.jar;C:\Users\dell\.m2\repository\org\springframework\boot\spring-boot-starter-jdbc\2.3.1.RELEASE\spring-boot-starter-jdbc-2.3.1.RELEASE.jar;C:\Users\dell\.m2\repository\com\zaxxer\HikariCP\3.4.5\HikariCP-3.4.5.jar;C:\Users\dell\.m2\repository\org\springframework\spring-jdbc\5.2.7.RELEASE\spring-jdbc-5.2.7.RELEASE.jar;C:\Users\dell\.m2\repository\jakarta\transaction\jakarta.transaction-api\1.3.3\jakarta.transaction-api-1.3.3.jar;C:\Users\dell\.m2\repository\jakarta\persistence\jakarta.persistence-api\2.2.3\jakarta.persistence-api-2.2.3.jar;C:\Users\dell\.m2\repository\org\hibernate\hibernate-core\5.4.17.Final\hibernate-core-5.4.17.Final.jar;C:\Users\dell\.m2\repository\org\jboss\logging\jboss-logging\3.4.1.Final\jboss-logging-3.4.1.Final.jar;C:\Users\dell\.m2\repository\org\javassist\javassist\3.24.0-GA\javassist-3.24.0-GA.jar;C:\Users\dell\.m2\repository\net\bytebuddy\byte-buddy\1.10.11\byte-buddy-1.10.11.jar;C:\Users\dell\.m2\repository\antlr\antlr\2.7.7\antlr-2.7.7.jar;C:\Users\dell\.m2\repository\org\jboss\jandex\2.1.3.Final\jandex-2.1.3.Final.jar;C:\Users\dell\.m2\repository\org\dom4j\dom4j\2.1.3\dom4j-2.1.3.jar;C:\Users\dell\.m2\repository\org\hibernate\common\hibernate-commons-annotations\5.1.0.Final\hibernate-commons-annotations-5.1.0.Final.jar;C:\Users\dell\.m2\repository\org\glassfish\jaxb\jaxb-runtime\2.3.3\jaxb-runtime-2.3.3.jar;C:\Users\dell\.m2\repository\org\glassfish\jaxb\txw2\2.3.3\txw2-2.3.3.jar;C:\Users\dell\.m2\repository\com\sun\istack\istack-commons-runtime\3.0.11\istack-commons-runtime-3.0.11.jar;C:\Users\dell\.m2\repository\com\sun\activation\jakarta.activation\1.2.2\jakarta.activation-1.2.2.jar;C:\Users\dell\.m2\repository\org\springframework\data\spring-data-jpa\2.3.1.RELEASE\spring-data-jpa-2.3.1.RELEASE.jar;C:\User
Launcher Type: SUN_STANDARD

[Global flags]
     intx CICompilerCount                          = 3                                         {product} {ergonomic}
     uint ConcGCThreads                            = 1                                         {product} {ergonomic}
     uint G1ConcRefinementThreads                  = 4                                         {product} {ergonomic}
   size_t G1HeapRegionSize                         = 1048576                                   {product} {ergonomic}
    uintx GCDrainStackTargetSize                   = 64                                        {product} {ergonomic}
   size_t InitialHeapSize                          = 132120576                                 {product} {ergonomic}
   size_t MarkStackSize                            = 4194304                                   {product} {ergonomic}
   size_t MaxHeapSize                              = 2095054848                                {product} {ergonomic}
   size_t MaxNewSize                               = 1256194048                                {product} {ergonomic}
   size_t MinHeapDeltaBytes                        = 1048576                                   {product} {ergonomic}
   size_t MinHeapSize                              = 8388608                                   {product} {ergonomic}
    uintx NonNMethodCodeHeapSize                   = 5830732                                {pd product} {ergonomic}
    uintx NonProfiledCodeHeapSize                  = 122913754                              {pd product} {ergonomic}
    uintx ProfiledCodeHeapSize                     = 122913754                              {pd product} {ergonomic}
    uintx ReservedCodeCacheSize                    = 251658240                              {pd product} {ergonomic}
     bool SegmentedCodeCache                       = true                                      {product} {ergonomic}
   size_t SoftMaxHeapSize                          = 2095054848                             {manageable} {ergonomic}
     bool UseCompressedClassPointers               = true                                 {lp64_product} {ergonomic}
     bool UseCompressedOops                        = true                                 {lp64_product} {ergonomic}
     bool UseG1GC                                  = true                                      {product} {ergonomic}
     bool UseLargePagesIndividualAllocation        = false                                  {pd product} {ergonomic}

Logging:
Log output configuration:
 #0: stdout all=warning uptime,level,tags
 #1: stderr all=off uptime,level,tags

Environment Variables:
PATH=C:/Program Files/Java/jdk-13.0.1/bin/server;C:/Program Files/Java/jdk-13.0.1/bin;C:\Program Files\Common Files\Microsoft Shared\Windows Live;C:\Program Files (x86)\Common Files\Microsoft Shared\Windows Live;C:\Windows\system32;C:\Windows;C:\Windows\System32\Wbem;C:\Windows\System32\WindowsPowerShell\v1.0\;C:\Program Files\Dell\DW WLAN Card;C:\Program Files\WIDCOMM\Bluetooth Software\;C:\Program Files\WIDCOMM\Bluetooth Software\syswow64;C:\Program Files (x86)\Windows Live\Shared;C:\Program Files\dotnet\;C:\Program Files\Microsoft SQL Server\130\Tools\Binn\;C:\Program Files\nodejs\;;C:\Users\dell\AppData\Local\Programs\Microsoft VS Code\bin;C:\Users\dell\AppData\Roaming\npm;C:\Windows\system32;
USERNAME=dell
OS=Windows_NT
PROCESSOR_IDENTIFIER=Intel64 Family 6 Model 37 Stepping 5, GenuineIntel



---------------  S Y S T E M  ---------------

OS: Windows 7 , 64 bit Build 7601 (6.1.7601.23915)

CPU:total 4 (initial active 4) (2 cores per cpu, 2 threads per core) family 6 model 37 stepping 5, cmov, cx8, fxsr, mmx, sse, sse2, sse3, ssse3, sse4.1, sse4.2, popcnt, ht, tsc, tscinvbit

Memory: 4k page, system-wide physical 7990M (1756M free)
TotalPageFile size 15979M (AvailPageFile size 9225M)
current process WorkingSet (physical memory assigned to process): 175M, peak: 175M
current process commit charge ("private bytes"): 264M, peak: 266M

vm_info: Java HotSpot(TM) 64-Bit Server VM (13.0.1+9) for windows-amd64 JRE (13.0.1+9), built on Oct  6 2019 12:37:49 by "mach5one" with unknown MS VC++:1916

END.
