#
# A fatal error has been detected by the Java Runtime Environment:
#
#  EXCEPTION_ACCESS_VIOLATION (0xc0000005) at pc=0x000007fee4dde5b4, pid=2772, tid=8284
#
# JRE version: Java(TM) SE Runtime Environment (13.0.1+9) (build 13.0.1+9)
# Java VM: Java HotSpot(TM) 64-Bit Server VM (13.0.1+9, mixed mode, sharing, tiered, compressed oops, g1 gc, windows-amd64)
# Problematic frame:
# V  [jvm.dll+0x50e5b4]
#
# No core dump will be written. Minidumps are not enabled by default on client versions of Windows
#
# If you would like to submit a bug report, please visit:
#   http://bugreport.java.com/bugreport/crash.jsp
#

---------------  S U M M A R Y ------------

Command Line: -Dfile.encoding=UTF-8 com.example.CouponPhase3Application

Host: Intel(R) Core(TM) i5 CPU       M 480  @ 2.67GHz, 4 cores, 7G,  Windows 7 , 64 bit Build 7601 (6.1.7601.23915)
Time: Tue Aug  4 19:33:46 2020 Jerusalem Daylight Time elapsed time: 7 seconds (0d 0h 0m 7s)

---------------  T H R E A D  ---------------

Current thread (0x0000000000459000):  JavaThread "main" [_thread_in_vm, id=8284, stack(0x0000000001f20000,0x0000000002020000)]

Stack: [0x0000000001f20000,0x0000000002020000],  sp=0x0000000002014310,  free space=976k
Native frames: (J=compiled Java code, j=interpreted, Vv=VM code, C=native code)
V  [jvm.dll+0x50e5b4]
V  [jvm.dll+0x50d431]
V  [jvm.dll+0x50d051]
V  [jvm.dll+0x1d10cf]
V  [jvm.dll+0x1c5304]
V  [jvm.dll+0x50c482]
V  [jvm.dll+0x6fec79]
V  [jvm.dll+0x3f12d0]
V  [jvm.dll+0x3f6486]
C  [java.dll+0x1970]

Java frames: (J=compiled Java code, j=interpreted, Vv=VM code)
J 1047  java.lang.ClassLoader.defineClass1(Ljava/lang/ClassLoader;Ljava/lang/String;[BIILjava/security/ProtectionDomain;Ljava/lang/String;)Ljava/lang/Class; java.base@13.0.1 (0 bytes) @ 0x000000001244cf8b [0x000000001244cec0+0x00000000000000cb]
J 1026 c1 java.lang.ClassLoader.defineClass(Ljava/lang/String;[BIILjava/security/ProtectionDomain;)Ljava/lang/Class; java.base@13.0.1 (43 bytes) @ 0x000000000af07f14 [0x000000000af07ba0+0x0000000000000374]
J 849 c1 jdk.internal.loader.BuiltinClassLoader.defineClass(Ljava/lang/String;Ljdk/internal/loader/Resource;)Ljava/lang/Class; java.base@13.0.1 (121 bytes) @ 0x000000000b09f104 [0x000000000b09df40+0x00000000000011c4]
J 680 c1 jdk.internal.loader.BuiltinClassLoader.findClassOnClassPathOrNull(Ljava/lang/String;)Ljava/lang/Class; java.base@13.0.1 (64 bytes) @ 0x000000000b041474 [0x000000000b0405a0+0x0000000000000ed4]
J 3172 c2 jdk.internal.loader.BuiltinClassLoader.loadClassOrNull(Ljava/lang/String;Z)Ljava/lang/Class; java.base@13.0.1 (143 bytes) @ 0x00000000125bd5e4 [0x00000000125bcd00+0x00000000000008e4]
J 612 c1 jdk.internal.loader.ClassLoaders$AppClassLoader.loadClass(Ljava/lang/String;Z)Ljava/lang/Class; java.base@13.0.1 (40 bytes) @ 0x000000000b00f5b4 [0x000000000b00ef60+0x0000000000000654]
J 581 c1 java.lang.ClassLoader.loadClass(Ljava/lang/String;)Ljava/lang/Class; java.base@13.0.1 (7 bytes) @ 0x000000000aff2c6c [0x000000000aff2b40+0x000000000000012c]
v  ~StubRoutines::call_stub
J 1047  java.lang.ClassLoader.defineClass1(Ljava/lang/ClassLoader;Ljava/lang/String;[BIILjava/security/ProtectionDomain;Ljava/lang/String;)Ljava/lang/Class; java.base@13.0.1 (0 bytes) @ 0x000000001244cf8b [0x000000001244cec0+0x00000000000000cb]
J 1026 c1 java.lang.ClassLoader.defineClass(Ljava/lang/String;[BIILjava/security/ProtectionDomain;)Ljava/lang/Class; java.base@13.0.1 (43 bytes) @ 0x000000000af07f14 [0x000000000af07ba0+0x0000000000000374]
J 849 c1 jdk.internal.loader.BuiltinClassLoader.defineClass(Ljava/lang/String;Ljdk/internal/loader/Resource;)Ljava/lang/Class; java.base@13.0.1 (121 bytes) @ 0x000000000b09f104 [0x000000000b09df40+0x00000000000011c4]
J 680 c1 jdk.internal.loader.BuiltinClassLoader.findClassOnClassPathOrNull(Ljava/lang/String;)Ljava/lang/Class; java.base@13.0.1 (64 bytes) @ 0x000000000b041474 [0x000000000b0405a0+0x0000000000000ed4]
J 3172 c2 jdk.internal.loader.BuiltinClassLoader.loadClassOrNull(Ljava/lang/String;Z)Ljava/lang/Class; java.base@13.0.1 (143 bytes) @ 0x00000000125bd5e4 [0x00000000125bcd00+0x00000000000008e4]
J 612 c1 jdk.internal.loader.ClassLoaders$AppClassLoader.loadClass(Ljava/lang/String;Z)Ljava/lang/Class; java.base@13.0.1 (40 bytes) @ 0x000000000b00f5b4 [0x000000000b00ef60+0x0000000000000654]
J 581 c1 java.lang.ClassLoader.loadClass(Ljava/lang/String;)Ljava/lang/Class; java.base@13.0.1 (7 bytes) @ 0x000000000aff2c6c [0x000000000aff2b40+0x000000000000012c]
v  ~StubRoutines::call_stub
J 3008  java.lang.Class.getDeclaredMethods0(Z)[Ljava/lang/reflect/Method; java.base@13.0.1 (0 bytes) @ 0x000000001256c18b [0x000000001256c140+0x000000000000004b]
J 1678 c1 java.lang.Class.privateGetDeclaredMethods(Z)[Ljava/lang/reflect/Method; java.base@13.0.1 (64 bytes) @ 0x000000000b210074 [0x000000000b20fec0+0x00000000000001b4]
J 2630 c1 java.lang.Class.getMethodsRecursive(Ljava/lang/String;[Ljava/lang/Class;Z)Ljava/lang/PublicMethods$MethodList; java.base@13.0.1 (99 bytes) @ 0x000000000b463ef4 [0x000000000b463e40+0x00000000000000b4]
J 2745 c1 java.lang.Class.getMethod(Ljava/lang/String;[Ljava/lang/Class;)Ljava/lang/reflect/Method; java.base@13.0.1 (59 bytes) @ 0x000000000b4b0c54 [0x000000000b4b0920+0x0000000000000334]
j  org.springframework.orm.jpa.vendor.HibernateJpaDialect.<clinit>()V+8
v  ~StubRoutines::call_stub
j  org.springframework.orm.jpa.vendor.HibernateJpaVendorAdapter.<init>()V+5
j  org.springframework.boot.autoconfigure.orm.jpa.HibernateJpaConfiguration.createJpaVendorAdapter()Lorg/springframework/orm/jpa/vendor/AbstractJpaVendorAdapter;+4
j  org.springframework.boot.autoconfigure.orm.jpa.JpaBaseConfiguration.jpaVendorAdapter()Lorg/springframework/orm/jpa/JpaVendorAdapter;+1
v  ~StubRoutines::call_stub
J 2634  jdk.internal.reflect.NativeMethodAccessorImpl.invoke0(Ljava/lang/reflect/Method;Ljava/lang/Object;[Ljava/lang/Object;)Ljava/lang/Object; java.base@13.0.1 (0 bytes) @ 0x000000001253e1cf [0x000000001253e140+0x000000000000008f]
J 2633 c1 jdk.internal.reflect.NativeMethodAccessorImpl.invoke(Ljava/lang/Object;[Ljava/lang/Object;)Ljava/lang/Object; java.base@13.0.1 (104 bytes) @ 0x000000000b4662f4 [0x000000000b465640+0x0000000000000cb4]
J 2336 c1 jdk.internal.reflect.DelegatingMethodAccessorImpl.invoke(Ljava/lang/Object;[Ljava/lang/Object;)Ljava/lang/Object; java.base@13.0.1 (10 bytes) @ 0x000000000b3abd6c [0x000000000b3abc40+0x000000000000012c]
J 2435 c1 java.lang.reflect.Method.invoke(Ljava/lang/Object;[Ljava/lang/Object;)Ljava/lang/Object; java.base@13.0.1 (65 bytes) @ 0x000000000b3d14ec [0x000000000b3d1180+0x000000000000036c]
j  org.springframework.beans.factory.support.SimpleInstantiationStrategy.instantiate(Lorg/springframework/beans/factory/support/RootBeanDefinition;Ljava/lang/String;Lorg/springframework/beans/factory/BeanFactory;Ljava/lang/Object;Ljava/lang/reflect/Method;[Ljava/lang/Object;)Ljava/lang/Object;+50
j  org.springframework.beans.factory.support.ConstructorResolver.instantiate(Ljava/lang/String;Lorg/springframework/beans/factory/support/RootBeanDefinition;Ljava/lang/Object;Ljava/lang/reflect/Method;[Ljava/lang/Object;)Ljava/lang/Object;+48
j  org.springframework.beans.factory.support.ConstructorResolver.instantiateUsingFactoryMethod(Ljava/lang/String;Lorg/springframework/beans/factory/support/RootBeanDefinition;[Ljava/lang/Object;)Lorg/springframework/beans/BeanWrapper;+477
j  org.springframework.beans.factory.support.AbstractAutowireCapableBeanFactory.instantiateUsingFactoryMethod(Ljava/lang/String;Lorg/springframework/beans/factory/support/RootBeanDefinition;[Ljava/lang/Object;)Lorg/springframework/beans/BeanWrapper;+11
j  org.springframework.beans.factory.support.AbstractAutowireCapableBeanFactory.createBeanInstance(Ljava/lang/String;Lorg/springframework/beans/factory/support/RootBeanDefinition;[Ljava/lang/Object;)Lorg/springframework/beans/BeanWrapper;+101
j  org.springframework.beans.factory.support.AbstractAutowireCapableBeanFactory.doCreateBean(Ljava/lang/String;Lorg/springframework/beans/factory/support/RootBeanDefinition;[Ljava/lang/Object;)Ljava/lang/Object;+34
j  org.springframework.beans.factory.support.AbstractAutowireCapableBeanFactory.createBean(Ljava/lang/String;Lorg/springframework/beans/factory/support/RootBeanDefinition;[Ljava/lang/Object;)Ljava/lang/Object;+169
j  org.springframework.beans.factory.support.AbstractBeanFactory.lambda$doGetBean$0(Ljava/lang/String;Lorg/springframework/beans/factory/support/RootBeanDefinition;[Ljava/lang/Object;)Ljava/lang/Object;+4
j  org.springframework.beans.factory.support.AbstractBeanFactory$$Lambda$222.getObject()Ljava/lang/Object;+16
j  org.springframework.beans.factory.support.DefaultSingletonBeanRegistry.getSingleton(Ljava/lang/String;Lorg/springframework/beans/factory/ObjectFactory;)Ljava/lang/Object;+132
J 2704 c1 org.springframework.beans.factory.support.AbstractBeanFactory.doGetBean(Ljava/lang/String;Ljava/lang/Class;[Ljava/lang/Object;Z)Ljava/lang/Object; (833 bytes) @ 0x000000000b485c44 [0x000000000b484200+0x0000000000001a44]
j  org.springframework.beans.factory.support.AbstractBeanFactory.getBean(Ljava/lang/String;)Ljava/lang/Object;+5
j  org.springframework.beans.factory.config.DependencyDescriptor.resolveCandidate(Ljava/lang/String;Ljava/lang/Class;Lorg/springframework/beans/factory/BeanFactory;)Ljava/lang/Object;+2
j  org.springframework.beans.factory.support.DefaultListableBeanFactory.doResolveDependency(Lorg/springframework/beans/factory/config/DependencyDescriptor;Ljava/lang/String;Ljava/util/Set;Lorg/springframework/beans/TypeConverter;)Ljava/lang/Object;+440
j  org.springframework.beans.factory.support.DefaultListableBeanFactory.resolveDependency(Lorg/springframework/beans/factory/config/DependencyDescriptor;Ljava/lang/String;Ljava/util/Set;Lorg/springframework/beans/TypeConverter;)Ljava/lang/Object;+108
j  org.springframework.beans.factory.support.ConstructorResolver.resolveAutowiredArgument(Lorg/springframework/core/MethodParameter;Ljava/lang/String;Ljava/util/Set;Lorg/springframework/beans/TypeConverter;Z)Ljava/lang/Object;+79
j  org.springframework.beans.factory.support.ConstructorResolver.createArgumentArray(Ljava/lang/String;Lorg/springframework/beans/factory/support/RootBeanDefinition;Lorg/springframework/beans/factory/config/ConstructorArgumentValues;Lorg/springframework/beans/BeanWrapper;[Ljava/lang/Class;[Ljava/lang/String;Ljava/lang/reflect/Executable;ZZ)Lorg/springframework/beans/factory/support/ConstructorResolver$ArgumentsHolder;+434
j  org.springframework.beans.factory.support.ConstructorResolver.instantiateUsingFactoryMethod(Ljava/lang/String;Lorg/springframework/beans/factory/support/RootBeanDefinition;[Ljava/lang/Object;)Lorg/springframework/beans/BeanWrapper;+727
j  org.springframework.beans.factory.support.AbstractAutowireCapableBeanFactory.instantiateUsingFactoryMethod(Ljava/lang/String;Lorg/springframework/beans/factory/support/RootBeanDefinition;[Ljava/lang/Object;)Lorg/springframework/beans/BeanWrapper;+11
j  org.springframework.beans.factory.support.AbstractAutowireCapableBeanFactory.createBeanInstance(Ljava/lang/String;Lorg/springframework/beans/factory/support/RootBeanDefinition;[Ljava/lang/Object;)Lorg/springframework/beans/BeanWrapper;+101
j  org.springframework.beans.factory.support.AbstractAutowireCapableBeanFactory.doCreateBean(Ljava/lang/String;Lorg/springframework/beans/factory/support/RootBeanDefinition;[Ljava/lang/Object;)Ljava/lang/Object;+34
j  org.springframework.beans.factory.support.AbstractAutowireCapableBeanFactory.createBean(Ljava/lang/String;Lorg/springframework/beans/factory/support/RootBeanDefinition;[Ljava/lang/Object;)Ljava/lang/Object;+169
j  org.springframework.beans.factory.support.AbstractBeanFactory.lambda$doGetBean$0(Ljava/lang/String;Lorg/springframework/beans/factory/support/RootBeanDefinition;[Ljava/lang/Object;)Ljava/lang/Object;+4
j  org.springframework.beans.factory.support.AbstractBeanFactory$$Lambda$222.getObject()Ljava/lang/Object;+16
j  org.springframework.beans.factory.support.DefaultSingletonBeanRegistry.getSingleton(Ljava/lang/String;Lorg/springframework/beans/factory/ObjectFactory;)Ljava/lang/Object;+132
J 2704 c1 org.springframework.beans.factory.support.AbstractBeanFactory.doGetBean(Ljava/lang/String;Ljava/lang/Class;[Ljava/lang/Object;Z)Ljava/lang/Object; (833 bytes) @ 0x000000000b485c44 [0x000000000b484200+0x0000000000001a44]
j  org.springframework.beans.factory.support.AbstractBeanFactory.getBean(Ljava/lang/String;)Ljava/lang/Object;+5
j  org.springframework.beans.factory.config.DependencyDescriptor.resolveCandidate(Ljava/lang/String;Ljava/lang/Class;Lorg/springframework/beans/factory/BeanFactory;)Ljava/lang/Object;+2
j  org.springframework.beans.factory.support.DefaultListableBeanFactory.doResolveDependency(Lorg/springframework/beans/factory/config/DependencyDescriptor;Ljava/lang/String;Ljava/util/Set;Lorg/springframework/beans/TypeConverter;)Ljava/lang/Object;+440
j  org.springframework.beans.factory.support.DefaultListableBeanFactory.resolveDependency(Lorg/springframework/beans/factory/config/DependencyDescriptor;Ljava/lang/String;Ljava/util/Set;Lorg/springframework/beans/TypeConverter;)Ljava/lang/Object;+108
j  org.springframework.beans.factory.support.ConstructorResolver.resolveAutowiredArgument(Lorg/springframework/core/MethodParameter;Ljava/lang/String;Ljava/util/Set;Lorg/springframework/beans/TypeConverter;Z)Ljava/lang/Object;+79
j  org.springframework.beans.factory.support.ConstructorResolver.createArgumentArray(Ljava/lang/String;Lorg/springframework/beans/factory/support/RootBeanDefinition;Lorg/springframework/beans/factory/config/ConstructorArgumentValues;Lorg/springframework/beans/BeanWrapper;[Ljava/lang/Class;[Ljava/lang/String;Ljava/lang/reflect/Executable;ZZ)Lorg/springframework/beans/factory/support/ConstructorResolver$ArgumentsHolder;+434
j  org.springframework.beans.factory.support.ConstructorResolver.instantiateUsingFactoryMethod(Ljava/lang/String;Lorg/springframework/beans/factory/support/RootBeanDefinition;[Ljava/lang/Object;)Lorg/springframework/beans/BeanWrapper;+727
j  org.springframework.beans.factory.support.AbstractAutowireCapableBeanFactory.instantiateUsingFactoryMethod(Ljava/lang/String;Lorg/springframework/beans/factory/support/RootBeanDefinition;[Ljava/lang/Object;)Lorg/springframework/beans/BeanWrapper;+11
j  org.springframework.beans.factory.support.AbstractAutowireCapableBeanFactory.createBeanInstance(Ljava/lang/String;Lorg/springframework/beans/factory/support/RootBeanDefinition;[Ljava/lang/Object;)Lorg/springframework/beans/BeanWrapper;+101
j  org.springframework.beans.factory.support.AbstractAutowireCapableBeanFactory.doCreateBean(Ljava/lang/String;Lorg/springframework/beans/factory/support/RootBeanDefinition;[Ljava/lang/Object;)Ljava/lang/Object;+34
j  org.springframework.beans.factory.support.AbstractAutowireCapableBeanFactory.createBean(Ljava/lang/String;Lorg/springframework/beans/factory/support/RootBeanDefinition;[Ljava/lang/Object;)Ljava/lang/Object;+169
j  org.springframework.beans.factory.support.AbstractBeanFactory.lambda$doGetBean$0(Ljava/lang/String;Lorg/springframework/beans/factory/support/RootBeanDefinition;[Ljava/lang/Object;)Ljava/lang/Object;+4
j  org.springframework.beans.factory.support.AbstractBeanFactory$$Lambda$222.getObject()Ljava/lang/Object;+16
j  org.springframework.beans.factory.support.DefaultSingletonBeanRegistry.getSingleton(Ljava/lang/String;Lorg/springframework/beans/factory/ObjectFactory;)Ljava/lang/Object;+132
J 2704 c1 org.springframework.beans.factory.support.AbstractBeanFactory.doGetBean(Ljava/lang/String;Ljava/lang/Class;[Ljava/lang/Object;Z)Ljava/lang/Object; (833 bytes) @ 0x000000000b485c44 [0x000000000b484200+0x0000000000001a44]
j  org.springframework.beans.factory.support.AbstractBeanFactory.getBean(Ljava/lang/String;)Ljava/lang/Object;+5
j  org.springframework.context.support.AbstractApplicationContext.getBean(Ljava/lang/String;)Ljava/lang/Object;+9
j  org.springframework.context.support.AbstractApplicationContext.finishBeanFactoryInitialization(Lorg/springframework/beans/factory/config/ConfigurableListableBeanFactory;)V+100
j  org.springframework.context.support.AbstractApplicationContext.refresh()V+54
j  org.springframework.boot.web.servlet.context.ServletWebServerApplicationContext.refresh()V+1
j  org.springframework.boot.SpringApplication.refresh(Lorg/springframework/context/ConfigurableApplicationContext;)V+1
j  org.springframework.boot.SpringApplication.refresh(Lorg/springframework/context/ApplicationContext;)V+11
j  org.springframework.boot.SpringApplication.refreshContext(Lorg/springframework/context/ConfigurableApplicationContext;)V+2
j  org.springframework.boot.SpringApplication.run([Ljava/lang/String;)Lorg/springframework/context/ConfigurableApplicationContext;+118
j  org.springframework.boot.SpringApplication.run([Ljava/lang/Class;[Ljava/lang/String;)Lorg/springframework/context/ConfigurableApplicationContext;+9
j  org.springframework.boot.SpringApplication.run(Ljava/lang/Class;[Ljava/lang/String;)Lorg/springframework/context/ConfigurableApplicationContext;+9
j  com.example.CouponPhase3Application.main([Ljava/lang/String;)V+3
v  ~StubRoutines::call_stub

siginfo: EXCEPTION_ACCESS_VIOLATION (0xc0000005), reading address 0xffffffffffffffff


Register to memory mapping:

RIP=0x000007fee4dde5b4 jvm.dll
RAX=0x0 is NULL
RBX=0x00000008000104a0 is a pointer to class: 
java.lang.Object {0x00000008000104a8}
RCX=0x002b000000000000 is an unknown value
RDX=0x0000000029ca8be8 is pointing into metadata
RSP=0x0000000002014310 is pointing into the stack for thread: 0x0000000000459000
RBP=0x0000000000459fd0 points into unknown readable memory: 00 00 00 00 14 00 00 00
RSI=0x00000000020147c8 is pointing into the stack for thread: 0x0000000000459000
RDI=0x0 is NULL
R8 =0x0 is NULL
R9 =0x0000000029ca4ea0 is pointing into metadata
R10=0x0000000029ca8be8 is pointing into metadata
R11=0x0000000029ca8c90 is pointing into metadata
R12=0x000000000000001b is an unknown value
R13=0x00000008000104a0 is a pointer to class: 
java.lang.Object {0x00000008000104a8}
R14=0x0000000029ca4fe0 is pointing into metadata
R15=0x0000000029ca7030 is pointing into metadata


Registers:
RAX=0x0000000000000000, RBX=0x00000008000104a0, RCX=0x002b000000000000, RDX=0x0000000029ca8be8
RSP=0x0000000002014310, RBP=0x0000000000459fd0, RSI=0x00000000020147c8, RDI=0x0000000000000000
R8 =0x0000000000000000, R9 =0x0000000029ca4ea0, R10=0x0000000029ca8be8, R11=0x0000000029ca8c90
R12=0x000000000000001b, R13=0x00000008000104a0, R14=0x0000000029ca4fe0, R15=0x0000000029ca7030
RIP=0x000007fee4dde5b4, EFLAGS=0x0000000000010246

Top of Stack: (sp=0x0000000002014310)
0x0000000002014310:   0000000000000003 000007fee4bbd316
0x0000000002014320:   0000000029ca8fb0 00000000004577d0
0x0000000002014330:   0000000000000001 0000000000000001
0x0000000002014340:   0000000000459fd0 000007fee4ddd431
0x0000000002014350:   0000000002014420 0000000000459fd0
0x0000000002014360:   00000000020147c8 0000000021e3fee0
0x0000000002014370:   0000000000000001 0000000029ca9030
0x0000000002014380:   0000000000000003 000007fee4eabe7e
0x0000000002014390:   0000000000000002 0000000800edf498
0x00000000020143a0:   0000000000000000 0000000000000005
0x00000000020143b0:   00000008000104a0 0000000029ca8be8
0x00000000020143c0:   0000000000001001 000007fee4ddd051
0x00000000020143d0:   0000000000459fd0 00000000020147c8
0x00000000020143e0:   00000000020147d0 0000000029ca8be8
0x00000000020143f0:   0000000000000000 0000000029ca2e90
0x0000000002014400:   0000000000459001 000007fee4eabe7e 

Instructions: (pc=0x000007fee4dde5b4)
0x000007fee4dde4b4:   66 83 b8 3e 01 00 00 33 73 2b 3b 7b 0c 7d 26 48
0x000007fee4dde4c4:   63 c7 48 8d 14 c5 00 00 00 00 66 90 48 63 4b 08
0x000007fee4dde4d4:   ff c7 48 8b 03 48 03 ca 48 83 c2 08 4c 89 2c 01
0x000007fee4dde4e4:   3b 7b 0c 7c e7 48 8b 4d 00 48 33 cc e8 cb 3c 29
0x000007fee4dde4f4:   00 48 8b 9c 24 58 01 00 00 48 81 c4 10 01 00 00
0x000007fee4dde504:   41 5f 41 5e 41 5d 41 5c 5f 5e 5d c3 48 8d 4c 24
0x000007fee4dde514:   50 e8 26 79 e3 ff 48 8d 4c 24 70 e8 ac 78 e3 ff
0x000007fee4dde524:   eb c3 48 8d 4c 24 70 e8 10 79 e3 ff 48 8d 4d c8
0x000007fee4dde534:   e8 97 78 e3 ff eb ae 90 bd e0 50 00 a8 e0 50 00
0x000007fee4dde544:   a0 e0 50 00 98 e0 50 00 90 e0 50 00 88 e0 50 00
0x000007fee4dde554:   80 e0 50 00 78 e0 50 00 70 e0 50 00 48 89 5c 24
0x000007fee4dde564:   08 48 89 6c 24 10 48 89 74 24 18 57 48 83 ec 30
0x000007fee4dde574:   f6 41 20 0a 49 8b d9 49 8b f8 4c 8b d2 0f 85 cc
0x000007fee4dde584:   00 00 00 4c 8b 49 08 41 0f b6 41 24 c0 e8 06 a8
0x000007fee4dde594:   01 0f 85 b8 00 00 00 49 8b 49 08 41 0f b7 41 2a
0x000007fee4dde5a4:   c7 44 24 28 01 00 00 00 c7 44 24 20 01 00 00 00
0x000007fee4dde5b4:   48 8b 74 c1 40 41 0f b7 41 2c 48 8b d6 45 33 c9
0x000007fee4dde5c4:   48 8b 6c c1 40 49 8b ca 4c 8b c5 e8 ac 96 e5 ff
0x000007fee4dde5d4:   48 85 c0 0f 85 76 00 00 00 48 85 ff 74 13 4c 8b
0x000007fee4dde5e4:   c5 48 8b d6 48 8b cf e8 f0 97 e5 ff 48 85 c0 75
0x000007fee4dde5f4:   5e 48 85 db 74 55 0f b6 7c 24 60 90 c7 44 24 28
0x000007fee4dde604:   01 00 00 00 45 33 c9 4c 8b c5 c7 44 24 20 01 00
0x000007fee4dde614:   00 00 48 8b d6 48 8b cb e8 1f 96 e5 ff 48 85 c0
0x000007fee4dde624:   74 20 40 84 ff 74 28 f6 40 20 01 75 22 48 8b 40
0x000007fee4dde634:   08 48 8b 48 08 48 8b 05 c8 2d 59 00 48 39 41 18
0x000007fee4dde644:   75 0d 48 8b 5b 78 48 85 db 75 b1 b0 01 eb 02 32
0x000007fee4dde654:   c0 48 8b 5c 24 40 48 8b 6c 24 48 48 8b 74 24 50
0x000007fee4dde664:   48 83 c4 30 5f c3 cc cc cc cc cc cc 48 8b 01 8b
0x000007fee4dde674:   88 a4 00 00 00 c1 e9 19 f6 c1 01 74 0c 80 3d 32
0x000007fee4dde684:   83 58 00 00 75 03 b0 01 c3 32 c0 c3 4c 8b 89 a0
0x000007fee4dde694:   01 00 00 49 63 09 48 85 c9 7e 17 90 49 8b 14 c9
0x000007fee4dde6a4:   44 8b 42 24 41 83 f8 f6 7e 0b 48 ff c9 48 85 c9 


Stack slot to memory mapping:
stack at sp + 0 slots: 0x0000000000000003 is an unknown value
stack at sp + 1 slots: 0x000007fee4bbd316 jvm.dll
stack at sp + 2 slots: 0x0000000029ca8fb0 is pointing into metadata
stack at sp + 3 slots: 0x00000000004577d0 points into unknown readable memory: f1 03 00 00 5c 00 55 00
stack at sp + 4 slots: 0x0000000000000001 is an unknown value
stack at sp + 5 slots: 0x0000000000000001 is an unknown value
stack at sp + 6 slots: 0x0000000000459fd0 points into unknown readable memory: 00 00 00 00 14 00 00 00
stack at sp + 7 slots: 0x000007fee4ddd431 jvm.dll


---------------  P R O C E S S  ---------------

Threads class SMR info:
_java_thread_list=0x000000002467ff20, length=15, elements={
0x0000000000459000, 0x0000000021da5800, 0x0000000021da6800, 0x0000000021dc8000,
0x0000000021dc9800, 0x0000000021dcc000, 0x0000000021dd0800, 0x0000000021dd8800,
0x0000000022ded000, 0x0000000022dfa800, 0x0000000023947800, 0x0000000026a15000,
0x0000000026a16000, 0x0000000026a17000, 0x0000000026a17800
}

Java Threads: ( => current thread )
=>0x0000000000459000 JavaThread "main" [_thread_in_vm, id=8284, stack(0x0000000001f20000,0x0000000002020000)]
  0x0000000021da5800 JavaThread "Reference Handler" daemon [_thread_blocked, id=8744, stack(0x0000000021ef0000,0x0000000021ff0000)]
  0x0000000021da6800 JavaThread "Finalizer" daemon [_thread_blocked, id=7440, stack(0x0000000022220000,0x0000000022320000)]
  0x0000000021dc8000 JavaThread "Signal Dispatcher" daemon [_thread_blocked, id=6836, stack(0x0000000022420000,0x0000000022520000)]
  0x0000000021dc9800 JavaThread "Attach Listener" daemon [_thread_blocked, id=6880, stack(0x00000000226a0000,0x00000000227a0000)]
  0x0000000021dcc000 JavaThread "C2 CompilerThread0" daemon [_thread_in_native, id=8316, stack(0x00000000228b0000,0x00000000229b0000)]
  0x0000000021dd0800 JavaThread "C1 CompilerThread0" daemon [_thread_blocked, id=6972, stack(0x0000000022af0000,0x0000000022bf0000)]
  0x0000000021dd8800 JavaThread "Sweeper thread" daemon [_thread_blocked, id=7196, stack(0x0000000022c90000,0x0000000022d90000)]
  0x0000000022ded000 JavaThread "Service Thread" daemon [_thread_blocked, id=6012, stack(0x00000000231c0000,0x00000000232c0000)]
  0x0000000022dfa800 JavaThread "Common-Cleaner" daemon [_thread_blocked, id=7852, stack(0x00000000234b0000,0x00000000235b0000)]
  0x0000000023947800 JavaThread "C2 CompilerThread1" daemon [_thread_in_native, id=8628, stack(0x0000000023fa0000,0x00000000240a0000)]
  0x0000000026a15000 JavaThread "Catalina-utility-1" [_thread_blocked, id=6904, stack(0x00000000235e0000,0x00000000236e0000)]
  0x0000000026a16000 JavaThread "Catalina-utility-2" [_thread_blocked, id=8476, stack(0x0000000025a50000,0x0000000025b50000)]
  0x0000000026a17000 JavaThread "container-0" [_thread_blocked, id=6640, stack(0x00000000227b0000,0x00000000228b0000)]
  0x0000000026a17800 JavaThread "mysql-cj-abandoned-connection-cleanup" daemon [_thread_blocked, id=8868, stack(0x0000000028ae0000,0x0000000028be0000)]

Other Threads:
  0x0000000021da2800 VMThread "VM Thread" [stack: 0x0000000022070000,0x0000000022170000] [id=8292]
  0x0000000022df6800 WatcherThread [stack: 0x0000000023300000,0x0000000023400000] [id=1408]
  0x000000000049c800 GCTaskThread "GC Thread#0" [stack: 0x000000001e900000,0x000000001ea00000] [id=8400]
  0x0000000023a96000 GCTaskThread "GC Thread#1" [stack: 0x00000000240c0000,0x00000000241c0000] [id=8616]
  0x0000000023a90000 GCTaskThread "GC Thread#2" [stack: 0x00000000229e0000,0x0000000022ae0000] [id=6692]
  0x0000000024359000 GCTaskThread "GC Thread#3" [stack: 0x00000000254c0000,0x00000000255c0000] [id=8716]
  0x00000000004ae000 ConcurrentGCThread "G1 Main Marker" [stack: 0x000000001ea30000,0x000000001eb30000] [id=1376]
  0x00000000004af000 ConcurrentGCThread "G1 Conc#0" [stack: 0x000000001ebd0000,0x000000001ecd0000] [id=8360]
  0x0000000021177800 ConcurrentGCThread "G1 Refine#0" [stack: 0x0000000021270000,0x0000000021370000] [id=9124]
  0x0000000022fef800 ConcurrentGCThread "G1 Refine#1" [stack: 0x00000000241f0000,0x00000000242f0000] [id=7428]
  0x000000002117c000 ConcurrentGCThread "G1 Young RemSet Sampling" [stack: 0x00000000213b0000,0x00000000214b0000] [id=8808]

Threads with active compile tasks:
C2 CompilerThread0     7821 3700       4       org.springframework.boot.context.properties.source.ConfigurationPropertyName$ElementsParser::parse (234 bytes)
C2 CompilerThread1     7821 3702       4       org.springframework.core.annotation.AnnotationsScanner::getDeclaredAnnotations (166 bytes)

VM state:not at safepoint (normal execution)

VM Mutex/Monitor currently owned by a thread: None

Heap address: 0x0000000083200000, size: 1998 MB, Compressed Oops mode: 32-bit
Narrow klass base: 0x0000000800000000, Narrow klass shift: 3
Compressed class space size: 1073741824 Address: 0x0000000800b40000

Heap:
 garbage-first heap   total 57344K, used 37333K [0x0000000083200000, 0x0000000100000000)
  region size 1024K, 26 young (26624K), 2 survivors (2048K)
 Metaspace       used 27479K, capacity 28414K, committed 28672K, reserved 1075200K
  class space    used 3380K, capacity 3734K, committed 3840K, reserved 1048576K
Heap Regions: E=young(eden), S=young(survivor), O=old, HS=humongous(starts), HC=humongous(continues), CS=collection set, F=free, A=archive, TAMS=top-at-mark-start (previous, next)
|   0|0x0000000083200000, 0x0000000083300000, 0x0000000083300000|100%|HS|  |TAMS 0x0000000083300000, 0x0000000083200000| Complete 
|   1|0x0000000083300000, 0x0000000083400000, 0x0000000083400000|100%| O|  |TAMS 0x0000000083400000, 0x0000000083300000| Untracked 
|   2|0x0000000083400000, 0x0000000083500000, 0x0000000083500000|100%| O|  |TAMS 0x0000000083500000, 0x0000000083400000| Untracked 
|   3|0x0000000083500000, 0x0000000083600000, 0x0000000083600000|100%| O|  |TAMS 0x0000000083600000, 0x0000000083500000| Untracked 
|   4|0x0000000083600000, 0x0000000083700000, 0x0000000083700000|100%| O|  |TAMS 0x0000000083700000, 0x0000000083600000| Untracked 
|   5|0x0000000083700000, 0x00000000837cce00, 0x0000000083800000| 80%| O|  |TAMS 0x00000000837cce00, 0x0000000083700000| Untracked 
|   6|0x0000000083800000, 0x0000000083900000, 0x0000000083900000|100%| O|  |TAMS 0x0000000083800000, 0x0000000083800000| Untracked 
|   7|0x0000000083900000, 0x0000000083a00000, 0x0000000083a00000|100%| O|  |TAMS 0x0000000083900000, 0x0000000083900000| Untracked 
|   8|0x0000000083a00000, 0x0000000083b00000, 0x0000000083b00000|100%| O|  |TAMS 0x0000000083a00000, 0x0000000083a00000| Untracked 
|   9|0x0000000083b00000, 0x0000000083c00000, 0x0000000083c00000|100%| O|  |TAMS 0x0000000083b00000, 0x0000000083b00000| Untracked 
|  10|0x0000000083c00000, 0x0000000083d00000, 0x0000000083d00000|100%| O|  |TAMS 0x0000000083c00000, 0x0000000083c00000| Untracked 
|  11|0x0000000083d00000, 0x0000000083e00000, 0x0000000083e00000|100%| O|  |TAMS 0x0000000083d00000, 0x0000000083d00000| Untracked 
|  12|0x0000000083e00000, 0x0000000083f00000, 0x0000000083f00000|100%| O|  |TAMS 0x0000000083e00000, 0x0000000083e00000| Untracked 
|  13|0x0000000083f00000, 0x0000000083f51e00, 0x0000000084000000| 31%| O|  |TAMS 0x0000000083f00000, 0x0000000083f00000| Untracked 
|  14|0x0000000084000000, 0x0000000084000000, 0x0000000084100000|  0%| F|  |TAMS 0x0000000084000000, 0x0000000084000000| Untracked 
|  15|0x0000000084100000, 0x0000000084100000, 0x0000000084200000|  0%| F|  |TAMS 0x0000000084100000, 0x0000000084100000| Untracked 
|  16|0x0000000084200000, 0x0000000084200000, 0x0000000084300000|  0%| F|  |TAMS 0x0000000084200000, 0x0000000084200000| Untracked 
|  17|0x0000000084300000, 0x0000000084300000, 0x0000000084400000|  0%| F|  |TAMS 0x0000000084300000, 0x0000000084300000| Untracked 
|  18|0x0000000084400000, 0x0000000084400000, 0x0000000084500000|  0%| F|  |TAMS 0x0000000084400000, 0x0000000084400000| Untracked 
|  19|0x0000000084500000, 0x0000000084500000, 0x0000000084600000|  0%| F|  |TAMS 0x0000000084500000, 0x0000000084500000| Untracked 
|  20|0x0000000084600000, 0x0000000084600000, 0x0000000084700000|  0%| F|  |TAMS 0x0000000084600000, 0x0000000084600000| Untracked 
|  21|0x0000000084700000, 0x0000000084700000, 0x0000000084800000|  0%| F|  |TAMS 0x0000000084700000, 0x0000000084700000| Untracked 
|  22|0x0000000084800000, 0x0000000084800000, 0x0000000084900000|  0%| F|  |TAMS 0x0000000084800000, 0x0000000084800000| Untracked 
|  23|0x0000000084900000, 0x0000000084900000, 0x0000000084a00000|  0%| F|  |TAMS 0x0000000084900000, 0x0000000084900000| Untracked 
|  24|0x0000000084a00000, 0x0000000084a00000, 0x0000000084b00000|  0%| F|  |TAMS 0x0000000084a00000, 0x0000000084a00000| Untracked 
|  25|0x0000000084b00000, 0x0000000084b00000, 0x0000000084c00000|  0%| F|  |TAMS 0x0000000084b00000, 0x0000000084b00000| Untracked 
|  26|0x0000000084c00000, 0x0000000084c00000, 0x0000000084d00000|  0%| F|  |TAMS 0x0000000084c00000, 0x0000000084c00000| Untracked 
|  27|0x0000000084d00000, 0x0000000084d00000, 0x0000000084e00000|  0%| F|  |TAMS 0x0000000084d00000, 0x0000000084d00000| Untracked 
|  28|0x0000000084e00000, 0x0000000084e00000, 0x0000000084f00000|  0%| F|  |TAMS 0x0000000084e00000, 0x0000000084e00000| Untracked 
|  29|0x0000000084f00000, 0x0000000084f00000, 0x0000000085000000|  0%| F|  |TAMS 0x0000000084f00000, 0x0000000084f00000| Untracked 
|  30|0x0000000085000000, 0x00000000850b7ea8, 0x0000000085100000| 71%| E|  |TAMS 0x0000000085000000, 0x0000000085000000| Complete 
|  31|0x0000000085100000, 0x0000000085156bd0, 0x0000000085200000| 33%| S|CS|TAMS 0x0000000085100000, 0x0000000085100000| Complete 
|  32|0x0000000085200000, 0x0000000085300000, 0x0000000085300000|100%| S|CS|TAMS 0x0000000085200000, 0x0000000085200000| Complete 
|  33|0x0000000085300000, 0x0000000085400000, 0x0000000085400000|100%| E|CS|TAMS 0x0000000085300000, 0x0000000085300000| Complete 
|  34|0x0000000085400000, 0x0000000085500000, 0x0000000085500000|100%| E|CS|TAMS 0x0000000085400000, 0x0000000085400000| Complete 
|  35|0x0000000085500000, 0x0000000085600000, 0x0000000085600000|100%| E|CS|TAMS 0x0000000085500000, 0x0000000085500000| Complete 
|  36|0x0000000085600000, 0x0000000085700000, 0x0000000085700000|100%| E|CS|TAMS 0x0000000085600000, 0x0000000085600000| Complete 
|  37|0x0000000085700000, 0x0000000085800000, 0x0000000085800000|100%| E|CS|TAMS 0x0000000085700000, 0x0000000085700000| Complete 
|  38|0x0000000085800000, 0x0000000085900000, 0x0000000085900000|100%| E|CS|TAMS 0x0000000085800000, 0x0000000085800000| Complete 
|  39|0x0000000085900000, 0x0000000085a00000, 0x0000000085a00000|100%| E|CS|TAMS 0x0000000085900000, 0x0000000085900000| Complete 
|  40|0x0000000085a00000, 0x0000000085b00000, 0x0000000085b00000|100%| E|CS|TAMS 0x0000000085a00000, 0x0000000085a00000| Complete 
|  41|0x0000000085b00000, 0x0000000085c00000, 0x0000000085c00000|100%| E|CS|TAMS 0x0000000085b00000, 0x0000000085b00000| Complete 
|  42|0x0000000085c00000, 0x0000000085d00000, 0x0000000085d00000|100%| E|CS|TAMS 0x0000000085c00000, 0x0000000085c00000| Complete 
|  43|0x0000000085d00000, 0x0000000085e00000, 0x0000000085e00000|100%| E|CS|TAMS 0x0000000085d00000, 0x0000000085d00000| Complete 
|  44|0x0000000085e00000, 0x0000000085f00000, 0x0000000085f00000|100%| E|CS|TAMS 0x0000000085e00000, 0x0000000085e00000| Complete 
|  45|0x0000000085f00000, 0x0000000086000000, 0x0000000086000000|100%| E|CS|TAMS 0x0000000085f00000, 0x0000000085f00000| Complete 
|  46|0x0000000086000000, 0x0000000086100000, 0x0000000086100000|100%| E|CS|TAMS 0x0000000086000000, 0x0000000086000000| Complete 
|  47|0x0000000086100000, 0x0000000086200000, 0x0000000086200000|100%| E|CS|TAMS 0x0000000086100000, 0x0000000086100000| Complete 
|  48|0x0000000086200000, 0x0000000086300000, 0x0000000086300000|100%| E|CS|TAMS 0x0000000086200000, 0x0000000086200000| Complete 
| 126|0x000000008b000000, 0x000000008b100000, 0x000000008b100000|100%| E|CS|TAMS 0x000000008b000000, 0x000000008b000000| Complete 
| 127|0x000000008b100000, 0x000000008b200000, 0x000000008b200000|100%| E|  |TAMS 0x000000008b100000, 0x000000008b100000| Complete 
| 128|0x000000008b200000, 0x000000008b300000, 0x000000008b300000|100%| E|CS|TAMS 0x000000008b200000, 0x000000008b200000| Complete 
| 129|0x000000008b300000, 0x000000008b400000, 0x000000008b400000|100%| E|CS|TAMS 0x000000008b300000, 0x000000008b300000| Complete 
| 130|0x000000008b400000, 0x000000008b500000, 0x000000008b500000|100%| E|CS|TAMS 0x000000008b400000, 0x000000008b400000| Complete 
| 131|0x000000008b500000, 0x000000008b600000, 0x000000008b600000|100%| E|CS|TAMS 0x000000008b500000, 0x000000008b500000| Complete 
| 151|0x000000008c900000, 0x000000008ca00000, 0x000000008ca00000|100%| E|CS|TAMS 0x000000008c900000, 0x000000008c900000| Complete 

Card table byte_map: [0x000000001a280000,0x000000001a670000] _byte_map_base: 0x0000000019e67000

Marking Bits (Prev, Next): (CMBitMap*) 0x000000000049d598, (CMBitMap*) 0x000000000049d558
 Prev Bits: [0x000000001c9a0000, 0x000000001e8d8000)
 Next Bits: [0x000000001aa60000, 0x000000001c998000)

Polling page: 0x0000000000110000

Metaspace:

Usage:
  Non-class:     24.10 MB capacity,    23.53 MB ( 98%) used,   481.16 KB (  2%) free+waste,    99.31 KB ( <1%) overhead. 
      Class:      3.65 MB capacity,     3.30 MB ( 91%) used,   306.08 KB (  8%) free+waste,    47.88 KB (  1%) overhead. 
       Both:     27.75 MB capacity,    26.84 MB ( 97%) used,   787.24 KB (  3%) free+waste,   147.19 KB ( <1%) overhead. 

Virtual space:
  Non-class space:       26.00 MB reserved,      24.25 MB ( 93%) committed 
      Class space:        1.00 GB reserved,       3.75 MB ( <1%) committed 
             Both:        1.03 GB reserved,      28.00 MB (  3%) committed 

Chunk freelists:
   Non-Class:  24.00 KB
       Class:  10.00 KB
        Both:  34.00 KB

MaxMetaspaceSize: 17179869184.00 GB
CompressedClassSpaceSize: 1.00 GB

CodeHeap 'non-profiled nmethods': size=120064Kb used=1841Kb max_used=1841Kb free=118223Kb
 bounds [0x0000000012420000, 0x0000000012690000, 0x0000000019960000]
CodeHeap 'profiled nmethods': size=120000Kb used=8258Kb max_used=8734Kb free=111741Kb
 bounds [0x000000000aef0000, 0x000000000b780000, 0x0000000012420000]
CodeHeap 'non-nmethods': size=5696Kb used=1219Kb max_used=1282Kb free=4476Kb
 bounds [0x000000000a960000, 0x000000000abd0000, 0x000000000aef0000]
 total_blobs=5359 nmethods=3410 adapters=392
 compilation: enabled
              stopped_count=0, restarted_count=0
 full_count=0

Compilation events (20 events):
Event: 7.668 Thread 0x0000000021dd0800 3738       2       org.springframework.core.annotation.AnnotationUtils::isCandidateClass (9 bytes)
Event: 7.669 Thread 0x0000000021dd0800 nmethod 3738 0x000000000b205490 code [0x000000000b205660, 0x000000000b2058e0]
Event: 7.670 Thread 0x0000000021dd0800 3739       1       org.springframework.data.repository.core.support.RepositoryFactoryBeanSupport::getObjectType (5 bytes)
Event: 7.670 Thread 0x0000000021dd0800 nmethod 3739 0x000000001246c510 code [0x000000001246c6a0, 0x000000001246c7d8]
Event: 7.672 Thread 0x0000000021dd0800 3740       2       java.beans.Introspector::decapitalize (68 bytes)
Event: 7.673 Thread 0x0000000021dd0800 nmethod 3740 0x000000000b039b10 code [0x000000000b039dc0, 0x000000000b03a6d0]
Event: 7.676 Thread 0x0000000021dd0800 3741       2       org.springframework.core.MethodParameter::getParameterType (48 bytes)
Event: 7.677 Thread 0x0000000021dd0800 nmethod 3741 0x000000000af69490 code [0x000000000af69660, 0x000000000af69960]
Event: 7.681 Thread 0x0000000021dd0800 3742       2       jdk.internal.reflect.ClassFileAssembler::opc_invokespecial (26 bytes)
Event: 7.682 Thread 0x0000000021dd0800 nmethod 3742 0x000000000af1fb90 code [0x000000000af1fd60, 0x000000000af20090]
Event: 7.682 Thread 0x0000000021dd0800 3745       2       jdk.internal.reflect.ClassFileAssembler::emitInt (46 bytes)
Event: 7.682 Thread 0x0000000021dd0800 nmethod 3745 0x000000000aff3410 code [0x000000000aff3600, 0x000000000aff3980]
Event: 7.686 Thread 0x0000000021dd0800 3746       1       java.lang.module.ModuleDescriptor::packages (5 bytes)
Event: 7.686 Thread 0x0000000021dd0800 nmethod 3746 0x00000000124d8310 code [0x00000000124d84a0, 0x00000000124d85d8]
Event: 7.693 Thread 0x0000000021dd0800 3747       2       org.springframework.orm.jpa.support.PersistenceAnnotationBeanPostProcessor::lambda$buildPersistenceMetadata$0 (55 bytes)
Event: 7.694 Thread 0x0000000021dd0800 nmethod 3747 0x000000000afec910 code [0x000000000afecb80, 0x000000000afed320]
Event: 7.694 Thread 0x0000000021dd0800 3748       2       org.springframework.context.annotation.CommonAnnotationBeanPostProcessor::lambda$buildResourceMetadata$0 (181 bytes)
Event: 7.695 Thread 0x0000000021dd0800 nmethod 3748 0x000000000b12d490 code [0x000000000b12d6e0, 0x000000000b12dce0]
Event: 7.699 Thread 0x0000000021dd0800 3749       2       org.springframework.beans.factory.config.DependencyDescriptor::getDependencyType (123 bytes)
Event: 7.700 Thread 0x0000000021dd0800 nmethod 3749 0x000000000b2aa790 code [0x000000000b2aa9e0, 0x000000000b2ab380]

GC Heap History (20 events):
Event: 0.834 GC heap before
{Heap before GC invocations=0 (full 0):
 garbage-first heap   total 129024K, used 14336K [0x0000000083200000, 0x0000000100000000)
  region size 1024K, 14 young (14336K), 0 survivors (0K)
 Metaspace       used 2441K, capacity 5641K, committed 5760K, reserved 1056768K
  class space    used 231K, capacity 542K, committed 640K, reserved 1048576K
}
Event: 0.843 GC heap after
{Heap after GC invocations=1 (full 0):
 garbage-first heap   total 129024K, used 5848K [0x0000000083200000, 0x0000000100000000)
  region size 1024K, 2 young (2048K), 2 survivors (2048K)
 Metaspace       used 2441K, capacity 5641K, committed 5760K, reserved 1056768K
  class space    used 231K, capacity 542K, committed 640K, reserved 1048576K
}
Event: 1.079 GC heap before
{Heap before GC invocations=1 (full 0):
 garbage-first heap   total 129024K, used 11992K [0x0000000083200000, 0x0000000100000000)
  region size 1024K, 8 young (8192K), 2 survivors (2048K)
 Metaspace       used 3723K, capacity 6423K, committed 6528K, reserved 1056768K
  class space    used 395K, capacity 636K, committed 640K, reserved 1048576K
}
Event: 1.082 GC heap after
{Heap after GC invocations=2 (full 0):
 garbage-first heap   total 129024K, used 6237K [0x0000000083200000, 0x0000000100000000)
  region size 1024K, 1 young (1024K), 1 survivors (1024K)
 Metaspace       used 3723K, capacity 6423K, committed 6528K, reserved 1056768K
  class space    used 395K, capacity 636K, committed 640K, reserved 1048576K
}
Event: 1.584 GC heap before
{Heap before GC invocations=2 (full 0):
 garbage-first heap   total 129024K, used 29789K [0x0000000083200000, 0x0000000100000000)
  region size 1024K, 25 young (25600K), 1 survivors (1024K)
 Metaspace       used 8316K, capacity 9856K, committed 10112K, reserved 1058816K
  class space    used 926K, capacity 1133K, committed 1152K, reserved 1048576K
}
Event: 1.588 GC heap after
{Heap after GC invocations=3 (full 0):
 garbage-first heap   total 129024K, used 7297K [0x0000000083200000, 0x0000000100000000)
  region size 1024K, 2 young (2048K), 2 survivors (2048K)
 Metaspace       used 8316K, capacity 9856K, committed 10112K, reserved 1058816K
  class space    used 926K, capacity 1133K, committed 1152K, reserved 1048576K
}
Event: 2.723 GC heap before
{Heap before GC invocations=3 (full 0):
 garbage-first heap   total 129024K, used 55425K [0x0000000083200000, 0x0000000100000000)
  region size 1024K, 49 young (50176K), 2 survivors (2048K)
 Metaspace       used 14519K, capacity 15236K, committed 15360K, reserved 1062912K
  class space    used 1767K, capacity 1948K, committed 2048K, reserved 1048576K
}
Event: 2.732 GC heap after
{Heap after GC invocations=4 (full 0):
 garbage-first heap   total 129024K, used 8955K [0x0000000083200000, 0x0000000100000000)
  region size 1024K, 3 young (3072K), 3 survivors (3072K)
 Metaspace       used 14519K, capacity 15236K, committed 15360K, reserved 1062912K
  class space    used 1767K, capacity 1948K, committed 2048K, reserved 1048576K
}
Event: 3.607 GC heap before
{Heap before GC invocations=4 (full 0):
 garbage-first heap   total 129024K, used 73467K [0x0000000083200000, 0x0000000100000000)
  region size 1024K, 67 young (68608K), 3 survivors (3072K)
 Metaspace       used 15681K, capacity 16231K, committed 16512K, reserved 1062912K
  class space    used 1877K, capacity 2066K, committed 2176K, reserved 1048576K
}
Event: 3.622 GC heap after
{Heap after GC invocations=5 (full 0):
 garbage-first heap   total 155648K, used 10524K [0x0000000083200000, 0x0000000100000000)
  region size 1024K, 5 young (5120K), 5 survivors (5120K)
 Metaspace       used 15681K, capacity 16231K, committed 16512K, reserved 1062912K
  class space    used 1877K, capacity 2066K, committed 2176K, reserved 1048576K
}
Event: 4.626 GC heap before
{Heap before GC invocations=5 (full 0):
 garbage-first heap   total 155648K, used 89372K [0x0000000083200000, 0x0000000100000000)
  region size 1024K, 82 young (83968K), 5 survivors (5120K)
 Metaspace       used 18219K, capacity 18817K, committed 19072K, reserved 1067008K
  class space    used 2199K, capacity 2397K, committed 2432K, reserved 1048576K
}
Event: 4.639 GC heap after
{Heap after GC invocations=6 (full 0):
 garbage-first heap   total 155648K, used 11306K [0x0000000083200000, 0x0000000100000000)
  region size 1024K, 6 young (6144K), 6 survivors (6144K)
 Metaspace       used 18219K, capacity 18817K, committed 19072K, reserved 1067008K
  class space    used 2199K, capacity 2397K, committed 2432K, reserved 1048576K
}
Event: 5.420 GC heap before
{Heap before GC invocations=6 (full 0):
 garbage-first heap   total 155648K, used 30762K [0x0000000083200000, 0x0000000100000000)
  region size 1024K, 26 young (26624K), 6 survivors (6144K)
 Metaspace       used 20595K, capacity 21168K, committed 21248K, reserved 1067008K
  class space    used 2521K, capacity 2759K, committed 2816K, reserved 1048576K
}
Event: 5.446 GC heap after
{Heap after GC invocations=7 (full 0):
 garbage-first heap   total 155648K, used 11674K [0x0000000083200000, 0x0000000100000000)
  region size 1024K, 6 young (6144K), 6 survivors (6144K)
 Metaspace       used 20595K, capacity 21168K, committed 21248K, reserved 1067008K
  class space    used 2521K, capacity 2759K, committed 2816K, reserved 1048576K
}
Event: 6.430 GC heap before
{Heap before GC invocations=8 (full 0):
 garbage-first heap   total 45056K, used 32154K [0x0000000083200000, 0x0000000100000000)
  region size 1024K, 26 young (26624K), 6 survivors (6144K)
 Metaspace       used 23360K, capacity 24166K, committed 24320K, reserved 1071104K
  class space    used 2905K, capacity 3236K, committed 3328K, reserved 1048576K
}
Event: 6.456 GC heap after
{Heap after GC invocations=9 (full 0):
 garbage-first heap   total 45056K, used 13617K [0x0000000083200000, 0x0000000100000000)
  region size 1024K, 3 young (3072K), 3 survivors (3072K)
 Metaspace       used 23360K, capacity 24166K, committed 24320K, reserved 1071104K
  class space    used 2905K, capacity 3236K, committed 3328K, reserved 1048576K
}
Event: 7.078 GC heap before
{Heap before GC invocations=9 (full 0):
 garbage-first heap   total 45056K, used 32049K [0x0000000083200000, 0x0000000100000000)
  region size 1024K, 22 young (22528K), 3 survivors (3072K)
 Metaspace       used 26103K, capacity 27021K, committed 27136K, reserved 1073152K
  class space    used 3198K, capacity 3548K, committed 3584K, reserved 1048576K
}
Event: 7.094 GC heap after
{Heap after GC invocations=10 (full 0):
 garbage-first heap   total 57344K, used 15120K [0x0000000083200000, 0x0000000100000000)
  region size 1024K, 2 young (2048K), 2 survivors (2048K)
 Metaspace       used 26103K, capacity 27021K, committed 27136K, reserved 1073152K
  class space    used 3198K, capacity 3548K, committed 3584K, reserved 1048576K
}
Event: 7.110 GC heap before
{Heap before GC invocations=10 (full 0):
 garbage-first heap   total 57344K, used 37648K [0x0000000083200000, 0x0000000100000000)
  region size 1024K, 25 young (25600K), 2 survivors (2048K)
 Metaspace       used 26103K, capacity 27021K, committed 27136K, reserved 1073152K
  class space    used 3198K, capacity 3548K, committed 3584K, reserved 1048576K
}
Event: 7.116 GC heap after
{Heap after GC invocations=11 (full 0):
 garbage-first heap   total 57344K, used 14805K [0x0000000083200000, 0x0000000100000000)
  region size 1024K, 2 young (2048K), 2 survivors (2048K)
 Metaspace       used 26103K, capacity 27021K, committed 27136K, reserved 1073152K
  class space    used 3198K, capacity 3548K, committed 3584K, reserved 1048576K
}

Deoptimization events (20 events):
Event: 7.225 Thread 0x0000000000459000 Uncommon trap: trap_request=0xffffff45 fr.pc=0x00000000125e11c4 relative=0x0000000000001a84
Event: 7.225 Thread 0x0000000000459000 Uncommon trap: reason=unstable_if action=reinterpret pc=0x00000000125e11c4 method=java.util.zip.InflaterInputStream.read([BII)I @ 41 c2
Event: 7.225 Thread 0x0000000000459000 DEOPT PACKING pc=0x00000000125e11c4 sp=0x000000000201daf0
Event: 7.225 Thread 0x0000000000459000 DEOPT UNPACKING pc=0x000000000a9a9429 sp=0x000000000201db50 mode 2
Event: 7.271 Thread 0x0000000000459000 Uncommon trap: trap_request=0xffffff45 fr.pc=0x000000001252a4f8 relative=0x0000000000000ef8
Event: 7.271 Thread 0x0000000000459000 Uncommon trap: reason=unstable_if action=reinterpret pc=0x000000001252a4f8 method=java.util.zip.ZipFile.getZipEntry(Ljava/lang/String;[BILjava/util/function/Function;)Ljava/util/zip/ZipEntry; @ 52 c2
Event: 7.271 Thread 0x0000000000459000 DEOPT PACKING pc=0x000000001252a4f8 sp=0x000000000201dda0
Event: 7.271 Thread 0x0000000000459000 DEOPT UNPACKING pc=0x000000000a9a9429 sp=0x000000000201dd48 mode 2
Event: 7.391 Thread 0x0000000000459000 DEOPT PACKING pc=0x000000000b735bb0 sp=0x0000000002019320
Event: 7.391 Thread 0x0000000000459000 DEOPT UNPACKING pc=0x000000000a9a993f sp=0x0000000002018838 mode 0
Event: 7.532 Thread 0x0000000000459000 DEOPT PACKING pc=0x000000000b735bb0 sp=0x000000000201b800
Event: 7.533 Thread 0x0000000000459000 DEOPT UNPACKING pc=0x000000000a9a993f sp=0x000000000201ad18 mode 0
Event: 7.622 Thread 0x0000000000459000 Uncommon trap: trap_request=0xffffff45 fr.pc=0x00000000124d64ac relative=0x000000000000018c
Event: 7.622 Thread 0x0000000000459000 Uncommon trap: reason=unstable_if action=reinterpret pc=0x00000000124d64ac method=java.util.concurrent.ConcurrentHashMap.get(Ljava/lang/Object;)Ljava/lang/Object; @ 152 c2
Event: 7.622 Thread 0x0000000000459000 DEOPT PACKING pc=0x00000000124d64ac sp=0x000000000201cfd0
Event: 7.622 Thread 0x0000000000459000 DEOPT UNPACKING pc=0x000000000a9a9429 sp=0x000000000201cf38 mode 2
Event: 7.729 Thread 0x0000000026a17800 Uncommon trap: trap_request=0xffffff45 fr.pc=0x00000000125e6740 relative=0x0000000000001cc0
Event: 7.729 Thread 0x0000000026a17800 Uncommon trap: reason=unstable_if action=reinterpret pc=0x00000000125e6740 method=java.net.URL.<init>(Ljava/net/URL;Ljava/lang/String;Ljava/net/URLStreamHandler;)V @ 57 c2
Event: 7.729 Thread 0x0000000026a17800 DEOPT PACKING pc=0x00000000125e6740 sp=0x0000000028bde7f0
Event: 7.729 Thread 0x0000000026a17800 DEOPT UNPACKING pc=0x000000000a9a9429 sp=0x0000000028bde7c0 mode 2

Classes unloaded (0 events):
No events

Classes redefined (0 events):
No events

Internal exceptions (20 events):
Event: 5.778 Thread 0x0000000000459000 Exception <a 'java/lang/ClassNotFoundException'{0x0000000084f55050}: org/springframework/beans/factory/AwareCustomizer> (0x0000000084f55050) 
thrown [t:/workspace/open/src/hotspot/share/classfile/systemDictionary.cpp, line 232]
Event: 5.778 Thread 0x0000000000459000 Exception <a 'java/lang/ClassNotFoundException'{0x0000000084f64298}: org/springframework/aop/framework/AopInfrastructureBeanCustomizer> (0x0000000084f64298) 
thrown [t:/workspace/open/src/hotspot/share/classfile/systemDictionary.cpp, line 232]
Event: 5.950 Thread 0x0000000000459000 Exception <a 'java/lang/ClassNotFoundException'{0x0000000084c71428}: java/lang/ObjectCustomizer> (0x0000000084c71428) 
thrown [t:/workspace/open/src/hotspot/share/classfile/systemDictionary.cpp, line 232]
Event: 5.954 Thread 0x0000000000459000 Exception <a 'java/lang/ClassNotFoundException'{0x0000000084c87d28}: org/springframework/transaction/annotation/AbstractTransactionManagementConfigurationCustomizer> (0x0000000084c87d28) 
thrown [t:/workspace/open/src/hotspot/share/classfile/systemDictionary.cpp, line 232]
Event: 5.956 Thread 0x0000000000459000 Exception <a 'java/lang/ClassNotFoundException'{0x0000000084c9ced0}: org/springframework/transaction/annotation/ProxyTransactionManagementConfigurationCustomizer> (0x0000000084c9ced0) 
thrown [t:/workspace/open/src/hotspot/share/classfile/systemDictionary.cpp, line 232]
Event: 5.966 Thread 0x0000000000459000 Exception <a 'java/lang/ClassNotFoundException'{0x0000000084caf990}: org/springframework/context/annotation/ImportAwareCustomizer> (0x0000000084caf990) 
thrown [t:/workspace/open/src/hotspot/share/classfile/systemDictionary.cpp, line 232]
Event: 5.968 Thread 0x0000000000459000 Exception <a 'java/lang/ClassNotFoundException'{0x0000000084cbe058}: org/springframework/beans/factory/AwareCustomizer> (0x0000000084cbe058) 
thrown [t:/workspace/open/src/hotspot/share/classfile/systemDictionary.cpp, line 232]
Event: 6.133 Thread 0x0000000000459000 Exception <a 'java/lang/NoSuchMethodError'{0x00000000849fe578}: 'int java.lang.invoke.DirectMethodHandle$Holder.invokeSpecial(java.lang.Object, java.lang.Object, java.lang.Object, java.lang.Object, java.lang.Object)'> (0x00000000849fe578) 
thrown [t:/workspace/open/src/hotspot/share/interpreter/linkResolver.cpp, line 767]
Event: 6.209 Thread 0x0000000000459000 Implicit null exception at 0x0000000012578217 to 0x0000000012578412
Event: 6.315 Thread 0x0000000000459000 Exception <a 'java/lang/NoSuchMethodError'{0x0000000084521d28}: 'void java.lang.invoke.DirectMethodHandle$Holder.invokeInterface(java.lang.Object, java.lang.Object, int)'> (0x0000000084521d28) 
thrown [t:/workspace/open/src/hotspot/share/interpreter/linkResolver.cpp, line 767]
Event: 6.327 Thread 0x0000000000459000 Exception <a 'java/lang/IncompatibleClassChangeError'{0x000000008456a530}: Found class java.lang.Object, but interface was expected> (0x000000008456a530) 
thrown [t:/workspace/open/src/hotspot/share/interpreter/linkResolver.cpp, line 833]
Event: 6.328 Thread 0x0000000000459000 Exception <a 'java/lang/NoSuchMethodError'{0x000000008456f260}: 'void java.lang.invoke.DirectMethodHandle$Holder.invokeStatic(java.lang.Object, int, java.lang.Object)'> (0x000000008456f260) 
thrown [t:/workspace/open/src/hotspot/share/interpreter/linkResolver.cpp, line 767]
Event: 6.585 Thread 0x0000000000459000 Exception <a 'java/lang/NoSuchMethodError'{0x000000008b4b5998}: 'java.lang.Object java.lang.invoke.DirectMethodHandle$Holder.invokeStaticInit(java.lang.Object, int, int, int, int)'> (0x000000008b4b5998) 
thrown [t:/workspace/open/src/hotspot/share/interpreter/linkResolver.cpp, line 767]
Event: 6.755 Thread 0x0000000000459000 Exception <a 'sun/nio/fs/WindowsException'{0x000000008b4f9758}> (0x000000008b4f9758) 
thrown [t:/workspace/open/src/hotspot/share/prims/jni.cpp, line 598]
Event: 6.757 Thread 0x0000000000459000 Exception <a 'java/lang/NoSuchMethodError'{0x000000008b4fdf90}: 'java.lang.Object java.lang.invoke.DirectMethodHandle$Holder.invokeStaticInit(java.lang.Object, java.lang.Object, int, int, int, int)'> (0x000000008b4fdf90) 
thrown [t:/workspace/open/src/hotspot/share/interpreter/linkResolver.cpp, line 767]
Event: 7.061 Thread 0x0000000000459000 Implicit null exception at 0x00000000124ca840 to 0x00000000124cbee2
Event: 7.222 Thread 0x0000000000459000 Exception <a 'java/io/FileNotFoundException'{0x0000000085e4a4f8}> (0x0000000085e4a4f8) 
thrown [t:/workspace/open/src/hotspot/share/prims/jni.cpp, line 598]
Event: 7.312 Thread 0x0000000000459000 Exception <a 'java/lang/NoSuchMethodError'{0x0000000085c928c8}: 'int java.lang.invoke.DirectMethodHandle$Holder.invokeInterface(java.lang.Object, java.lang.Object, java.lang.Object, java.lang.Object)'> (0x0000000085c928c8) 
thrown [t:/workspace/open/src/hotspot/share/interpreter/linkResolver.cpp, line 767]
Event: 7.416 Thread 0x0000000000459000 Exception <a 'java/io/FileNotFoundException'{0x0000000085980900}> (0x0000000085980900) 
thrown [t:/workspace/open/src/hotspot/share/prims/jni.cpp, line 598]
Event: 7.528 Thread 0x0000000000459000 Exception <a 'java/lang/NoSuchMethodError'{0x00000000856129e0}: 'void java.lang.invoke.DirectMethodHandle$Holder.invokeVirtual(java.lang.Object, java.lang.Object, java.lang.Object, java.lang.Object)'> (0x00000000856129e0) 
thrown [t:/workspace/open/src/hotspot/share/interpreter/linkResolver.cpp, line 767]

Events (20 events):
Event: 7.709 loading class org/springframework/orm/ObjectRetrievalFailureException
Event: 7.709 loading class org/springframework/orm/ObjectRetrievalFailureException done
Event: 7.710 loading class org/springframework/orm/ObjectOptimisticLockingFailureException
Event: 7.710 loading class org/springframework/orm/ObjectOptimisticLockingFailureException done
Event: 7.710 loading class org/springframework/dao/OptimisticLockingFailureException
Event: 7.710 loading class org/springframework/dao/OptimisticLockingFailureException done
Event: 7.710 loading class org/springframework/orm/jpa/JpaSystemException
Event: 7.710 loading class org/springframework/orm/jpa/JpaSystemException done
Event: 7.711 loading class org/hibernate/SQLQuery
Event: 7.711 loading class org/hibernate/SQLQuery done
Event: 7.712 loading class org/hibernate/Query
Event: 7.712 loading class org/hibernate/Query done
Event: 7.712 loading class javax/persistence/TypedQuery
Event: 7.712 loading class javax/persistence/TypedQuery done
Event: 7.713 loading class javax/persistence/Query
Event: 7.713 loading class javax/persistence/Query done
Event: 7.714 loading class org/hibernate/query/CommonQueryContract
Event: 7.714 loading class org/hibernate/query/CommonQueryContract done
Event: 7.714 loading class org/hibernate/BasicQueryContract
Event: 7.714 loading class org/hibernate/BasicQueryContract done


Dynamic libraries:
0x000000013f060000 - 0x000000013f06f000 	C:\Program Files\Java\jdk-13.0.1\bin\javaw.exe
0x00000000777d0000 - 0x000000007797a000 	C:\Windows\SYSTEM32\ntdll.dll
0x000007feeb970000 - 0x000007feeb983000 	C:\Program Files (x86)\AVG\Antivirus\aswhook.dll
0x00000000775b0000 - 0x00000000776cf000 	C:\Windows\system32\kernel32.dll
0x000007fefd6c0000 - 0x000007fefd72a000 	C:\Windows\system32\KERNELBASE.dll
0x000007fee5a60000 - 0x000007fee5a78000 	C:\Program Files\Java\jdk-13.0.1\bin\jli.dll
0x000007fefeb30000 - 0x000007fefec0b000 	C:\Windows\system32\ADVAPI32.dll
0x000007feff310000 - 0x000007feff3af000 	C:\Windows\system32\msvcrt.dll
0x000007fefece0000 - 0x000007fefecff000 	C:\Windows\SYSTEM32\sechost.dll
0x000007fefee90000 - 0x000007fefefbd000 	C:\Windows\system32\RPCRT4.dll
0x000007fefbac0000 - 0x000007fefbcb4000 	C:\Windows\WinSxS\amd64_microsoft.windows.common-controls_6595b64144ccf1df_6.0.7601.18837_none_fa3b1e3d17594757\COMCTL32.dll
0x000007feff2a0000 - 0x000007feff307000 	C:\Windows\system32\GDI32.dll
0x00000000776d0000 - 0x00000000777ca000 	C:\Windows\system32\USER32.dll
0x000007fefed80000 - 0x000007fefed8e000 	C:\Windows\system32\LPK.dll
0x000007fefec10000 - 0x000007fefecdb000 	C:\Windows\system32\USP10.dll
0x000007fefda60000 - 0x000007fefdad1000 	C:\Windows\system32\SHLWAPI.dll
0x000007fefc550000 - 0x000007fefc55c000 	C:\Windows\system32\VERSION.dll
0x000007fee5a80000 - 0x000007fee5a95000 	C:\Program Files\Java\jdk-13.0.1\bin\VCRUNTIME140.dll
0x000007fee5450000 - 0x000007fee5454000 	C:\Program Files\Java\jdk-13.0.1\bin\api-ms-win-crt-runtime-l1-1-0.dll
0x000007fedc5d0000 - 0x000007fedc6cc000 	C:\Program Files\Java\jdk-13.0.1\bin\ucrtbase.DLL
0x000007feeb670000 - 0x000007feeb673000 	C:\Program Files\Java\jdk-13.0.1\bin\api-ms-win-core-localization-l1-2-0.dll
0x000007fedc7c0000 - 0x000007fedc7c3000 	C:\Program Files\Java\jdk-13.0.1\bin\api-ms-win-core-processthreads-l1-1-1.dll
0x000007fee5440000 - 0x000007fee5443000 	C:\Program Files\Java\jdk-13.0.1\bin\api-ms-win-core-file-l1-2-0.dll
0x000007fedc7b0000 - 0x000007fedc7b3000 	C:\Program Files\Java\jdk-13.0.1\bin\api-ms-win-core-timezone-l1-1-0.dll
0x000007fedc7a0000 - 0x000007fedc7a3000 	C:\Program Files\Java\jdk-13.0.1\bin\api-ms-win-core-file-l2-1-0.dll
0x000007fedc790000 - 0x000007fedc793000 	C:\Program Files\Java\jdk-13.0.1\bin\api-ms-win-core-synch-l1-2-0.dll
0x000007fedc780000 - 0x000007fedc783000 	C:\Program Files\Java\jdk-13.0.1\bin\api-ms-win-crt-heap-l1-1-0.dll
0x000007fedc770000 - 0x000007fedc774000 	C:\Program Files\Java\jdk-13.0.1\bin\api-ms-win-crt-string-l1-1-0.dll
0x000007fedc760000 - 0x000007fedc764000 	C:\Program Files\Java\jdk-13.0.1\bin\api-ms-win-crt-stdio-l1-1-0.dll
0x000007fedc750000 - 0x000007fedc754000 	C:\Program Files\Java\jdk-13.0.1\bin\api-ms-win-crt-convert-l1-1-0.dll
0x000007fedc740000 - 0x000007fedc743000 	C:\Program Files\Java\jdk-13.0.1\bin\api-ms-win-crt-environment-l1-1-0.dll
0x000007fedc730000 - 0x000007fedc733000 	C:\Program Files\Java\jdk-13.0.1\bin\api-ms-win-crt-filesystem-l1-1-0.dll
0x000007fedc720000 - 0x000007fedc725000 	C:\Program Files\Java\jdk-13.0.1\bin\api-ms-win-crt-math-l1-1-0.dll
0x000007fedc710000 - 0x000007fedc713000 	C:\Program Files\Java\jdk-13.0.1\bin\api-ms-win-crt-locale-l1-1-0.dll
0x000007feff6e0000 - 0x000007feff70e000 	C:\Windows\system32\IMM32.DLL
0x000007fefdae0000 - 0x000007fefdbe9000 	C:\Windows\system32\MSCTF.dll
0x000007fedc530000 - 0x000007fedc5cb000 	C:\Program Files\Java\jdk-13.0.1\bin\msvcp140.dll
0x000007fedc700000 - 0x000007fedc703000 	C:\Program Files\Java\jdk-13.0.1\bin\api-ms-win-crt-time-l1-1-0.dll
0x000007fedc6f0000 - 0x000007fedc6f3000 	C:\Program Files\Java\jdk-13.0.1\bin\api-ms-win-crt-utility-l1-1-0.dll
0x000007fee48d0000 - 0x000007fee5436000 	C:\Program Files\Java\jdk-13.0.1\bin\server\jvm.dll
0x000007fefa280000 - 0x000007fefa289000 	C:\Windows\system32\WSOCK32.dll
0x000007feff710000 - 0x000007feff75d000 	C:\Windows\system32\WS2_32.dll
0x000007fefefc0000 - 0x000007fefefc8000 	C:\Windows\system32\NSI.dll
0x000007fefb3e0000 - 0x000007fefb41b000 	C:\Windows\system32\WINMM.dll
0x00000000779a0000 - 0x00000000779a7000 	C:\Windows\system32\PSAPI.DLL
0x000007feea800000 - 0x000007feea810000 	C:\Program Files\Java\jdk-13.0.1\bin\verify.dll
0x000007fef8790000 - 0x000007fef88b5000 	C:\Windows\system32\DBGHELP.DLL
0x000007fee8520000 - 0x000007fee8546000 	C:\Program Files\Java\jdk-13.0.1\bin\java.dll
0x000007feea7e0000 - 0x000007feea7f7000 	C:\Program Files\Java\jdk-13.0.1\bin\zip.dll
0x000007fee8510000 - 0x000007fee851a000 	C:\Program Files\Java\jdk-13.0.1\bin\jimage.dll
0x000007fefdbf0000 - 0x000007fefe97a000 	C:\Windows\system32\SHELL32.dll
0x000007feff800000 - 0x000007feff9fc000 	C:\Windows\system32\ole32.dll
0x000007fefd4d0000 - 0x000007fefd4df000 	C:\Windows\system32\profapi.dll
0x000007fee84f0000 - 0x000007fee8509000 	C:\Program Files\Java\jdk-13.0.1\bin\net.dll
0x000007fef8c90000 - 0x000007fef8d01000 	C:\Windows\system32\WINHTTP.dll
0x000007fef8c20000 - 0x000007fef8c85000 	C:\Windows\system32\webio.dll
0x000007fefcc90000 - 0x000007fefcce5000 	C:\Windows\system32\mswsock.dll
0x000007fefcc80000 - 0x000007fefcc87000 	C:\Windows\System32\wship6.dll
0x000007fee84d0000 - 0x000007fee84e3000 	C:\Program Files\Java\jdk-13.0.1\bin\nio.dll
0x000007feeb680000 - 0x000007feeb689000 	C:\Program Files\Java\jdk-13.0.1\bin\management.dll
0x000007fedc6e0000 - 0x000007fedc6eb000 	C:\Program Files\Java\jdk-13.0.1\bin\management_ext.dll
0x000007fefb1e0000 - 0x000007fefb1f5000 	C:\Windows\system32\NLAapi.dll
0x000007fef43f0000 - 0x000007fef4405000 	C:\Windows\system32\napinsp.dll
0x000007fef43d0000 - 0x000007fef43e9000 	C:\Windows\system32\pnrpnsp.dll
0x000007fef43c0000 - 0x000007fef43d0000 	C:\Windows\system32\wshbth.dll
0x000007fefcb10000 - 0x000007fefcb6b000 	C:\Windows\system32\DNSAPI.dll
0x000007fef43b0000 - 0x000007fef43bb000 	C:\Windows\System32\winrnr.dll
0x000007fef3230000 - 0x000007fef325f000 	C:\Program Files\Common Files\Microsoft Shared\Windows Live\WLIDNSP.DLL
0x0000000074dc0000 - 0x0000000074de6000 	C:\Program Files\Bonjour\mdnsNSP.dll
0x000007fefae30000 - 0x000007fefae57000 	C:\Windows\system32\Iphlpapi.DLL
0x000007fefae20000 - 0x000007fefae2b000 	C:\Windows\system32\WINNSI.DLL
0x000007fefc620000 - 0x000007fefc627000 	C:\Windows\System32\wshtcpip.dll
0x000007fef1400000 - 0x000007fef1408000 	C:\Windows\system32\rasadhlp.dll
0x000007fefad60000 - 0x000007fefadb3000 	C:\Windows\System32\fwpuclnt.dll
0x000007fefccf0000 - 0x000007fefcd08000 	C:\Windows\system32\CRYPTSP.dll
0x000007fefc9f0000 - 0x000007fefca37000 	C:\Windows\system32\rsaenh.dll
0x000007fefd4e0000 - 0x000007fefd4fe000 	C:\Windows\system32\USERENV.dll
0x000007fefd360000 - 0x000007fefd36f000 	C:\Windows\system32\CRYPTBASE.dll
0x000007fefaa90000 - 0x000007fefaaa8000 	C:\Windows\system32\dhcpcsvc.DLL
0x000007fefaa70000 - 0x000007fefaa81000 	C:\Windows\system32\dhcpcsvc6.DLL

dbghelp: loaded successfully - version: 4.0.5 - missing functions: none
symbol engine: initialized successfully - sym options: 0x614 - pdb path: .;C:\Program Files\Java\jdk-13.0.1\bin;C:\Windows\SYSTEM32;C:\Program Files (x86)\AVG\Antivirus;C:\Windows\WinSxS\amd64_microsoft.windows.common-controls_6595b64144ccf1df_6.0.7601.18837_none_fa3b1e3d17594757;C:\Program Files\Java\jdk-13.0.1\bin\server;C:\Program Files\Common Files\Microsoft Shared\Windows Live;C:\Program Files\Bonjour

VM Arguments:
jvm_args: -Dfile.encoding=UTF-8 
java_command: com.example.CouponPhase3Application
java_class_path (initial): C:\Users\dell\eclipse-workspace\CouponPhase3\target\classes;C:\Users\dell\.m2\repository\org\springframework\boot\spring-boot-starter-data-jpa\2.3.1.RELEASE\spring-boot-starter-data-jpa-2.3.1.RELEASE.jar;C:\Users\dell\.m2\repository\org\springframework\boot\spring-boot-starter-jdbc\2.3.1.RELEASE\spring-boot-starter-jdbc-2.3.1.RELEASE.jar;C:\Users\dell\.m2\repository\com\zaxxer\HikariCP\3.4.5\HikariCP-3.4.5.jar;C:\Users\dell\.m2\repository\org\springframework\spring-jdbc\5.2.7.RELEASE\spring-jdbc-5.2.7.RELEASE.jar;C:\Users\dell\.m2\repository\jakarta\transaction\jakarta.transaction-api\1.3.3\jakarta.transaction-api-1.3.3.jar;C:\Users\dell\.m2\repository\jakarta\persistence\jakarta.persistence-api\2.2.3\jakarta.persistence-api-2.2.3.jar;C:\Users\dell\.m2\repository\org\hibernate\hibernate-core\5.4.17.Final\hibernate-core-5.4.17.Final.jar;C:\Users\dell\.m2\repository\org\jboss\logging\jboss-logging\3.4.1.Final\jboss-logging-3.4.1.Final.jar;C:\Users\dell\.m2\repository\org\javassist\javassist\3.24.0-GA\javassist-3.24.0-GA.jar;C:\Users\dell\.m2\repository\net\bytebuddy\byte-buddy\1.10.11\byte-buddy-1.10.11.jar;C:\Users\dell\.m2\repository\antlr\antlr\2.7.7\antlr-2.7.7.jar;C:\Users\dell\.m2\repository\org\jboss\jandex\2.1.3.Final\jandex-2.1.3.Final.jar;C:\Users\dell\.m2\repository\org\dom4j\dom4j\2.1.3\dom4j-2.1.3.jar;C:\Users\dell\.m2\repository\org\hibernate\common\hibernate-commons-annotations\5.1.0.Final\hibernate-commons-annotations-5.1.0.Final.jar;C:\Users\dell\.m2\repository\org\glassfish\jaxb\jaxb-runtime\2.3.3\jaxb-runtime-2.3.3.jar;C:\Users\dell\.m2\repository\org\glassfish\jaxb\txw2\2.3.3\txw2-2.3.3.jar;C:\Users\dell\.m2\repository\com\sun\istack\istack-commons-runtime\3.0.11\istack-commons-runtime-3.0.11.jar;C:\Users\dell\.m2\repository\com\sun\activation\jakarta.activation\1.2.2\jakarta.activation-1.2.2.jar;C:\Users\dell\.m2\repository\org\springframework\data\spring-data-jpa\2.3.1.RELEASE\spring-data-jpa-2.3.1.RELEASE.jar;C:\User
Launcher Type: SUN_STANDARD

[Global flags]
     intx CICompilerCount                          = 3                                         {product} {ergonomic}
     uint ConcGCThreads                            = 1                                         {product} {ergonomic}
     uint G1ConcRefinementThreads                  = 4                                         {product} {ergonomic}
   size_t G1HeapRegionSize                         = 1048576                                   {product} {ergonomic}
    uintx GCDrainStackTargetSize                   = 64                                        {product} {ergonomic}
   size_t InitialHeapSize                          = 132120576                                 {product} {ergonomic}
   size_t MarkStackSize                            = 4194304                                   {product} {ergonomic}
   size_t MaxHeapSize                              = 2095054848                                {product} {ergonomic}
   size_t MaxNewSize                               = 1256194048                                {product} {ergonomic}
   size_t MinHeapDeltaBytes                        = 1048576                                   {product} {ergonomic}
   size_t MinHeapSize                              = 8388608                                   {product} {ergonomic}
    uintx NonNMethodCodeHeapSize                   = 5830732                                {pd product} {ergonomic}
    uintx NonProfiledCodeHeapSize                  = 122913754                              {pd product} {ergonomic}
    uintx ProfiledCodeHeapSize                     = 122913754                              {pd product} {ergonomic}
    uintx ReservedCodeCacheSize                    = 251658240                              {pd product} {ergonomic}
     bool SegmentedCodeCache                       = true                                      {product} {ergonomic}
   size_t SoftMaxHeapSize                          = 2095054848                             {manageable} {ergonomic}
     bool UseCompressedClassPointers               = true                                 {lp64_product} {ergonomic}
     bool UseCompressedOops                        = true                                 {lp64_product} {ergonomic}
     bool UseG1GC                                  = true                                      {product} {ergonomic}
     bool UseLargePagesIndividualAllocation        = false                                  {pd product} {ergonomic}

Logging:
Log output configuration:
 #0: stdout all=warning uptime,level,tags
 #1: stderr all=off uptime,level,tags

Environment Variables:
PATH=C:/Program Files/Java/jdk-13.0.1/bin/server;C:/Program Files/Java/jdk-13.0.1/bin;C:\Program Files\Common Files\Microsoft Shared\Windows Live;C:\Program Files (x86)\Common Files\Microsoft Shared\Windows Live;C:\Windows\system32;C:\Windows;C:\Windows\System32\Wbem;C:\Windows\System32\WindowsPowerShell\v1.0\;C:\Program Files\Dell\DW WLAN Card;C:\Program Files\WIDCOMM\Bluetooth Software\;C:\Program Files\WIDCOMM\Bluetooth Software\syswow64;C:\Program Files (x86)\Windows Live\Shared;C:\Program Files\dotnet\;C:\Program Files\Microsoft SQL Server\130\Tools\Binn\;C:\Program Files\nodejs\;;C:\Users\dell\AppData\Local\Programs\Microsoft VS Code\bin;C:\Users\dell\AppData\Roaming\npm;C:\Windows\system32;
USERNAME=dell
OS=Windows_NT
PROCESSOR_IDENTIFIER=Intel64 Family 6 Model 37 Stepping 5, GenuineIntel



---------------  S Y S T E M  ---------------

OS: Windows 7 , 64 bit Build 7601 (6.1.7601.23915)

CPU:total 4 (initial active 4) (2 cores per cpu, 2 threads per core) family 6 model 37 stepping 5, cmov, cx8, fxsr, mmx, sse, sse2, sse3, ssse3, sse4.1, sse4.2, popcnt, ht, tsc, tscinvbit

Memory: 4k page, system-wide physical 7990M (2317M free)
TotalPageFile size 15979M (AvailPageFile size 9878M)
current process WorkingSet (physical memory assigned to process): 195M, peak: 201M
current process commit charge ("private bytes"): 238M, peak: 310M

vm_info: Java HotSpot(TM) 64-Bit Server VM (13.0.1+9) for windows-amd64 JRE (13.0.1+9), built on Oct  6 2019 12:37:49 by "mach5one" with unknown MS VC++:1916

END.
