#
# A fatal error has been detected by the Java Runtime Environment:
#
#  EXCEPTION_ACCESS_VIOLATION (0xc0000005) at pc=0x000007feda83fbc8, pid=7720, tid=6460
#
# JRE version: Java(TM) SE Runtime Environment (13.0.1+9) (build 13.0.1+9)
# Java VM: Java HotSpot(TM) 64-Bit Server VM (13.0.1+9, mixed mode, sharing, tiered, compressed oops, g1 gc, windows-amd64)
# Problematic frame:
# V  [jvm.dll+0x2bfbc8]
#
# No core dump will be written. Minidumps are not enabled by default on client versions of Windows
#
# If you would like to submit a bug report, please visit:
#   http://bugreport.java.com/bugreport/crash.jsp
#

---------------  S U M M A R Y ------------

Command Line: -Dfile.encoding=UTF-8 com.example.CouponPhase3Application

Host: Intel(R) Core(TM) i5 CPU       M 480  @ 2.67GHz, 4 cores, 7G,  Windows 7 , 64 bit Build 7601 (6.1.7601.23915)
Time: Thu Jul 16 23:52:45 2020 Jerusalem Daylight Time elapsed time: 44 seconds (0d 0h 0m 44s)

---------------  T H R E A D  ---------------

Current thread (0x0000000021ec6000):  JavaThread "C2 CompilerThread0" daemon [_thread_in_native, id=6460, stack(0x0000000022720000,0x0000000022820000)]


Current CompileTask:
C2:  44052 6401       4       org.springframework.core.ResolvableType::forType (115 bytes)

Stack: [0x0000000022720000,0x0000000022820000],  sp=0x000000002281a860,  free space=1002k
Native frames: (J=compiled Java code, j=interpreted, Vv=VM code, C=native code)
V  [jvm.dll+0x2bfbc8]
V  [jvm.dll+0x545e6d]
V  [jvm.dll+0x20fd2a]
V  [jvm.dll+0x209740]
V  [jvm.dll+0x2069bd]
V  [jvm.dll+0x18b94c]
V  [jvm.dll+0x2159bd]
V  [jvm.dll+0x213e6b]
V  [jvm.dll+0x738b16]
V  [jvm.dll+0x731c0a]
V  [jvm.dll+0x6260c6]
C  [ucrtbase.DLL+0x203ba]
C  [kernel32.dll+0x159cd]
C  [ntdll.dll+0x2a561]


siginfo: EXCEPTION_ACCESS_VIOLATION (0xc0000005), reading address 0x0000000000000120


Register to memory mapping:

RIP=0x000007feda83fbc8 jvm.dll
RAX=0x0000000000000100 is an unknown value
RBX=0x0000000023cac0a0 points into unknown readable memory: 90 8b 58 26 00 00 00 00
RCX=0x0000000000000c01 is an unknown value
RDX=0x0000000023cac140 points into unknown readable memory: 90 5d 58 26 00 00 00 00
RSP=0x000000002281a860 is pointing into the stack for thread: 0x0000000021ec6000
RBP=0x000000002281ae30 is pointing into the stack for thread: 0x0000000021ec6000
RSI=0x0000000023cac0f0 points into unknown readable memory: e0 8c 58 26 00 00 00 00
RDI=0x0 is NULL
R8 =0x0000000023c70050 points into unknown readable memory: 00 00 00 00 00 00 00 00
R9 =0x0000000023cac320 points into unknown readable memory: c0 f4 fb 27 00 00 00 00
R10=0x0000000000000006 is an unknown value
R11=0x0000000023cabce0 points into unknown readable memory: e0 5b 58 26 00 00 00 00
R12=0x0 is NULL
R13=0x0000000026588ce0 points into unknown readable memory: 98 26 e5 da fe 07 00 00
R14=0x0000000023c70050 points into unknown readable memory: 00 00 00 00 00 00 00 00
R15=0x00000000293220e0 points into unknown readable memory: 01 00 00 00 ff ff ff ff


Registers:
RAX=0x0000000000000100, RBX=0x0000000023cac0a0, RCX=0x0000000000000c01, RDX=0x0000000023cac140
RSP=0x000000002281a860, RBP=0x000000002281ae30, RSI=0x0000000023cac0f0, RDI=0x0000000000000000
R8 =0x0000000023c70050, R9 =0x0000000023cac320, R10=0x0000000000000006, R11=0x0000000023cabce0
R12=0x0000000000000000, R13=0x0000000026588ce0, R14=0x0000000023c70050, R15=0x00000000293220e0
RIP=0x000007feda83fbc8, EFLAGS=0x0000000000010206

Top of Stack: (sp=0x000000002281a860)
0x000000002281a860:   0000000023c70050 0000000021ebf338
0x000000002281a870:   000000002915e930 00000000245b3800
0x000000002281a880:   0000000000000c01 00000000293220e0
0x000000002281a890:   0000000021199180 00000000268a6290
0x000000002281a8a0:   000000000016d950 00000000268b2fe0
0x000000002281a8b0:   00000000268b2fe0 000007fedae4cfd8
0x000000002281a8c0:   0000000021199180 000007fe00000200
0x000000002281a8d0:   0000000024801230 0000000000000001
0x000000002281a8e0:   0000000006cfa251 0000000000000000
0x000000002281a8f0:   0000000021199180 0000000000000000
0x000000002281a900:   0000000000000000 00000000004de120
0x000000002281a910:   00000000292b9fd0 000000002281aa30
0x000000002281a920:   000000002281ae30 000007fedaac5e6d
0x000000002281a930:   000000002281ae30 0000000000000f46
0x000000002281a940:   0000000023c70050 0000000023cac0f0
0x000000002281a950:   00000000293b6cd0 000000002281ae60 

Instructions: (pc=0x000007feda83fbc8)
0x000007feda83fac8:   33 d2 ff c1 48 c1 e1 02 e8 9b 67 3c 00 48 8b 4d
0x000007feda83fad8:   10 ba ff ff ff ff 4c 8b f8 48 89 44 24 28 44 8b
0x000007feda83fae8:   81 b8 01 00 00 48 8b c8 41 ff c0 49 c1 e0 02 e8
0x000007feda83faf8:   a6 3d 4e 00 48 8b 13 48 8d 4c 24 58 48 8b 92 68
0x000007feda83fb08:   02 00 00 e8 a0 c3 49 00 4d 8b cf 48 8d 54 24 58
0x000007feda83fb18:   4c 8b c5 49 8b ce e8 3d fc ff ff 89 84 24 d8 00
0x000007feda83fb28:   00 00 4d 89 66 08 4d 89 76 18 8d 48 ff 48 63 d1
0x000007feda83fb38:   48 83 fa 01 0f 8e a1 03 00 00 48 8d 34 92 48 c1
0x000007feda83fb48:   e6 04 49 03 f6 48 ff ca 48 89 b4 24 e8 00 00 00
0x000007feda83fb58:   48 89 54 24 20 0f 1f 00 4c 8b 2e 41 8b fc 41 83
0x000007feda83fb68:   7d 18 00 0f 86 b4 00 00 00 8b c7 48 8d 1c c5 00
0x000007feda83fb78:   00 00 00 49 8b 45 08 48 8b 0c 03 48 85 c9 0f 84
0x000007feda83fb88:   8d 00 00 00 48 8b 01 ff 50 10 84 c0 0f 84 7f 00
0x000007feda83fb98:   00 00 49 8b 45 08 48 8b 0c 03 8b 41 28 41 8b 0c
0x000007feda83fba8:   87 83 f9 ff 74 6b 48 8d 1c 89 48 c1 e3 04 49 03
0x000007feda83fbb8:   de 48 8b 43 20 48 85 c0 75 06 48 8b 4b 18 eb 46
0x000007feda83fbc8:   48 83 78 20 00 74 2d 48 8b c8 e8 49 fb ff ff 4c
0x000007feda83fbd8:   8b 43 20 48 8b 53 18 49 8b 48 18 8b 42 08 39 41
0x000007feda83fbe8:   08 73 07 48 89 4b 18 48 8b d1 49 8b 40 20 48 89
0x000007feda83fbf8:   43 20 eb 04 48 8b 53 18 48 8b 48 18 8b 42 08 39
0x000007feda83fc08:   41 08 48 0f 43 ca 8b 41 08 3b 46 08 73 03 89 46
0x000007feda83fc18:   08 ff c7 41 3b 7d 18 0f 82 4c ff ff ff 8b 46 08
0x000007feda83fc28:   4c 8b c6 48 8d 0c 80 48 03 c9 49 8b 44 ce 38 48
0x000007feda83fc38:   89 46 38 49 89 74 ce 38 48 8b 46 28 48 8b 56 18
0x000007feda83fc48:   4c 8b 5e 10 48 8b 48 18 8b 41 08 39 42 08 73 59
0x000007feda83fc58:   0f 1f 84 00 00 00 00 00 4d 8b 48 28 45 8b 50 0c
0x000007feda83fc68:   49 8b 41 28 8b 50 0c 41 8b 41 0c 41 03 d2 03 c0
0x000007feda83fc78:   3b d0 72 12 4d 89 41 20 49 8b 40 28 48 8b 48 28
0x000007feda83fc88:   49 89 48 28 eb 0f 45 89 51 0c 49 8b 40 28 49 89
0x000007feda83fc98:   40 20 4c 8b c0 49 8b 40 28 48 8b 56 18 48 8b 48
0x000007feda83fca8:   18 8b 41 08 39 42 08 72 af 49 89 50 18 8b 46 0c
0x000007feda83fcb8:   41 01 43 0c 8b 46 0c 03 c0 41 39 43 0c 73 0b 49 


Stack slot to memory mapping:
stack at sp + 0 slots: 0x0000000023c70050 points into unknown readable memory: 00 00 00 00 00 00 00 00
stack at sp + 1 slots: 0x0000000021ebf338 points into unknown readable memory: 00 60 ec 21 00 00 00 00
stack at sp + 2 slots: 0x000000002915e930 points into unknown readable memory: 10 73 de da fe 07 00 00
stack at sp + 3 slots: 0x00000000245b3800 points into unknown readable memory: 18 d5 db da fe 07 00 00
stack at sp + 4 slots: 0x0000000000000c01 is an unknown value
stack at sp + 5 slots: 0x00000000293220e0 points into unknown readable memory: 01 00 00 00 ff ff ff ff
stack at sp + 6 slots: 0x0000000021199180 points into unknown readable memory: 06 00 00 00 00 00 00 00
stack at sp + 7 slots: 0x00000000268a6290 points into unknown readable memory: 40 00 c7 23 00 00 00 00


---------------  P R O C E S S  ---------------

Threads class SMR info:
_java_thread_list=0x00000000243412d0, length=31, elements={
0x000000002118c000, 0x0000000021195000, 0x0000000021ec2800, 0x0000000021ec3800,
0x0000000021ec6000, 0x0000000021ecb800, 0x0000000021ed4800, 0x0000000022bf6000,
0x0000000022bf9800, 0x0000000024bfa000, 0x0000000024bfa800, 0x0000000024bfb800,
0x0000000024bfc800, 0x0000000024bfd000, 0x0000000024bfe000, 0x0000000024bff800,
0x0000000024c00800, 0x000000002968e000, 0x000000002968e800, 0x000000002968f800,
0x0000000029690000, 0x0000000029691000, 0x0000000029692000, 0x0000000029692800,
0x0000000029693800, 0x0000000029694800, 0x0000000029155000, 0x0000000029156000,
0x0000000029156800, 0x0000000029157800, 0x0000000029158800
}

Java Threads: ( => current thread )
  0x000000002118c000 JavaThread "Reference Handler" daemon [_thread_blocked, id=7864, stack(0x0000000022180000,0x0000000022280000)]
  0x0000000021195000 JavaThread "Finalizer" daemon [_thread_blocked, id=6568, stack(0x0000000022050000,0x0000000022150000)]
  0x0000000021ec2800 JavaThread "Signal Dispatcher" daemon [_thread_blocked, id=6504, stack(0x00000000222d0000,0x00000000223d0000)]
  0x0000000021ec3800 JavaThread "Attach Listener" daemon [_thread_blocked, id=7848, stack(0x00000000224d0000,0x00000000225d0000)]
=>0x0000000021ec6000 JavaThread "C2 CompilerThread0" daemon [_thread_in_native, id=6460, stack(0x0000000022720000,0x0000000022820000)]
  0x0000000021ecb800 JavaThread "C1 CompilerThread0" daemon [_thread_blocked, id=7124, stack(0x00000000228b0000,0x00000000229b0000)]
  0x0000000021ed4800 JavaThread "Sweeper thread" daemon [_thread_blocked, id=7240, stack(0x0000000022aa0000,0x0000000022ba0000)]
  0x0000000022bf6000 JavaThread "Service Thread" daemon [_thread_blocked, id=6120, stack(0x0000000022fb0000,0x00000000230b0000)]
  0x0000000022bf9800 JavaThread "Common-Cleaner" daemon [_thread_blocked, id=7824, stack(0x0000000023100000,0x0000000023200000)]
  0x0000000024bfa000 JavaThread "Catalina-utility-1" [_thread_blocked, id=6944, stack(0x00000000258b0000,0x00000000259b0000)]
  0x0000000024bfa800 JavaThread "Catalina-utility-2" [_thread_blocked, id=7160, stack(0x0000000025690000,0x0000000025790000)]
  0x0000000024bfb800 JavaThread "container-0" [_thread_blocked, id=2684, stack(0x0000000024d60000,0x0000000024e60000)]
  0x0000000024bfc800 JavaThread "mysql-cj-abandoned-connection-cleanup" daemon [_thread_blocked, id=6400, stack(0x0000000028650000,0x0000000028750000)]
  0x0000000024bfd000 JavaThread "task-1" [_thread_blocked, id=6376, stack(0x000000002a250000,0x000000002a350000)]
  0x0000000024bfe000 JavaThread "HikariPool-1 housekeeper" daemon [_thread_blocked, id=8164, stack(0x000000002af50000,0x000000002b050000)]
  0x0000000024bff800 JavaThread "http-nio-8080-BlockPoller" daemon [_thread_in_native, id=5988, stack(0x00000000284e0000,0x00000000285e0000)]
  0x0000000024c00800 JavaThread "http-nio-8080-exec-1" daemon [_thread_blocked, id=7692, stack(0x000000002c600000,0x000000002c700000)]
  0x000000002968e000 JavaThread "http-nio-8080-exec-2" daemon [_thread_blocked, id=7732, stack(0x000000002c420000,0x000000002c520000)]
  0x000000002968e800 JavaThread "http-nio-8080-exec-3" daemon [_thread_blocked, id=6792, stack(0x000000002cb00000,0x000000002cc00000)]
  0x000000002968f800 JavaThread "http-nio-8080-exec-4" daemon [_thread_blocked, id=6776, stack(0x000000002cd10000,0x000000002ce10000)]
  0x0000000029690000 JavaThread "http-nio-8080-exec-5" daemon [_thread_blocked, id=7920, stack(0x000000002c700000,0x000000002c800000)]
  0x0000000029691000 JavaThread "http-nio-8080-exec-6" daemon [_thread_blocked, id=8064, stack(0x000000002ce10000,0x000000002cf10000)]
  0x0000000029692000 JavaThread "http-nio-8080-exec-7" daemon [_thread_blocked, id=6892, stack(0x000000002d0c0000,0x000000002d1c0000)]
  0x0000000029692800 JavaThread "http-nio-8080-exec-8" daemon [_thread_blocked, id=2856, stack(0x000000002d230000,0x000000002d330000)]
  0x0000000029693800 JavaThread "http-nio-8080-exec-9" daemon [_thread_blocked, id=5052, stack(0x000000002d3a0000,0x000000002d4a0000)]
  0x0000000029694800 JavaThread "http-nio-8080-exec-10" daemon [_thread_blocked, id=4312, stack(0x000000002cc00000,0x000000002cd00000)]
  0x0000000029155000 JavaThread "http-nio-8080-ClientPoller" daemon [_thread_in_native, id=6296, stack(0x000000002cf30000,0x000000002d030000)]
  0x0000000029156000 JavaThread "http-nio-8080-Acceptor" daemon [_thread_in_native, id=7120, stack(0x000000002d690000,0x000000002d790000)]
  0x0000000029156800 JavaThread "task-2" [_thread_blocked, id=7284, stack(0x000000002dcc0000,0x000000002ddc0000)]
  0x0000000029157800 JavaThread "Thread-160" [_thread_blocked, id=7944, stack(0x000000002e730000,0x000000002e830000)]
  0x0000000029158800 JavaThread "DestroyJavaVM" [_thread_blocked, id=956, stack(0x0000000001f70000,0x0000000002070000)]

Other Threads:
  0x000000002118a000 VMThread "VM Thread" [stack: 0x0000000021320000,0x0000000021420000] [id=2284]
  0x0000000022bf9000 WatcherThread [stack: 0x0000000023200000,0x0000000023300000] [id=6412]
  0x000000000054b000 GCTaskThread "GC Thread#0" [stack: 0x000000001e7f0000,0x000000001e8f0000] [id=6540]
  0x00000000237e3800 GCTaskThread "GC Thread#1" [stack: 0x0000000022620000,0x0000000022720000] [id=5796]
  0x0000000023666800 GCTaskThread "GC Thread#2" [stack: 0x0000000023b70000,0x0000000023c70000] [id=4380]
  0x00000000239be000 GCTaskThread "GC Thread#3" [stack: 0x00000000250d0000,0x00000000251d0000] [id=7656]
  0x000000000055d000 ConcurrentGCThread "G1 Main Marker" [stack: 0x000000001ea80000,0x000000001eb80000] [id=3952]
  0x000000000055e800 ConcurrentGCThread "G1 Conc#0" [stack: 0x000000001ec70000,0x000000001ed70000] [id=740]
  0x0000000021113800 ConcurrentGCThread "G1 Refine#0" [stack: 0x0000000021210000,0x0000000021310000] [id=6508]
  0x0000000021118800 ConcurrentGCThread "G1 Young RemSet Sampling" [stack: 0x00000000214a0000,0x00000000215a0000] [id=3512]

Threads with active compile tasks:
C2 CompilerThread0    44150 6401       4       org.springframework.core.ResolvableType::forType (115 bytes)

VM state:not at safepoint (normal execution)

VM Mutex/Monitor currently owned by a thread: None

Heap address: 0x0000000083200000, size: 1998 MB, Compressed Oops mode: 32-bit
Narrow klass base: 0x0000000800000000, Narrow klass shift: 3
Compressed class space size: 1073741824 Address: 0x0000000800b40000

Heap:
 garbage-first heap   total 81920K, used 52000K [0x0000000083200000, 0x0000000100000000)
  region size 1024K, 25 young (25600K), 3 survivors (3072K)
 Metaspace       used 63751K, capacity 65276K, committed 65484K, reserved 1105920K
  class space    used 8309K, capacity 8899K, committed 8960K, reserved 1048576K
Heap Regions: E=young(eden), S=young(survivor), O=old, HS=humongous(starts), HC=humongous(continues), CS=collection set, F=free, A=archive, TAMS=top-at-mark-start (previous, next)
|   0|0x0000000083200000, 0x0000000083300000, 0x0000000083300000|100%|HS|  |TAMS 0x0000000083300000, 0x0000000083200000| Complete 
|   1|0x0000000083300000, 0x0000000083400000, 0x0000000083400000|100%| O|  |TAMS 0x0000000083400000, 0x0000000083300000| Untracked 
|   2|0x0000000083400000, 0x0000000083500000, 0x0000000083500000|100%| O|  |TAMS 0x0000000083500000, 0x0000000083400000| Untracked 
|   3|0x0000000083500000, 0x0000000083600000, 0x0000000083600000|100%| O|  |TAMS 0x0000000083600000, 0x0000000083500000| Untracked 
|   4|0x0000000083600000, 0x0000000083700000, 0x0000000083700000|100%| O|  |TAMS 0x0000000083700000, 0x0000000083600000| Untracked 
|   5|0x0000000083700000, 0x00000000837c6600, 0x0000000083800000| 77%| O|  |TAMS 0x00000000837c6600, 0x0000000083700000| Untracked 
|   6|0x0000000083800000, 0x0000000083900000, 0x0000000083900000|100%| O|  |TAMS 0x0000000083900000, 0x0000000083800000| Untracked 
|   7|0x0000000083900000, 0x0000000083a00000, 0x0000000083a00000|100%| O|  |TAMS 0x0000000083a00000, 0x0000000083900000| Untracked 
|   8|0x0000000083a00000, 0x0000000083b00000, 0x0000000083b00000|100%| O|  |TAMS 0x0000000083b00000, 0x0000000083a00000| Untracked 
|   9|0x0000000083b00000, 0x0000000083c00000, 0x0000000083c00000|100%| O|  |TAMS 0x0000000083c00000, 0x0000000083b00000| Untracked 
|  10|0x0000000083c00000, 0x0000000083d00000, 0x0000000083d00000|100%| O|  |TAMS 0x0000000083d00000, 0x0000000083c00000| Untracked 
|  11|0x0000000083d00000, 0x0000000083e00000, 0x0000000083e00000|100%| O|  |TAMS 0x0000000083e00000, 0x0000000083d00000| Untracked 
|  12|0x0000000083e00000, 0x0000000083f00000, 0x0000000083f00000|100%| O|  |TAMS 0x0000000083f00000, 0x0000000083e00000| Untracked 
|  13|0x0000000083f00000, 0x0000000084000000, 0x0000000084000000|100%| O|  |TAMS 0x0000000084000000, 0x0000000083f00000| Untracked 
|  14|0x0000000084000000, 0x0000000084100000, 0x0000000084100000|100%| O|  |TAMS 0x0000000084100000, 0x0000000084000000| Untracked 
|  15|0x0000000084100000, 0x0000000084200000, 0x0000000084200000|100%| O|  |TAMS 0x0000000084200000, 0x0000000084100000| Untracked 
|  16|0x0000000084200000, 0x0000000084300000, 0x0000000084300000|100%| O|  |TAMS 0x0000000084300000, 0x0000000084200000| Untracked 
|  17|0x0000000084300000, 0x0000000084400000, 0x0000000084400000|100%| O|  |TAMS 0x0000000084400000, 0x0000000084300000| Untracked 
|  18|0x0000000084400000, 0x0000000084500000, 0x0000000084500000|100%| O|  |TAMS 0x0000000084500000, 0x0000000084400000| Untracked 
|  19|0x0000000084500000, 0x0000000084600000, 0x0000000084600000|100%| O|  |TAMS 0x0000000084600000, 0x0000000084500000| Untracked 
|  20|0x0000000084600000, 0x0000000084700000, 0x0000000084700000|100%| O|  |TAMS 0x0000000084700000, 0x0000000084600000| Untracked 
|  21|0x0000000084700000, 0x0000000084800000, 0x0000000084800000|100%| O|  |TAMS 0x0000000084800000, 0x0000000084700000| Untracked 
|  22|0x0000000084800000, 0x0000000084900000, 0x0000000084900000|100%| O|  |TAMS 0x0000000084900000, 0x0000000084800000| Untracked 
|  23|0x0000000084900000, 0x0000000084a00000, 0x0000000084a00000|100%| O|  |TAMS 0x0000000084a00000, 0x0000000084900000| Untracked 
|  24|0x0000000084a00000, 0x0000000084b00000, 0x0000000084b00000|100%| O|  |TAMS 0x0000000084b00000, 0x0000000084a00000| Untracked 
|  25|0x0000000084b00000, 0x0000000084c00000, 0x0000000084c00000|100%| O|  |TAMS 0x0000000084c00000, 0x0000000084b00000| Untracked 
|  26|0x0000000084c00000, 0x0000000084d00000, 0x0000000084d00000|100%| O|  |TAMS 0x0000000084d00000, 0x0000000084c00000| Untracked 
|  27|0x0000000084d00000, 0x0000000084d9da00, 0x0000000084e00000| 61%| O|  |TAMS 0x0000000084d00000, 0x0000000084d00000| Untracked 
|  28|0x0000000084e00000, 0x0000000084e00000, 0x0000000084f00000|  0%| F|  |TAMS 0x0000000084e00000, 0x0000000084e00000| Untracked 
|  29|0x0000000084f00000, 0x0000000084f00000, 0x0000000085000000|  0%| F|  |TAMS 0x0000000084f00000, 0x0000000084f00000| Untracked 
|  30|0x0000000085000000, 0x0000000085000000, 0x0000000085100000|  0%| F|  |TAMS 0x0000000085000000, 0x0000000085000000| Untracked 
|  31|0x0000000085100000, 0x0000000085100000, 0x0000000085200000|  0%| F|  |TAMS 0x0000000085100000, 0x0000000085100000| Untracked 
|  32|0x0000000085200000, 0x0000000085200000, 0x0000000085300000|  0%| F|  |TAMS 0x0000000085200000, 0x0000000085200000| Untracked 
|  33|0x0000000085300000, 0x0000000085300000, 0x0000000085400000|  0%| F|  |TAMS 0x0000000085300000, 0x0000000085300000| Untracked 
|  34|0x0000000085400000, 0x0000000085400000, 0x0000000085500000|  0%| F|  |TAMS 0x0000000085400000, 0x0000000085400000| Untracked 
|  35|0x0000000085500000, 0x0000000085500000, 0x0000000085600000|  0%| F|  |TAMS 0x0000000085500000, 0x0000000085500000| Untracked 
|  36|0x0000000085600000, 0x0000000085600000, 0x0000000085700000|  0%| F|  |TAMS 0x0000000085600000, 0x0000000085600000| Untracked 
|  37|0x0000000085700000, 0x0000000085700000, 0x0000000085800000|  0%| F|  |TAMS 0x0000000085700000, 0x0000000085700000| Untracked 
|  38|0x0000000085800000, 0x0000000085800000, 0x0000000085900000|  0%| F|  |TAMS 0x0000000085800000, 0x0000000085800000| Untracked 
|  39|0x0000000085900000, 0x0000000085900000, 0x0000000085a00000|  0%| F|  |TAMS 0x0000000085900000, 0x0000000085900000| Untracked 
|  40|0x0000000085a00000, 0x0000000085a00000, 0x0000000085b00000|  0%| F|  |TAMS 0x0000000085a00000, 0x0000000085a00000| Untracked 
|  41|0x0000000085b00000, 0x0000000085b00000, 0x0000000085c00000|  0%| F|  |TAMS 0x0000000085b00000, 0x0000000085b00000| Untracked 
|  42|0x0000000085c00000, 0x0000000085c00000, 0x0000000085d00000|  0%| F|  |TAMS 0x0000000085c00000, 0x0000000085c00000| Untracked 
|  43|0x0000000085d00000, 0x0000000085d00000, 0x0000000085e00000|  0%| F|  |TAMS 0x0000000085d00000, 0x0000000085d00000| Untracked 
|  44|0x0000000085e00000, 0x0000000085e00000, 0x0000000085f00000|  0%| F|  |TAMS 0x0000000085e00000, 0x0000000085e00000| Untracked 
|  45|0x0000000085f00000, 0x0000000085f00000, 0x0000000086000000|  0%| F|  |TAMS 0x0000000085f00000, 0x0000000085f00000| Untracked 
|  46|0x0000000086000000, 0x0000000086000000, 0x0000000086100000|  0%| F|  |TAMS 0x0000000086000000, 0x0000000086000000| Untracked 
|  47|0x0000000086100000, 0x0000000086100000, 0x0000000086200000|  0%| F|  |TAMS 0x0000000086100000, 0x0000000086100000| Untracked 
|  48|0x0000000086200000, 0x0000000086200000, 0x0000000086300000|  0%| F|  |TAMS 0x0000000086200000, 0x0000000086200000| Untracked 
|  49|0x0000000086300000, 0x0000000086300000, 0x0000000086400000|  0%| F|  |TAMS 0x0000000086300000, 0x0000000086300000| Untracked 
|  50|0x0000000086400000, 0x0000000086400000, 0x0000000086500000|  0%| F|  |TAMS 0x0000000086400000, 0x0000000086400000| Untracked 
|  51|0x0000000086500000, 0x0000000086500000, 0x0000000086600000|  0%| F|  |TAMS 0x0000000086500000, 0x0000000086500000| Untracked 
|  52|0x0000000086600000, 0x0000000086664380, 0x0000000086700000| 39%| S|CS|TAMS 0x0000000086600000, 0x0000000086600000| Complete 
|  53|0x0000000086700000, 0x0000000086800000, 0x0000000086800000|100%| S|CS|TAMS 0x0000000086700000, 0x0000000086700000| Complete 
|  54|0x0000000086800000, 0x0000000086900000, 0x0000000086900000|100%| S|CS|TAMS 0x0000000086800000, 0x0000000086800000| Complete 
|  55|0x0000000086900000, 0x0000000086900000, 0x0000000086a00000|  0%| F|  |TAMS 0x0000000086900000, 0x0000000086900000| Untracked 
|  56|0x0000000086a00000, 0x0000000086a00000, 0x0000000086b00000|  0%| F|  |TAMS 0x0000000086a00000, 0x0000000086a00000| Untracked 
|  57|0x0000000086b00000, 0x0000000086b00000, 0x0000000086c00000|  0%| F|  |TAMS 0x0000000086b00000, 0x0000000086b00000| Untracked 
|  58|0x0000000086c00000, 0x0000000086c1e328, 0x0000000086d00000| 11%| E|  |TAMS 0x0000000086c00000, 0x0000000086c00000| Complete 
|  59|0x0000000086d00000, 0x0000000086e00000, 0x0000000086e00000|100%| E|CS|TAMS 0x0000000086d00000, 0x0000000086d00000| Complete 
|  60|0x0000000086e00000, 0x0000000086f00000, 0x0000000086f00000|100%| E|CS|TAMS 0x0000000086e00000, 0x0000000086e00000| Complete 
|  61|0x0000000086f00000, 0x0000000087000000, 0x0000000087000000|100%| E|CS|TAMS 0x0000000086f00000, 0x0000000086f00000| Complete 
|  62|0x0000000087000000, 0x0000000087100000, 0x0000000087100000|100%| E|CS|TAMS 0x0000000087000000, 0x0000000087000000| Complete 
|  63|0x0000000087100000, 0x0000000087200000, 0x0000000087200000|100%| E|CS|TAMS 0x0000000087100000, 0x0000000087100000| Complete 
|  64|0x0000000087200000, 0x0000000087300000, 0x0000000087300000|100%| E|CS|TAMS 0x0000000087200000, 0x0000000087200000| Complete 
|  65|0x0000000087300000, 0x0000000087400000, 0x0000000087400000|100%| E|CS|TAMS 0x0000000087300000, 0x0000000087300000| Complete 
|  66|0x0000000087400000, 0x0000000087500000, 0x0000000087500000|100%| E|CS|TAMS 0x0000000087400000, 0x0000000087400000| Complete 
|  67|0x0000000087500000, 0x0000000087600000, 0x0000000087600000|100%| E|CS|TAMS 0x0000000087500000, 0x0000000087500000| Complete 
|  68|0x0000000087600000, 0x0000000087700000, 0x0000000087700000|100%| E|CS|TAMS 0x0000000087600000, 0x0000000087600000| Complete 
|  69|0x0000000087700000, 0x0000000087800000, 0x0000000087800000|100%| E|CS|TAMS 0x0000000087700000, 0x0000000087700000| Complete 
|  70|0x0000000087800000, 0x0000000087900000, 0x0000000087900000|100%| E|CS|TAMS 0x0000000087800000, 0x0000000087800000| Complete 
|  71|0x0000000087900000, 0x0000000087a00000, 0x0000000087a00000|100%| E|CS|TAMS 0x0000000087900000, 0x0000000087900000| Complete 
|  72|0x0000000087a00000, 0x0000000087b00000, 0x0000000087b00000|100%| E|CS|TAMS 0x0000000087a00000, 0x0000000087a00000| Complete 
| 119|0x000000008a900000, 0x000000008aa00000, 0x000000008aa00000|100%| E|CS|TAMS 0x000000008a900000, 0x000000008a900000| Complete 
| 120|0x000000008aa00000, 0x000000008ab00000, 0x000000008ab00000|100%| E|CS|TAMS 0x000000008aa00000, 0x000000008aa00000| Complete 
| 121|0x000000008ab00000, 0x000000008ac00000, 0x000000008ac00000|100%| E|CS|TAMS 0x000000008ab00000, 0x000000008ab00000| Complete 
| 122|0x000000008ac00000, 0x000000008ad00000, 0x000000008ad00000|100%| E|CS|TAMS 0x000000008ac00000, 0x000000008ac00000| Complete 
| 123|0x000000008ad00000, 0x000000008ae00000, 0x000000008ae00000|100%| E|CS|TAMS 0x000000008ad00000, 0x000000008ad00000| Complete 
| 124|0x000000008ae00000, 0x000000008af00000, 0x000000008af00000|100%| E|CS|TAMS 0x000000008ae00000, 0x000000008ae00000| Complete 
| 151|0x000000008c900000, 0x000000008ca00000, 0x000000008ca00000|100%| E|CS|TAMS 0x000000008c900000, 0x000000008c900000| Complete 

Card table byte_map: [0x000000001a180000,0x000000001a570000] _byte_map_base: 0x0000000019d67000

Marking Bits (Prev, Next): (CMBitMap*) 0x000000000054bb08, (CMBitMap*) 0x000000000054bac8
 Prev Bits: [0x000000001c8a0000, 0x000000001e7d8000)
 Next Bits: [0x000000001a960000, 0x000000001c898000)

Polling page: 0x0000000000110000

Metaspace:

Usage:
  Non-class:     55.06 MB capacity,    54.14 MB ( 98%) used,   743.42 KB (  1%) free+waste,   191.69 KB ( <1%) overhead. 
      Class:      8.69 MB capacity,     8.11 MB ( 93%) used,   501.77 KB (  6%) free+waste,    87.81 KB ( <1%) overhead. 
       Both:     63.75 MB capacity,    62.26 MB ( 98%) used,     1.22 MB (  2%) free+waste,   279.50 KB ( <1%) overhead. 

Virtual space:
  Non-class space:       56.00 MB reserved,      55.20 MB ( 99%) committed 
      Class space:        1.00 GB reserved,       8.75 MB ( <1%) committed 
             Both:        1.05 GB reserved,      63.95 MB (  6%) committed 

Chunk freelists:
   Non-Class:  19.00 KB
       Class:  0 bytes
        Both:  19.00 KB

MaxMetaspaceSize: 17179869184.00 GB
CompressedClassSpaceSize: 1.00 GB

CodeHeap 'non-profiled nmethods': size=120064Kb used=2641Kb max_used=2731Kb free=117422Kb
 bounds [0x0000000012230000, 0x00000000124e0000, 0x0000000019770000]
CodeHeap 'profiled nmethods': size=120000Kb used=12062Kb max_used=12062Kb free=107937Kb
 bounds [0x000000000ad00000, 0x000000000b8d0000, 0x0000000012230000]
CodeHeap 'non-nmethods': size=5696Kb used=1350Kb max_used=1437Kb free=4346Kb
 bounds [0x000000000a770000, 0x000000000a9e0000, 0x000000000ad00000]
 total_blobs=8262 nmethods=5733 adapters=556
 compilation: enabled
              stopped_count=0, restarted_count=0
 full_count=0

Compilation events (20 events):
Event: 43.794 Thread 0x0000000021ecb800 6404       3       java.util.TimSort::countRunAndMakeAscending (128 bytes)
Event: 43.795 Thread 0x0000000021ecb800 nmethod 6404 0x000000000b8c7790 code [0x000000000b8c79c0, 0x000000000b8c85d0]
Event: 43.795 Thread 0x0000000021ecb800 6405       3       org.springframework.util.MimeType$SpecificityComparator::compare (13 bytes)
Event: 43.795 Thread 0x0000000021ecb800 nmethod 6405 0x000000000adba690 code [0x000000000adba860, 0x000000000adbacb0]
Event: 43.796 Thread 0x0000000021ecb800 6406       1       org.springframework.util.MimeType::getParameters (5 bytes)
Event: 43.796 Thread 0x0000000021ecb800 nmethod 6406 0x0000000012331710 code [0x00000000123318a0, 0x00000000123319d8]
Event: 43.796 Thread 0x0000000021ecb800 6407       1       java.util.Collections$EmptyMap::size (2 bytes)
Event: 43.796 Thread 0x0000000021ecb800 nmethod 6407 0x0000000012331390 code [0x0000000012331520, 0x0000000012331658]
Event: 43.796 Thread 0x0000000021ecb800 6408       3       org.springframework.util.MimeType::isWildcardSubtype (30 bytes)
Event: 43.796 Thread 0x0000000021ecb800 nmethod 6408 0x000000000afef310 code [0x000000000afef4e0, 0x000000000afef940]
Event: 43.797 Thread 0x0000000021ecb800 6409       3       java.util.Calendar::getBaseStyle (6 bytes)
Event: 43.797 Thread 0x0000000021ecb800 nmethod 6409 0x000000000b8c8910 code [0x000000000b8c8aa0, 0x000000000b8c8c38]
Event: 43.797 Thread 0x0000000021ecb800 6410       3       java.nio.StringCharBuffer::get (19 bytes)
Event: 43.797 Thread 0x0000000021ecb800 nmethod 6410 0x000000000b8c8d10 code [0x000000000b8c8ee0, 0x000000000b8c92e0]
Event: 43.798 Thread 0x0000000021ecb800 6411       3       java.nio.HeapByteBuffer::put (16 bytes)
Event: 43.798 Thread 0x0000000021ecb800 nmethod 6411 0x000000000b8c9410 code [0x000000000b8c95e0, 0x000000000b8c9990]
Event: 43.799 Thread 0x0000000021ecb800 6412       3       org.apache.tomcat.util.buf.AbstractChunk::recycle (21 bytes)
Event: 43.800 Thread 0x0000000021ecb800 nmethod 6412 0x000000000b8c9b90 code [0x000000000b8c9d20, 0x000000000b8c9eb8]
Event: 43.905 Thread 0x0000000021ecb800 6413       3       java.util.concurrent.locks.LockSupport::setBlocker (12 bytes)
Event: 43.905 Thread 0x0000000021ecb800 nmethod 6413 0x000000000b8c9f90 code [0x000000000b8ca140, 0x000000000b8ca2d8]

GC Heap History (20 events):
Event: 6.363 GC heap before
{Heap before GC invocations=11 (full 0):
 garbage-first heap   total 56320K, used 40187K [0x0000000083200000, 0x0000000100000000)
  region size 1024K, 28 young (28672K), 2 survivors (2048K)
 Metaspace       used 28392K, capacity 29330K, committed 29568K, reserved 1075200K
  class space    used 3507K, capacity 3875K, committed 3968K, reserved 1048576K
}
Event: 6.370 GC heap after
{Heap after GC invocations=12 (full 0):
 garbage-first heap   total 56320K, used 15354K [0x0000000083200000, 0x0000000100000000)
  region size 1024K, 2 young (2048K), 2 survivors (2048K)
 Metaspace       used 28392K, capacity 29330K, committed 29568K, reserved 1075200K
  class space    used 3507K, capacity 3875K, committed 3968K, reserved 1048576K
}
Event: 6.872 GC heap before
{Heap before GC invocations=12 (full 0):
 garbage-first heap   total 56320K, used 41978K [0x0000000083200000, 0x0000000100000000)
  region size 1024K, 28 young (28672K), 2 survivors (2048K)
 Metaspace       used 32515K, capacity 33528K, committed 33664K, reserved 1079296K
  class space    used 4090K, capacity 4479K, committed 4480K, reserved 1048576K
}
Event: 6.882 GC heap after
{Heap after GC invocations=13 (full 0):
 garbage-first heap   total 56320K, used 16547K [0x0000000083200000, 0x0000000100000000)
  region size 1024K, 4 young (4096K), 4 survivors (4096K)
 Metaspace       used 32515K, capacity 33528K, committed 33664K, reserved 1079296K
  class space    used 4090K, capacity 4479K, committed 4480K, reserved 1048576K
}
Event: 7.262 GC heap before
{Heap before GC invocations=13 (full 0):
 garbage-first heap   total 56320K, used 31907K [0x0000000083200000, 0x0000000100000000)
  region size 1024K, 20 young (20480K), 4 survivors (4096K)
 Metaspace       used 34820K, capacity 35726K, committed 35840K, reserved 1081344K
  class space    used 4490K, capacity 4848K, committed 4864K, reserved 1048576K
}
Event: 7.278 GC heap after
{Heap after GC invocations=14 (full 0):
 garbage-first heap   total 67584K, used 17544K [0x0000000083200000, 0x0000000100000000)
  region size 1024K, 4 young (4096K), 4 survivors (4096K)
 Metaspace       used 34820K, capacity 35726K, committed 35840K, reserved 1081344K
  class space    used 4490K, capacity 4848K, committed 4864K, reserved 1048576K
}
Event: 8.104 GC heap before
{Heap before GC invocations=15 (full 0):
 garbage-first heap   total 67584K, used 48264K [0x0000000083200000, 0x0000000100000000)
  region size 1024K, 35 young (35840K), 4 survivors (4096K)
 Metaspace       used 41843K, capacity 42859K, committed 43084K, reserved 1087488K
  class space    used 5313K, capacity 5702K, committed 5760K, reserved 1048576K
}
Event: 8.117 GC heap after
{Heap after GC invocations=16 (full 0):
 garbage-first heap   total 67584K, used 21271K [0x0000000083200000, 0x0000000100000000)
  region size 1024K, 5 young (5120K), 5 survivors (5120K)
 Metaspace       used 41843K, capacity 42859K, committed 43084K, reserved 1087488K
  class space    used 5313K, capacity 5702K, committed 5760K, reserved 1048576K
}
Event: 8.832 GC heap before
{Heap before GC invocations=16 (full 0):
 garbage-first heap   total 67584K, used 50967K [0x0000000083200000, 0x0000000100000000)
  region size 1024K, 34 young (34816K), 5 survivors (5120K)
 Metaspace       used 46912K, capacity 48078K, committed 48204K, reserved 1091584K
  class space    used 6038K, capacity 6494K, committed 6528K, reserved 1048576K
}
Event: 8.846 GC heap after
{Heap after GC invocations=17 (full 0):
 garbage-first heap   total 67584K, used 23830K [0x0000000083200000, 0x0000000100000000)
  region size 1024K, 3 young (3072K), 3 survivors (3072K)
 Metaspace       used 46912K, capacity 48078K, committed 48204K, reserved 1091584K
  class space    used 6038K, capacity 6494K, committed 6528K, reserved 1048576K
}
Event: 9.475 GC heap before
{Heap before GC invocations=17 (full 0):
 garbage-first heap   total 67584K, used 50454K [0x0000000083200000, 0x0000000100000000)
  region size 1024K, 30 young (30720K), 3 survivors (3072K)
 Metaspace       used 50714K, capacity 51921K, committed 52044K, reserved 1093632K
  class space    used 6565K, capacity 7025K, committed 7040K, reserved 1048576K
}
Event: 9.483 GC heap after
{Heap after GC invocations=18 (full 0):
 garbage-first heap   total 67584K, used 27478K [0x0000000083200000, 0x0000000100000000)
  region size 1024K, 4 young (4096K), 4 survivors (4096K)
 Metaspace       used 50714K, capacity 51921K, committed 52044K, reserved 1093632K
  class space    used 6565K, capacity 7025K, committed 7040K, reserved 1048576K
}
Event: 10.019 GC heap before
{Heap before GC invocations=18 (full 0):
 garbage-first heap   total 67584K, used 52054K [0x0000000083200000, 0x0000000100000000)
  region size 1024K, 28 young (28672K), 4 survivors (4096K)
 Metaspace       used 54405K, capacity 55629K, committed 55756K, reserved 1097728K
  class space    used 7115K, capacity 7570K, committed 7680K, reserved 1048576K
}
Event: 10.026 GC heap after
{Heap after GC invocations=19 (full 0):
 garbage-first heap   total 81920K, used 28176K [0x0000000083200000, 0x0000000100000000)
  region size 1024K, 1 young (1024K), 1 survivors (1024K)
 Metaspace       used 54405K, capacity 55629K, committed 55756K, reserved 1097728K
  class space    used 7115K, capacity 7570K, committed 7680K, reserved 1048576K
}
Event: 10.904 GC heap before
{Heap before GC invocations=19 (full 0):
 garbage-first heap   total 81920K, used 58896K [0x0000000083200000, 0x0000000100000000)
  region size 1024K, 32 young (32768K), 1 survivors (1024K)
 Metaspace       used 58342K, capacity 59598K, committed 59852K, reserved 1101824K
  class space    used 7623K, capacity 8123K, committed 8192K, reserved 1048576K
}
Event: 10.913 GC heap after
{Heap after GC invocations=20 (full 0):
 garbage-first heap   total 81920K, used 29432K [0x0000000083200000, 0x0000000100000000)
  region size 1024K, 2 young (2048K), 2 survivors (2048K)
 Metaspace       used 58342K, capacity 59598K, committed 59852K, reserved 1101824K
  class space    used 7623K, capacity 8123K, committed 8192K, reserved 1048576K
}
Event: 11.027 GC heap before
{Heap before GC invocations=20 (full 0):
 garbage-first heap   total 81920K, used 32504K [0x0000000083200000, 0x0000000100000000)
  region size 1024K, 6 young (6144K), 2 survivors (2048K)
 Metaspace       used 58817K, capacity 60154K, committed 60236K, reserved 1101824K
  class space    used 7705K, capacity 8245K, committed 8320K, reserved 1048576K
}
Event: 11.035 GC heap after
{Heap after GC invocations=21 (full 0):
 garbage-first heap   total 81920K, used 29708K [0x0000000083200000, 0x0000000100000000)
  region size 1024K, 3 young (3072K), 3 survivors (3072K)
 Metaspace       used 58817K, capacity 60154K, committed 60236K, reserved 1101824K
  class space    used 7705K, capacity 8245K, committed 8320K, reserved 1048576K
}
Event: 11.481 GC heap before
{Heap before GC invocations=22 (full 0):
 garbage-first heap   total 81920K, used 52236K [0x0000000083200000, 0x0000000100000000)
  region size 1024K, 25 young (25600K), 3 survivors (3072K)
 Metaspace       used 59983K, capacity 61407K, committed 61644K, reserved 1101824K
  class space    used 7887K, capacity 8444K, committed 8448K, reserved 1048576K
}
Event: 11.492 GC heap after
{Heap after GC invocations=23 (full 0):
 garbage-first heap   total 81920K, used 30496K [0x0000000083200000, 0x0000000100000000)
  region size 1024K, 3 young (3072K), 3 survivors (3072K)
 Metaspace       used 59983K, capacity 61407K, committed 61644K, reserved 1101824K
  class space    used 7887K, capacity 8444K, committed 8448K, reserved 1048576K
}

Deoptimization events (20 events):
Event: 11.607 Thread 0x0000000029157800 DEOPT PACKING pc=0x000000000adfef58 sp=0x000000002e826a80
Event: 11.607 Thread 0x0000000029157800 DEOPT UNPACKING pc=0x000000000a7b993f sp=0x000000002e825f90 mode 0
Event: 11.758 Thread 0x0000000029157800 DEOPT PACKING pc=0x000000000b68e009 sp=0x000000002e82ace0
Event: 11.759 Thread 0x0000000029157800 DEOPT UNPACKING pc=0x000000000a7b993f sp=0x000000002e82a170 mode 0
Event: 27.373 Thread 0x000000002968f800 DEOPT PACKING pc=0x000000000ad619fe sp=0x000000002ce0db10
Event: 27.373 Thread 0x000000002968f800 DEOPT UNPACKING pc=0x000000000a7b993f sp=0x000000002ce0cfc8 mode 0
Event: 27.455 Thread 0x000000002968f800 DEOPT PACKING pc=0x000000000b502807 sp=0x000000002ce0cb10
Event: 27.455 Thread 0x000000002968f800 DEOPT UNPACKING pc=0x000000000a7b993f sp=0x000000002ce0c098 mode 0
Event: 27.533 Thread 0x000000002968f800 Uncommon trap: trap_request=0xffffff45 fr.pc=0x0000000012287e30 relative=0x0000000000000090
Event: 27.533 Thread 0x000000002968f800 Uncommon trap: reason=unstable_if action=reinterpret pc=0x0000000012287e30 method=java.lang.CharacterDataLatin1.isWhitespace(I)Z @ 14 c2
Event: 27.533 Thread 0x000000002968f800 DEOPT PACKING pc=0x0000000012287e30 sp=0x000000002ce0ce20
Event: 27.533 Thread 0x000000002968f800 DEOPT UNPACKING pc=0x000000000a7b9429 sp=0x000000002ce0cd90 mode 2
Event: 27.545 Thread 0x000000002968f800 Uncommon trap: trap_request=0xffffff45 fr.pc=0x00000000122dacf8 relative=0x0000000000000058
Event: 27.545 Thread 0x000000002968f800 Uncommon trap: reason=unstable_if action=reinterpret pc=0x00000000122dacf8 method=java.util.Objects.equals(Ljava/lang/Object;Ljava/lang/Object;)Z @ 6 c2
Event: 27.545 Thread 0x000000002968f800 DEOPT PACKING pc=0x00000000122dacf8 sp=0x000000002ce0cb30
Event: 27.545 Thread 0x000000002968f800 DEOPT UNPACKING pc=0x000000000a7b9429 sp=0x000000002ce0cad0 mode 2
Event: 27.581 Thread 0x000000002968f800 Uncommon trap: trap_request=0xffffff45 fr.pc=0x000000001223c590 relative=0x0000000000000070
Event: 27.581 Thread 0x000000002968f800 Uncommon trap: reason=unstable_if action=reinterpret pc=0x000000001223c590 method=java.lang.Class.getComponentType()Ljava/lang/Class; @ 4 c2
Event: 27.581 Thread 0x000000002968f800 DEOPT PACKING pc=0x000000001223c590 sp=0x000000002ce0d130
Event: 27.581 Thread 0x000000002968f800 DEOPT UNPACKING pc=0x000000000a7b9429 sp=0x000000002ce0d0c0 mode 2

Classes unloaded (0 events):
No events

Classes redefined (0 events):
No events

Internal exceptions (20 events):
Event: 10.755 Thread 0x0000000000507800 Exception <a 'java/lang/NoSuchMethodError'{0x0000000086790660}: 'java.lang.Object java.lang.invoke.DirectMethodHandle$Holder.invokeSpecialIFC(java.lang.Object, java.lang.Object, java.lang.Object)'> (0x0000000086790660) 
thrown [t:/workspace/open/src/hotspot/share/interpreter/linkResolver.cpp, line 767]
Event: 10.920 Thread 0x0000000000507800 Exception <a 'java/lang/ClassNotFoundException'{0x000000008c930b50}: java/lang/ObjectCustomizer> (0x000000008c930b50) 
thrown [t:/workspace/open/src/hotspot/share/classfile/systemDictionary.cpp, line 232]
Event: 10.921 Thread 0x0000000000507800 Exception <a 'java/lang/ClassNotFoundException'{0x000000008c942c70}: com/example/beans/CompanyCustomizer> (0x000000008c942c70) 
thrown [t:/workspace/open/src/hotspot/share/classfile/systemDictionary.cpp, line 232]
Event: 10.955 Thread 0x0000000000507800 Exception <a 'java/lang/NoSuchMethodError'{0x000000008ae72a50}: 'int java.lang.invoke.DirectMethodHandle$Holder.invokeVirtual(java.lang.Object, java.lang.Object, java.lang.Object)'> (0x000000008ae72a50) 
thrown [t:/workspace/open/src/hotspot/share/interpreter/linkResolver.cpp, line 767]
Event: 10.974 Thread 0x0000000000507800 Exception <a 'java/lang/ClassNotFoundException'{0x000000008aed1078}: java/lang/ObjectCustomizer> (0x000000008aed1078) 
thrown [t:/workspace/open/src/hotspot/share/classfile/systemDictionary.cpp, line 232]
Event: 10.975 Thread 0x0000000000507800 Exception <a 'java/lang/ClassNotFoundException'{0x000000008aee2cc8}: com/example/beans/CouponCustomizer> (0x000000008aee2cc8) 
thrown [t:/workspace/open/src/hotspot/share/classfile/systemDictionary.cpp, line 232]
Event: 11.018 Thread 0x0000000000507800 Exception <a 'java/lang/IncompatibleClassChangeError'{0x000000008ac42ca0}: Found class java.lang.Object, but interface was expected> (0x000000008ac42ca0) 
thrown [t:/workspace/open/src/hotspot/share/interpreter/linkResolver.cpp, line 833]
Event: 11.238 Thread 0x0000000000507800 Exception <a 'java/lang/reflect/InvocationTargetException'{0x0000000087515f70}> (0x0000000087515f70) 
thrown [t:/workspace/open/src/hotspot/share/runtime/reflection.cpp, line 1188]
Event: 11.259 Thread 0x0000000000507800 Exception <a 'java/lang/NoSuchMethodError'{0x000000008759a1a8}: 'int java.lang.invoke.DirectMethodHandle$Holder.invokeStatic(java.lang.Object, java.lang.Object, int)'> (0x000000008759a1a8) 
thrown [t:/workspace/open/src/hotspot/share/interpreter/linkResolver.cpp, line 767]
Event: 11.269 Thread 0x0000000000507800 Exception <a 'java/lang/IncompatibleClassChangeError'{0x00000000875f7478}: Found class java.lang.Object, but interface was expected> (0x00000000875f7478) 
thrown [t:/workspace/open/src/hotspot/share/interpreter/linkResolver.cpp, line 833]
Event: 11.327 Thread 0x0000000000507800 Exception <a 'java/lang/reflect/InvocationTargetException'{0x0000000087213c40}> (0x0000000087213c40) 
thrown [t:/workspace/open/src/hotspot/share/runtime/reflection.cpp, line 1188]
Event: 11.334 Thread 0x0000000000507800 Exception <a 'java/lang/reflect/InvocationTargetException'{0x0000000087232a10}> (0x0000000087232a10) 
thrown [t:/workspace/open/src/hotspot/share/runtime/reflection.cpp, line 1188]
Event: 11.337 Thread 0x0000000000507800 Exception <a 'java/lang/reflect/InvocationTargetException'{0x0000000087240118}> (0x0000000087240118) 
thrown [t:/workspace/open/src/hotspot/share/runtime/reflection.cpp, line 1188]
Event: 11.366 Thread 0x0000000000507800 Exception <a 'java/lang/ClassNotFoundException'{0x00000000871107a8}: java/lang/ObjectCustomizer> (0x00000000871107a8) 
thrown [t:/workspace/open/src/hotspot/share/classfile/systemDictionary.cpp, line 232]
Event: 11.367 Thread 0x0000000000507800 Exception <a 'java/lang/ClassNotFoundException'{0x00000000871228c8}: com/example/beans/CustomerCustomizer> (0x00000000871228c8) 
thrown [t:/workspace/open/src/hotspot/share/classfile/systemDictionary.cpp, line 232]
Event: 11.426 Thread 0x0000000000507800 Exception <a 'java/lang/reflect/InvocationTargetException'{0x0000000086cbc078}> (0x0000000086cbc078) 
thrown [t:/workspace/open/src/hotspot/share/runtime/reflection.cpp, line 1188]
Event: 11.430 Thread 0x0000000000507800 Exception <a 'java/lang/reflect/InvocationTargetException'{0x0000000086cc8bf0}> (0x0000000086cc8bf0) 
thrown [t:/workspace/open/src/hotspot/share/runtime/reflection.cpp, line 1188]
Event: 11.434 Thread 0x0000000000507800 Exception <a 'java/lang/reflect/InvocationTargetException'{0x0000000086cd8b60}> (0x0000000086cd8b60) 
thrown [t:/workspace/open/src/hotspot/share/runtime/reflection.cpp, line 1188]
Event: 11.438 Thread 0x0000000000507800 Exception <a 'java/lang/reflect/InvocationTargetException'{0x0000000086ce5c50}> (0x0000000086ce5c50) 
thrown [t:/workspace/open/src/hotspot/share/runtime/reflection.cpp, line 1188]
Event: 11.499 Thread 0x0000000000507800 Exception <a 'java/lang/reflect/InvocationTargetException'{0x000000008ae03530}> (0x000000008ae03530) 
thrown [t:/workspace/open/src/hotspot/share/runtime/reflection.cpp, line 1188]

Events (20 events):
Event: 34.908 Thread 0x0000000021ed4800 flushing nmethod 0x000000000aea2a90
Event: 34.909 Thread 0x0000000021ed4800 flushing nmethod 0x000000000afef010
Event: 34.913 Thread 0x0000000021ed4800 flushing nmethod 0x000000000b4c8f90
Event: 34.914 Thread 0x0000000021ed4800 flushing nmethod 0x000000000b56b390
Event: 43.761 Executing VM operation: RevokeBias
Event: 43.762 Executing VM operation: RevokeBias done
Event: 43.772 loading class org/springframework/core/convert/support/StringToEnumConverterFactory$StringToEnum
Event: 43.772 loading class org/springframework/core/convert/support/StringToEnumConverterFactory$StringToEnum done
Event: 43.786 Executing VM operation: RevokeBias
Event: 43.788 Executing VM operation: RevokeBias done
Event: 43.792 Executing VM operation: RevokeBias
Event: 43.793 Executing VM operation: RevokeBias done
Event: 43.793 Executing VM operation: RevokeBias
Event: 43.793 Executing VM operation: RevokeBias done
Event: 43.797 Executing VM operation: RevokeBias
Event: 43.798 Executing VM operation: RevokeBias done
Event: 43.800 Executing VM operation: RevokeBias
Event: 43.801 Executing VM operation: RevokeBias done
Event: 43.802 Executing VM operation: RevokeBias
Event: 43.804 Executing VM operation: RevokeBias done


Dynamic libraries:
0x000000013f5d0000 - 0x000000013f5df000 	C:\Program Files\Java\jdk-13.0.1\bin\javaw.exe
0x0000000077630000 - 0x00000000777da000 	C:\Windows\SYSTEM32\ntdll.dll
0x000007feeedb0000 - 0x000007feeedc3000 	C:\Program Files (x86)\AVG\Antivirus\aswhook.dll
0x0000000077510000 - 0x000000007762f000 	C:\Windows\system32\kernel32.dll
0x000007fefd650000 - 0x000007fefd6ba000 	C:\Windows\system32\KERNELBASE.dll
0x000007feeca00000 - 0x000007feeca18000 	C:\Program Files\Java\jdk-13.0.1\bin\jli.dll
0x000007fefdb40000 - 0x000007fefdc1b000 	C:\Windows\system32\ADVAPI32.dll
0x000007fefd810000 - 0x000007fefd8af000 	C:\Windows\system32\msvcrt.dll
0x000007fefe4b0000 - 0x000007fefe4cf000 	C:\Windows\SYSTEM32\sechost.dll
0x000007fefd6e0000 - 0x000007fefd80d000 	C:\Windows\system32\RPCRT4.dll
0x000007fefc2c0000 - 0x000007fefc4b4000 	C:\Windows\WinSxS\amd64_microsoft.windows.common-controls_6595b64144ccf1df_6.0.7601.18837_none_fa3b1e3d17594757\COMCTL32.dll
0x000007fefe570000 - 0x000007fefe5d7000 	C:\Windows\system32\GDI32.dll
0x0000000077410000 - 0x000000007750a000 	C:\Windows\system32\USER32.dll
0x000007fefe5e0000 - 0x000007fefe5ee000 	C:\Windows\system32\LPK.dll
0x000007fefde10000 - 0x000007fefdedb000 	C:\Windows\system32\USP10.dll
0x000007fefe5f0000 - 0x000007fefe661000 	C:\Windows\system32\SHLWAPI.dll
0x000007fefbd70000 - 0x000007fefbd7c000 	C:\Windows\system32\VERSION.dll
0x000007feec9e0000 - 0x000007feec9f5000 	C:\Program Files\Java\jdk-13.0.1\bin\VCRUNTIME140.dll
0x000007feec8d0000 - 0x000007feec8d4000 	C:\Program Files\Java\jdk-13.0.1\bin\api-ms-win-crt-runtime-l1-1-0.dll
0x000007feec7d0000 - 0x000007feec8cc000 	C:\Program Files\Java\jdk-13.0.1\bin\ucrtbase.DLL
0x000007feec7c0000 - 0x000007feec7c3000 	C:\Program Files\Java\jdk-13.0.1\bin\api-ms-win-core-localization-l1-2-0.dll
0x000007feec7b0000 - 0x000007feec7b3000 	C:\Program Files\Java\jdk-13.0.1\bin\api-ms-win-core-processthreads-l1-1-1.dll
0x000007feec7a0000 - 0x000007feec7a3000 	C:\Program Files\Java\jdk-13.0.1\bin\api-ms-win-core-file-l1-2-0.dll
0x000007feec790000 - 0x000007feec793000 	C:\Program Files\Java\jdk-13.0.1\bin\api-ms-win-core-timezone-l1-1-0.dll
0x000007feec780000 - 0x000007feec783000 	C:\Program Files\Java\jdk-13.0.1\bin\api-ms-win-core-file-l2-1-0.dll
0x000007feec770000 - 0x000007feec773000 	C:\Program Files\Java\jdk-13.0.1\bin\api-ms-win-core-synch-l1-2-0.dll
0x000007feec760000 - 0x000007feec763000 	C:\Program Files\Java\jdk-13.0.1\bin\api-ms-win-crt-heap-l1-1-0.dll
0x000007feec750000 - 0x000007feec754000 	C:\Program Files\Java\jdk-13.0.1\bin\api-ms-win-crt-string-l1-1-0.dll
0x000007fee88b0000 - 0x000007fee88b4000 	C:\Program Files\Java\jdk-13.0.1\bin\api-ms-win-crt-stdio-l1-1-0.dll
0x000007fedd3c0000 - 0x000007fedd3c4000 	C:\Program Files\Java\jdk-13.0.1\bin\api-ms-win-crt-convert-l1-1-0.dll
0x000007fedd3b0000 - 0x000007fedd3b3000 	C:\Program Files\Java\jdk-13.0.1\bin\api-ms-win-crt-environment-l1-1-0.dll
0x000007fedd3a0000 - 0x000007fedd3a3000 	C:\Program Files\Java\jdk-13.0.1\bin\api-ms-win-crt-filesystem-l1-1-0.dll
0x000007fedd390000 - 0x000007fedd395000 	C:\Program Files\Java\jdk-13.0.1\bin\api-ms-win-crt-math-l1-1-0.dll
0x000007fedd380000 - 0x000007fedd383000 	C:\Program Files\Java\jdk-13.0.1\bin\api-ms-win-crt-locale-l1-1-0.dll
0x000007fefd980000 - 0x000007fefd9ae000 	C:\Windows\system32\IMM32.DLL
0x000007feff830000 - 0x000007feff939000 	C:\Windows\system32\MSCTF.dll
0x000007fedd2e0000 - 0x000007fedd37b000 	C:\Program Files\Java\jdk-13.0.1\bin\msvcp140.dll
0x000007fedd2d0000 - 0x000007fedd2d3000 	C:\Program Files\Java\jdk-13.0.1\bin\api-ms-win-crt-time-l1-1-0.dll
0x000007fedd2c0000 - 0x000007fedd2c3000 	C:\Program Files\Java\jdk-13.0.1\bin\api-ms-win-crt-utility-l1-1-0.dll
0x000007feda580000 - 0x000007fedb0e6000 	C:\Program Files\Java\jdk-13.0.1\bin\server\jvm.dll
0x000007fefbeb0000 - 0x000007fefbeb9000 	C:\Windows\system32\WSOCK32.dll
0x000007fefd8b0000 - 0x000007fefd8fd000 	C:\Windows\system32\WS2_32.dll
0x000007fefde00000 - 0x000007fefde08000 	C:\Windows\system32\NSI.dll
0x000007fefac90000 - 0x000007fefaccb000 	C:\Windows\system32\WINMM.dll
0x00000000777f0000 - 0x00000000777f7000 	C:\Windows\system32\PSAPI.DLL
0x000007feeec50000 - 0x000007feeec60000 	C:\Program Files\Java\jdk-13.0.1\bin\verify.dll
0x000007fef8fa0000 - 0x000007fef90c5000 	C:\Windows\system32\DBGHELP.DLL
0x000007fedb6a0000 - 0x000007fedb6c6000 	C:\Program Files\Java\jdk-13.0.1\bin\java.dll
0x000007feea9f0000 - 0x000007feeaa07000 	C:\Program Files\Java\jdk-13.0.1\bin\zip.dll
0x000007feeec40000 - 0x000007feeec4a000 	C:\Program Files\Java\jdk-13.0.1\bin\jimage.dll
0x000007fefe960000 - 0x000007feff6ea000 	C:\Windows\system32\SHELL32.dll
0x000007fefdee0000 - 0x000007fefe0dc000 	C:\Windows\system32\ole32.dll
0x000007fefd320000 - 0x000007fefd32f000 	C:\Windows\system32\profapi.dll
0x000007fedb680000 - 0x000007fedb699000 	C:\Program Files\Java\jdk-13.0.1\bin\net.dll
0x000007fef95d0000 - 0x000007fef9641000 	C:\Windows\system32\WINHTTP.dll
0x000007fef9560000 - 0x000007fef95c5000 	C:\Windows\system32\webio.dll
0x000007fefcaf0000 - 0x000007fefcb45000 	C:\Windows\system32\mswsock.dll
0x000007fefcae0000 - 0x000007fefcae7000 	C:\Windows\System32\wship6.dll
0x000007fedb660000 - 0x000007fedb673000 	C:\Program Files\Java\jdk-13.0.1\bin\nio.dll
0x000007fefaed0000 - 0x000007fefaed9000 	C:\Program Files\Java\jdk-13.0.1\bin\management.dll
0x000007feeec60000 - 0x000007feeec6b000 	C:\Program Files\Java\jdk-13.0.1\bin\management_ext.dll
0x000007fefa6a0000 - 0x000007fefa6b5000 	C:\Windows\system32\NLAapi.dll
0x000007fef60d0000 - 0x000007fef60e5000 	C:\Windows\system32\napinsp.dll
0x000007fef60b0000 - 0x000007fef60c9000 	C:\Windows\system32\pnrpnsp.dll
0x000007fef60a0000 - 0x000007fef60b0000 	C:\Windows\system32\wshbth.dll
0x000007fefc970000 - 0x000007fefc9cb000 	C:\Windows\system32\DNSAPI.dll
0x000007fef6070000 - 0x000007fef607b000 	C:\Windows\System32\winrnr.dll
0x000007fef2b40000 - 0x000007fef2b6f000 	C:\Program Files\Common Files\Microsoft Shared\Windows Live\WLIDNSP.DLL
0x00000000732a0000 - 0x00000000732c6000 	C:\Program Files\Bonjour\mdnsNSP.dll
0x000007fefa510000 - 0x000007fefa537000 	C:\Windows\system32\Iphlpapi.DLL
0x000007fefa500000 - 0x000007fefa50b000 	C:\Windows\system32\WINNSI.DLL
0x000007fefbcb0000 - 0x000007fefbcb7000 	C:\Windows\System32\wshtcpip.dll
0x000007feefde0000 - 0x000007feefde8000 	C:\Windows\system32\rasadhlp.dll
0x000007fefc260000 - 0x000007fefc2b3000 	C:\Windows\System32\fwpuclnt.dll
0x000007fefcb50000 - 0x000007fefcb68000 	C:\Windows\system32\CRYPTSP.dll
0x000007fefc850000 - 0x000007fefc897000 	C:\Windows\system32\rsaenh.dll
0x000007fefd3f0000 - 0x000007fefd40e000 	C:\Windows\system32\USERENV.dll
0x000007fefd1c0000 - 0x000007fefd1cf000 	C:\Windows\system32\CRYPTBASE.dll
0x000007fefc4c0000 - 0x000007fefc4d8000 	C:\Windows\system32\dhcpcsvc.DLL
0x000007fefc210000 - 0x000007fefc221000 	C:\Windows\system32\dhcpcsvc6.DLL
0x000007feeec70000 - 0x000007feeec95000 	C:\Program Files\Java\jdk-13.0.1\bin\sunec.dll
0x000007fefaee0000 - 0x000007fefaeee000 	C:\Program Files\Java\jdk-13.0.1\bin\sunmscapi.dll
0x000007fefd430000 - 0x000007fefd59d000 	C:\Windows\system32\CRYPT32.dll
0x000007fefd330000 - 0x000007fefd33f000 	C:\Windows\system32\MSASN1.dll
0x000007fefccd0000 - 0x000007fefcd20000 	C:\Windows\system32\ncrypt.dll
0x000007fefcca0000 - 0x000007fefccc2000 	C:\Windows\system32\bcrypt.dll

dbghelp: loaded successfully - version: 4.0.5 - missing functions: none
symbol engine: initialized successfully - sym options: 0x614 - pdb path: .;C:\Program Files\Java\jdk-13.0.1\bin;C:\Windows\SYSTEM32;C:\Program Files (x86)\AVG\Antivirus;C:\Windows\WinSxS\amd64_microsoft.windows.common-controls_6595b64144ccf1df_6.0.7601.18837_none_fa3b1e3d17594757;C:\Program Files\Java\jdk-13.0.1\bin\server;C:\Program Files\Common Files\Microsoft Shared\Windows Live;C:\Program Files\Bonjour

VM Arguments:
jvm_args: -Dfile.encoding=UTF-8 
java_command: com.example.CouponPhase3Application
java_class_path (initial): C:\Users\dell\eclipse-workspace\CouponPhase3\target\classes;C:\Users\dell\.m2\repository\org\springframework\boot\spring-boot-starter-data-jpa\2.3.1.RELEASE\spring-boot-starter-data-jpa-2.3.1.RELEASE.jar;C:\Users\dell\.m2\repository\org\springframework\boot\spring-boot-starter-jdbc\2.3.1.RELEASE\spring-boot-starter-jdbc-2.3.1.RELEASE.jar;C:\Users\dell\.m2\repository\com\zaxxer\HikariCP\3.4.5\HikariCP-3.4.5.jar;C:\Users\dell\.m2\repository\org\springframework\spring-jdbc\5.2.7.RELEASE\spring-jdbc-5.2.7.RELEASE.jar;C:\Users\dell\.m2\repository\jakarta\transaction\jakarta.transaction-api\1.3.3\jakarta.transaction-api-1.3.3.jar;C:\Users\dell\.m2\repository\jakarta\persistence\jakarta.persistence-api\2.2.3\jakarta.persistence-api-2.2.3.jar;C:\Users\dell\.m2\repository\org\hibernate\hibernate-core\5.4.17.Final\hibernate-core-5.4.17.Final.jar;C:\Users\dell\.m2\repository\org\jboss\logging\jboss-logging\3.4.1.Final\jboss-logging-3.4.1.Final.jar;C:\Users\dell\.m2\repository\org\javassist\javassist\3.24.0-GA\javassist-3.24.0-GA.jar;C:\Users\dell\.m2\repository\net\bytebuddy\byte-buddy\1.10.11\byte-buddy-1.10.11.jar;C:\Users\dell\.m2\repository\antlr\antlr\2.7.7\antlr-2.7.7.jar;C:\Users\dell\.m2\repository\org\jboss\jandex\2.1.3.Final\jandex-2.1.3.Final.jar;C:\Users\dell\.m2\repository\org\dom4j\dom4j\2.1.3\dom4j-2.1.3.jar;C:\Users\dell\.m2\repository\org\hibernate\common\hibernate-commons-annotations\5.1.0.Final\hibernate-commons-annotations-5.1.0.Final.jar;C:\Users\dell\.m2\repository\org\glassfish\jaxb\jaxb-runtime\2.3.3\jaxb-runtime-2.3.3.jar;C:\Users\dell\.m2\repository\org\glassfish\jaxb\txw2\2.3.3\txw2-2.3.3.jar;C:\Users\dell\.m2\repository\com\sun\istack\istack-commons-runtime\3.0.11\istack-commons-runtime-3.0.11.jar;C:\Users\dell\.m2\repository\com\sun\activation\jakarta.activation\1.2.2\jakarta.activation-1.2.2.jar;C:\Users\dell\.m2\repository\org\springframework\data\spring-data-jpa\2.3.1.RELEASE\spring-data-jpa-2.3.1.RELEASE.jar;C:\User
Launcher Type: SUN_STANDARD

[Global flags]
     intx CICompilerCount                          = 3                                         {product} {ergonomic}
     uint ConcGCThreads                            = 1                                         {product} {ergonomic}
     uint G1ConcRefinementThreads                  = 4                                         {product} {ergonomic}
   size_t G1HeapRegionSize                         = 1048576                                   {product} {ergonomic}
    uintx GCDrainStackTargetSize                   = 64                                        {product} {ergonomic}
   size_t InitialHeapSize                          = 132120576                                 {product} {ergonomic}
   size_t MarkStackSize                            = 4194304                                   {product} {ergonomic}
   size_t MaxHeapSize                              = 2095054848                                {product} {ergonomic}
   size_t MaxNewSize                               = 1256194048                                {product} {ergonomic}
   size_t MinHeapDeltaBytes                        = 1048576                                   {product} {ergonomic}
   size_t MinHeapSize                              = 8388608                                   {product} {ergonomic}
    uintx NonNMethodCodeHeapSize                   = 5830732                                {pd product} {ergonomic}
    uintx NonProfiledCodeHeapSize                  = 122913754                              {pd product} {ergonomic}
    uintx ProfiledCodeHeapSize                     = 122913754                              {pd product} {ergonomic}
    uintx ReservedCodeCacheSize                    = 251658240                              {pd product} {ergonomic}
     bool SegmentedCodeCache                       = true                                      {product} {ergonomic}
   size_t SoftMaxHeapSize                          = 2095054848                             {manageable} {ergonomic}
     bool UseCompressedClassPointers               = true                                 {lp64_product} {ergonomic}
     bool UseCompressedOops                        = true                                 {lp64_product} {ergonomic}
     bool UseG1GC                                  = true                                      {product} {ergonomic}
     bool UseLargePagesIndividualAllocation        = false                                  {pd product} {ergonomic}

Logging:
Log output configuration:
 #0: stdout all=warning uptime,level,tags
 #1: stderr all=off uptime,level,tags

Environment Variables:
PATH=C:/Program Files/Java/jdk-13.0.1/bin/server;C:/Program Files/Java/jdk-13.0.1/bin;C:\Program Files\Common Files\Microsoft Shared\Windows Live;C:\Program Files (x86)\Common Files\Microsoft Shared\Windows Live;C:\Windows\system32;C:\Windows;C:\Windows\System32\Wbem;C:\Windows\System32\WindowsPowerShell\v1.0\;C:\Program Files\Dell\DW WLAN Card;C:\Program Files\WIDCOMM\Bluetooth Software\;C:\Program Files\WIDCOMM\Bluetooth Software\syswow64;C:\Program Files (x86)\Windows Live\Shared;C:\Program Files\dotnet\;C:\Program Files\Microsoft SQL Server\130\Tools\Binn\;C:\Program Files\nodejs\;;C:\Users\dell\AppData\Local\Programs\Microsoft VS Code\bin;C:\Users\dell\AppData\Roaming\npm;C:\Windows\system32;
USERNAME=dell
OS=Windows_NT
PROCESSOR_IDENTIFIER=Intel64 Family 6 Model 37 Stepping 5, GenuineIntel



---------------  S Y S T E M  ---------------

OS: Windows 7 , 64 bit Build 7601 (6.1.7601.23915)

CPU:total 4 (initial active 4) (2 cores per cpu, 2 threads per core) family 6 model 37 stepping 5, cmov, cx8, fxsr, mmx, sse, sse2, sse3, ssse3, sse4.1, sse4.2, popcnt, ht, tsc, tscinvbit

Memory: 4k page, system-wide physical 7990M (2496M free)
TotalPageFile size 15979M (AvailPageFile size 10117M)
current process WorkingSet (physical memory assigned to process): 249M, peak: 299M
current process commit charge ("private bytes"): 288M, peak: 339M

vm_info: Java HotSpot(TM) 64-Bit Server VM (13.0.1+9) for windows-amd64 JRE (13.0.1+9), built on Oct  6 2019 12:37:49 by "mach5one" with unknown MS VC++:1916

END.
