#
# A fatal error has been detected by the Java Runtime Environment:
#
#  EXCEPTION_ACCESS_VIOLATION (0xc0000005) at pc=0x000007feda715241, pid=7948, tid=7828
#
# JRE version: Java(TM) SE Runtime Environment (13.0.1+9) (build 13.0.1+9)
# Java VM: Java HotSpot(TM) 64-Bit Server VM (13.0.1+9, mixed mode, sharing, tiered, compressed oops, g1 gc, windows-amd64)
# Problematic frame:
# V  [jvm.dll+0x195241]
#
# No core dump will be written. Minidumps are not enabled by default on client versions of Windows
#
# If you would like to submit a bug report, please visit:
#   http://bugreport.java.com/bugreport/crash.jsp
#

---------------  S U M M A R Y ------------

Command Line: -Dfile.encoding=UTF-8 com.example.CouponPhase3Application

Host: Intel(R) Core(TM) i5 CPU       M 480  @ 2.67GHz, 4 cores, 7G,  Windows 7 , 64 bit Build 7601 (6.1.7601.23915)
Time: Thu Jul 16 23:51:53 2020 Jerusalem Daylight Time elapsed time: 0 seconds (0d 0h 0m 0s)

---------------  T H R E A D  ---------------

Current thread (0x0000000023c27800):  GCTaskThread "GC Thread#1" [stack: 0x0000000024d20000,0x0000000024e20000] [id=7828]

Stack: [0x0000000024d20000,0x0000000024e20000],  sp=0x0000000024e1f1c8,  free space=1020k
Native frames: (J=compiled Java code, j=interpreted, Vv=VM code, C=native code)
V  [jvm.dll+0x195241]


siginfo: EXCEPTION_ACCESS_VIOLATION (0xc0000005), reading address 0x0000000000000100


Register to memory mapping:

RIP=0x000007feda715241 jvm.dll
RAX=0x0 is NULL
RBX=0x0000000000000001 is an unknown value
RCX=0x0000000800010090 is pointing into metadata
RDX=
[error occurred during error reporting (printing register info), id 0xc0000005, EXCEPTION_ACCESS_VIOLATION (0xc0000005) at pc=0x000007feda715241]

Registers:
RAX=0x0000000000000000, RBX=0x0000000000000001, RCX=0x0000000800010090, RDX=0x000000008a77c968
RSP=0x0000000024e1f1c8, RBP=0x0000000022e981a0, RSI=0x0000000023731690, RDI=0x0000000023731690
R8 =0x0000000000000000, R9 =0x0000000800010090, R10=0x000000008a77c968, R11=0x0000000083548678
R12=0x0000000021ddad08, R13=0x00000000000003d8, R14=0x000000008a77c968, R15=0x0000000000000101
RIP=0x000007feda715241, EFLAGS=0x0000000000010246

Top of Stack: (sp=0x0000000024e1f1c8)
0x0000000024e1f1c8:   000007feda88da49 0000000000000003
0x0000000024e1f1d8:   0000000083548710 0000000083548678
0x0000000024e1f1e8:   000000000016e42a 0000000058738be1
0x0000000024e1f1f8:   000000000016e42a 0000010058738be1
0x0000000024e1f208:   000000070016e444 0000000000000003
0x0000000024e1f218:   0000000000000001 00000000000003d8
0x0000000024e1f228:   0000000023511538 0000000023511538
0x0000000024e1f238:   0000000021ddad08 0000000023731690
0x0000000024e1f248:   0000000000000020 0000000023511538
0x0000000024e1f258:   000007feda89bbfe 0000000000000000
0x0000000024e1f268:   0000000000000001 003a000100000000
0x0000000024e1f278:   00000000237317b0 0000000023731690
0x0000000024e1f288:   000007feda75a344 0000000000000000
0x0000000024e1f298:   0000000023511568 000000002376b900
0x0000000024e1f2a8:   0000000023511538 0000000000000001
0x0000000024e1f2b8:   000007feda75a3fa 0000000023511568 

Instructions: (pc=0x000007feda715241)
0x000007feda715141:   74 32 0f 10 83 60 03 00 00 48 8b 07 48 8d 54 24
0x000007feda715151:   20 48 8b cf 0f 29 44 24 20 ff 50 40 33 c0 48 89
0x000007feda715161:   44 24 20 48 89 44 24 28 0f 10 44 24 20 0f 11 83
0x000007feda715171:   60 03 00 00 48 8b 5c 24 40 48 83 c4 30 5f c3 48
0x000007feda715181:   8b 49 40 48 8b 01 48 ff 60 28 cc cc cc cc cc 80
0x000007feda715191:   3d 2a cb 8e 00 00 48 8b c1 74 1b 8b 51 08 8b 0d
0x000007feda7151a1:   3b 6d 86 00 48 d3 e2 48 8b c8 48 03 15 26 6d 86
0x000007feda7151b1:   00 e9 19 00 00 00 48 8b 51 08 48 8b c8 e9 0d 00
0x000007feda7151c1:   00 00 cc cc cc cc cc cc cc cc cc cc cc cc cc 4c
0x000007feda7151d1:   8b ca 48 8b d1 45 8b 41 08 45 85 c0 7e 0e 41 f6
0x000007feda7151e1:   c0 01 75 56 41 c1 f8 03 41 8b c0 c3 79 4c 80 3d
0x000007feda7151f1:   cb ca 8e 00 00 b8 0c 00 00 00 b9 10 00 00 00 0f
0x000007feda715201:   45 c8 8b 05 6b 7f 86 00 ff c8 4c 63 c8 48 63 14
0x000007feda715211:   11 41 8b c8 83 e1 3f 48 d3 e2 41 8b c8 48 c1 f9
0x000007feda715221:   10 0f b6 c1 49 8d 0c 11 49 f7 d1 48 03 c1 49 c1
0x000007feda715231:   e9 03 48 c1 e8 03 41 23 c1 c3 49 8b 01 49 8b c9
0x000007feda715241:   48 ff a0 00 01 00 00 cc cc cc cc cc cc cc cc 48
0x000007feda715251:   8b c2 c3 cc cc cc cc cc cc cc cc cc cc cc cc 48
0x000007feda715261:   83 ec 38 0f 10 02 48 8b 49 40 48 8d 54 24 20 0f
0x000007feda715271:   29 44 24 20 e8 d6 ef ff ff 48 83 c4 38 c3 cc 48
0x000007feda715281:   83 ec 38 0f 10 02 48 8b 01 48 8d 54 24 20 0f 29
0x000007feda715291:   44 24 20 ff 50 38 48 83 c4 38 c3 cc cc cc cc 48
0x000007feda7152a1:   89 5c 24 08 55 56 57 41 54 41 55 41 56 41 57 48
0x000007feda7152b1:   8d 6c 24 e0 48 81 ec 20 01 00 00 48 8b 05 f5 bc
0x000007feda7152c1:   89 00 48 33 c4 48 89 45 10 48 8b 05 5f 47 8c 00
0x000007feda7152d1:   45 33 ed 4c 8b b5 80 00 00 00 4c 8b fa 48 8b bd
0x000007feda7152e1:   88 00 00 00 4d 8b c6 49 8b d6 49 8b f1 48 8b 48
0x000007feda7152f1:   40 48 8b 59 48 49 8b cf c7 45 c0 ff ff ff ff 44
0x000007feda715301:   89 6d d4 4c 89 6d d8 44 88 6d e0 c7 45 e8 ff ff
0x000007feda715311:   ff ff 44 89 6d fc 4c 89 6d 00 44 88 6d 08 e8 ac
0x000007feda715321:   f4 f5 ff 41 b1 01 4c 8d 45 e8 41 8d 55 04 49 8b
0x000007feda715331:   cf e8 89 c2 f4 ff 48 8b 05 82 c2 73 00 4c 8d 25 


Stack slot to memory mapping:
stack at sp + 0 slots: 0x000007feda88da49 jvm.dll
stack at sp + 1 slots: 0x0000000000000003 is an unknown value
stack at sp + 2 slots: 0x0000000083548710 is an oop: [Ljava.lang.Object; 
{0x0000000083548710} - klass: 'java/lang/Object'[]
 - length: 2
stack at sp + 3 slots: 0x0000000083548678 is an oop: java.lang.Class 
{0x0000000083548678} - klass: 'java/lang/Class'
stack at sp + 4 slots: 0x000000000016e42a is an unknown value
stack at sp + 5 slots: 0x0000000058738be1 is an unknown value
stack at sp + 6 slots: 0x000000000016e42a is an unknown value
stack at sp + 7 slots: 0x0000010058738be1 is an unknown value


---------------  P R O C E S S  ---------------

Threads class SMR info:
_java_thread_list=0x0000000022b33b20, length=11, elements={
0x0000000000427800, 0x0000000020f3d000, 0x0000000020f3e000, 0x0000000021d93800,
0x0000000021d94000, 0x0000000021d96000, 0x0000000021d9a800, 0x0000000021da5000,
0x0000000022b1d800, 0x0000000022b28000, 0x0000000022bc8000
}

Java Threads: ( => current thread )
  0x0000000000427800 JavaThread "main" [_thread_blocked, id=7736, stack(0x0000000001e60000,0x0000000001f60000)]
  0x0000000020f3d000 JavaThread "Reference Handler" daemon [_thread_blocked, id=7920, stack(0x00000000220e0000,0x00000000221e0000)]
  0x0000000020f3e000 JavaThread "Finalizer" daemon [_thread_blocked, id=8064, stack(0x0000000021220000,0x0000000021320000)]
  0x0000000021d93800 JavaThread "Signal Dispatcher" daemon [_thread_blocked, id=6892, stack(0x00000000223c0000,0x00000000224c0000)]
  0x0000000021d94000 JavaThread "Attach Listener" daemon [_thread_blocked, id=2856, stack(0x0000000022500000,0x0000000022600000)]
  0x0000000021d96000 JavaThread "C2 CompilerThread0" daemon [_thread_blocked, id=5052, stack(0x0000000022640000,0x0000000022740000)]
  0x0000000021d9a800 JavaThread "C1 CompilerThread0" daemon [_thread_blocked, id=4312, stack(0x00000000227c0000,0x00000000228c0000)]
  0x0000000021da5000 JavaThread "Sweeper thread" daemon [_thread_blocked, id=6296, stack(0x00000000229c0000,0x0000000022ac0000)]
  0x0000000022b1d800 JavaThread "Service Thread" daemon [_thread_blocked, id=7120, stack(0x0000000022f40000,0x0000000023040000)]
  0x0000000022b28000 JavaThread "Common-Cleaner" daemon [_thread_blocked, id=7944, stack(0x00000000231f0000,0x00000000232f0000)]
  0x0000000022bc8000 JavaThread "C2 CompilerThread1" daemon [_thread_blocked, id=7180, stack(0x0000000022270000,0x0000000022370000)]

Other Threads:
  0x0000000020f3a800 VMThread "VM Thread" [stack: 0x0000000021f50000,0x0000000022050000] [id=6776]
  0x0000000022b27000 WatcherThread [stack: 0x0000000023050000,0x0000000023150000] [id=7284]
  0x000000000046b000 GCTaskThread "GC Thread#0" [stack: 0x000000001e900000,0x000000001ea00000] [id=8012]
=>0x0000000023c27800 GCTaskThread "GC Thread#1" [stack: 0x0000000024d20000,0x0000000024e20000] [id=7828]
  0x0000000023c28000 GCTaskThread "GC Thread#2" [stack: 0x0000000024ec0000,0x0000000024fc0000] [id=2484]
  0x000000000047c800 ConcurrentGCThread "G1 Main Marker" [stack: 0x000000001e7c0000,0x000000001e8c0000] [id=5988]
  0x000000000047e800 ConcurrentGCThread "G1 Conc#0" [stack: 0x000000001ea20000,0x000000001eb20000] [id=7692]
  0x0000000020ed3000 ConcurrentGCThread "G1 Refine#0" [stack: 0x0000000021100000,0x0000000021200000] [id=7732]
  0x0000000020ed6000 ConcurrentGCThread "G1 Young RemSet Sampling" [stack: 0x0000000021370000,0x0000000021470000] [id=6792]

Threads with active compile tasks:
C2 CompilerThread0      637  601   !   4       jdk.internal.loader.URLClassPath$JarLoader::getResource (65 bytes)
C1 CompilerThread0      637  645       3       java.util.jar.JarFile$JarFileEntry::<init> (16 bytes)
C2 CompilerThread1      637  619       4       java.util.jar.JarFile::getEntry0 (24 bytes)

VM state:at safepoint (normal execution)

VM Mutex/Monitor currently owned by a thread:  ([mutex/lock_event])
[0x00000000004225f0] Threads_lock - owner thread: 0x0000000020f3a800
[0x0000000000422ef0] Heap_lock - owner thread: 0x0000000000427800

Heap address: 0x0000000083200000, size: 1998 MB, Compressed Oops mode: 32-bit
Narrow klass base: 0x0000000800000000, Narrow klass shift: 3
Compressed class space size: 1073741824 Address: 0x0000000800b40000

Heap:
 garbage-first heap   total 129024K, used 15360K [0x0000000083200000, 0x0000000100000000)
  region size 1024K, 16 young (16384K), 2 survivors (2048K)
 Metaspace       used 2439K, capacity 5641K, committed 5760K, reserved 1056768K
  class space    used 231K, capacity 542K, committed 640K, reserved 1048576K
Heap Regions: E=young(eden), S=young(survivor), O=old, HS=humongous(starts), HC=humongous(continues), CS=collection set, F=free, A=archive, TAMS=top-at-mark-start (previous, next)
|   0|0x0000000083200000, 0x0000000083300000, 0x0000000083300000|100%|HS|  |TAMS 0x0000000083200000, 0x0000000083200000| Complete 
|   1|0x0000000083300000, 0x0000000083400000, 0x0000000083400000|100%| O|  |TAMS 0x0000000083300000, 0x0000000083300000| Untracked 
|   2|0x0000000083400000, 0x0000000083500000, 0x0000000083500000|100%| O|  |TAMS 0x0000000083400000, 0x0000000083400000| Untracked 
|   3|0x0000000083500000, 0x000000008359dd38, 0x0000000083600000| 61%| O|  |TAMS 0x0000000083500000, 0x0000000083500000| Untracked 
|   4|0x0000000083600000, 0x0000000083600000, 0x0000000083700000|  0%| F|  |TAMS 0x0000000083600000, 0x0000000083600000| Untracked 
|   5|0x0000000083700000, 0x0000000083700000, 0x0000000083800000|  0%| F|  |TAMS 0x0000000083700000, 0x0000000083700000| Untracked 
|   6|0x0000000083800000, 0x0000000083800000, 0x0000000083900000|  0%| F|  |TAMS 0x0000000083800000, 0x0000000083800000| Untracked 
|   7|0x0000000083900000, 0x0000000083900000, 0x0000000083a00000|  0%| F|  |TAMS 0x0000000083900000, 0x0000000083900000| Untracked 
|   8|0x0000000083a00000, 0x0000000083a00000, 0x0000000083b00000|  0%| F|  |TAMS 0x0000000083a00000, 0x0000000083a00000| Untracked 
|   9|0x0000000083b00000, 0x0000000083b00000, 0x0000000083c00000|  0%| F|  |TAMS 0x0000000083b00000, 0x0000000083b00000| Untracked 
|  10|0x0000000083c00000, 0x0000000083c00000, 0x0000000083d00000|  0%| F|  |TAMS 0x0000000083c00000, 0x0000000083c00000| Untracked 
|  11|0x0000000083d00000, 0x0000000083d00000, 0x0000000083e00000|  0%| F|  |TAMS 0x0000000083d00000, 0x0000000083d00000| Untracked 
|  12|0x0000000083e00000, 0x0000000083e00000, 0x0000000083f00000|  0%| F|  |TAMS 0x0000000083e00000, 0x0000000083e00000| Untracked 
|  13|0x0000000083f00000, 0x0000000083f00000, 0x0000000084000000|  0%| F|  |TAMS 0x0000000083f00000, 0x0000000083f00000| Untracked 
|  14|0x0000000084000000, 0x0000000084000000, 0x0000000084100000|  0%| F|  |TAMS 0x0000000084000000, 0x0000000084000000| Untracked 
|  15|0x0000000084100000, 0x0000000084100000, 0x0000000084200000|  0%| F|  |TAMS 0x0000000084100000, 0x0000000084100000| Untracked 
|  16|0x0000000084200000, 0x0000000084200000, 0x0000000084300000|  0%| F|  |TAMS 0x0000000084200000, 0x0000000084200000| Untracked 
|  17|0x0000000084300000, 0x0000000084300000, 0x0000000084400000|  0%| F|  |TAMS 0x0000000084300000, 0x0000000084300000| Untracked 
|  18|0x0000000084400000, 0x0000000084400000, 0x0000000084500000|  0%| F|  |TAMS 0x0000000084400000, 0x0000000084400000| Untracked 
|  19|0x0000000084500000, 0x0000000084500000, 0x0000000084600000|  0%| F|  |TAMS 0x0000000084500000, 0x0000000084500000| Untracked 
|  20|0x0000000084600000, 0x0000000084600000, 0x0000000084700000|  0%| F|  |TAMS 0x0000000084600000, 0x0000000084600000| Untracked 
|  21|0x0000000084700000, 0x0000000084700000, 0x0000000084800000|  0%| F|  |TAMS 0x0000000084700000, 0x0000000084700000| Untracked 
|  22|0x0000000084800000, 0x0000000084800000, 0x0000000084900000|  0%| F|  |TAMS 0x0000000084800000, 0x0000000084800000| Untracked 
|  23|0x0000000084900000, 0x0000000084900000, 0x0000000084a00000|  0%| F|  |TAMS 0x0000000084900000, 0x0000000084900000| Untracked 
|  24|0x0000000084a00000, 0x0000000084a00000, 0x0000000084b00000|  0%| F|  |TAMS 0x0000000084a00000, 0x0000000084a00000| Untracked 
|  25|0x0000000084b00000, 0x0000000084b00000, 0x0000000084c00000|  0%| F|  |TAMS 0x0000000084b00000, 0x0000000084b00000| Untracked 
|  26|0x0000000084c00000, 0x0000000084c00000, 0x0000000084d00000|  0%| F|  |TAMS 0x0000000084c00000, 0x0000000084c00000| Untracked 
|  27|0x0000000084d00000, 0x0000000084d00000, 0x0000000084e00000|  0%| F|  |TAMS 0x0000000084d00000, 0x0000000084d00000| Untracked 
|  28|0x0000000084e00000, 0x0000000084e00000, 0x0000000084f00000|  0%| F|  |TAMS 0x0000000084e00000, 0x0000000084e00000| Untracked 
|  29|0x0000000084f00000, 0x0000000084f00000, 0x0000000085000000|  0%| F|  |TAMS 0x0000000084f00000, 0x0000000084f00000| Untracked 
|  30|0x0000000085000000, 0x0000000085000000, 0x0000000085100000|  0%| F|  |TAMS 0x0000000085000000, 0x0000000085000000| Untracked 
|  31|0x0000000085100000, 0x0000000085100000, 0x0000000085200000|  0%| F|  |TAMS 0x0000000085100000, 0x0000000085100000| Untracked 
|  32|0x0000000085200000, 0x0000000085200000, 0x0000000085300000|  0%| F|  |TAMS 0x0000000085200000, 0x0000000085200000| Untracked 
|  33|0x0000000085300000, 0x0000000085300000, 0x0000000085400000|  0%| F|  |TAMS 0x0000000085300000, 0x0000000085300000| Untracked 
|  34|0x0000000085400000, 0x0000000085400000, 0x0000000085500000|  0%| F|  |TAMS 0x0000000085400000, 0x0000000085400000| Untracked 
|  35|0x0000000085500000, 0x0000000085500000, 0x0000000085600000|  0%| F|  |TAMS 0x0000000085500000, 0x0000000085500000| Untracked 
|  36|0x0000000085600000, 0x0000000085600000, 0x0000000085700000|  0%| F|  |TAMS 0x0000000085600000, 0x0000000085600000| Untracked 
|  37|0x0000000085700000, 0x0000000085700000, 0x0000000085800000|  0%| F|  |TAMS 0x0000000085700000, 0x0000000085700000| Untracked 
|  38|0x0000000085800000, 0x0000000085800000, 0x0000000085900000|  0%| F|  |TAMS 0x0000000085800000, 0x0000000085800000| Untracked 
|  39|0x0000000085900000, 0x0000000085900000, 0x0000000085a00000|  0%| F|  |TAMS 0x0000000085900000, 0x0000000085900000| Untracked 
|  40|0x0000000085a00000, 0x0000000085a00000, 0x0000000085b00000|  0%| F|  |TAMS 0x0000000085a00000, 0x0000000085a00000| Untracked 
|  41|0x0000000085b00000, 0x0000000085b00000, 0x0000000085c00000|  0%| F|  |TAMS 0x0000000085b00000, 0x0000000085b00000| Untracked 
|  42|0x0000000085c00000, 0x0000000085c00000, 0x0000000085d00000|  0%| F|  |TAMS 0x0000000085c00000, 0x0000000085c00000| Untracked 
|  43|0x0000000085d00000, 0x0000000085d00000, 0x0000000085e00000|  0%| F|  |TAMS 0x0000000085d00000, 0x0000000085d00000| Untracked 
|  44|0x0000000085e00000, 0x0000000085e00000, 0x0000000085f00000|  0%| F|  |TAMS 0x0000000085e00000, 0x0000000085e00000| Untracked 
|  45|0x0000000085f00000, 0x0000000085f00000, 0x0000000086000000|  0%| F|  |TAMS 0x0000000085f00000, 0x0000000085f00000| Untracked 
|  46|0x0000000086000000, 0x0000000086000000, 0x0000000086100000|  0%| F|  |TAMS 0x0000000086000000, 0x0000000086000000| Untracked 
|  47|0x0000000086100000, 0x0000000086100000, 0x0000000086200000|  0%| F|  |TAMS 0x0000000086100000, 0x0000000086100000| Untracked 
|  48|0x0000000086200000, 0x0000000086200000, 0x0000000086300000|  0%| F|  |TAMS 0x0000000086200000, 0x0000000086200000| Untracked 
|  49|0x0000000086300000, 0x0000000086300000, 0x0000000086400000|  0%| F|  |TAMS 0x0000000086300000, 0x0000000086300000| Untracked 
|  50|0x0000000086400000, 0x0000000086400000, 0x0000000086500000|  0%| F|  |TAMS 0x0000000086400000, 0x0000000086400000| Untracked 
|  51|0x0000000086500000, 0x0000000086500000, 0x0000000086600000|  0%| F|  |TAMS 0x0000000086500000, 0x0000000086500000| Untracked 
|  52|0x0000000086600000, 0x0000000086600000, 0x0000000086700000|  0%| F|  |TAMS 0x0000000086600000, 0x0000000086600000| Untracked 
|  53|0x0000000086700000, 0x0000000086700000, 0x0000000086800000|  0%| F|  |TAMS 0x0000000086700000, 0x0000000086700000| Untracked 
|  54|0x0000000086800000, 0x0000000086800000, 0x0000000086900000|  0%| F|  |TAMS 0x0000000086800000, 0x0000000086800000| Untracked 
|  55|0x0000000086900000, 0x0000000086900000, 0x0000000086a00000|  0%| F|  |TAMS 0x0000000086900000, 0x0000000086900000| Untracked 
|  56|0x0000000086a00000, 0x0000000086a00000, 0x0000000086b00000|  0%| F|  |TAMS 0x0000000086a00000, 0x0000000086a00000| Untracked 
|  57|0x0000000086b00000, 0x0000000086b00000, 0x0000000086c00000|  0%| F|  |TAMS 0x0000000086b00000, 0x0000000086b00000| Untracked 
|  58|0x0000000086c00000, 0x0000000086c00000, 0x0000000086d00000|  0%| F|  |TAMS 0x0000000086c00000, 0x0000000086c00000| Untracked 
|  59|0x0000000086d00000, 0x0000000086d00000, 0x0000000086e00000|  0%| F|  |TAMS 0x0000000086d00000, 0x0000000086d00000| Untracked 
|  60|0x0000000086e00000, 0x0000000086e00000, 0x0000000086f00000|  0%| F|  |TAMS 0x0000000086e00000, 0x0000000086e00000| Untracked 
|  61|0x0000000086f00000, 0x0000000086f00000, 0x0000000087000000|  0%| F|  |TAMS 0x0000000086f00000, 0x0000000086f00000| Untracked 
|  62|0x0000000087000000, 0x0000000087000000, 0x0000000087100000|  0%| F|  |TAMS 0x0000000087000000, 0x0000000087000000| Untracked 
|  63|0x0000000087100000, 0x0000000087100000, 0x0000000087200000|  0%| F|  |TAMS 0x0000000087100000, 0x0000000087100000| Untracked 
|  64|0x0000000087200000, 0x0000000087200000, 0x0000000087300000|  0%| F|  |TAMS 0x0000000087200000, 0x0000000087200000| Untracked 
|  65|0x0000000087300000, 0x0000000087300000, 0x0000000087400000|  0%| F|  |TAMS 0x0000000087300000, 0x0000000087300000| Untracked 
|  66|0x0000000087400000, 0x0000000087400000, 0x0000000087500000|  0%| F|  |TAMS 0x0000000087400000, 0x0000000087400000| Untracked 
|  67|0x0000000087500000, 0x0000000087500000, 0x0000000087600000|  0%| F|  |TAMS 0x0000000087500000, 0x0000000087500000| Untracked 
|  68|0x0000000087600000, 0x0000000087600000, 0x0000000087700000|  0%| F|  |TAMS 0x0000000087600000, 0x0000000087600000| Untracked 
|  69|0x0000000087700000, 0x0000000087700000, 0x0000000087800000|  0%| F|  |TAMS 0x0000000087700000, 0x0000000087700000| Untracked 
|  70|0x0000000087800000, 0x0000000087800000, 0x0000000087900000|  0%| F|  |TAMS 0x0000000087800000, 0x0000000087800000| Untracked 
|  71|0x0000000087900000, 0x0000000087900000, 0x0000000087a00000|  0%| F|  |TAMS 0x0000000087900000, 0x0000000087900000| Untracked 
|  72|0x0000000087a00000, 0x0000000087a00000, 0x0000000087b00000|  0%| F|  |TAMS 0x0000000087a00000, 0x0000000087a00000| Untracked 
|  73|0x0000000087b00000, 0x0000000087b00000, 0x0000000087c00000|  0%| F|  |TAMS 0x0000000087b00000, 0x0000000087b00000| Untracked 
|  74|0x0000000087c00000, 0x0000000087c00000, 0x0000000087d00000|  0%| F|  |TAMS 0x0000000087c00000, 0x0000000087c00000| Untracked 
|  75|0x0000000087d00000, 0x0000000087d00000, 0x0000000087e00000|  0%| F|  |TAMS 0x0000000087d00000, 0x0000000087d00000| Untracked 
|  76|0x0000000087e00000, 0x0000000087e00000, 0x0000000087f00000|  0%| F|  |TAMS 0x0000000087e00000, 0x0000000087e00000| Untracked 
|  77|0x0000000087f00000, 0x0000000087f00000, 0x0000000088000000|  0%| F|  |TAMS 0x0000000087f00000, 0x0000000087f00000| Untracked 
|  78|0x0000000088000000, 0x0000000088000000, 0x0000000088100000|  0%| F|  |TAMS 0x0000000088000000, 0x0000000088000000| Untracked 
|  79|0x0000000088100000, 0x0000000088100000, 0x0000000088200000|  0%| F|  |TAMS 0x0000000088100000, 0x0000000088100000| Untracked 
|  80|0x0000000088200000, 0x0000000088200000, 0x0000000088300000|  0%| F|  |TAMS 0x0000000088200000, 0x0000000088200000| Untracked 
|  81|0x0000000088300000, 0x0000000088300000, 0x0000000088400000|  0%| F|  |TAMS 0x0000000088300000, 0x0000000088300000| Untracked 
|  82|0x0000000088400000, 0x0000000088400000, 0x0000000088500000|  0%| F|  |TAMS 0x0000000088400000, 0x0000000088400000| Untracked 
|  83|0x0000000088500000, 0x0000000088500000, 0x0000000088600000|  0%| F|  |TAMS 0x0000000088500000, 0x0000000088500000| Untracked 
|  84|0x0000000088600000, 0x0000000088600000, 0x0000000088700000|  0%| F|  |TAMS 0x0000000088600000, 0x0000000088600000| Untracked 
|  85|0x0000000088700000, 0x0000000088700000, 0x0000000088800000|  0%| F|  |TAMS 0x0000000088700000, 0x0000000088700000| Untracked 
|  86|0x0000000088800000, 0x0000000088800000, 0x0000000088900000|  0%| F|  |TAMS 0x0000000088800000, 0x0000000088800000| Untracked 
|  87|0x0000000088900000, 0x0000000088900000, 0x0000000088a00000|  0%| F|  |TAMS 0x0000000088900000, 0x0000000088900000| Untracked 
|  88|0x0000000088a00000, 0x0000000088a00000, 0x0000000088b00000|  0%| F|  |TAMS 0x0000000088a00000, 0x0000000088a00000| Untracked 
|  89|0x0000000088b00000, 0x0000000088b00000, 0x0000000088c00000|  0%| F|  |TAMS 0x0000000088b00000, 0x0000000088b00000| Untracked 
|  90|0x0000000088c00000, 0x0000000088c00000, 0x0000000088d00000|  0%| F|  |TAMS 0x0000000088c00000, 0x0000000088c00000| Untracked 
|  91|0x0000000088d00000, 0x0000000088d00000, 0x0000000088e00000|  0%| F|  |TAMS 0x0000000088d00000, 0x0000000088d00000| Untracked 
|  92|0x0000000088e00000, 0x0000000088e00000, 0x0000000088f00000|  0%| F|  |TAMS 0x0000000088e00000, 0x0000000088e00000| Untracked 
|  93|0x0000000088f00000, 0x0000000088f00000, 0x0000000089000000|  0%| F|  |TAMS 0x0000000088f00000, 0x0000000088f00000| Untracked 
|  94|0x0000000089000000, 0x0000000089000000, 0x0000000089100000|  0%| F|  |TAMS 0x0000000089000000, 0x0000000089000000| Untracked 
|  95|0x0000000089100000, 0x0000000089100000, 0x0000000089200000|  0%| F|  |TAMS 0x0000000089100000, 0x0000000089100000| Untracked 
|  96|0x0000000089200000, 0x0000000089200000, 0x0000000089300000|  0%| F|  |TAMS 0x0000000089200000, 0x0000000089200000| Untracked 
|  97|0x0000000089300000, 0x0000000089300000, 0x0000000089400000|  0%| F|  |TAMS 0x0000000089300000, 0x0000000089300000| Untracked 
|  98|0x0000000089400000, 0x0000000089400000, 0x0000000089500000|  0%| F|  |TAMS 0x0000000089400000, 0x0000000089400000| Untracked 
|  99|0x0000000089500000, 0x0000000089500000, 0x0000000089600000|  0%| F|  |TAMS 0x0000000089500000, 0x0000000089500000| Untracked 
| 100|0x0000000089600000, 0x0000000089600000, 0x0000000089700000|  0%| F|  |TAMS 0x0000000089600000, 0x0000000089600000| Untracked 
| 101|0x0000000089700000, 0x0000000089700000, 0x0000000089800000|  0%| F|  |TAMS 0x0000000089700000, 0x0000000089700000| Untracked 
| 102|0x0000000089800000, 0x0000000089800000, 0x0000000089900000|  0%| F|  |TAMS 0x0000000089800000, 0x0000000089800000| Untracked 
| 103|0x0000000089900000, 0x0000000089900000, 0x0000000089a00000|  0%| F|  |TAMS 0x0000000089900000, 0x0000000089900000| Untracked 
| 104|0x0000000089a00000, 0x0000000089a00000, 0x0000000089b00000|  0%| F|  |TAMS 0x0000000089a00000, 0x0000000089a00000| Untracked 
| 105|0x0000000089b00000, 0x0000000089b00000, 0x0000000089c00000|  0%| F|  |TAMS 0x0000000089b00000, 0x0000000089b00000| Untracked 
| 106|0x0000000089c00000, 0x0000000089c00000, 0x0000000089d00000|  0%| F|  |TAMS 0x0000000089c00000, 0x0000000089c00000| Untracked 
| 107|0x0000000089d00000, 0x0000000089d00000, 0x0000000089e00000|  0%| F|  |TAMS 0x0000000089d00000, 0x0000000089d00000| Untracked 
| 108|0x0000000089e00000, 0x0000000089e00000, 0x0000000089f00000|  0%| F|  |TAMS 0x0000000089e00000, 0x0000000089e00000| Untracked 
| 109|0x0000000089f00000, 0x0000000089f00000, 0x000000008a000000|  0%| F|  |TAMS 0x0000000089f00000, 0x0000000089f00000| Untracked 
| 110|0x000000008a000000, 0x000000008a100000, 0x000000008a100000|100%| S|  |TAMS 0x000000008a000000, 0x000000008a000000| Complete 
| 111|0x000000008a100000, 0x000000008a200000, 0x000000008a200000|100%| S|  |TAMS 0x000000008a100000, 0x000000008a100000| Complete 
| 112|0x000000008a200000, 0x000000008a300000, 0x000000008a300000|100%| E|CS|TAMS 0x000000008a200000, 0x000000008a200000| Complete 
| 113|0x000000008a300000, 0x000000008a400000, 0x000000008a400000|100%| E|CS|TAMS 0x000000008a300000, 0x000000008a300000| Complete 
| 114|0x000000008a400000, 0x000000008a500000, 0x000000008a500000|100%| E|CS|TAMS 0x000000008a400000, 0x000000008a400000| Complete 
| 115|0x000000008a500000, 0x000000008a600000, 0x000000008a600000|100%| E|CS|TAMS 0x000000008a500000, 0x000000008a500000| Complete 
| 116|0x000000008a600000, 0x000000008a700000, 0x000000008a700000|100%| E|CS|TAMS 0x000000008a600000, 0x000000008a600000| Complete 
| 117|0x000000008a700000, 0x000000008a800000, 0x000000008a800000|100%| E|CS|TAMS 0x000000008a700000, 0x000000008a700000| Complete 
| 118|0x000000008a800000, 0x000000008a900000, 0x000000008a900000|100%| E|CS|TAMS 0x000000008a800000, 0x000000008a800000| Complete 
| 119|0x000000008a900000, 0x000000008aa00000, 0x000000008aa00000|100%| E|CS|TAMS 0x000000008a900000, 0x000000008a900000| Complete 
| 120|0x000000008aa00000, 0x000000008ab00000, 0x000000008ab00000|100%| E|CS|TAMS 0x000000008aa00000, 0x000000008aa00000| Complete 
| 121|0x000000008ab00000, 0x000000008ac00000, 0x000000008ac00000|100%| E|CS|TAMS 0x000000008ab00000, 0x000000008ab00000| Complete 
| 122|0x000000008ac00000, 0x000000008ad00000, 0x000000008ad00000|100%| E|CS|TAMS 0x000000008ac00000, 0x000000008ac00000| Complete 
| 123|0x000000008ad00000, 0x000000008ae00000, 0x000000008ae00000|100%| E|CS|TAMS 0x000000008ad00000, 0x000000008ad00000| Complete 
| 124|0x000000008ae00000, 0x000000008af00000, 0x000000008af00000|100%| E|CS|TAMS 0x000000008ae00000, 0x000000008ae00000| Complete 
| 125|0x000000008af00000, 0x000000008b000000, 0x000000008b000000|100%| E|CS|TAMS 0x000000008af00000, 0x000000008af00000| Complete 

Card table byte_map: [0x000000001a0c0000,0x000000001a4b0000] _byte_map_base: 0x0000000019ca7000

Marking Bits (Prev, Next): (CMBitMap*) 0x000000000046bac8, (CMBitMap*) 0x000000000046bb08
 Prev Bits: [0x000000001a8a0000, 0x000000001c7d8000)
 Next Bits: [0x000000001c7e0000, 0x000000001e718000)

Polling page: 0x0000000000210000

Metaspace:

Usage:
  Non-class:      4.98 MB capacity,     2.16 MB ( 43%) used,     2.82 MB ( 57%) free+waste,     3.13 KB ( <1%) overhead. 
      Class:    542.00 KB capacity,   231.69 KB ( 43%) used,   308.44 KB ( 57%) free+waste,     1.88 KB ( <1%) overhead. 
       Both:      5.51 MB capacity,     2.38 MB ( 43%) used,     3.12 MB ( 57%) free+waste,     5.00 KB ( <1%) overhead. 

Virtual space:
  Non-class space:        8.00 MB reserved,       5.00 MB ( 63%) committed 
      Class space:        1.00 GB reserved,     640.00 KB ( <1%) committed 
             Both:        1.01 GB reserved,       5.63 MB ( <1%) committed 

Chunk freelists:
   Non-Class:  21.00 KB
       Class:  2.00 KB
        Both:  23.00 KB

MaxMetaspaceSize: 17179869184.00 GB
CompressedClassSpaceSize: 1.00 GB

CodeHeap 'non-profiled nmethods': size=120064Kb used=208Kb max_used=208Kb free=119855Kb
 bounds [0x0000000012260000, 0x00000000124d0000, 0x00000000197a0000]
CodeHeap 'profiled nmethods': size=120000Kb used=1210Kb max_used=1210Kb free=118789Kb
 bounds [0x000000000ad30000, 0x000000000afa0000, 0x0000000012260000]
CodeHeap 'non-nmethods': size=5696Kb used=1148Kb max_used=1167Kb free=4547Kb
 bounds [0x000000000a7a0000, 0x000000000aa10000, 0x000000000ad30000]
 total_blobs=1481 nmethods=640 adapters=306
 compilation: enabled
              stopped_count=0, restarted_count=0
 full_count=0

Compilation events (20 events):
Event: 0.567 Thread 0x0000000021d9a800 nmethod 636 0x000000000ae57890 code [0x000000000ae57a80, 0x000000000ae58070]
Event: 0.567 Thread 0x0000000021d9a800  637   !   3       java.util.zip.ZipFile::getInputStream (327 bytes)
Event: 0.569 Thread 0x0000000021d9a800 nmethod 637 0x000000000ae58390 code [0x000000000ae586e0, 0x000000000ae5a0c0]
Event: 0.569 Thread 0x0000000021d9a800  638       3       java.util.HashMap::<init> (11 bytes)
Event: 0.570 Thread 0x0000000021d9a800 nmethod 638 0x000000000ae5ae90 code [0x000000000ae5b040, 0x000000000ae5b278]
Event: 0.570 Thread 0x0000000021d9a800  639       3       jdk.internal.ref.PhantomCleanable::clean (16 bytes)
Event: 0.570 Thread 0x0000000021d9a800 nmethod 639 0x000000000ae5b390 code [0x000000000ae5b560, 0x000000000ae5b8a0]
Event: 0.570 Thread 0x0000000021d9a800  640       3       java.util.jar.JarFile::getVersionedEntry (85 bytes)
Event: 0.571 Thread 0x0000000022bc8000 nmethod 582 0x0000000012291410 code [0x00000000122916c0, 0x0000000012293150]
Event: 0.572 Thread 0x0000000022bc8000  619       4       java.util.jar.JarFile::getEntry0 (24 bytes)
Event: 0.572 Thread 0x0000000021d9a800 nmethod 640 0x000000000ae5b990 code [0x000000000ae5bc80, 0x000000000ae5cd90]
Event: 0.572 Thread 0x0000000021d9a800  641       3       java.lang.Byte::<init> (10 bytes)
Event: 0.572 Thread 0x0000000021d9a800 nmethod 641 0x000000000ae5d390 code [0x000000000ae5d540, 0x000000000ae5d778]
Event: 0.572 Thread 0x0000000021d9a800  643       3       java.lang.Long::<init> (10 bytes)
Event: 0.572 Thread 0x0000000021d9a800 nmethod 643 0x000000000ae5d890 code [0x000000000ae5da40, 0x000000000ae5dc78]
Event: 0.572 Thread 0x0000000021d9a800  642       3       java.lang.Short::<init> (10 bytes)
Event: 0.572 Thread 0x0000000021d9a800 nmethod 642 0x000000000ae5dd90 code [0x000000000ae5df40, 0x000000000ae5e178]
Event: 0.572 Thread 0x0000000021d9a800  644       3       java.io.File::exists (43 bytes)
Event: 0.573 Thread 0x0000000021d9a800 nmethod 644 0x000000000ae5e290 code [0x000000000ae5e480, 0x000000000ae5e950]
Event: 0.573 Thread 0x0000000021d9a800  645       3       java.util.jar.JarFile$JarFileEntry::<init> (16 bytes)

GC Heap History (1 events):
Event: 0.573 GC heap before
{Heap before GC invocations=0 (full 0):
 garbage-first heap   total 129024K, used 14336K [0x0000000083200000, 0x0000000100000000)
  region size 1024K, 14 young (14336K), 0 survivors (0K)
 Metaspace       used 2439K, capacity 5641K, committed 5760K, reserved 1056768K
  class space    used 231K, capacity 542K, committed 640K, reserved 1048576K
}

Deoptimization events (20 events):
Event: 0.472 Thread 0x0000000000427800 Uncommon trap: trap_request=0xffffff45 fr.pc=0x0000000012265f88 relative=0x0000000000000068
Event: 0.472 Thread 0x0000000000427800 Uncommon trap: reason=unstable_if action=reinterpret pc=0x0000000012265f88 method=java.lang.String.isLatin1()Z @ 10 c2
Event: 0.472 Thread 0x0000000000427800 DEOPT PACKING pc=0x0000000012265f88 sp=0x0000000001f5cb80
Event: 0.472 Thread 0x0000000000427800 DEOPT UNPACKING pc=0x000000000a7e9429 sp=0x0000000001f5cb10 mode 2
Event: 0.472 Thread 0x0000000000427800 Uncommon trap: trap_request=0xffffff45 fr.pc=0x000000001226ab64 relative=0x0000000000000044
Event: 0.472 Thread 0x0000000000427800 Uncommon trap: reason=unstable_if action=reinterpret pc=0x000000001226ab64 method=java.lang.CharacterData.of(I)Ljava/lang/CharacterData; @ 4 c2
Event: 0.472 Thread 0x0000000000427800 DEOPT PACKING pc=0x000000001226ab64 sp=0x0000000001f5c6a0
Event: 0.472 Thread 0x0000000000427800 DEOPT UNPACKING pc=0x000000000a7e9429 sp=0x0000000001f5c640 mode 2
Event: 0.475 Thread 0x0000000000427800 Uncommon trap: trap_request=0xffffff45 fr.pc=0x000000001227aedc relative=0x000000000000049c
Event: 0.475 Thread 0x0000000000427800 Uncommon trap: reason=unstable_if action=reinterpret pc=0x000000001227aedc method=java.lang.AbstractStringBuilder.putStringAt(ILjava/lang/String;)V @ 8 c2
Event: 0.475 Thread 0x0000000000427800 DEOPT PACKING pc=0x000000001227aedc sp=0x0000000001f5caa0
Event: 0.475 Thread 0x0000000000427800 DEOPT UNPACKING pc=0x000000000a7e9429 sp=0x0000000001f5ca10 mode 2
Event: 0.485 Thread 0x0000000000427800 Uncommon trap: trap_request=0xffffff45 fr.pc=0x0000000012266dd4 relative=0x0000000000000034
Event: 0.485 Thread 0x0000000000427800 Uncommon trap: reason=unstable_if action=reinterpret pc=0x0000000012266dd4 method=java.lang.StringLatin1.canEncode(I)Z @ 4 c2
Event: 0.485 Thread 0x0000000000427800 DEOPT PACKING pc=0x0000000012266dd4 sp=0x0000000001f5c380
Event: 0.485 Thread 0x0000000000427800 DEOPT UNPACKING pc=0x000000000a7e9429 sp=0x0000000001f5c310 mode 2
Event: 0.541 Thread 0x0000000000427800 Uncommon trap: trap_request=0xffffff45 fr.pc=0x000000001226bd10 relative=0x0000000000000070
Event: 0.542 Thread 0x0000000000427800 Uncommon trap: reason=unstable_if action=reinterpret pc=0x000000001226bd10 method=java.io.WinNTFileSystem.isSlash(C)Z @ 9 c2
Event: 0.542 Thread 0x0000000000427800 DEOPT PACKING pc=0x000000001226bd10 sp=0x0000000001f5e580
Event: 0.542 Thread 0x0000000000427800 DEOPT UNPACKING pc=0x000000000a7e9429 sp=0x0000000001f5e508 mode 2

Classes unloaded (0 events):
No events

Classes redefined (0 events):
No events

Internal exceptions (2 events):
Event: 0.368 Thread 0x0000000000427800 Exception <a 'java/lang/ClassNotFoundException'{0x000000008a72af70}: javax/smartcardio/CardPermission> (0x000000008a72af70) 
thrown [t:/workspace/open/src/hotspot/share/classfile/systemDictionary.cpp, line 232]
Event: 0.374 Thread 0x0000000000427800 Exception <a 'java/io/FileNotFoundException'{0x000000008a7395d8}> (0x000000008a7395d8) 
thrown [t:/workspace/open/src/hotspot/share/prims/jni.cpp, line 598]

Events (20 events):
Event: 0.564 loading class org/springframework/boot/context/ConfigurationWarningsApplicationContextInitializer done
Event: 0.565 loading class org/springframework/beans/BeanUtils
Event: 0.565 loading class org/springframework/beans/BeanUtils done
Event: 0.567 loading class java/lang/reflect/InvocationTargetException
Event: 0.567 loading class java/lang/reflect/InvocationTargetException done
Event: 0.567 loading class org/springframework/beans/BeanInstantiationException
Event: 0.567 loading class org/springframework/beans/BeanInstantiationException done
Event: 0.568 loading class org/springframework/beans/FatalBeanException
Event: 0.568 loading class org/springframework/beans/FatalBeanException done
Event: 0.569 loading class org/springframework/beans/BeansException
Event: 0.569 loading class org/springframework/beans/BeansException done
Event: 0.570 loading class org/springframework/core/NestedRuntimeException
Event: 0.570 loading class org/springframework/core/NestedRuntimeException done
Event: 0.571 loading class java/lang/Byte$ByteCache
Event: 0.572 loading class java/lang/Byte$ByteCache done
Event: 0.572 loading class java/lang/Short$ShortCache
Event: 0.572 loading class java/lang/Short$ShortCache done
Event: 0.572 loading class org/springframework/util/ReflectionUtils
Event: 0.572 loading class org/springframework/util/ReflectionUtils done
Event: 0.573 Executing VM operation: G1CollectForAllocation


Dynamic libraries:
0x000000013f5d0000 - 0x000000013f5df000 	C:\Program Files\Java\jdk-13.0.1\bin\javaw.exe
0x0000000077630000 - 0x00000000777da000 	C:\Windows\SYSTEM32\ntdll.dll
0x000007feeedb0000 - 0x000007feeedc3000 	C:\Program Files (x86)\AVG\Antivirus\aswhook.dll
0x0000000077510000 - 0x000000007762f000 	C:\Windows\system32\kernel32.dll
0x000007fefd650000 - 0x000007fefd6ba000 	C:\Windows\system32\KERNELBASE.dll
0x000007feeca00000 - 0x000007feeca18000 	C:\Program Files\Java\jdk-13.0.1\bin\jli.dll
0x000007fefdb40000 - 0x000007fefdc1b000 	C:\Windows\system32\ADVAPI32.dll
0x000007fefd810000 - 0x000007fefd8af000 	C:\Windows\system32\msvcrt.dll
0x000007fefe4b0000 - 0x000007fefe4cf000 	C:\Windows\SYSTEM32\sechost.dll
0x000007fefd6e0000 - 0x000007fefd80d000 	C:\Windows\system32\RPCRT4.dll
0x000007fefc2c0000 - 0x000007fefc4b4000 	C:\Windows\WinSxS\amd64_microsoft.windows.common-controls_6595b64144ccf1df_6.0.7601.18837_none_fa3b1e3d17594757\COMCTL32.dll
0x000007fefe570000 - 0x000007fefe5d7000 	C:\Windows\system32\GDI32.dll
0x0000000077410000 - 0x000000007750a000 	C:\Windows\system32\USER32.dll
0x000007fefe5e0000 - 0x000007fefe5ee000 	C:\Windows\system32\LPK.dll
0x000007fefde10000 - 0x000007fefdedb000 	C:\Windows\system32\USP10.dll
0x000007fefe5f0000 - 0x000007fefe661000 	C:\Windows\system32\SHLWAPI.dll
0x000007fefbd70000 - 0x000007fefbd7c000 	C:\Windows\system32\VERSION.dll
0x000007feec9e0000 - 0x000007feec9f5000 	C:\Program Files\Java\jdk-13.0.1\bin\VCRUNTIME140.dll
0x000007feec8d0000 - 0x000007feec8d4000 	C:\Program Files\Java\jdk-13.0.1\bin\api-ms-win-crt-runtime-l1-1-0.dll
0x000007feec7d0000 - 0x000007feec8cc000 	C:\Program Files\Java\jdk-13.0.1\bin\ucrtbase.DLL
0x000007feec7c0000 - 0x000007feec7c3000 	C:\Program Files\Java\jdk-13.0.1\bin\api-ms-win-core-localization-l1-2-0.dll
0x000007feec7b0000 - 0x000007feec7b3000 	C:\Program Files\Java\jdk-13.0.1\bin\api-ms-win-core-processthreads-l1-1-1.dll
0x000007feec7a0000 - 0x000007feec7a3000 	C:\Program Files\Java\jdk-13.0.1\bin\api-ms-win-core-file-l1-2-0.dll
0x000007feec790000 - 0x000007feec793000 	C:\Program Files\Java\jdk-13.0.1\bin\api-ms-win-core-timezone-l1-1-0.dll
0x000007feec780000 - 0x000007feec783000 	C:\Program Files\Java\jdk-13.0.1\bin\api-ms-win-core-file-l2-1-0.dll
0x000007feec770000 - 0x000007feec773000 	C:\Program Files\Java\jdk-13.0.1\bin\api-ms-win-core-synch-l1-2-0.dll
0x000007feec760000 - 0x000007feec763000 	C:\Program Files\Java\jdk-13.0.1\bin\api-ms-win-crt-heap-l1-1-0.dll
0x000007feec750000 - 0x000007feec754000 	C:\Program Files\Java\jdk-13.0.1\bin\api-ms-win-crt-string-l1-1-0.dll
0x000007fee88b0000 - 0x000007fee88b4000 	C:\Program Files\Java\jdk-13.0.1\bin\api-ms-win-crt-stdio-l1-1-0.dll
0x000007fedd3c0000 - 0x000007fedd3c4000 	C:\Program Files\Java\jdk-13.0.1\bin\api-ms-win-crt-convert-l1-1-0.dll
0x000007fedd3b0000 - 0x000007fedd3b3000 	C:\Program Files\Java\jdk-13.0.1\bin\api-ms-win-crt-environment-l1-1-0.dll
0x000007fedd3a0000 - 0x000007fedd3a3000 	C:\Program Files\Java\jdk-13.0.1\bin\api-ms-win-crt-filesystem-l1-1-0.dll
0x000007fedd390000 - 0x000007fedd395000 	C:\Program Files\Java\jdk-13.0.1\bin\api-ms-win-crt-math-l1-1-0.dll
0x000007fedd380000 - 0x000007fedd383000 	C:\Program Files\Java\jdk-13.0.1\bin\api-ms-win-crt-locale-l1-1-0.dll
0x000007fefd980000 - 0x000007fefd9ae000 	C:\Windows\system32\IMM32.DLL
0x000007feff830000 - 0x000007feff939000 	C:\Windows\system32\MSCTF.dll
0x000007fedd2e0000 - 0x000007fedd37b000 	C:\Program Files\Java\jdk-13.0.1\bin\msvcp140.dll
0x000007fedd2d0000 - 0x000007fedd2d3000 	C:\Program Files\Java\jdk-13.0.1\bin\api-ms-win-crt-time-l1-1-0.dll
0x000007fedd2c0000 - 0x000007fedd2c3000 	C:\Program Files\Java\jdk-13.0.1\bin\api-ms-win-crt-utility-l1-1-0.dll
0x000007feda580000 - 0x000007fedb0e6000 	C:\Program Files\Java\jdk-13.0.1\bin\server\jvm.dll
0x000007fefbeb0000 - 0x000007fefbeb9000 	C:\Windows\system32\WSOCK32.dll
0x000007fefd8b0000 - 0x000007fefd8fd000 	C:\Windows\system32\WS2_32.dll
0x000007fefde00000 - 0x000007fefde08000 	C:\Windows\system32\NSI.dll
0x000007fefac90000 - 0x000007fefaccb000 	C:\Windows\system32\WINMM.dll
0x00000000777f0000 - 0x00000000777f7000 	C:\Windows\system32\PSAPI.DLL
0x000007feeec50000 - 0x000007feeec60000 	C:\Program Files\Java\jdk-13.0.1\bin\verify.dll
0x000007fef8fa0000 - 0x000007fef90c5000 	C:\Windows\system32\DBGHELP.DLL
0x000007fedb6a0000 - 0x000007fedb6c6000 	C:\Program Files\Java\jdk-13.0.1\bin\java.dll
0x000007feea9f0000 - 0x000007feeaa07000 	C:\Program Files\Java\jdk-13.0.1\bin\zip.dll
0x000007feeec40000 - 0x000007feeec4a000 	C:\Program Files\Java\jdk-13.0.1\bin\jimage.dll
0x000007fefe960000 - 0x000007feff6ea000 	C:\Windows\system32\SHELL32.dll
0x000007fefdee0000 - 0x000007fefe0dc000 	C:\Windows\system32\ole32.dll
0x000007fefd320000 - 0x000007fefd32f000 	C:\Windows\system32\profapi.dll
0x000007fedb680000 - 0x000007fedb699000 	C:\Program Files\Java\jdk-13.0.1\bin\net.dll
0x000007fef95d0000 - 0x000007fef9641000 	C:\Windows\system32\WINHTTP.dll
0x000007fef9560000 - 0x000007fef95c5000 	C:\Windows\system32\webio.dll
0x000007fefcaf0000 - 0x000007fefcb45000 	C:\Windows\system32\mswsock.dll
0x000007fefcae0000 - 0x000007fefcae7000 	C:\Windows\System32\wship6.dll
0x000007fedb660000 - 0x000007fedb673000 	C:\Program Files\Java\jdk-13.0.1\bin\nio.dll

dbghelp: loaded successfully - version: 4.0.5 - missing functions: none
symbol engine: initialized successfully - sym options: 0x614 - pdb path: .;C:\Program Files\Java\jdk-13.0.1\bin;C:\Windows\SYSTEM32;C:\Program Files (x86)\AVG\Antivirus;C:\Windows\WinSxS\amd64_microsoft.windows.common-controls_6595b64144ccf1df_6.0.7601.18837_none_fa3b1e3d17594757;C:\Program Files\Java\jdk-13.0.1\bin\server

VM Arguments:
jvm_args: -Dfile.encoding=UTF-8 
java_command: com.example.CouponPhase3Application
java_class_path (initial): C:\Users\dell\eclipse-workspace\CouponPhase3\target\classes;C:\Users\dell\.m2\repository\org\springframework\boot\spring-boot-starter-data-jpa\2.3.1.RELEASE\spring-boot-starter-data-jpa-2.3.1.RELEASE.jar;C:\Users\dell\.m2\repository\org\springframework\boot\spring-boot-starter-jdbc\2.3.1.RELEASE\spring-boot-starter-jdbc-2.3.1.RELEASE.jar;C:\Users\dell\.m2\repository\com\zaxxer\HikariCP\3.4.5\HikariCP-3.4.5.jar;C:\Users\dell\.m2\repository\org\springframework\spring-jdbc\5.2.7.RELEASE\spring-jdbc-5.2.7.RELEASE.jar;C:\Users\dell\.m2\repository\jakarta\transaction\jakarta.transaction-api\1.3.3\jakarta.transaction-api-1.3.3.jar;C:\Users\dell\.m2\repository\jakarta\persistence\jakarta.persistence-api\2.2.3\jakarta.persistence-api-2.2.3.jar;C:\Users\dell\.m2\repository\org\hibernate\hibernate-core\5.4.17.Final\hibernate-core-5.4.17.Final.jar;C:\Users\dell\.m2\repository\org\jboss\logging\jboss-logging\3.4.1.Final\jboss-logging-3.4.1.Final.jar;C:\Users\dell\.m2\repository\org\javassist\javassist\3.24.0-GA\javassist-3.24.0-GA.jar;C:\Users\dell\.m2\repository\net\bytebuddy\byte-buddy\1.10.11\byte-buddy-1.10.11.jar;C:\Users\dell\.m2\repository\antlr\antlr\2.7.7\antlr-2.7.7.jar;C:\Users\dell\.m2\repository\org\jboss\jandex\2.1.3.Final\jandex-2.1.3.Final.jar;C:\Users\dell\.m2\repository\org\dom4j\dom4j\2.1.3\dom4j-2.1.3.jar;C:\Users\dell\.m2\repository\org\hibernate\common\hibernate-commons-annotations\5.1.0.Final\hibernate-commons-annotations-5.1.0.Final.jar;C:\Users\dell\.m2\repository\org\glassfish\jaxb\jaxb-runtime\2.3.3\jaxb-runtime-2.3.3.jar;C:\Users\dell\.m2\repository\org\glassfish\jaxb\txw2\2.3.3\txw2-2.3.3.jar;C:\Users\dell\.m2\repository\com\sun\istack\istack-commons-runtime\3.0.11\istack-commons-runtime-3.0.11.jar;C:\Users\dell\.m2\repository\com\sun\activation\jakarta.activation\1.2.2\jakarta.activation-1.2.2.jar;C:\Users\dell\.m2\repository\org\springframework\data\spring-data-jpa\2.3.1.RELEASE\spring-data-jpa-2.3.1.RELEASE.jar;C:\User
Launcher Type: SUN_STANDARD

[Global flags]
     intx CICompilerCount                          = 3                                         {product} {ergonomic}
     uint ConcGCThreads                            = 1                                         {product} {ergonomic}
     uint G1ConcRefinementThreads                  = 4                                         {product} {ergonomic}
   size_t G1HeapRegionSize                         = 1048576                                   {product} {ergonomic}
    uintx GCDrainStackTargetSize                   = 64                                        {product} {ergonomic}
   size_t InitialHeapSize                          = 132120576                                 {product} {ergonomic}
   size_t MarkStackSize                            = 4194304                                   {product} {ergonomic}
   size_t MaxHeapSize                              = 2095054848                                {product} {ergonomic}
   size_t MaxNewSize                               = 1256194048                                {product} {ergonomic}
   size_t MinHeapDeltaBytes                        = 1048576                                   {product} {ergonomic}
   size_t MinHeapSize                              = 8388608                                   {product} {ergonomic}
    uintx NonNMethodCodeHeapSize                   = 5830732                                {pd product} {ergonomic}
    uintx NonProfiledCodeHeapSize                  = 122913754                              {pd product} {ergonomic}
    uintx ProfiledCodeHeapSize                     = 122913754                              {pd product} {ergonomic}
    uintx ReservedCodeCacheSize                    = 251658240                              {pd product} {ergonomic}
     bool SegmentedCodeCache                       = true                                      {product} {ergonomic}
   size_t SoftMaxHeapSize                          = 2095054848                             {manageable} {ergonomic}
     bool UseCompressedClassPointers               = true                                 {lp64_product} {ergonomic}
     bool UseCompressedOops                        = true                                 {lp64_product} {ergonomic}
     bool UseG1GC                                  = true                                      {product} {ergonomic}
     bool UseLargePagesIndividualAllocation        = false                                  {pd product} {ergonomic}

Logging:
Log output configuration:
 #0: stdout all=warning uptime,level,tags
 #1: stderr all=off uptime,level,tags

Environment Variables:
PATH=C:/Program Files/Java/jdk-13.0.1/bin/server;C:/Program Files/Java/jdk-13.0.1/bin;C:\Program Files\Common Files\Microsoft Shared\Windows Live;C:\Program Files (x86)\Common Files\Microsoft Shared\Windows Live;C:\Windows\system32;C:\Windows;C:\Windows\System32\Wbem;C:\Windows\System32\WindowsPowerShell\v1.0\;C:\Program Files\Dell\DW WLAN Card;C:\Program Files\WIDCOMM\Bluetooth Software\;C:\Program Files\WIDCOMM\Bluetooth Software\syswow64;C:\Program Files (x86)\Windows Live\Shared;C:\Program Files\dotnet\;C:\Program Files\Microsoft SQL Server\130\Tools\Binn\;C:\Program Files\nodejs\;;C:\Users\dell\AppData\Local\Programs\Microsoft VS Code\bin;C:\Users\dell\AppData\Roaming\npm;C:\Windows\system32;
USERNAME=dell
OS=Windows_NT
PROCESSOR_IDENTIFIER=Intel64 Family 6 Model 37 Stepping 5, GenuineIntel



---------------  S Y S T E M  ---------------

OS: Windows 7 , 64 bit Build 7601 (6.1.7601.23915)

CPU:total 4 (initial active 4) (2 cores per cpu, 2 threads per core) family 6 model 37 stepping 5, cmov, cx8, fxsr, mmx, sse, sse2, sse3, ssse3, sse4.1, sse4.2, popcnt, ht, tsc, tscinvbit

Memory: 4k page, system-wide physical 7990M (2682M free)
TotalPageFile size 15979M (AvailPageFile size 10192M)
current process WorkingSet (physical memory assigned to process): 66M, peak: 66M
current process commit charge ("private bytes"): 225M, peak: 225M

vm_info: Java HotSpot(TM) 64-Bit Server VM (13.0.1+9) for windows-amd64 JRE (13.0.1+9), built on Oct  6 2019 12:37:49 by "mach5one" with unknown MS VC++:1916

END.
